2023-08-01 08:00:04,192 - DEBUG - Starting new HTTPS connection (1): www.cars.com:443
2023-08-01 08:00:05,336 - DEBUG - https://www.cars.com:443 "GET /shopping/results/?dealer_id=&keyword=&list_price_max=&list_price_min=&makes%5B%5D=ford&maximum_distance=all&mileage_max=&models%5B%5D=ford-maverick&page=1&page_size=100&sort=distance&stock_type=used&year_max=&year_min=&zip=28533 HTTP/1.1" 200 None
2023-08-01 08:00:06,475 - DEBUG - Starting new HTTPS connection (1): www.cars.com:443
2023-08-01 08:00:07,794 - DEBUG - https://www.cars.com:443 "GET /shopping/results/?dealer_id=&keyword=&list_price_max=&list_price_min=&makes%5B%5D=ford&maximum_distance=all&mileage_max=&models%5B%5D=ford-maverick&page=1&page_size=100&sort=distance&stock_type=used&year_max=&year_min=&zip=28533 HTTP/1.1" 200 None
2023-08-01 08:00:11,124 - DEBUG - Starting new HTTP connection (1): us-ca.proxymesh.com:31280
2023-08-01 08:00:11,560 - DEBUG - http://us-ca.proxymesh.com:31280 "GET http://cars.com///vehicledetail/b8fd4acc-cc97-4f5a-ac15-10a6f84c937e/ HTTP/1.1" 402 None
2023-08-01 08:00:11,565 - ERROR - list index out of range
Traceback (most recent call last):
  File "/Users/jonathanduberman/maverick_price_tool/maverick_price_scraper.py", line 112, in carsdotcom_datagrabber
    title = soup.findAll('title')[0].get_text().strip() #title format = used/new, make, model, trim, "for sale", price
IndexError: list index out of range
2023-08-01 08:00:11,569 - DEBUG - Starting new HTTP connection (1): us-ca.proxymesh.com:31280
2023-08-01 08:00:11,760 - DEBUG - http://us-ca.proxymesh.com:31280 "GET http://cars.com///vehicledetail/f6456d55-9dc9-4fcd-8cfa-0d2b5639d605/ HTTP/1.1" 402 None
2023-08-01 08:00:11,762 - ERROR - list index out of range
Traceback (most recent call last):
  File "/Users/jonathanduberman/maverick_price_tool/maverick_price_scraper.py", line 112, in carsdotcom_datagrabber
    title = soup.findAll('title')[0].get_text().strip() #title format = used/new, make, model, trim, "for sale", price
IndexError: list index out of range
2023-08-01 08:00:11,766 - DEBUG - Starting new HTTP connection (1): us-ca.proxymesh.com:31280
2023-08-01 08:00:11,968 - DEBUG - http://us-ca.proxymesh.com:31280 "GET http://cars.com///vehicledetail/30aa460d-7275-48e4-bdec-a9da6f564631/ HTTP/1.1" 402 None
2023-08-01 08:00:11,970 - ERROR - list index out of range
Traceback (most recent call last):
  File "/Users/jonathanduberman/maverick_price_tool/maverick_price_scraper.py", line 112, in carsdotcom_datagrabber
    title = soup.findAll('title')[0].get_text().strip() #title format = used/new, make, model, trim, "for sale", price
IndexError: list index out of range
2023-08-01 08:00:11,974 - DEBUG - Starting new HTTP connection (1): us-ca.proxymesh.com:31280
2023-08-01 08:00:12,244 - DEBUG - http://us-ca.proxymesh.com:31280 "GET http://cars.com///vehicledetail/56a144e7-a837-40a4-95da-b8cf40519bea/ HTTP/1.1" 402 None
2023-08-01 08:00:12,247 - ERROR - list index out of range
Traceback (most recent call last):
  File "/Users/jonathanduberman/maverick_price_tool/maverick_price_scraper.py", line 112, in carsdotcom_datagrabber
    title = soup.findAll('title')[0].get_text().strip() #title format = used/new, make, model, trim, "for sale", price
IndexError: list index out of range
2023-08-01 08:00:12,251 - DEBUG - Starting new HTTP connection (1): us-ca.proxymesh.com:31280
2023-08-01 08:00:12,457 - DEBUG - http://us-ca.proxymesh.com:31280 "GET http://cars.com///vehicledetail/1d6f012f-799e-42d1-8b04-44ee5144d90d/ HTTP/1.1" 402 None
2023-08-01 08:00:12,459 - ERROR - list index out of range
Traceback (most recent call last):
  File "/Users/jonathanduberman/maverick_price_tool/maverick_price_scraper.py", line 112, in carsdotcom_datagrabber
    title = soup.findAll('title')[0].get_text().strip() #title format = used/new, make, model, trim, "for sale", price
IndexError: list index out of range
2023-08-01 08:00:12,463 - DEBUG - Starting new HTTP connection (1): us-ca.proxymesh.com:31280
2023-08-01 08:00:12,666 - DEBUG - http://us-ca.proxymesh.com:31280 "GET http://cars.com///vehicledetail/4a829fbf-a2e7-44de-a223-5f3aa9c2b74c/ HTTP/1.1" 402 None
2023-08-01 08:00:12,667 - ERROR - list index out of range
Traceback (most recent call last):
  File "/Users/jonathanduberman/maverick_price_tool/maverick_price_scraper.py", line 112, in carsdotcom_datagrabber
    title = soup.findAll('title')[0].get_text().strip() #title format = used/new, make, model, trim, "for sale", price
IndexError: list index out of range
2023-08-01 08:00:12,672 - DEBUG - Starting new HTTP connection (1): us-ca.proxymesh.com:31280
2023-08-01 08:00:12,874 - DEBUG - http://us-ca.proxymesh.com:31280 "GET http://cars.com///vehicledetail/7ed7ed5d-f7bc-410f-a48d-a702a26f18f6/ HTTP/1.1" 402 None
2023-08-01 08:00:12,876 - ERROR - list index out of range
Traceback (most recent call last):
  File "/Users/jonathanduberman/maverick_price_tool/maverick_price_scraper.py", line 112, in carsdotcom_datagrabber
    title = soup.findAll('title')[0].get_text().strip() #title format = used/new, make, model, trim, "for sale", price
IndexError: list index out of range
2023-08-01 08:00:12,881 - DEBUG - Starting new HTTP connection (1): us-ca.proxymesh.com:31280
2023-08-01 08:00:13,086 - DEBUG - http://us-ca.proxymesh.com:31280 "GET http://cars.com///vehicledetail/71161492-0363-4581-bb53-d7c8594658a4/ HTTP/1.1" 402 None
2023-08-01 08:00:13,088 - ERROR - list index out of range
Traceback (most recent call last):
  File "/Users/jonathanduberman/maverick_price_tool/maverick_price_scraper.py", line 112, in carsdotcom_datagrabber
    title = soup.findAll('title')[0].get_text().strip() #title format = used/new, make, model, trim, "for sale", price
IndexError: list index out of range
2023-08-01 08:00:13,092 - DEBUG - Starting new HTTP connection (1): us-ca.proxymesh.com:31280
2023-08-01 08:00:13,328 - DEBUG - http://us-ca.proxymesh.com:31280 "GET http://cars.com///vehicledetail/5ff372f4-b416-4320-9946-41b439ba524c/ HTTP/1.1" 402 None
2023-08-01 08:00:13,330 - ERROR - list index out of range
Traceback (most recent call last):
  File "/Users/jonathanduberman/maverick_price_tool/maverick_price_scraper.py", line 112, in carsdotcom_datagrabber
    title = soup.findAll('title')[0].get_text().strip() #title format = used/new, make, model, trim, "for sale", price
IndexError: list index out of range
2023-08-01 08:00:13,334 - DEBUG - Starting new HTTP connection (1): us-ca.proxymesh.com:31280
2023-08-01 08:00:13,541 - DEBUG - http://us-ca.proxymesh.com:31280 "GET http://cars.com///vehicledetail/78fd21f8-8d85-4840-b6ba-a12277a74394/ HTTP/1.1" 402 None
2023-08-01 08:00:13,543 - ERROR - list index out of range
Traceback (most recent call last):
  File "/Users/jonathanduberman/maverick_price_tool/maverick_price_scraper.py", line 112, in carsdotcom_datagrabber
    title = soup.findAll('title')[0].get_text().strip() #title format = used/new, make, model, trim, "for sale", price
IndexError: list index out of range
2023-08-01 08:00:13,548 - DEBUG - Starting new HTTP connection (1): us-ca.proxymesh.com:31280
2023-08-01 08:00:13,753 - DEBUG - http://us-ca.proxymesh.com:31280 "GET http://cars.com///vehicledetail/8da0e022-cad2-4912-bbf2-f16941cdb8a6/ HTTP/1.1" 402 None
2023-08-01 08:00:13,754 - ERROR - list index out of range
Traceback (most recent call last):
  File "/Users/jonathanduberman/maverick_price_tool/maverick_price_scraper.py", line 112, in carsdotcom_datagrabber
    title = soup.findAll('title')[0].get_text().strip() #title format = used/new, make, model, trim, "for sale", price
IndexError: list index out of range
2023-08-01 08:00:13,759 - DEBUG - Starting new HTTP connection (1): us-ca.proxymesh.com:31280
2023-08-01 08:00:13,957 - DEBUG - http://us-ca.proxymesh.com:31280 "GET http://cars.com///vehicledetail/fa55873e-8819-4fb0-8a08-f000fac6e827/ HTTP/1.1" 402 None
2023-08-01 08:00:13,959 - ERROR - list index out of range
Traceback (most recent call last):
  File "/Users/jonathanduberman/maverick_price_tool/maverick_price_scraper.py", line 112, in carsdotcom_datagrabber
    title = soup.findAll('title')[0].get_text().strip() #title format = used/new, make, model, trim, "for sale", price
IndexError: list index out of range
2023-08-01 08:00:13,964 - DEBUG - Starting new HTTP connection (1): us-ca.proxymesh.com:31280
2023-08-01 08:00:14,164 - DEBUG - http://us-ca.proxymesh.com:31280 "GET http://cars.com///vehicledetail/9da5b7ad-ebe5-4519-88fa-62b2ac202fc2/ HTTP/1.1" 402 None
2023-08-01 08:00:14,167 - ERROR - list index out of range
Traceback (most recent call last):
  File "/Users/jonathanduberman/maverick_price_tool/maverick_price_scraper.py", line 112, in carsdotcom_datagrabber
    title = soup.findAll('title')[0].get_text().strip() #title format = used/new, make, model, trim, "for sale", price
IndexError: list index out of range
2023-08-01 08:00:14,172 - DEBUG - Starting new HTTP connection (1): us-ca.proxymesh.com:31280
2023-08-01 08:00:14,367 - DEBUG - http://us-ca.proxymesh.com:31280 "GET http://cars.com///vehicledetail/15512ed6-09d6-4fd6-96eb-bd2d76ef92f1/ HTTP/1.1" 402 None
2023-08-01 08:00:14,369 - ERROR - list index out of range
Traceback (most recent call last):
  File "/Users/jonathanduberman/maverick_price_tool/maverick_price_scraper.py", line 112, in carsdotcom_datagrabber
    title = soup.findAll('title')[0].get_text().strip() #title format = used/new, make, model, trim, "for sale", price
IndexError: list index out of range
2023-08-01 08:00:14,374 - DEBUG - Starting new HTTP connection (1): us-ca.proxymesh.com:31280
2023-08-01 08:00:14,581 - DEBUG - http://us-ca.proxymesh.com:31280 "GET http://cars.com///vehicledetail/d3faeb29-5e1f-4c88-b454-54f5df7f2afc/ HTTP/1.1" 402 None
2023-08-01 08:00:14,583 - ERROR - list index out of range
Traceback (most recent call last):
  File "/Users/jonathanduberman/maverick_price_tool/maverick_price_scraper.py", line 112, in carsdotcom_datagrabber
    title = soup.findAll('title')[0].get_text().strip() #title format = used/new, make, model, trim, "for sale", price
IndexError: list index out of range
2023-08-01 08:00:14,588 - DEBUG - Starting new HTTP connection (1): us-ca.proxymesh.com:31280
2023-08-01 08:00:14,789 - DEBUG - http://us-ca.proxymesh.com:31280 "GET http://cars.com///vehicledetail/d9db7507-7561-4994-b518-c76603cc5238/ HTTP/1.1" 402 None
2023-08-01 08:00:14,791 - ERROR - list index out of range
Traceback (most recent call last):
  File "/Users/jonathanduberman/maverick_price_tool/maverick_price_scraper.py", line 112, in carsdotcom_datagrabber
    title = soup.findAll('title')[0].get_text().strip() #title format = used/new, make, model, trim, "for sale", price
IndexError: list index out of range
2023-08-01 08:00:14,795 - DEBUG - Starting new HTTP connection (1): us-ca.proxymesh.com:31280
2023-08-01 08:00:15,007 - DEBUG - http://us-ca.proxymesh.com:31280 "GET http://cars.com///vehicledetail/508c5f01-c926-4903-b552-491dc03171ca/ HTTP/1.1" 402 None
2023-08-01 08:00:15,008 - ERROR - list index out of range
Traceback (most recent call last):
  File "/Users/jonathanduberman/maverick_price_tool/maverick_price_scraper.py", line 112, in carsdotcom_datagrabber
    title = soup.findAll('title')[0].get_text().strip() #title format = used/new, make, model, trim, "for sale", price
IndexError: list index out of range
2023-08-01 08:00:15,013 - DEBUG - Starting new HTTP connection (1): us-ca.proxymesh.com:31280
2023-08-01 08:00:15,214 - DEBUG - http://us-ca.proxymesh.com:31280 "GET http://cars.com///vehicledetail/a6668fee-cac9-45b3-9882-da1b9767c223/ HTTP/1.1" 402 None
2023-08-01 08:00:15,215 - ERROR - list index out of range
Traceback (most recent call last):
  File "/Users/jonathanduberman/maverick_price_tool/maverick_price_scraper.py", line 112, in carsdotcom_datagrabber
    title = soup.findAll('title')[0].get_text().strip() #title format = used/new, make, model, trim, "for sale", price
IndexError: list index out of range
2023-08-01 08:00:15,220 - DEBUG - Starting new HTTP connection (1): us-ca.proxymesh.com:31280
2023-08-01 08:00:15,428 - DEBUG - http://us-ca.proxymesh.com:31280 "GET http://cars.com///vehicledetail/32e3d417-4ed5-4dba-85af-8843508304dc/ HTTP/1.1" 402 None
2023-08-01 08:00:15,430 - ERROR - list index out of range
Traceback (most recent call last):
  File "/Users/jonathanduberman/maverick_price_tool/maverick_price_scraper.py", line 112, in carsdotcom_datagrabber
    title = soup.findAll('title')[0].get_text().strip() #title format = used/new, make, model, trim, "for sale", price
IndexError: list index out of range
2023-08-01 08:00:15,434 - DEBUG - Starting new HTTP connection (1): us-ca.proxymesh.com:31280
2023-08-01 08:00:15,633 - DEBUG - http://us-ca.proxymesh.com:31280 "GET http://cars.com///vehicledetail/7d18576d-480a-412c-b056-62884beda97b/ HTTP/1.1" 402 None
2023-08-01 08:00:15,635 - ERROR - list index out of range
Traceback (most recent call last):
  File "/Users/jonathanduberman/maverick_price_tool/maverick_price_scraper.py", line 112, in carsdotcom_datagrabber
    title = soup.findAll('title')[0].get_text().strip() #title format = used/new, make, model, trim, "for sale", price
IndexError: list index out of range
2023-08-01 08:00:15,639 - DEBUG - Starting new HTTP connection (1): us-ca.proxymesh.com:31280
2023-08-01 08:00:15,833 - DEBUG - http://us-ca.proxymesh.com:31280 "GET http://cars.com///vehicledetail/a0f3f694-b52c-4444-8adf-5a8929edbeab/ HTTP/1.1" 402 None
2023-08-01 08:00:15,834 - ERROR - list index out of range
Traceback (most recent call last):
  File "/Users/jonathanduberman/maverick_price_tool/maverick_price_scraper.py", line 112, in carsdotcom_datagrabber
    title = soup.findAll('title')[0].get_text().strip() #title format = used/new, make, model, trim, "for sale", price
IndexError: list index out of range
2023-08-01 08:00:15,839 - DEBUG - Starting new HTTP connection (1): us-ca.proxymesh.com:31280
2023-08-01 08:00:16,124 - DEBUG - http://us-ca.proxymesh.com:31280 "GET http://cars.com///vehicledetail/778863cf-da58-495c-8e25-80e2f16ac2bb/ HTTP/1.1" 402 None
2023-08-01 08:00:16,131 - ERROR - list index out of range
Traceback (most recent call last):
  File "/Users/jonathanduberman/maverick_price_tool/maverick_price_scraper.py", line 112, in carsdotcom_datagrabber
    title = soup.findAll('title')[0].get_text().strip() #title format = used/new, make, model, trim, "for sale", price
IndexError: list index out of range
2023-08-01 08:00:16,136 - DEBUG - Starting new HTTP connection (1): us-ca.proxymesh.com:31280
2023-08-01 08:00:16,344 - DEBUG - http://us-ca.proxymesh.com:31280 "GET http://cars.com///vehicledetail/cc48f3c4-7c16-49a0-8525-7b0f1155b8c8/ HTTP/1.1" 402 None
2023-08-01 08:00:16,345 - ERROR - list index out of range
Traceback (most recent call last):
  File "/Users/jonathanduberman/maverick_price_tool/maverick_price_scraper.py", line 112, in carsdotcom_datagrabber
    title = soup.findAll('title')[0].get_text().strip() #title format = used/new, make, model, trim, "for sale", price
IndexError: list index out of range
2023-08-01 08:00:16,350 - DEBUG - Starting new HTTP connection (1): us-ca.proxymesh.com:31280
2023-08-01 08:00:16,553 - DEBUG - http://us-ca.proxymesh.com:31280 "GET http://cars.com///vehicledetail/76df3680-c2fc-4d73-b3a8-0b8a47b989e3/ HTTP/1.1" 402 None
2023-08-01 08:00:16,555 - ERROR - list index out of range
Traceback (most recent call last):
  File "/Users/jonathanduberman/maverick_price_tool/maverick_price_scraper.py", line 112, in carsdotcom_datagrabber
    title = soup.findAll('title')[0].get_text().strip() #title format = used/new, make, model, trim, "for sale", price
IndexError: list index out of range
2023-08-01 08:00:16,559 - DEBUG - Starting new HTTP connection (1): us-ca.proxymesh.com:31280
2023-08-01 08:00:16,773 - DEBUG - http://us-ca.proxymesh.com:31280 "GET http://cars.com///vehicledetail/2021b2e2-ea2f-4348-9c1a-2abf0f5eb513/ HTTP/1.1" 402 None
2023-08-01 08:00:16,775 - ERROR - list index out of range
Traceback (most recent call last):
  File "/Users/jonathanduberman/maverick_price_tool/maverick_price_scraper.py", line 112, in carsdotcom_datagrabber
    title = soup.findAll('title')[0].get_text().strip() #title format = used/new, make, model, trim, "for sale", price
IndexError: list index out of range
2023-08-01 08:00:16,779 - DEBUG - Starting new HTTP connection (1): us-ca.proxymesh.com:31280
2023-08-01 08:00:16,973 - DEBUG - http://us-ca.proxymesh.com:31280 "GET http://cars.com///vehicledetail/6da97ce4-4594-45fe-aad8-5d670ce75f2b/ HTTP/1.1" 402 None
2023-08-01 08:00:16,975 - ERROR - list index out of range
Traceback (most recent call last):
  File "/Users/jonathanduberman/maverick_price_tool/maverick_price_scraper.py", line 112, in carsdotcom_datagrabber
    title = soup.findAll('title')[0].get_text().strip() #title format = used/new, make, model, trim, "for sale", price
IndexError: list index out of range
2023-08-01 08:00:16,979 - DEBUG - Starting new HTTP connection (1): us-ca.proxymesh.com:31280
2023-08-01 08:00:17,503 - DEBUG - http://us-ca.proxymesh.com:31280 "GET http://cars.com///vehicledetail/e2282e42-8600-46fd-9328-0ed98e8b7dd8/ HTTP/1.1" 402 None
2023-08-01 08:00:17,504 - ERROR - list index out of range
Traceback (most recent call last):
  File "/Users/jonathanduberman/maverick_price_tool/maverick_price_scraper.py", line 112, in carsdotcom_datagrabber
    title = soup.findAll('title')[0].get_text().strip() #title format = used/new, make, model, trim, "for sale", price
IndexError: list index out of range
2023-08-01 08:00:17,509 - DEBUG - Starting new HTTP connection (1): us-ca.proxymesh.com:31280
2023-08-01 08:00:17,727 - DEBUG - http://us-ca.proxymesh.com:31280 "GET http://cars.com///vehicledetail/04f4f850-2485-4d1d-85bd-b0d44579a6d1/ HTTP/1.1" 402 None
2023-08-01 08:00:17,729 - ERROR - list index out of range
Traceback (most recent call last):
  File "/Users/jonathanduberman/maverick_price_tool/maverick_price_scraper.py", line 112, in carsdotcom_datagrabber
    title = soup.findAll('title')[0].get_text().strip() #title format = used/new, make, model, trim, "for sale", price
IndexError: list index out of range
2023-08-01 08:00:17,734 - DEBUG - Starting new HTTP connection (1): us-ca.proxymesh.com:31280
2023-08-01 08:00:17,933 - DEBUG - http://us-ca.proxymesh.com:31280 "GET http://cars.com///vehicledetail/91243c1d-cc0d-402e-9b1a-b7757df62365/ HTTP/1.1" 402 None
2023-08-01 08:00:17,935 - ERROR - list index out of range
Traceback (most recent call last):
  File "/Users/jonathanduberman/maverick_price_tool/maverick_price_scraper.py", line 112, in carsdotcom_datagrabber
    title = soup.findAll('title')[0].get_text().strip() #title format = used/new, make, model, trim, "for sale", price
IndexError: list index out of range
2023-08-01 08:00:17,939 - DEBUG - Starting new HTTP connection (1): us-ca.proxymesh.com:31280
2023-08-01 08:00:18,263 - DEBUG - http://us-ca.proxymesh.com:31280 "GET http://cars.com///vehicledetail/88a01119-38ed-41d8-8e12-ff1cbf6769ab/ HTTP/1.1" 402 None
2023-08-01 08:00:18,265 - ERROR - list index out of range
Traceback (most recent call last):
  File "/Users/jonathanduberman/maverick_price_tool/maverick_price_scraper.py", line 112, in carsdotcom_datagrabber
    title = soup.findAll('title')[0].get_text().strip() #title format = used/new, make, model, trim, "for sale", price
IndexError: list index out of range
2023-08-01 08:00:18,269 - DEBUG - Starting new HTTP connection (1): us-ca.proxymesh.com:31280
2023-08-01 08:00:18,474 - DEBUG - http://us-ca.proxymesh.com:31280 "GET http://cars.com///vehicledetail/8cdb34d3-e078-4e0a-83f9-92b4f1fce06f/ HTTP/1.1" 402 None
2023-08-01 08:00:18,475 - ERROR - list index out of range
Traceback (most recent call last):
  File "/Users/jonathanduberman/maverick_price_tool/maverick_price_scraper.py", line 112, in carsdotcom_datagrabber
    title = soup.findAll('title')[0].get_text().strip() #title format = used/new, make, model, trim, "for sale", price
IndexError: list index out of range
2023-08-01 08:00:18,480 - DEBUG - Starting new HTTP connection (1): us-ca.proxymesh.com:31280
2023-08-01 08:00:18,671 - DEBUG - http://us-ca.proxymesh.com:31280 "GET http://cars.com///vehicledetail/32d8ca55-ac39-41bc-85b4-92783fb67890/ HTTP/1.1" 402 None
2023-08-01 08:00:18,673 - ERROR - list index out of range
Traceback (most recent call last):
  File "/Users/jonathanduberman/maverick_price_tool/maverick_price_scraper.py", line 112, in carsdotcom_datagrabber
    title = soup.findAll('title')[0].get_text().strip() #title format = used/new, make, model, trim, "for sale", price
IndexError: list index out of range
2023-08-01 08:00:18,677 - DEBUG - Starting new HTTP connection (1): us-ca.proxymesh.com:31280
2023-08-01 08:00:18,883 - DEBUG - http://us-ca.proxymesh.com:31280 "GET http://cars.com///vehicledetail/1bd96679-1fcf-4ee4-80d5-29602a417550/ HTTP/1.1" 402 None
2023-08-01 08:00:18,885 - ERROR - list index out of range
Traceback (most recent call last):
  File "/Users/jonathanduberman/maverick_price_tool/maverick_price_scraper.py", line 112, in carsdotcom_datagrabber
    title = soup.findAll('title')[0].get_text().strip() #title format = used/new, make, model, trim, "for sale", price
IndexError: list index out of range
2023-08-01 08:00:18,889 - DEBUG - Starting new HTTP connection (1): us-ca.proxymesh.com:31280
2023-08-01 08:00:19,103 - DEBUG - http://us-ca.proxymesh.com:31280 "GET http://cars.com///vehicledetail/53d11502-7b12-43ae-bb45-45888e3a4c7b/ HTTP/1.1" 402 None
2023-08-01 08:00:19,105 - ERROR - list index out of range
Traceback (most recent call last):
  File "/Users/jonathanduberman/maverick_price_tool/maverick_price_scraper.py", line 112, in carsdotcom_datagrabber
    title = soup.findAll('title')[0].get_text().strip() #title format = used/new, make, model, trim, "for sale", price
IndexError: list index out of range
2023-08-01 08:00:19,109 - DEBUG - Starting new HTTP connection (1): us-ca.proxymesh.com:31280
2023-08-01 08:00:19,353 - DEBUG - http://us-ca.proxymesh.com:31280 "GET http://cars.com///vehicledetail/180aaa29-ecba-49f9-90fa-c6c9cefc52c7/ HTTP/1.1" 402 None
2023-08-01 08:00:19,355 - ERROR - list index out of range
Traceback (most recent call last):
  File "/Users/jonathanduberman/maverick_price_tool/maverick_price_scraper.py", line 112, in carsdotcom_datagrabber
    title = soup.findAll('title')[0].get_text().strip() #title format = used/new, make, model, trim, "for sale", price
IndexError: list index out of range
2023-08-01 08:00:19,359 - DEBUG - Starting new HTTP connection (1): us-ca.proxymesh.com:31280
2023-08-01 08:00:19,553 - DEBUG - http://us-ca.proxymesh.com:31280 "GET http://cars.com///vehicledetail/195fe5c2-4ffa-403b-bb6c-7527482daa8f/ HTTP/1.1" 402 None
2023-08-01 08:00:19,555 - ERROR - list index out of range
Traceback (most recent call last):
  File "/Users/jonathanduberman/maverick_price_tool/maverick_price_scraper.py", line 112, in carsdotcom_datagrabber
    title = soup.findAll('title')[0].get_text().strip() #title format = used/new, make, model, trim, "for sale", price
IndexError: list index out of range
2023-08-01 08:00:19,560 - DEBUG - Starting new HTTP connection (1): us-ca.proxymesh.com:31280
2023-08-01 08:00:19,756 - DEBUG - http://us-ca.proxymesh.com:31280 "GET http://cars.com///vehicledetail/432f83eb-c504-447a-917f-3d669fb5bef0/ HTTP/1.1" 402 None
2023-08-01 08:00:19,758 - ERROR - list index out of range
Traceback (most recent call last):
  File "/Users/jonathanduberman/maverick_price_tool/maverick_price_scraper.py", line 112, in carsdotcom_datagrabber
    title = soup.findAll('title')[0].get_text().strip() #title format = used/new, make, model, trim, "for sale", price
IndexError: list index out of range
2023-08-01 08:00:19,762 - DEBUG - Starting new HTTP connection (1): us-ca.proxymesh.com:31280
2023-08-01 08:00:19,986 - DEBUG - http://us-ca.proxymesh.com:31280 "GET http://cars.com///vehicledetail/604fa9c7-196b-4d5a-9dfd-618a261570d8/ HTTP/1.1" 402 None
2023-08-01 08:00:19,988 - ERROR - list index out of range
Traceback (most recent call last):
  File "/Users/jonathanduberman/maverick_price_tool/maverick_price_scraper.py", line 112, in carsdotcom_datagrabber
    title = soup.findAll('title')[0].get_text().strip() #title format = used/new, make, model, trim, "for sale", price
IndexError: list index out of range
2023-08-01 08:00:19,993 - DEBUG - Starting new HTTP connection (1): us-ca.proxymesh.com:31280
2023-08-01 08:00:20,233 - DEBUG - http://us-ca.proxymesh.com:31280 "GET http://cars.com///vehicledetail/d23f3110-4454-4eb6-a2bd-8b8823548214/ HTTP/1.1" 402 None
2023-08-01 08:00:20,234 - ERROR - list index out of range
Traceback (most recent call last):
  File "/Users/jonathanduberman/maverick_price_tool/maverick_price_scraper.py", line 112, in carsdotcom_datagrabber
    title = soup.findAll('title')[0].get_text().strip() #title format = used/new, make, model, trim, "for sale", price
IndexError: list index out of range
2023-08-01 08:00:20,239 - DEBUG - Starting new HTTP connection (1): us-ca.proxymesh.com:31280
2023-08-01 08:00:20,442 - DEBUG - http://us-ca.proxymesh.com:31280 "GET http://cars.com///vehicledetail/3a8fd066-1ce2-4bad-af91-116f8be80146/ HTTP/1.1" 402 None
2023-08-01 08:00:20,444 - ERROR - list index out of range
Traceback (most recent call last):
  File "/Users/jonathanduberman/maverick_price_tool/maverick_price_scraper.py", line 112, in carsdotcom_datagrabber
    title = soup.findAll('title')[0].get_text().strip() #title format = used/new, make, model, trim, "for sale", price
IndexError: list index out of range
2023-08-01 08:00:20,448 - DEBUG - Starting new HTTP connection (1): us-ca.proxymesh.com:31280
2023-08-01 08:00:20,659 - DEBUG - http://us-ca.proxymesh.com:31280 "GET http://cars.com///vehicledetail/75613e16-00c0-48e4-89c8-ec1910a56940/ HTTP/1.1" 402 None
2023-08-01 08:00:20,661 - ERROR - list index out of range
Traceback (most recent call last):
  File "/Users/jonathanduberman/maverick_price_tool/maverick_price_scraper.py", line 112, in carsdotcom_datagrabber
    title = soup.findAll('title')[0].get_text().strip() #title format = used/new, make, model, trim, "for sale", price
IndexError: list index out of range
2023-08-01 08:00:20,666 - DEBUG - Starting new HTTP connection (1): us-ca.proxymesh.com:31280
2023-08-01 08:00:20,880 - DEBUG - http://us-ca.proxymesh.com:31280 "GET http://cars.com///vehicledetail/2b40b74f-e4a1-4873-a38e-e40185df716a/ HTTP/1.1" 402 None
2023-08-01 08:00:20,881 - ERROR - list index out of range
Traceback (most recent call last):
  File "/Users/jonathanduberman/maverick_price_tool/maverick_price_scraper.py", line 112, in carsdotcom_datagrabber
    title = soup.findAll('title')[0].get_text().strip() #title format = used/new, make, model, trim, "for sale", price
IndexError: list index out of range
2023-08-01 08:00:20,886 - DEBUG - Starting new HTTP connection (1): us-ca.proxymesh.com:31280
2023-08-01 08:00:21,113 - DEBUG - http://us-ca.proxymesh.com:31280 "GET http://cars.com///vehicledetail/e2ca4035-c051-44da-acea-7e344b9952d9/ HTTP/1.1" 402 None
2023-08-01 08:00:21,115 - ERROR - list index out of range
Traceback (most recent call last):
  File "/Users/jonathanduberman/maverick_price_tool/maverick_price_scraper.py", line 112, in carsdotcom_datagrabber
    title = soup.findAll('title')[0].get_text().strip() #title format = used/new, make, model, trim, "for sale", price
IndexError: list index out of range
2023-08-01 08:00:21,119 - DEBUG - Starting new HTTP connection (1): us-ca.proxymesh.com:31280
2023-08-01 08:00:21,376 - DEBUG - http://us-ca.proxymesh.com:31280 "GET http://cars.com///vehicledetail/1d3ea4a8-4e5c-4c6a-a0e7-8ffae3833dca/ HTTP/1.1" 402 None
2023-08-01 08:00:21,378 - ERROR - list index out of range
Traceback (most recent call last):
  File "/Users/jonathanduberman/maverick_price_tool/maverick_price_scraper.py", line 112, in carsdotcom_datagrabber
    title = soup.findAll('title')[0].get_text().strip() #title format = used/new, make, model, trim, "for sale", price
IndexError: list index out of range
2023-08-01 08:00:21,382 - DEBUG - Starting new HTTP connection (1): us-ca.proxymesh.com:31280
2023-08-01 08:00:21,583 - DEBUG - http://us-ca.proxymesh.com:31280 "GET http://cars.com///vehicledetail/94de738f-f298-4e9e-9b1c-eaa57b51bfaa/ HTTP/1.1" 402 None
2023-08-01 08:00:21,585 - ERROR - list index out of range
Traceback (most recent call last):
  File "/Users/jonathanduberman/maverick_price_tool/maverick_price_scraper.py", line 112, in carsdotcom_datagrabber
    title = soup.findAll('title')[0].get_text().strip() #title format = used/new, make, model, trim, "for sale", price
IndexError: list index out of range
2023-08-01 08:00:21,589 - DEBUG - Starting new HTTP connection (1): us-ca.proxymesh.com:31280
2023-08-01 08:00:21,792 - DEBUG - http://us-ca.proxymesh.com:31280 "GET http://cars.com///vehicledetail/f2be79d5-3a51-4f31-ace6-749a89d0f68f/ HTTP/1.1" 402 None
2023-08-01 08:00:21,794 - ERROR - list index out of range
Traceback (most recent call last):
  File "/Users/jonathanduberman/maverick_price_tool/maverick_price_scraper.py", line 112, in carsdotcom_datagrabber
    title = soup.findAll('title')[0].get_text().strip() #title format = used/new, make, model, trim, "for sale", price
IndexError: list index out of range
2023-08-01 08:00:21,799 - DEBUG - Starting new HTTP connection (1): us-ca.proxymesh.com:31280
2023-08-01 08:00:22,007 - DEBUG - http://us-ca.proxymesh.com:31280 "GET http://cars.com///vehicledetail/7e151b4b-08f9-48e0-ae2c-fcef435bc1f6/ HTTP/1.1" 402 None
2023-08-01 08:00:22,008 - ERROR - list index out of range
Traceback (most recent call last):
  File "/Users/jonathanduberman/maverick_price_tool/maverick_price_scraper.py", line 112, in carsdotcom_datagrabber
    title = soup.findAll('title')[0].get_text().strip() #title format = used/new, make, model, trim, "for sale", price
IndexError: list index out of range
2023-08-01 08:00:22,013 - DEBUG - Starting new HTTP connection (1): us-ca.proxymesh.com:31280
2023-08-01 08:00:22,220 - DEBUG - http://us-ca.proxymesh.com:31280 "GET http://cars.com///vehicledetail/a4075be5-6560-4b8e-8aa9-e4d661c473fe/ HTTP/1.1" 402 None
2023-08-01 08:00:22,222 - ERROR - list index out of range
Traceback (most recent call last):
  File "/Users/jonathanduberman/maverick_price_tool/maverick_price_scraper.py", line 112, in carsdotcom_datagrabber
    title = soup.findAll('title')[0].get_text().strip() #title format = used/new, make, model, trim, "for sale", price
IndexError: list index out of range
2023-08-01 08:00:22,226 - DEBUG - Starting new HTTP connection (1): us-ca.proxymesh.com:31280
2023-08-01 08:00:22,431 - DEBUG - http://us-ca.proxymesh.com:31280 "GET http://cars.com///vehicledetail/07998c9e-d4a8-4819-ab9e-b698477010a9/ HTTP/1.1" 402 None
2023-08-01 08:00:22,432 - ERROR - list index out of range
Traceback (most recent call last):
  File "/Users/jonathanduberman/maverick_price_tool/maverick_price_scraper.py", line 112, in carsdotcom_datagrabber
    title = soup.findAll('title')[0].get_text().strip() #title format = used/new, make, model, trim, "for sale", price
IndexError: list index out of range
2023-08-01 08:00:22,437 - DEBUG - Starting new HTTP connection (1): us-ca.proxymesh.com:31280
2023-08-01 08:00:22,636 - DEBUG - http://us-ca.proxymesh.com:31280 "GET http://cars.com///vehicledetail/d6ebe139-48dc-4c9e-902f-02f44da40b15/ HTTP/1.1" 402 None
2023-08-01 08:00:22,638 - ERROR - list index out of range
Traceback (most recent call last):
  File "/Users/jonathanduberman/maverick_price_tool/maverick_price_scraper.py", line 112, in carsdotcom_datagrabber
    title = soup.findAll('title')[0].get_text().strip() #title format = used/new, make, model, trim, "for sale", price
IndexError: list index out of range
2023-08-01 08:00:22,642 - DEBUG - Starting new HTTP connection (1): us-ca.proxymesh.com:31280
2023-08-01 08:00:22,841 - DEBUG - http://us-ca.proxymesh.com:31280 "GET http://cars.com///vehicledetail/80f9aff8-ce71-4d84-9324-c33390d335aa/ HTTP/1.1" 402 None
2023-08-01 08:00:22,843 - ERROR - list index out of range
Traceback (most recent call last):
  File "/Users/jonathanduberman/maverick_price_tool/maverick_price_scraper.py", line 112, in carsdotcom_datagrabber
    title = soup.findAll('title')[0].get_text().strip() #title format = used/new, make, model, trim, "for sale", price
IndexError: list index out of range
2023-08-01 08:00:22,847 - DEBUG - Starting new HTTP connection (1): us-ca.proxymesh.com:31280
2023-08-01 08:00:23,045 - DEBUG - http://us-ca.proxymesh.com:31280 "GET http://cars.com///vehicledetail/1b4bdca1-175b-4709-b060-fcccee25166e/ HTTP/1.1" 402 None
2023-08-01 08:00:23,047 - ERROR - list index out of range
Traceback (most recent call last):
  File "/Users/jonathanduberman/maverick_price_tool/maverick_price_scraper.py", line 112, in carsdotcom_datagrabber
    title = soup.findAll('title')[0].get_text().strip() #title format = used/new, make, model, trim, "for sale", price
IndexError: list index out of range
2023-08-01 08:00:23,052 - DEBUG - Starting new HTTP connection (1): us-ca.proxymesh.com:31280
2023-08-01 08:00:24,258 - DEBUG - http://us-ca.proxymesh.com:31280 "GET http://cars.com///vehicledetail/42a471cc-7ca8-4b91-8e79-d775c2822061/ HTTP/1.1" 402 None
2023-08-01 08:00:24,260 - ERROR - list index out of range
Traceback (most recent call last):
  File "/Users/jonathanduberman/maverick_price_tool/maverick_price_scraper.py", line 112, in carsdotcom_datagrabber
    title = soup.findAll('title')[0].get_text().strip() #title format = used/new, make, model, trim, "for sale", price
IndexError: list index out of range
2023-08-01 08:00:24,264 - DEBUG - Starting new HTTP connection (1): us-ca.proxymesh.com:31280
2023-08-01 08:00:24,454 - DEBUG - http://us-ca.proxymesh.com:31280 "GET http://cars.com///vehicledetail/2ac701b9-fdb2-433e-931c-a7fae9bee264/ HTTP/1.1" 402 None
2023-08-01 08:00:24,456 - ERROR - list index out of range
Traceback (most recent call last):
  File "/Users/jonathanduberman/maverick_price_tool/maverick_price_scraper.py", line 112, in carsdotcom_datagrabber
    title = soup.findAll('title')[0].get_text().strip() #title format = used/new, make, model, trim, "for sale", price
IndexError: list index out of range
2023-08-01 08:00:24,460 - DEBUG - Starting new HTTP connection (1): us-ca.proxymesh.com:31280
2023-08-01 08:00:24,666 - DEBUG - http://us-ca.proxymesh.com:31280 "GET http://cars.com///vehicledetail/94f4dfa0-586f-4b9b-ace3-d28b60b09015/ HTTP/1.1" 402 None
2023-08-01 08:00:24,667 - ERROR - list index out of range
Traceback (most recent call last):
  File "/Users/jonathanduberman/maverick_price_tool/maverick_price_scraper.py", line 112, in carsdotcom_datagrabber
    title = soup.findAll('title')[0].get_text().strip() #title format = used/new, make, model, trim, "for sale", price
IndexError: list index out of range
2023-08-01 08:00:24,672 - DEBUG - Starting new HTTP connection (1): us-ca.proxymesh.com:31280
2023-08-01 08:00:24,869 - DEBUG - http://us-ca.proxymesh.com:31280 "GET http://cars.com///vehicledetail/bba04958-cd44-4a3e-88a1-b43f6a41c9bb/ HTTP/1.1" 402 None
2023-08-01 08:00:24,871 - ERROR - list index out of range
Traceback (most recent call last):
  File "/Users/jonathanduberman/maverick_price_tool/maverick_price_scraper.py", line 112, in carsdotcom_datagrabber
    title = soup.findAll('title')[0].get_text().strip() #title format = used/new, make, model, trim, "for sale", price
IndexError: list index out of range
2023-08-01 08:00:24,875 - DEBUG - Starting new HTTP connection (1): us-ca.proxymesh.com:31280
2023-08-01 08:00:25,083 - DEBUG - http://us-ca.proxymesh.com:31280 "GET http://cars.com///vehicledetail/e81116c0-5a33-4bf8-807e-58745b82c7af/ HTTP/1.1" 402 None
2023-08-01 08:00:25,085 - ERROR - list index out of range
Traceback (most recent call last):
  File "/Users/jonathanduberman/maverick_price_tool/maverick_price_scraper.py", line 112, in carsdotcom_datagrabber
    title = soup.findAll('title')[0].get_text().strip() #title format = used/new, make, model, trim, "for sale", price
IndexError: list index out of range
2023-08-01 08:00:25,090 - DEBUG - Starting new HTTP connection (1): us-ca.proxymesh.com:31280
2023-08-01 08:00:25,381 - DEBUG - http://us-ca.proxymesh.com:31280 "GET http://cars.com///vehicledetail/4ef99b77-9734-4a16-9937-aa5750db4101/ HTTP/1.1" 402 None
2023-08-01 08:00:25,383 - ERROR - list index out of range
Traceback (most recent call last):
  File "/Users/jonathanduberman/maverick_price_tool/maverick_price_scraper.py", line 112, in carsdotcom_datagrabber
    title = soup.findAll('title')[0].get_text().strip() #title format = used/new, make, model, trim, "for sale", price
IndexError: list index out of range
2023-08-01 08:00:25,388 - DEBUG - Starting new HTTP connection (1): us-ca.proxymesh.com:31280
2023-08-01 08:00:25,587 - DEBUG - http://us-ca.proxymesh.com:31280 "GET http://cars.com///vehicledetail/f99de01c-84b0-4892-a610-7948ac739a14/ HTTP/1.1" 402 None
2023-08-01 08:00:25,589 - ERROR - list index out of range
Traceback (most recent call last):
  File "/Users/jonathanduberman/maverick_price_tool/maverick_price_scraper.py", line 112, in carsdotcom_datagrabber
    title = soup.findAll('title')[0].get_text().strip() #title format = used/new, make, model, trim, "for sale", price
IndexError: list index out of range
2023-08-01 08:00:25,593 - DEBUG - Starting new HTTP connection (1): us-ca.proxymesh.com:31280
2023-08-01 08:00:25,900 - DEBUG - http://us-ca.proxymesh.com:31280 "GET http://cars.com///vehicledetail/a3fc7c17-868d-4aec-b593-953ba6b078d5/ HTTP/1.1" 402 None
2023-08-01 08:00:25,901 - ERROR - list index out of range
Traceback (most recent call last):
  File "/Users/jonathanduberman/maverick_price_tool/maverick_price_scraper.py", line 112, in carsdotcom_datagrabber
    title = soup.findAll('title')[0].get_text().strip() #title format = used/new, make, model, trim, "for sale", price
IndexError: list index out of range
2023-08-01 08:00:25,906 - DEBUG - Starting new HTTP connection (1): us-ca.proxymesh.com:31280
2023-08-01 08:00:26,106 - DEBUG - http://us-ca.proxymesh.com:31280 "GET http://cars.com///vehicledetail/097b588a-5af0-4351-9d1f-a804a2d30f8f/ HTTP/1.1" 402 None
2023-08-01 08:00:26,108 - ERROR - list index out of range
Traceback (most recent call last):
  File "/Users/jonathanduberman/maverick_price_tool/maverick_price_scraper.py", line 112, in carsdotcom_datagrabber
    title = soup.findAll('title')[0].get_text().strip() #title format = used/new, make, model, trim, "for sale", price
IndexError: list index out of range
2023-08-01 08:00:26,113 - DEBUG - Starting new HTTP connection (1): us-ca.proxymesh.com:31280
2023-08-01 08:00:26,328 - DEBUG - http://us-ca.proxymesh.com:31280 "GET http://cars.com///vehicledetail/154f1511-3408-4fdf-97e5-193a6b908def/ HTTP/1.1" 402 None
2023-08-01 08:00:26,330 - ERROR - list index out of range
Traceback (most recent call last):
  File "/Users/jonathanduberman/maverick_price_tool/maverick_price_scraper.py", line 112, in carsdotcom_datagrabber
    title = soup.findAll('title')[0].get_text().strip() #title format = used/new, make, model, trim, "for sale", price
IndexError: list index out of range
2023-08-01 08:00:26,334 - DEBUG - Starting new HTTP connection (1): us-ca.proxymesh.com:31280
2023-08-01 08:00:26,547 - DEBUG - http://us-ca.proxymesh.com:31280 "GET http://cars.com///vehicledetail/460c85eb-9453-4043-85ab-61513bd0e8bc/ HTTP/1.1" 402 None
2023-08-01 08:00:26,549 - ERROR - list index out of range
Traceback (most recent call last):
  File "/Users/jonathanduberman/maverick_price_tool/maverick_price_scraper.py", line 112, in carsdotcom_datagrabber
    title = soup.findAll('title')[0].get_text().strip() #title format = used/new, make, model, trim, "for sale", price
IndexError: list index out of range
2023-08-01 08:00:26,553 - DEBUG - Starting new HTTP connection (1): us-ca.proxymesh.com:31280
2023-08-01 08:00:26,760 - DEBUG - http://us-ca.proxymesh.com:31280 "GET http://cars.com///vehicledetail/f546266d-6622-4069-bc46-4431f8d62e9b/ HTTP/1.1" 402 None
2023-08-01 08:00:26,762 - ERROR - list index out of range
Traceback (most recent call last):
  File "/Users/jonathanduberman/maverick_price_tool/maverick_price_scraper.py", line 112, in carsdotcom_datagrabber
    title = soup.findAll('title')[0].get_text().strip() #title format = used/new, make, model, trim, "for sale", price
IndexError: list index out of range
2023-08-01 08:00:26,767 - DEBUG - Starting new HTTP connection (1): us-ca.proxymesh.com:31280
2023-08-01 08:00:27,006 - DEBUG - http://us-ca.proxymesh.com:31280 "GET http://cars.com///vehicledetail/757d7457-62f2-4843-8350-7e4d689e5938/ HTTP/1.1" 402 None
2023-08-01 08:00:27,008 - ERROR - list index out of range
Traceback (most recent call last):
  File "/Users/jonathanduberman/maverick_price_tool/maverick_price_scraper.py", line 112, in carsdotcom_datagrabber
    title = soup.findAll('title')[0].get_text().strip() #title format = used/new, make, model, trim, "for sale", price
IndexError: list index out of range
2023-08-01 08:00:27,013 - DEBUG - Starting new HTTP connection (1): us-ca.proxymesh.com:31280
2023-08-01 08:00:27,257 - DEBUG - http://us-ca.proxymesh.com:31280 "GET http://cars.com///vehicledetail/cb3d6421-a487-45e6-ad93-4e1d45f610b7/ HTTP/1.1" 402 None
2023-08-01 08:00:27,258 - ERROR - list index out of range
Traceback (most recent call last):
  File "/Users/jonathanduberman/maverick_price_tool/maverick_price_scraper.py", line 112, in carsdotcom_datagrabber
    title = soup.findAll('title')[0].get_text().strip() #title format = used/new, make, model, trim, "for sale", price
IndexError: list index out of range
2023-08-01 08:00:27,263 - DEBUG - Starting new HTTP connection (1): us-ca.proxymesh.com:31280
2023-08-01 08:00:27,466 - DEBUG - http://us-ca.proxymesh.com:31280 "GET http://cars.com///vehicledetail/c6ef451a-1655-4d95-a125-908a1a66b42a/ HTTP/1.1" 402 None
2023-08-01 08:00:27,468 - ERROR - list index out of range
Traceback (most recent call last):
  File "/Users/jonathanduberman/maverick_price_tool/maverick_price_scraper.py", line 112, in carsdotcom_datagrabber
    title = soup.findAll('title')[0].get_text().strip() #title format = used/new, make, model, trim, "for sale", price
IndexError: list index out of range
2023-08-01 08:00:27,472 - DEBUG - Starting new HTTP connection (1): us-ca.proxymesh.com:31280
2023-08-01 08:00:27,680 - DEBUG - http://us-ca.proxymesh.com:31280 "GET http://cars.com///vehicledetail/7c493e54-a8fc-496c-996e-ba85a30d37ec/ HTTP/1.1" 402 None
2023-08-01 08:00:27,681 - ERROR - list index out of range
Traceback (most recent call last):
  File "/Users/jonathanduberman/maverick_price_tool/maverick_price_scraper.py", line 112, in carsdotcom_datagrabber
    title = soup.findAll('title')[0].get_text().strip() #title format = used/new, make, model, trim, "for sale", price
IndexError: list index out of range
2023-08-01 08:00:27,686 - DEBUG - Starting new HTTP connection (1): us-ca.proxymesh.com:31280
2023-08-01 08:00:27,943 - DEBUG - http://us-ca.proxymesh.com:31280 "GET http://cars.com///vehicledetail/afc509d4-f690-4d19-a9ba-c5941cfdc423/ HTTP/1.1" 402 None
2023-08-01 08:00:27,946 - ERROR - list index out of range
Traceback (most recent call last):
  File "/Users/jonathanduberman/maverick_price_tool/maverick_price_scraper.py", line 112, in carsdotcom_datagrabber
    title = soup.findAll('title')[0].get_text().strip() #title format = used/new, make, model, trim, "for sale", price
IndexError: list index out of range
2023-08-01 08:00:27,951 - DEBUG - Starting new HTTP connection (1): us-ca.proxymesh.com:31280
2023-08-01 08:00:28,145 - DEBUG - http://us-ca.proxymesh.com:31280 "GET http://cars.com///vehicledetail/84940b5a-f027-4266-88b9-ebdbed63bf7a/ HTTP/1.1" 402 None
2023-08-01 08:00:28,147 - ERROR - list index out of range
Traceback (most recent call last):
  File "/Users/jonathanduberman/maverick_price_tool/maverick_price_scraper.py", line 112, in carsdotcom_datagrabber
    title = soup.findAll('title')[0].get_text().strip() #title format = used/new, make, model, trim, "for sale", price
IndexError: list index out of range
2023-08-01 08:00:28,152 - DEBUG - Starting new HTTP connection (1): us-ca.proxymesh.com:31280
2023-08-01 08:00:28,351 - DEBUG - http://us-ca.proxymesh.com:31280 "GET http://cars.com///vehicledetail/86f89a0b-9c79-41a6-a83f-6c31b9977e7e/ HTTP/1.1" 402 None
2023-08-01 08:00:28,352 - ERROR - list index out of range
Traceback (most recent call last):
  File "/Users/jonathanduberman/maverick_price_tool/maverick_price_scraper.py", line 112, in carsdotcom_datagrabber
    title = soup.findAll('title')[0].get_text().strip() #title format = used/new, make, model, trim, "for sale", price
IndexError: list index out of range
2023-08-01 08:00:28,357 - DEBUG - Starting new HTTP connection (1): us-ca.proxymesh.com:31280
2023-08-01 08:00:28,557 - DEBUG - http://us-ca.proxymesh.com:31280 "GET http://cars.com///vehicledetail/4f81975d-c0d1-4db4-9b9f-ab008ee616f1/ HTTP/1.1" 402 None
2023-08-01 08:00:28,559 - ERROR - list index out of range
Traceback (most recent call last):
  File "/Users/jonathanduberman/maverick_price_tool/maverick_price_scraper.py", line 112, in carsdotcom_datagrabber
    title = soup.findAll('title')[0].get_text().strip() #title format = used/new, make, model, trim, "for sale", price
IndexError: list index out of range
2023-08-01 08:00:28,563 - DEBUG - Starting new HTTP connection (1): us-ca.proxymesh.com:31280
2023-08-01 08:00:28,762 - DEBUG - http://us-ca.proxymesh.com:31280 "GET http://cars.com///vehicledetail/8318f9b9-e8d8-4301-b77a-169adec8ad28/ HTTP/1.1" 402 None
2023-08-01 08:00:28,764 - ERROR - list index out of range
Traceback (most recent call last):
  File "/Users/jonathanduberman/maverick_price_tool/maverick_price_scraper.py", line 112, in carsdotcom_datagrabber
    title = soup.findAll('title')[0].get_text().strip() #title format = used/new, make, model, trim, "for sale", price
IndexError: list index out of range
2023-08-01 08:00:28,768 - DEBUG - Starting new HTTP connection (1): us-ca.proxymesh.com:31280
2023-08-01 08:00:28,982 - DEBUG - http://us-ca.proxymesh.com:31280 "GET http://cars.com///vehicledetail/6a4c4f4f-98ad-4eee-9c44-e24eadca11fc/ HTTP/1.1" 402 None
2023-08-01 08:00:28,985 - ERROR - list index out of range
Traceback (most recent call last):
  File "/Users/jonathanduberman/maverick_price_tool/maverick_price_scraper.py", line 112, in carsdotcom_datagrabber
    title = soup.findAll('title')[0].get_text().strip() #title format = used/new, make, model, trim, "for sale", price
IndexError: list index out of range
2023-08-01 08:00:28,990 - DEBUG - Starting new HTTP connection (1): us-ca.proxymesh.com:31280
2023-08-01 08:00:29,282 - DEBUG - http://us-ca.proxymesh.com:31280 "GET http://cars.com///vehicledetail/1976d3aa-8b1f-4946-b786-54594fb21181/ HTTP/1.1" 402 None
2023-08-01 08:00:29,284 - ERROR - list index out of range
Traceback (most recent call last):
  File "/Users/jonathanduberman/maverick_price_tool/maverick_price_scraper.py", line 112, in carsdotcom_datagrabber
    title = soup.findAll('title')[0].get_text().strip() #title format = used/new, make, model, trim, "for sale", price
IndexError: list index out of range
2023-08-01 08:00:29,288 - DEBUG - Starting new HTTP connection (1): us-ca.proxymesh.com:31280
2023-08-01 08:00:29,498 - DEBUG - http://us-ca.proxymesh.com:31280 "GET http://cars.com///vehicledetail/08bb044c-9ec6-4bbf-b790-2ee0c4bcabc1/ HTTP/1.1" 402 None
2023-08-01 08:00:29,499 - ERROR - list index out of range
Traceback (most recent call last):
  File "/Users/jonathanduberman/maverick_price_tool/maverick_price_scraper.py", line 112, in carsdotcom_datagrabber
    title = soup.findAll('title')[0].get_text().strip() #title format = used/new, make, model, trim, "for sale", price
IndexError: list index out of range
2023-08-01 08:00:29,504 - DEBUG - Starting new HTTP connection (1): us-ca.proxymesh.com:31280
2023-08-01 08:00:29,742 - DEBUG - http://us-ca.proxymesh.com:31280 "GET http://cars.com///vehicledetail/c4d0f4f8-7cdc-4ca7-b503-2176dff1af53/ HTTP/1.1" 402 None
2023-08-01 08:00:29,744 - ERROR - list index out of range
Traceback (most recent call last):
  File "/Users/jonathanduberman/maverick_price_tool/maverick_price_scraper.py", line 112, in carsdotcom_datagrabber
    title = soup.findAll('title')[0].get_text().strip() #title format = used/new, make, model, trim, "for sale", price
IndexError: list index out of range
2023-08-01 08:00:29,749 - DEBUG - Starting new HTTP connection (1): us-ca.proxymesh.com:31280
2023-08-01 08:00:29,951 - DEBUG - http://us-ca.proxymesh.com:31280 "GET http://cars.com///vehicledetail/49eb5ccb-0829-41b7-b111-cebc22549a89/ HTTP/1.1" 402 None
2023-08-01 08:00:29,953 - ERROR - list index out of range
Traceback (most recent call last):
  File "/Users/jonathanduberman/maverick_price_tool/maverick_price_scraper.py", line 112, in carsdotcom_datagrabber
    title = soup.findAll('title')[0].get_text().strip() #title format = used/new, make, model, trim, "for sale", price
IndexError: list index out of range
2023-08-01 08:00:29,958 - DEBUG - Starting new HTTP connection (1): us-ca.proxymesh.com:31280
2023-08-01 08:00:30,435 - DEBUG - http://us-ca.proxymesh.com:31280 "GET http://cars.com///vehicledetail/48396c9f-9c8c-45c0-a046-809091ea2b4c/ HTTP/1.1" 402 None
2023-08-01 08:00:30,437 - ERROR - list index out of range
Traceback (most recent call last):
  File "/Users/jonathanduberman/maverick_price_tool/maverick_price_scraper.py", line 112, in carsdotcom_datagrabber
    title = soup.findAll('title')[0].get_text().strip() #title format = used/new, make, model, trim, "for sale", price
IndexError: list index out of range
2023-08-01 08:00:30,441 - DEBUG - Starting new HTTP connection (1): us-ca.proxymesh.com:31280
2023-08-01 08:00:30,643 - DEBUG - http://us-ca.proxymesh.com:31280 "GET http://cars.com///vehicledetail/9768d070-5015-4f06-81bd-0dd5507c4f22/ HTTP/1.1" 402 None
2023-08-01 08:00:30,645 - ERROR - list index out of range
Traceback (most recent call last):
  File "/Users/jonathanduberman/maverick_price_tool/maverick_price_scraper.py", line 112, in carsdotcom_datagrabber
    title = soup.findAll('title')[0].get_text().strip() #title format = used/new, make, model, trim, "for sale", price
IndexError: list index out of range
2023-08-01 08:00:30,649 - DEBUG - Starting new HTTP connection (1): us-ca.proxymesh.com:31280
2023-08-01 08:00:30,850 - DEBUG - http://us-ca.proxymesh.com:31280 "GET http://cars.com///vehicledetail/84c59e1f-21a1-4fa6-a169-c1fb10e9924c/ HTTP/1.1" 402 None
2023-08-01 08:00:30,852 - ERROR - list index out of range
Traceback (most recent call last):
  File "/Users/jonathanduberman/maverick_price_tool/maverick_price_scraper.py", line 112, in carsdotcom_datagrabber
    title = soup.findAll('title')[0].get_text().strip() #title format = used/new, make, model, trim, "for sale", price
IndexError: list index out of range
2023-08-01 08:00:30,856 - DEBUG - Starting new HTTP connection (1): us-ca.proxymesh.com:31280
2023-08-01 08:00:31,061 - DEBUG - http://us-ca.proxymesh.com:31280 "GET http://cars.com///vehicledetail/727ed61c-b972-4ab3-9ba6-5e6f54c3e1ce/ HTTP/1.1" 402 None
2023-08-01 08:00:31,063 - ERROR - list index out of range
Traceback (most recent call last):
  File "/Users/jonathanduberman/maverick_price_tool/maverick_price_scraper.py", line 112, in carsdotcom_datagrabber
    title = soup.findAll('title')[0].get_text().strip() #title format = used/new, make, model, trim, "for sale", price
IndexError: list index out of range
2023-08-01 08:00:31,068 - DEBUG - Starting new HTTP connection (1): us-ca.proxymesh.com:31280
2023-08-01 08:00:31,342 - DEBUG - http://us-ca.proxymesh.com:31280 "GET http://cars.com///vehicledetail/352274f6-eb88-4676-bb77-6322c5fb50e4/ HTTP/1.1" 402 None
2023-08-01 08:00:31,344 - ERROR - list index out of range
Traceback (most recent call last):
  File "/Users/jonathanduberman/maverick_price_tool/maverick_price_scraper.py", line 112, in carsdotcom_datagrabber
    title = soup.findAll('title')[0].get_text().strip() #title format = used/new, make, model, trim, "for sale", price
IndexError: list index out of range
2023-08-01 08:00:31,349 - DEBUG - Starting new HTTP connection (1): us-ca.proxymesh.com:31280
2023-08-01 08:00:31,551 - DEBUG - http://us-ca.proxymesh.com:31280 "GET http://cars.com///vehicledetail/0594cbbb-5712-4c9e-9085-0402f426ed5f/ HTTP/1.1" 402 None
2023-08-01 08:00:31,553 - ERROR - list index out of range
Traceback (most recent call last):
  File "/Users/jonathanduberman/maverick_price_tool/maverick_price_scraper.py", line 112, in carsdotcom_datagrabber
    title = soup.findAll('title')[0].get_text().strip() #title format = used/new, make, model, trim, "for sale", price
IndexError: list index out of range
2023-08-01 08:00:31,557 - DEBUG - Starting new HTTP connection (1): us-ca.proxymesh.com:31280
2023-08-01 08:00:31,866 - DEBUG - http://us-ca.proxymesh.com:31280 "GET http://cars.com///vehicledetail/72ebefeb-3573-4555-a81f-1a4a3a6d38da/ HTTP/1.1" 402 None
2023-08-01 08:00:31,871 - ERROR - list index out of range
Traceback (most recent call last):
  File "/Users/jonathanduberman/maverick_price_tool/maverick_price_scraper.py", line 112, in carsdotcom_datagrabber
    title = soup.findAll('title')[0].get_text().strip() #title format = used/new, make, model, trim, "for sale", price
IndexError: list index out of range
2023-08-01 08:00:31,875 - DEBUG - Starting new HTTP connection (1): us-ca.proxymesh.com:31280
2023-08-01 08:00:32,079 - DEBUG - http://us-ca.proxymesh.com:31280 "GET http://cars.com///vehicledetail/8190ecb9-1bdf-436c-b382-4d1501871f87/ HTTP/1.1" 402 None
2023-08-01 08:00:32,081 - ERROR - list index out of range
Traceback (most recent call last):
  File "/Users/jonathanduberman/maverick_price_tool/maverick_price_scraper.py", line 112, in carsdotcom_datagrabber
    title = soup.findAll('title')[0].get_text().strip() #title format = used/new, make, model, trim, "for sale", price
IndexError: list index out of range
2023-08-01 08:00:32,085 - DEBUG - Starting new HTTP connection (1): us-ca.proxymesh.com:31280
2023-08-01 08:00:32,395 - DEBUG - http://us-ca.proxymesh.com:31280 "GET http://cars.com///vehicledetail/a98eebf8-e1e1-48b1-b11e-f90ed3f58e34/ HTTP/1.1" 402 None
2023-08-01 08:00:32,396 - ERROR - list index out of range
Traceback (most recent call last):
  File "/Users/jonathanduberman/maverick_price_tool/maverick_price_scraper.py", line 112, in carsdotcom_datagrabber
    title = soup.findAll('title')[0].get_text().strip() #title format = used/new, make, model, trim, "for sale", price
IndexError: list index out of range
2023-08-01 08:00:32,401 - DEBUG - Starting new HTTP connection (1): us-ca.proxymesh.com:31280
2023-08-01 08:00:32,793 - DEBUG - http://us-ca.proxymesh.com:31280 "GET http://cars.com///vehicledetail/fa3a462f-f53a-4e50-8895-e09079ecccc9/ HTTP/1.1" 402 None
2023-08-01 08:00:32,795 - ERROR - list index out of range
Traceback (most recent call last):
  File "/Users/jonathanduberman/maverick_price_tool/maverick_price_scraper.py", line 112, in carsdotcom_datagrabber
    title = soup.findAll('title')[0].get_text().strip() #title format = used/new, make, model, trim, "for sale", price
IndexError: list index out of range
2023-08-01 08:00:32,800 - DEBUG - Starting new HTTP connection (1): us-ca.proxymesh.com:31280
2023-08-01 08:00:33,001 - DEBUG - http://us-ca.proxymesh.com:31280 "GET http://cars.com///vehicledetail/78454f89-966c-489c-b85f-0521a583972e/ HTTP/1.1" 402 None
2023-08-01 08:00:33,004 - ERROR - list index out of range
Traceback (most recent call last):
  File "/Users/jonathanduberman/maverick_price_tool/maverick_price_scraper.py", line 112, in carsdotcom_datagrabber
    title = soup.findAll('title')[0].get_text().strip() #title format = used/new, make, model, trim, "for sale", price
IndexError: list index out of range
2023-08-01 08:00:33,008 - DEBUG - Starting new HTTP connection (1): us-ca.proxymesh.com:31280
2023-08-01 08:00:33,266 - DEBUG - http://us-ca.proxymesh.com:31280 "GET http://cars.com///vehicledetail/04bf0dc1-aef5-4b45-8e68-b4ca4e3878cf/ HTTP/1.1" 402 None
2023-08-01 08:00:33,268 - ERROR - list index out of range
Traceback (most recent call last):
  File "/Users/jonathanduberman/maverick_price_tool/maverick_price_scraper.py", line 112, in carsdotcom_datagrabber
    title = soup.findAll('title')[0].get_text().strip() #title format = used/new, make, model, trim, "for sale", price
IndexError: list index out of range
2023-08-01 08:00:33,272 - DEBUG - Starting new HTTP connection (1): us-ca.proxymesh.com:31280
2023-08-01 08:00:33,466 - DEBUG - http://us-ca.proxymesh.com:31280 "GET http://cars.com///vehicledetail/ac1cf830-4395-44cc-b394-c2f9e35c7bda/ HTTP/1.1" 402 None
2023-08-01 08:00:33,468 - ERROR - list index out of range
Traceback (most recent call last):
  File "/Users/jonathanduberman/maverick_price_tool/maverick_price_scraper.py", line 112, in carsdotcom_datagrabber
    title = soup.findAll('title')[0].get_text().strip() #title format = used/new, make, model, trim, "for sale", price
IndexError: list index out of range
2023-08-01 08:00:33,472 - DEBUG - Starting new HTTP connection (1): us-ca.proxymesh.com:31280
2023-08-01 08:00:33,688 - DEBUG - http://us-ca.proxymesh.com:31280 "GET http://cars.com///vehicledetail/8e09c05c-5566-48e1-9ad0-82686bb8bc0a/ HTTP/1.1" 402 None
2023-08-01 08:00:33,690 - ERROR - list index out of range
Traceback (most recent call last):
  File "/Users/jonathanduberman/maverick_price_tool/maverick_price_scraper.py", line 112, in carsdotcom_datagrabber
    title = soup.findAll('title')[0].get_text().strip() #title format = used/new, make, model, trim, "for sale", price
IndexError: list index out of range
2023-08-01 08:00:33,694 - DEBUG - Starting new HTTP connection (1): us-ca.proxymesh.com:31280
2023-08-01 08:00:33,895 - DEBUG - http://us-ca.proxymesh.com:31280 "GET http://cars.com///vehicledetail/133ebd5b-9c08-4e78-9b78-a731d88a5763/ HTTP/1.1" 402 None
2023-08-01 08:00:33,897 - ERROR - list index out of range
Traceback (most recent call last):
  File "/Users/jonathanduberman/maverick_price_tool/maverick_price_scraper.py", line 112, in carsdotcom_datagrabber
    title = soup.findAll('title')[0].get_text().strip() #title format = used/new, make, model, trim, "for sale", price
IndexError: list index out of range
2023-08-01 08:00:33,901 - DEBUG - Starting new HTTP connection (1): us-ca.proxymesh.com:31280
2023-08-01 08:00:34,103 - DEBUG - http://us-ca.proxymesh.com:31280 "GET http://cars.com///vehicledetail/fa466076-58d6-4fdf-ac55-5b8e613f8270/ HTTP/1.1" 402 None
2023-08-01 08:00:34,105 - ERROR - list index out of range
Traceback (most recent call last):
  File "/Users/jonathanduberman/maverick_price_tool/maverick_price_scraper.py", line 112, in carsdotcom_datagrabber
    title = soup.findAll('title')[0].get_text().strip() #title format = used/new, make, model, trim, "for sale", price
IndexError: list index out of range
2023-08-01 08:00:34,109 - DEBUG - Starting new HTTP connection (1): us-ca.proxymesh.com:31280
2023-08-01 08:00:34,356 - DEBUG - http://us-ca.proxymesh.com:31280 "GET http://cars.com///vehicledetail/824d6777-5e62-4c84-a0a2-41973295962c/ HTTP/1.1" 402 None
2023-08-01 08:00:34,358 - ERROR - list index out of range
Traceback (most recent call last):
  File "/Users/jonathanduberman/maverick_price_tool/maverick_price_scraper.py", line 112, in carsdotcom_datagrabber
    title = soup.findAll('title')[0].get_text().strip() #title format = used/new, make, model, trim, "for sale", price
IndexError: list index out of range
2023-08-01 08:00:34,363 - DEBUG - Starting new HTTP connection (1): us-ca.proxymesh.com:31280
2023-08-01 08:00:34,582 - DEBUG - http://us-ca.proxymesh.com:31280 "GET http://cars.com///vehicledetail/016fb416-e88e-4d08-a7fc-fb95e12c038f/ HTTP/1.1" 402 None
2023-08-01 08:00:34,584 - ERROR - list index out of range
Traceback (most recent call last):
  File "/Users/jonathanduberman/maverick_price_tool/maverick_price_scraper.py", line 112, in carsdotcom_datagrabber
    title = soup.findAll('title')[0].get_text().strip() #title format = used/new, make, model, trim, "for sale", price
IndexError: list index out of range
2023-08-01 08:00:34,589 - DEBUG - Starting new HTTP connection (1): us-ca.proxymesh.com:31280
2023-08-01 08:00:34,792 - DEBUG - http://us-ca.proxymesh.com:31280 "GET http://cars.com///vehicledetail/f09004a0-2b63-4cab-8daa-42cdb6c6030c/ HTTP/1.1" 402 None
2023-08-01 08:00:34,794 - ERROR - list index out of range
Traceback (most recent call last):
  File "/Users/jonathanduberman/maverick_price_tool/maverick_price_scraper.py", line 112, in carsdotcom_datagrabber
    title = soup.findAll('title')[0].get_text().strip() #title format = used/new, make, model, trim, "for sale", price
IndexError: list index out of range
2023-08-01 08:00:34,798 - DEBUG - Starting new HTTP connection (1): us-ca.proxymesh.com:31280
2023-08-01 08:00:34,995 - DEBUG - http://us-ca.proxymesh.com:31280 "GET http://cars.com///vehicledetail/73b8d74d-6d8c-4c15-9580-c50da83d551c/ HTTP/1.1" 402 None
2023-08-01 08:00:34,997 - ERROR - list index out of range
Traceback (most recent call last):
  File "/Users/jonathanduberman/maverick_price_tool/maverick_price_scraper.py", line 112, in carsdotcom_datagrabber
    title = soup.findAll('title')[0].get_text().strip() #title format = used/new, make, model, trim, "for sale", price
IndexError: list index out of range
2023-08-01 08:00:35,002 - DEBUG - Starting new HTTP connection (1): us-ca.proxymesh.com:31280
2023-08-01 08:00:35,232 - DEBUG - http://us-ca.proxymesh.com:31280 "GET http://cars.com///vehicledetail/6b0e320d-e6c8-4784-9db5-62c359155e89/ HTTP/1.1" 402 None
2023-08-01 08:00:35,234 - ERROR - list index out of range
Traceback (most recent call last):
  File "/Users/jonathanduberman/maverick_price_tool/maverick_price_scraper.py", line 112, in carsdotcom_datagrabber
    title = soup.findAll('title')[0].get_text().strip() #title format = used/new, make, model, trim, "for sale", price
IndexError: list index out of range
2023-08-01 08:00:35,238 - DEBUG - Starting new HTTP connection (1): us-ca.proxymesh.com:31280
2023-08-01 08:00:35,442 - DEBUG - http://us-ca.proxymesh.com:31280 "GET http://cars.com///vehicledetail/b35e3f8b-da57-460b-a383-58953c6786a2/ HTTP/1.1" 402 None
2023-08-01 08:00:35,444 - ERROR - list index out of range
Traceback (most recent call last):
  File "/Users/jonathanduberman/maverick_price_tool/maverick_price_scraper.py", line 112, in carsdotcom_datagrabber
    title = soup.findAll('title')[0].get_text().strip() #title format = used/new, make, model, trim, "for sale", price
IndexError: list index out of range
2023-08-01 08:00:35,450 - INFO - Scraping complete.  All available data has been scraped.
