2023-05-14 15:34:23,112 - DEBUG - Starting new HTTPS connection (1): www.cars.com:443
2023-05-14 15:34:24,461 - DEBUG - https://www.cars.com:443 "GET /shopping/results/?dealer_id=&keyword=&list_price_max=&list_price_min=&makes%5B%5D=ford&maximum_distance=all&mileage_max=&models%5B%5D=ford-maverick&page=1&page_size=100&sort=distance&stock_type=used&year_max=&year_min=&zip=28533 HTTP/1.1" 200 None
2023-05-14 15:34:25,527 - DEBUG - Starting new HTTPS connection (1): www.cars.com:443
2023-05-14 15:34:26,816 - DEBUG - https://www.cars.com:443 "GET /shopping/results/?dealer_id=&keyword=&list_price_max=&list_price_min=&makes%5B%5D=ford&maximum_distance=all&mileage_max=&models%5B%5D=ford-maverick&page=1&page_size=100&sort=distance&stock_type=used&year_max=&year_min=&zip=28533 HTTP/1.1" 200 None
2023-05-14 15:34:29,824 - DEBUG - Starting new HTTPS connection (1): www.cars.com:443
2023-05-14 15:34:31,219 - DEBUG - https://www.cars.com:443 "GET /shopping/results/?dealer_id=&keyword=&list_price_max=&list_price_min=&makes%5B%5D=ford&maximum_distance=all&mileage_max=&models%5B%5D=ford-maverick&page=2&page_size=100&sort=distance&stock_type=used&year_max=&year_min=&zip=28533 HTTP/1.1" 200 None
2023-05-14 15:34:34,415 - DEBUG - Starting new HTTPS connection (1): www.cars.com:443
2023-05-14 15:34:36,134 - DEBUG - https://www.cars.com:443 "GET /shopping/results/?dealer_id=&keyword=&list_price_max=&list_price_min=&makes%5B%5D=ford&maximum_distance=all&mileage_max=&models%5B%5D=ford-maverick&page=3&page_size=100&sort=distance&stock_type=used&year_max=&year_min=&zip=28533 HTTP/1.1" 200 None
2023-05-14 15:34:39,254 - DEBUG - Starting new HTTPS connection (1): www.cars.com:443
2023-05-14 15:34:40,698 - DEBUG - https://www.cars.com:443 "GET /shopping/results/?dealer_id=&keyword=&list_price_max=&list_price_min=&makes%5B%5D=ford&maximum_distance=all&mileage_max=&models%5B%5D=ford-maverick&page=4&page_size=100&sort=distance&stock_type=used&year_max=&year_min=&zip=28533 HTTP/1.1" 200 None
2023-05-14 15:34:43,902 - DEBUG - Starting new HTTPS connection (1): www.cars.com:443
2023-05-14 15:34:45,452 - DEBUG - https://www.cars.com:443 "GET /shopping/results/?dealer_id=&keyword=&list_price_max=&list_price_min=&makes%5B%5D=ford&maximum_distance=all&mileage_max=&models%5B%5D=ford-maverick&page=5&page_size=100&sort=distance&stock_type=used&year_max=&year_min=&zip=28533 HTTP/1.1" 200 None
2023-05-14 15:34:48,465 - DEBUG - Starting new HTTPS connection (1): www.cars.com:443
2023-05-14 15:34:50,061 - DEBUG - https://www.cars.com:443 "GET /shopping/results/?dealer_id=&keyword=&list_price_max=&list_price_min=&makes%5B%5D=ford&maximum_distance=all&mileage_max=&models%5B%5D=ford-maverick&page=6&page_size=100&sort=distance&stock_type=used&year_max=&year_min=&zip=28533 HTTP/1.1" 200 None
2023-05-14 15:34:53,454 - DEBUG - Starting new HTTPS connection (1): www.cars.com:443
2023-05-14 15:34:54,875 - DEBUG - https://www.cars.com:443 "GET /shopping/results/?dealer_id=&keyword=&list_price_max=&list_price_min=&makes%5B%5D=ford&maximum_distance=all&mileage_max=&models%5B%5D=ford-maverick&page=7&page_size=100&sort=distance&stock_type=used&year_max=&year_min=&zip=28533 HTTP/1.1" 200 None
2023-05-14 15:34:57,885 - DEBUG - Starting new HTTPS connection (1): www.cars.com:443
2023-05-14 15:34:58,866 - DEBUG - https://www.cars.com:443 "GET /shopping/results/?dealer_id=&keyword=&list_price_max=&list_price_min=&makes%5B%5D=ford&maximum_distance=all&mileage_max=&models%5B%5D=ford-maverick&page=8&page_size=100&sort=distance&stock_type=used&year_max=&year_min=&zip=28533 HTTP/1.1" 200 None
2023-05-14 15:35:01,653 - DEBUG - Starting new HTTP connection (1): us-ca.proxymesh.com:31280
2023-05-14 15:35:02,210 - DEBUG - http://us-ca.proxymesh.com:31280 "GET http://cars.com///vehicledetail/a9480f4c-2254-45a2-8897-01e97065a8d5/ HTTP/1.1" 301 0
2023-05-14 15:35:02,217 - DEBUG - Starting new HTTPS connection (1): www.cars.com:443
2023-05-14 15:35:02,635 - DEBUG - https://www.cars.com:443 "GET ///vehicledetail/a9480f4c-2254-45a2-8897-01e97065a8d5/ HTTP/1.1" 200 None
2023-05-14 15:35:02,868 - DEBUG - title : Used 2023 Ford Maverick XLT For Sale $38,988 | Cars.com iteration: 0
2023-05-14 15:35:02,868 - INFO - URL: http://cars.com///vehicledetail/a9480f4c-2254-45a2-8897-01e97065a8d5/
