2023-08-03 08:00:04,357 - DEBUG - Starting new HTTPS connection (1): www.cars.com:443
2023-08-03 08:00:05,696 - DEBUG - https://www.cars.com:443 "GET /shopping/results/?dealer_id=&keyword=&list_price_max=&list_price_min=&makes%5B%5D=ford&maximum_distance=all&mileage_max=&models%5B%5D=ford-maverick&page=1&page_size=100&sort=distance&stock_type=used&year_max=&year_min=&zip=28533 HTTP/1.1" 200 None
2023-08-03 08:00:06,858 - DEBUG - Starting new HTTPS connection (1): www.cars.com:443
2023-08-03 08:00:08,052 - DEBUG - https://www.cars.com:443 "GET /shopping/results/?dealer_id=&keyword=&list_price_max=&list_price_min=&makes%5B%5D=ford&maximum_distance=all&mileage_max=&models%5B%5D=ford-maverick&page=1&page_size=100&sort=distance&stock_type=used&year_max=&year_min=&zip=28533 HTTP/1.1" 200 None
2023-08-03 08:00:11,430 - DEBUG - Starting new HTTP connection (1): us-ca.proxymesh.com:31280
2023-08-03 08:00:11,865 - DEBUG - http://us-ca.proxymesh.com:31280 "GET http://cars.com///vehicledetail/b8fd4acc-cc97-4f5a-ac15-10a6f84c937e/ HTTP/1.1" 402 None
2023-08-03 08:00:11,871 - ERROR - list index out of range
Traceback (most recent call last):
  File "/Users/jonathanduberman/maverick_price_tool/maverick_price_scraper.py", line 112, in carsdotcom_datagrabber
    title = soup.findAll('title')[0].get_text().strip() #title format = used/new, make, model, trim, "for sale", price
IndexError: list index out of range
2023-08-03 08:00:11,875 - DEBUG - Starting new HTTP connection (1): us-ca.proxymesh.com:31280
2023-08-03 08:00:12,078 - DEBUG - http://us-ca.proxymesh.com:31280 "GET http://cars.com///vehicledetail/2da57dcb-7d05-4479-8f03-054f65038d70/ HTTP/1.1" 402 None
2023-08-03 08:00:12,080 - ERROR - list index out of range
Traceback (most recent call last):
  File "/Users/jonathanduberman/maverick_price_tool/maverick_price_scraper.py", line 112, in carsdotcom_datagrabber
    title = soup.findAll('title')[0].get_text().strip() #title format = used/new, make, model, trim, "for sale", price
IndexError: list index out of range
2023-08-03 08:00:12,084 - DEBUG - Starting new HTTP connection (1): us-ca.proxymesh.com:31280
2023-08-03 08:00:12,329 - DEBUG - http://us-ca.proxymesh.com:31280 "GET http://cars.com///vehicledetail/f6456d55-9dc9-4fcd-8cfa-0d2b5639d605/ HTTP/1.1" 402 None
2023-08-03 08:00:12,331 - ERROR - list index out of range
Traceback (most recent call last):
  File "/Users/jonathanduberman/maverick_price_tool/maverick_price_scraper.py", line 112, in carsdotcom_datagrabber
    title = soup.findAll('title')[0].get_text().strip() #title format = used/new, make, model, trim, "for sale", price
IndexError: list index out of range
2023-08-03 08:00:12,336 - DEBUG - Starting new HTTP connection (1): us-ca.proxymesh.com:31280
2023-08-03 08:00:12,539 - DEBUG - http://us-ca.proxymesh.com:31280 "GET http://cars.com///vehicledetail/046dfc48-3cde-4682-a932-9c0b4835bf19/ HTTP/1.1" 402 None
2023-08-03 08:00:12,541 - ERROR - list index out of range
Traceback (most recent call last):
  File "/Users/jonathanduberman/maverick_price_tool/maverick_price_scraper.py", line 112, in carsdotcom_datagrabber
    title = soup.findAll('title')[0].get_text().strip() #title format = used/new, make, model, trim, "for sale", price
IndexError: list index out of range
2023-08-03 08:00:12,546 - DEBUG - Starting new HTTP connection (1): us-ca.proxymesh.com:31280
2023-08-03 08:00:12,743 - DEBUG - http://us-ca.proxymesh.com:31280 "GET http://cars.com///vehicledetail/30aa460d-7275-48e4-bdec-a9da6f564631/ HTTP/1.1" 402 None
2023-08-03 08:00:12,745 - ERROR - list index out of range
Traceback (most recent call last):
  File "/Users/jonathanduberman/maverick_price_tool/maverick_price_scraper.py", line 112, in carsdotcom_datagrabber
    title = soup.findAll('title')[0].get_text().strip() #title format = used/new, make, model, trim, "for sale", price
IndexError: list index out of range
2023-08-03 08:00:12,749 - DEBUG - Starting new HTTP connection (1): us-ca.proxymesh.com:31280
2023-08-03 08:00:12,973 - DEBUG - http://us-ca.proxymesh.com:31280 "GET http://cars.com///vehicledetail/56a144e7-a837-40a4-95da-b8cf40519bea/ HTTP/1.1" 402 None
2023-08-03 08:00:12,976 - ERROR - list index out of range
Traceback (most recent call last):
  File "/Users/jonathanduberman/maverick_price_tool/maverick_price_scraper.py", line 112, in carsdotcom_datagrabber
    title = soup.findAll('title')[0].get_text().strip() #title format = used/new, make, model, trim, "for sale", price
IndexError: list index out of range
2023-08-03 08:00:12,981 - DEBUG - Starting new HTTP connection (1): us-ca.proxymesh.com:31280
2023-08-03 08:00:13,186 - DEBUG - http://us-ca.proxymesh.com:31280 "GET http://cars.com///vehicledetail/1d6f012f-799e-42d1-8b04-44ee5144d90d/ HTTP/1.1" 402 None
2023-08-03 08:00:13,188 - ERROR - list index out of range
Traceback (most recent call last):
  File "/Users/jonathanduberman/maverick_price_tool/maverick_price_scraper.py", line 112, in carsdotcom_datagrabber
    title = soup.findAll('title')[0].get_text().strip() #title format = used/new, make, model, trim, "for sale", price
IndexError: list index out of range
2023-08-03 08:00:13,192 - DEBUG - Starting new HTTP connection (1): us-ca.proxymesh.com:31280
2023-08-03 08:00:13,391 - DEBUG - http://us-ca.proxymesh.com:31280 "GET http://cars.com///vehicledetail/7ed7ed5d-f7bc-410f-a48d-a702a26f18f6/ HTTP/1.1" 402 None
2023-08-03 08:00:13,393 - ERROR - list index out of range
Traceback (most recent call last):
  File "/Users/jonathanduberman/maverick_price_tool/maverick_price_scraper.py", line 112, in carsdotcom_datagrabber
    title = soup.findAll('title')[0].get_text().strip() #title format = used/new, make, model, trim, "for sale", price
IndexError: list index out of range
2023-08-03 08:00:13,397 - DEBUG - Starting new HTTP connection (1): us-ca.proxymesh.com:31280
2023-08-03 08:00:13,638 - DEBUG - http://us-ca.proxymesh.com:31280 "GET http://cars.com///vehicledetail/4a829fbf-a2e7-44de-a223-5f3aa9c2b74c/ HTTP/1.1" 402 None
2023-08-03 08:00:13,639 - ERROR - list index out of range
Traceback (most recent call last):
  File "/Users/jonathanduberman/maverick_price_tool/maverick_price_scraper.py", line 112, in carsdotcom_datagrabber
    title = soup.findAll('title')[0].get_text().strip() #title format = used/new, make, model, trim, "for sale", price
IndexError: list index out of range
2023-08-03 08:00:13,644 - DEBUG - Starting new HTTP connection (1): us-ca.proxymesh.com:31280
2023-08-03 08:00:13,832 - DEBUG - http://us-ca.proxymesh.com:31280 "GET http://cars.com///vehicledetail/71161492-0363-4581-bb53-d7c8594658a4/ HTTP/1.1" 402 None
2023-08-03 08:00:13,834 - ERROR - list index out of range
Traceback (most recent call last):
  File "/Users/jonathanduberman/maverick_price_tool/maverick_price_scraper.py", line 112, in carsdotcom_datagrabber
    title = soup.findAll('title')[0].get_text().strip() #title format = used/new, make, model, trim, "for sale", price
IndexError: list index out of range
2023-08-03 08:00:13,838 - DEBUG - Starting new HTTP connection (1): us-ca.proxymesh.com:31280
2023-08-03 08:00:14,030 - DEBUG - http://us-ca.proxymesh.com:31280 "GET http://cars.com///vehicledetail/78fd21f8-8d85-4840-b6ba-a12277a74394/ HTTP/1.1" 402 None
2023-08-03 08:00:14,031 - ERROR - list index out of range
Traceback (most recent call last):
  File "/Users/jonathanduberman/maverick_price_tool/maverick_price_scraper.py", line 112, in carsdotcom_datagrabber
    title = soup.findAll('title')[0].get_text().strip() #title format = used/new, make, model, trim, "for sale", price
IndexError: list index out of range
2023-08-03 08:00:14,036 - DEBUG - Starting new HTTP connection (1): us-ca.proxymesh.com:31280
2023-08-03 08:00:14,326 - DEBUG - http://us-ca.proxymesh.com:31280 "GET http://cars.com///vehicledetail/5ff372f4-b416-4320-9946-41b439ba524c/ HTTP/1.1" 402 None
2023-08-03 08:00:14,327 - ERROR - list index out of range
Traceback (most recent call last):
  File "/Users/jonathanduberman/maverick_price_tool/maverick_price_scraper.py", line 112, in carsdotcom_datagrabber
    title = soup.findAll('title')[0].get_text().strip() #title format = used/new, make, model, trim, "for sale", price
IndexError: list index out of range
2023-08-03 08:00:14,332 - DEBUG - Starting new HTTP connection (1): us-ca.proxymesh.com:31280
2023-08-03 08:00:14,533 - DEBUG - http://us-ca.proxymesh.com:31280 "GET http://cars.com///vehicledetail/8da0e022-cad2-4912-bbf2-f16941cdb8a6/ HTTP/1.1" 402 None
2023-08-03 08:00:14,535 - ERROR - list index out of range
Traceback (most recent call last):
  File "/Users/jonathanduberman/maverick_price_tool/maverick_price_scraper.py", line 112, in carsdotcom_datagrabber
    title = soup.findAll('title')[0].get_text().strip() #title format = used/new, make, model, trim, "for sale", price
IndexError: list index out of range
2023-08-03 08:00:14,539 - DEBUG - Starting new HTTP connection (1): us-ca.proxymesh.com:31280
2023-08-03 08:00:14,742 - DEBUG - http://us-ca.proxymesh.com:31280 "GET http://cars.com///vehicledetail/fa55873e-8819-4fb0-8a08-f000fac6e827/ HTTP/1.1" 402 None
2023-08-03 08:00:14,743 - ERROR - list index out of range
Traceback (most recent call last):
  File "/Users/jonathanduberman/maverick_price_tool/maverick_price_scraper.py", line 112, in carsdotcom_datagrabber
    title = soup.findAll('title')[0].get_text().strip() #title format = used/new, make, model, trim, "for sale", price
IndexError: list index out of range
2023-08-03 08:00:14,745 - DEBUG - Starting new HTTP connection (1): us-ca.proxymesh.com:31280
2023-08-03 08:00:14,945 - DEBUG - http://us-ca.proxymesh.com:31280 "GET http://cars.com///vehicledetail/9da5b7ad-ebe5-4519-88fa-62b2ac202fc2/ HTTP/1.1" 402 None
2023-08-03 08:00:14,958 - ERROR - list index out of range
Traceback (most recent call last):
  File "/Users/jonathanduberman/maverick_price_tool/maverick_price_scraper.py", line 112, in carsdotcom_datagrabber
    title = soup.findAll('title')[0].get_text().strip() #title format = used/new, make, model, trim, "for sale", price
IndexError: list index out of range
2023-08-03 08:00:14,963 - DEBUG - Starting new HTTP connection (1): us-ca.proxymesh.com:31280
2023-08-03 08:00:15,165 - DEBUG - http://us-ca.proxymesh.com:31280 "GET http://cars.com///vehicledetail/15512ed6-09d6-4fd6-96eb-bd2d76ef92f1/ HTTP/1.1" 402 None
2023-08-03 08:00:15,166 - ERROR - list index out of range
Traceback (most recent call last):
  File "/Users/jonathanduberman/maverick_price_tool/maverick_price_scraper.py", line 112, in carsdotcom_datagrabber
    title = soup.findAll('title')[0].get_text().strip() #title format = used/new, make, model, trim, "for sale", price
IndexError: list index out of range
2023-08-03 08:00:15,169 - DEBUG - Starting new HTTP connection (1): us-ca.proxymesh.com:31280
2023-08-03 08:00:15,365 - DEBUG - http://us-ca.proxymesh.com:31280 "GET http://cars.com///vehicledetail/d3faeb29-5e1f-4c88-b454-54f5df7f2afc/ HTTP/1.1" 402 None
2023-08-03 08:00:15,367 - ERROR - list index out of range
Traceback (most recent call last):
  File "/Users/jonathanduberman/maverick_price_tool/maverick_price_scraper.py", line 112, in carsdotcom_datagrabber
    title = soup.findAll('title')[0].get_text().strip() #title format = used/new, make, model, trim, "for sale", price
IndexError: list index out of range
2023-08-03 08:00:15,371 - DEBUG - Starting new HTTP connection (1): us-ca.proxymesh.com:31280
2023-08-03 08:00:15,582 - DEBUG - http://us-ca.proxymesh.com:31280 "GET http://cars.com///vehicledetail/d9db7507-7561-4994-b518-c76603cc5238/ HTTP/1.1" 402 None
2023-08-03 08:00:15,584 - ERROR - list index out of range
Traceback (most recent call last):
  File "/Users/jonathanduberman/maverick_price_tool/maverick_price_scraper.py", line 112, in carsdotcom_datagrabber
    title = soup.findAll('title')[0].get_text().strip() #title format = used/new, make, model, trim, "for sale", price
IndexError: list index out of range
2023-08-03 08:00:15,588 - DEBUG - Starting new HTTP connection (1): us-ca.proxymesh.com:31280
2023-08-03 08:00:15,793 - DEBUG - http://us-ca.proxymesh.com:31280 "GET http://cars.com///vehicledetail/508c5f01-c926-4903-b552-491dc03171ca/ HTTP/1.1" 402 None
2023-08-03 08:00:15,794 - ERROR - list index out of range
Traceback (most recent call last):
  File "/Users/jonathanduberman/maverick_price_tool/maverick_price_scraper.py", line 112, in carsdotcom_datagrabber
    title = soup.findAll('title')[0].get_text().strip() #title format = used/new, make, model, trim, "for sale", price
IndexError: list index out of range
2023-08-03 08:00:15,799 - DEBUG - Starting new HTTP connection (1): us-ca.proxymesh.com:31280
2023-08-03 08:00:15,995 - DEBUG - http://us-ca.proxymesh.com:31280 "GET http://cars.com///vehicledetail/a6668fee-cac9-45b3-9882-da1b9767c223/ HTTP/1.1" 402 None
2023-08-03 08:00:15,996 - ERROR - list index out of range
Traceback (most recent call last):
  File "/Users/jonathanduberman/maverick_price_tool/maverick_price_scraper.py", line 112, in carsdotcom_datagrabber
    title = soup.findAll('title')[0].get_text().strip() #title format = used/new, make, model, trim, "for sale", price
IndexError: list index out of range
2023-08-03 08:00:16,001 - DEBUG - Starting new HTTP connection (1): us-ca.proxymesh.com:31280
2023-08-03 08:00:16,193 - DEBUG - http://us-ca.proxymesh.com:31280 "GET http://cars.com///vehicledetail/32e3d417-4ed5-4dba-85af-8843508304dc/ HTTP/1.1" 402 None
2023-08-03 08:00:16,196 - ERROR - list index out of range
Traceback (most recent call last):
  File "/Users/jonathanduberman/maverick_price_tool/maverick_price_scraper.py", line 112, in carsdotcom_datagrabber
    title = soup.findAll('title')[0].get_text().strip() #title format = used/new, make, model, trim, "for sale", price
IndexError: list index out of range
2023-08-03 08:00:16,201 - DEBUG - Starting new HTTP connection (1): us-ca.proxymesh.com:31280
2023-08-03 08:00:16,473 - DEBUG - http://us-ca.proxymesh.com:31280 "GET http://cars.com///vehicledetail/7d18576d-480a-412c-b056-62884beda97b/ HTTP/1.1" 402 None
2023-08-03 08:00:16,476 - ERROR - list index out of range
Traceback (most recent call last):
  File "/Users/jonathanduberman/maverick_price_tool/maverick_price_scraper.py", line 112, in carsdotcom_datagrabber
    title = soup.findAll('title')[0].get_text().strip() #title format = used/new, make, model, trim, "for sale", price
IndexError: list index out of range
2023-08-03 08:00:16,480 - DEBUG - Starting new HTTP connection (1): us-ca.proxymesh.com:31280
2023-08-03 08:00:16,675 - DEBUG - http://us-ca.proxymesh.com:31280 "GET http://cars.com///vehicledetail/a0f3f694-b52c-4444-8adf-5a8929edbeab/ HTTP/1.1" 402 None
2023-08-03 08:00:16,677 - ERROR - list index out of range
Traceback (most recent call last):
  File "/Users/jonathanduberman/maverick_price_tool/maverick_price_scraper.py", line 112, in carsdotcom_datagrabber
    title = soup.findAll('title')[0].get_text().strip() #title format = used/new, make, model, trim, "for sale", price
IndexError: list index out of range
2023-08-03 08:00:16,681 - DEBUG - Starting new HTTP connection (1): us-ca.proxymesh.com:31280
2023-08-03 08:00:16,886 - DEBUG - http://us-ca.proxymesh.com:31280 "GET http://cars.com///vehicledetail/c103bd64-a1fb-4042-ba25-0383aab5b705/ HTTP/1.1" 402 None
2023-08-03 08:00:16,887 - ERROR - list index out of range
Traceback (most recent call last):
  File "/Users/jonathanduberman/maverick_price_tool/maverick_price_scraper.py", line 112, in carsdotcom_datagrabber
    title = soup.findAll('title')[0].get_text().strip() #title format = used/new, make, model, trim, "for sale", price
IndexError: list index out of range
2023-08-03 08:00:16,892 - DEBUG - Starting new HTTP connection (1): us-ca.proxymesh.com:31280
2023-08-03 08:00:17,097 - DEBUG - http://us-ca.proxymesh.com:31280 "GET http://cars.com///vehicledetail/cc48f3c4-7c16-49a0-8525-7b0f1155b8c8/ HTTP/1.1" 402 None
2023-08-03 08:00:17,099 - ERROR - list index out of range
Traceback (most recent call last):
  File "/Users/jonathanduberman/maverick_price_tool/maverick_price_scraper.py", line 112, in carsdotcom_datagrabber
    title = soup.findAll('title')[0].get_text().strip() #title format = used/new, make, model, trim, "for sale", price
IndexError: list index out of range
2023-08-03 08:00:17,103 - DEBUG - Starting new HTTP connection (1): us-ca.proxymesh.com:31280
2023-08-03 08:00:17,338 - DEBUG - http://us-ca.proxymesh.com:31280 "GET http://cars.com///vehicledetail/676986cf-45a5-40f7-9c29-5c56b6ccf6c5/ HTTP/1.1" 402 None
2023-08-03 08:00:17,340 - ERROR - list index out of range
Traceback (most recent call last):
  File "/Users/jonathanduberman/maverick_price_tool/maverick_price_scraper.py", line 112, in carsdotcom_datagrabber
    title = soup.findAll('title')[0].get_text().strip() #title format = used/new, make, model, trim, "for sale", price
IndexError: list index out of range
2023-08-03 08:00:17,344 - DEBUG - Starting new HTTP connection (1): us-ca.proxymesh.com:31280
2023-08-03 08:00:17,546 - DEBUG - http://us-ca.proxymesh.com:31280 "GET http://cars.com///vehicledetail/76df3680-c2fc-4d73-b3a8-0b8a47b989e3/ HTTP/1.1" 402 None
2023-08-03 08:00:17,548 - ERROR - list index out of range
Traceback (most recent call last):
  File "/Users/jonathanduberman/maverick_price_tool/maverick_price_scraper.py", line 112, in carsdotcom_datagrabber
    title = soup.findAll('title')[0].get_text().strip() #title format = used/new, make, model, trim, "for sale", price
IndexError: list index out of range
2023-08-03 08:00:17,552 - DEBUG - Starting new HTTP connection (1): us-ca.proxymesh.com:31280
2023-08-03 08:00:17,756 - DEBUG - http://us-ca.proxymesh.com:31280 "GET http://cars.com///vehicledetail/2021b2e2-ea2f-4348-9c1a-2abf0f5eb513/ HTTP/1.1" 402 None
2023-08-03 08:00:17,757 - ERROR - list index out of range
Traceback (most recent call last):
  File "/Users/jonathanduberman/maverick_price_tool/maverick_price_scraper.py", line 112, in carsdotcom_datagrabber
    title = soup.findAll('title')[0].get_text().strip() #title format = used/new, make, model, trim, "for sale", price
IndexError: list index out of range
2023-08-03 08:00:17,762 - DEBUG - Starting new HTTP connection (1): us-ca.proxymesh.com:31280
2023-08-03 08:00:17,960 - DEBUG - http://us-ca.proxymesh.com:31280 "GET http://cars.com///vehicledetail/88a01119-38ed-41d8-8e12-ff1cbf6769ab/ HTTP/1.1" 402 None
2023-08-03 08:00:17,961 - ERROR - list index out of range
Traceback (most recent call last):
  File "/Users/jonathanduberman/maverick_price_tool/maverick_price_scraper.py", line 112, in carsdotcom_datagrabber
    title = soup.findAll('title')[0].get_text().strip() #title format = used/new, make, model, trim, "for sale", price
IndexError: list index out of range
2023-08-03 08:00:17,966 - DEBUG - Starting new HTTP connection (1): us-ca.proxymesh.com:31280
2023-08-03 08:00:18,169 - DEBUG - http://us-ca.proxymesh.com:31280 "GET http://cars.com///vehicledetail/8cdb34d3-e078-4e0a-83f9-92b4f1fce06f/ HTTP/1.1" 402 None
2023-08-03 08:00:18,171 - ERROR - list index out of range
Traceback (most recent call last):
  File "/Users/jonathanduberman/maverick_price_tool/maverick_price_scraper.py", line 112, in carsdotcom_datagrabber
    title = soup.findAll('title')[0].get_text().strip() #title format = used/new, make, model, trim, "for sale", price
IndexError: list index out of range
2023-08-03 08:00:18,175 - DEBUG - Starting new HTTP connection (1): us-ca.proxymesh.com:31280
2023-08-03 08:00:18,429 - DEBUG - http://us-ca.proxymesh.com:31280 "GET http://cars.com///vehicledetail/32d8ca55-ac39-41bc-85b4-92783fb67890/ HTTP/1.1" 402 None
2023-08-03 08:00:18,431 - ERROR - list index out of range
Traceback (most recent call last):
  File "/Users/jonathanduberman/maverick_price_tool/maverick_price_scraper.py", line 112, in carsdotcom_datagrabber
    title = soup.findAll('title')[0].get_text().strip() #title format = used/new, make, model, trim, "for sale", price
IndexError: list index out of range
2023-08-03 08:00:18,436 - DEBUG - Starting new HTTP connection (1): us-ca.proxymesh.com:31280
2023-08-03 08:00:18,639 - DEBUG - http://us-ca.proxymesh.com:31280 "GET http://cars.com///vehicledetail/1bd96679-1fcf-4ee4-80d5-29602a417550/ HTTP/1.1" 402 None
2023-08-03 08:00:18,641 - ERROR - list index out of range
Traceback (most recent call last):
  File "/Users/jonathanduberman/maverick_price_tool/maverick_price_scraper.py", line 112, in carsdotcom_datagrabber
    title = soup.findAll('title')[0].get_text().strip() #title format = used/new, make, model, trim, "for sale", price
IndexError: list index out of range
2023-08-03 08:00:18,645 - DEBUG - Starting new HTTP connection (1): us-ca.proxymesh.com:31280
2023-08-03 08:00:18,848 - DEBUG - http://us-ca.proxymesh.com:31280 "GET http://cars.com///vehicledetail/89aea837-196a-4177-98d2-e8d072a8d61f/ HTTP/1.1" 402 None
2023-08-03 08:00:18,850 - ERROR - list index out of range
Traceback (most recent call last):
  File "/Users/jonathanduberman/maverick_price_tool/maverick_price_scraper.py", line 112, in carsdotcom_datagrabber
    title = soup.findAll('title')[0].get_text().strip() #title format = used/new, make, model, trim, "for sale", price
IndexError: list index out of range
2023-08-03 08:00:18,854 - DEBUG - Starting new HTTP connection (1): us-ca.proxymesh.com:31280
2023-08-03 08:00:19,055 - DEBUG - http://us-ca.proxymesh.com:31280 "GET http://cars.com///vehicledetail/195fe5c2-4ffa-403b-bb6c-7527482daa8f/ HTTP/1.1" 402 None
2023-08-03 08:00:19,057 - ERROR - list index out of range
Traceback (most recent call last):
  File "/Users/jonathanduberman/maverick_price_tool/maverick_price_scraper.py", line 112, in carsdotcom_datagrabber
    title = soup.findAll('title')[0].get_text().strip() #title format = used/new, make, model, trim, "for sale", price
IndexError: list index out of range
2023-08-03 08:00:19,061 - DEBUG - Starting new HTTP connection (1): us-ca.proxymesh.com:31280
2023-08-03 08:00:19,310 - DEBUG - http://us-ca.proxymesh.com:31280 "GET http://cars.com///vehicledetail/432f83eb-c504-447a-917f-3d669fb5bef0/ HTTP/1.1" 402 None
2023-08-03 08:00:19,312 - ERROR - list index out of range
Traceback (most recent call last):
  File "/Users/jonathanduberman/maverick_price_tool/maverick_price_scraper.py", line 112, in carsdotcom_datagrabber
    title = soup.findAll('title')[0].get_text().strip() #title format = used/new, make, model, trim, "for sale", price
IndexError: list index out of range
2023-08-03 08:00:19,316 - DEBUG - Starting new HTTP connection (1): us-ca.proxymesh.com:31280
2023-08-03 08:00:19,506 - DEBUG - http://us-ca.proxymesh.com:31280 "GET http://cars.com///vehicledetail/604fa9c7-196b-4d5a-9dfd-618a261570d8/ HTTP/1.1" 402 None
2023-08-03 08:00:19,507 - ERROR - list index out of range
Traceback (most recent call last):
  File "/Users/jonathanduberman/maverick_price_tool/maverick_price_scraper.py", line 112, in carsdotcom_datagrabber
    title = soup.findAll('title')[0].get_text().strip() #title format = used/new, make, model, trim, "for sale", price
IndexError: list index out of range
2023-08-03 08:00:19,512 - DEBUG - Starting new HTTP connection (1): us-ca.proxymesh.com:31280
2023-08-03 08:00:19,719 - DEBUG - http://us-ca.proxymesh.com:31280 "GET http://cars.com///vehicledetail/d23f3110-4454-4eb6-a2bd-8b8823548214/ HTTP/1.1" 402 None
2023-08-03 08:00:19,721 - ERROR - list index out of range
Traceback (most recent call last):
  File "/Users/jonathanduberman/maverick_price_tool/maverick_price_scraper.py", line 112, in carsdotcom_datagrabber
    title = soup.findAll('title')[0].get_text().strip() #title format = used/new, make, model, trim, "for sale", price
IndexError: list index out of range
2023-08-03 08:00:19,725 - DEBUG - Starting new HTTP connection (1): us-ca.proxymesh.com:31280
2023-08-03 08:00:19,917 - DEBUG - http://us-ca.proxymesh.com:31280 "GET http://cars.com///vehicledetail/3a8fd066-1ce2-4bad-af91-116f8be80146/ HTTP/1.1" 402 None
2023-08-03 08:00:19,919 - ERROR - list index out of range
Traceback (most recent call last):
  File "/Users/jonathanduberman/maverick_price_tool/maverick_price_scraper.py", line 112, in carsdotcom_datagrabber
    title = soup.findAll('title')[0].get_text().strip() #title format = used/new, make, model, trim, "for sale", price
IndexError: list index out of range
2023-08-03 08:00:19,924 - DEBUG - Starting new HTTP connection (1): us-ca.proxymesh.com:31280
2023-08-03 08:00:20,122 - DEBUG - http://us-ca.proxymesh.com:31280 "GET http://cars.com///vehicledetail/4989f724-366c-4fb2-a75c-6b6d7e657055/ HTTP/1.1" 402 None
2023-08-03 08:00:20,124 - ERROR - list index out of range
Traceback (most recent call last):
  File "/Users/jonathanduberman/maverick_price_tool/maverick_price_scraper.py", line 112, in carsdotcom_datagrabber
    title = soup.findAll('title')[0].get_text().strip() #title format = used/new, make, model, trim, "for sale", price
IndexError: list index out of range
2023-08-03 08:00:20,128 - DEBUG - Starting new HTTP connection (1): us-ca.proxymesh.com:31280
2023-08-03 08:00:20,380 - DEBUG - http://us-ca.proxymesh.com:31280 "GET http://cars.com///vehicledetail/2b40b74f-e4a1-4873-a38e-e40185df716a/ HTTP/1.1" 402 None
2023-08-03 08:00:20,382 - ERROR - list index out of range
Traceback (most recent call last):
  File "/Users/jonathanduberman/maverick_price_tool/maverick_price_scraper.py", line 112, in carsdotcom_datagrabber
    title = soup.findAll('title')[0].get_text().strip() #title format = used/new, make, model, trim, "for sale", price
IndexError: list index out of range
2023-08-03 08:00:20,386 - DEBUG - Starting new HTTP connection (1): us-ca.proxymesh.com:31280
2023-08-03 08:00:20,609 - DEBUG - http://us-ca.proxymesh.com:31280 "GET http://cars.com///vehicledetail/75613e16-00c0-48e4-89c8-ec1910a56940/ HTTP/1.1" 402 None
2023-08-03 08:00:20,611 - ERROR - list index out of range
Traceback (most recent call last):
  File "/Users/jonathanduberman/maverick_price_tool/maverick_price_scraper.py", line 112, in carsdotcom_datagrabber
    title = soup.findAll('title')[0].get_text().strip() #title format = used/new, make, model, trim, "for sale", price
IndexError: list index out of range
2023-08-03 08:00:20,615 - DEBUG - Starting new HTTP connection (1): us-ca.proxymesh.com:31280
2023-08-03 08:00:20,818 - DEBUG - http://us-ca.proxymesh.com:31280 "GET http://cars.com///vehicledetail/e2ca4035-c051-44da-acea-7e344b9952d9/ HTTP/1.1" 402 None
2023-08-03 08:00:20,819 - ERROR - list index out of range
Traceback (most recent call last):
  File "/Users/jonathanduberman/maverick_price_tool/maverick_price_scraper.py", line 112, in carsdotcom_datagrabber
    title = soup.findAll('title')[0].get_text().strip() #title format = used/new, make, model, trim, "for sale", price
IndexError: list index out of range
2023-08-03 08:00:20,824 - DEBUG - Starting new HTTP connection (1): us-ca.proxymesh.com:31280
2023-08-03 08:00:21,019 - DEBUG - http://us-ca.proxymesh.com:31280 "GET http://cars.com///vehicledetail/1d3ea4a8-4e5c-4c6a-a0e7-8ffae3833dca/ HTTP/1.1" 402 None
2023-08-03 08:00:21,021 - ERROR - list index out of range
Traceback (most recent call last):
  File "/Users/jonathanduberman/maverick_price_tool/maverick_price_scraper.py", line 112, in carsdotcom_datagrabber
    title = soup.findAll('title')[0].get_text().strip() #title format = used/new, make, model, trim, "for sale", price
IndexError: list index out of range
2023-08-03 08:00:21,025 - DEBUG - Starting new HTTP connection (1): us-ca.proxymesh.com:31280
2023-08-03 08:00:21,260 - DEBUG - http://us-ca.proxymesh.com:31280 "GET http://cars.com///vehicledetail/94de738f-f298-4e9e-9b1c-eaa57b51bfaa/ HTTP/1.1" 402 None
2023-08-03 08:00:21,261 - ERROR - list index out of range
Traceback (most recent call last):
  File "/Users/jonathanduberman/maverick_price_tool/maverick_price_scraper.py", line 112, in carsdotcom_datagrabber
    title = soup.findAll('title')[0].get_text().strip() #title format = used/new, make, model, trim, "for sale", price
IndexError: list index out of range
2023-08-03 08:00:21,266 - DEBUG - Starting new HTTP connection (1): us-ca.proxymesh.com:31280
2023-08-03 08:00:21,505 - DEBUG - http://us-ca.proxymesh.com:31280 "GET http://cars.com///vehicledetail/f2be79d5-3a51-4f31-ace6-749a89d0f68f/ HTTP/1.1" 402 None
2023-08-03 08:00:21,507 - ERROR - list index out of range
Traceback (most recent call last):
  File "/Users/jonathanduberman/maverick_price_tool/maverick_price_scraper.py", line 112, in carsdotcom_datagrabber
    title = soup.findAll('title')[0].get_text().strip() #title format = used/new, make, model, trim, "for sale", price
IndexError: list index out of range
2023-08-03 08:00:21,511 - DEBUG - Starting new HTTP connection (1): us-ca.proxymesh.com:31280
2023-08-03 08:00:21,704 - DEBUG - http://us-ca.proxymesh.com:31280 "GET http://cars.com///vehicledetail/7e151b4b-08f9-48e0-ae2c-fcef435bc1f6/ HTTP/1.1" 402 None
2023-08-03 08:00:21,706 - ERROR - list index out of range
Traceback (most recent call last):
  File "/Users/jonathanduberman/maverick_price_tool/maverick_price_scraper.py", line 112, in carsdotcom_datagrabber
    title = soup.findAll('title')[0].get_text().strip() #title format = used/new, make, model, trim, "for sale", price
IndexError: list index out of range
2023-08-03 08:00:21,711 - DEBUG - Starting new HTTP connection (1): us-ca.proxymesh.com:31280
2023-08-03 08:00:21,915 - DEBUG - http://us-ca.proxymesh.com:31280 "GET http://cars.com///vehicledetail/960db5ac-7779-47bc-ac06-06649c2d64ed/ HTTP/1.1" 402 None
2023-08-03 08:00:21,917 - ERROR - list index out of range
Traceback (most recent call last):
  File "/Users/jonathanduberman/maverick_price_tool/maverick_price_scraper.py", line 112, in carsdotcom_datagrabber
    title = soup.findAll('title')[0].get_text().strip() #title format = used/new, make, model, trim, "for sale", price
IndexError: list index out of range
2023-08-03 08:00:21,921 - DEBUG - Starting new HTTP connection (1): us-ca.proxymesh.com:31280
2023-08-03 08:00:22,118 - DEBUG - http://us-ca.proxymesh.com:31280 "GET http://cars.com///vehicledetail/a4075be5-6560-4b8e-8aa9-e4d661c473fe/ HTTP/1.1" 402 None
2023-08-03 08:00:22,120 - ERROR - list index out of range
Traceback (most recent call last):
  File "/Users/jonathanduberman/maverick_price_tool/maverick_price_scraper.py", line 112, in carsdotcom_datagrabber
    title = soup.findAll('title')[0].get_text().strip() #title format = used/new, make, model, trim, "for sale", price
IndexError: list index out of range
2023-08-03 08:00:22,124 - DEBUG - Starting new HTTP connection (1): us-ca.proxymesh.com:31280
2023-08-03 08:00:22,383 - DEBUG - http://us-ca.proxymesh.com:31280 "GET http://cars.com///vehicledetail/07998c9e-d4a8-4819-ab9e-b698477010a9/ HTTP/1.1" 402 None
2023-08-03 08:00:22,386 - ERROR - list index out of range
Traceback (most recent call last):
  File "/Users/jonathanduberman/maverick_price_tool/maverick_price_scraper.py", line 112, in carsdotcom_datagrabber
    title = soup.findAll('title')[0].get_text().strip() #title format = used/new, make, model, trim, "for sale", price
IndexError: list index out of range
2023-08-03 08:00:22,390 - DEBUG - Starting new HTTP connection (1): us-ca.proxymesh.com:31280
2023-08-03 08:00:22,598 - DEBUG - http://us-ca.proxymesh.com:31280 "GET http://cars.com///vehicledetail/d6ebe139-48dc-4c9e-902f-02f44da40b15/ HTTP/1.1" 402 None
2023-08-03 08:00:22,600 - ERROR - list index out of range
Traceback (most recent call last):
  File "/Users/jonathanduberman/maverick_price_tool/maverick_price_scraper.py", line 112, in carsdotcom_datagrabber
    title = soup.findAll('title')[0].get_text().strip() #title format = used/new, make, model, trim, "for sale", price
IndexError: list index out of range
2023-08-03 08:00:22,604 - DEBUG - Starting new HTTP connection (1): us-ca.proxymesh.com:31280
2023-08-03 08:00:22,808 - DEBUG - http://us-ca.proxymesh.com:31280 "GET http://cars.com///vehicledetail/e5262e1b-d69b-466a-a9da-237f2db8ba7f/ HTTP/1.1" 402 None
2023-08-03 08:00:22,810 - ERROR - list index out of range
Traceback (most recent call last):
  File "/Users/jonathanduberman/maverick_price_tool/maverick_price_scraper.py", line 112, in carsdotcom_datagrabber
    title = soup.findAll('title')[0].get_text().strip() #title format = used/new, make, model, trim, "for sale", price
IndexError: list index out of range
2023-08-03 08:00:22,814 - DEBUG - Starting new HTTP connection (1): us-ca.proxymesh.com:31280
2023-08-03 08:00:23,018 - DEBUG - http://us-ca.proxymesh.com:31280 "GET http://cars.com///vehicledetail/759ebf73-cbe4-40f4-81ab-963342b7d46c/ HTTP/1.1" 402 None
2023-08-03 08:00:23,020 - ERROR - list index out of range
Traceback (most recent call last):
  File "/Users/jonathanduberman/maverick_price_tool/maverick_price_scraper.py", line 112, in carsdotcom_datagrabber
    title = soup.findAll('title')[0].get_text().strip() #title format = used/new, make, model, trim, "for sale", price
IndexError: list index out of range
2023-08-03 08:00:23,024 - DEBUG - Starting new HTTP connection (1): us-ca.proxymesh.com:31280
2023-08-03 08:00:23,299 - DEBUG - http://us-ca.proxymesh.com:31280 "GET http://cars.com///vehicledetail/80f9aff8-ce71-4d84-9324-c33390d335aa/ HTTP/1.1" 402 None
2023-08-03 08:00:23,300 - ERROR - list index out of range
Traceback (most recent call last):
  File "/Users/jonathanduberman/maverick_price_tool/maverick_price_scraper.py", line 112, in carsdotcom_datagrabber
    title = soup.findAll('title')[0].get_text().strip() #title format = used/new, make, model, trim, "for sale", price
IndexError: list index out of range
2023-08-03 08:00:23,305 - DEBUG - Starting new HTTP connection (1): us-ca.proxymesh.com:31280
2023-08-03 08:00:23,504 - DEBUG - http://us-ca.proxymesh.com:31280 "GET http://cars.com///vehicledetail/1b4bdca1-175b-4709-b060-fcccee25166e/ HTTP/1.1" 402 None
2023-08-03 08:00:23,506 - ERROR - list index out of range
Traceback (most recent call last):
  File "/Users/jonathanduberman/maverick_price_tool/maverick_price_scraper.py", line 112, in carsdotcom_datagrabber
    title = soup.findAll('title')[0].get_text().strip() #title format = used/new, make, model, trim, "for sale", price
IndexError: list index out of range
2023-08-03 08:00:23,511 - DEBUG - Starting new HTTP connection (1): us-ca.proxymesh.com:31280
2023-08-03 08:00:24,032 - DEBUG - http://us-ca.proxymesh.com:31280 "GET http://cars.com///vehicledetail/42a471cc-7ca8-4b91-8e79-d775c2822061/ HTTP/1.1" 402 None
2023-08-03 08:00:24,034 - ERROR - list index out of range
Traceback (most recent call last):
  File "/Users/jonathanduberman/maverick_price_tool/maverick_price_scraper.py", line 112, in carsdotcom_datagrabber
    title = soup.findAll('title')[0].get_text().strip() #title format = used/new, make, model, trim, "for sale", price
IndexError: list index out of range
2023-08-03 08:00:24,038 - DEBUG - Starting new HTTP connection (1): us-ca.proxymesh.com:31280
2023-08-03 08:00:24,246 - DEBUG - http://us-ca.proxymesh.com:31280 "GET http://cars.com///vehicledetail/2ac701b9-fdb2-433e-931c-a7fae9bee264/ HTTP/1.1" 402 None
2023-08-03 08:00:24,248 - ERROR - list index out of range
Traceback (most recent call last):
  File "/Users/jonathanduberman/maverick_price_tool/maverick_price_scraper.py", line 112, in carsdotcom_datagrabber
    title = soup.findAll('title')[0].get_text().strip() #title format = used/new, make, model, trim, "for sale", price
IndexError: list index out of range
2023-08-03 08:00:24,252 - DEBUG - Starting new HTTP connection (1): us-ca.proxymesh.com:31280
2023-08-03 08:00:24,466 - DEBUG - http://us-ca.proxymesh.com:31280 "GET http://cars.com///vehicledetail/94f4dfa0-586f-4b9b-ace3-d28b60b09015/ HTTP/1.1" 402 None
2023-08-03 08:00:24,467 - ERROR - list index out of range
Traceback (most recent call last):
  File "/Users/jonathanduberman/maverick_price_tool/maverick_price_scraper.py", line 112, in carsdotcom_datagrabber
    title = soup.findAll('title')[0].get_text().strip() #title format = used/new, make, model, trim, "for sale", price
IndexError: list index out of range
2023-08-03 08:00:24,472 - DEBUG - Starting new HTTP connection (1): us-ca.proxymesh.com:31280
2023-08-03 08:00:24,670 - DEBUG - http://us-ca.proxymesh.com:31280 "GET http://cars.com///vehicledetail/bba04958-cd44-4a3e-88a1-b43f6a41c9bb/ HTTP/1.1" 402 None
2023-08-03 08:00:24,671 - ERROR - list index out of range
Traceback (most recent call last):
  File "/Users/jonathanduberman/maverick_price_tool/maverick_price_scraper.py", line 112, in carsdotcom_datagrabber
    title = soup.findAll('title')[0].get_text().strip() #title format = used/new, make, model, trim, "for sale", price
IndexError: list index out of range
2023-08-03 08:00:24,676 - DEBUG - Starting new HTTP connection (1): us-ca.proxymesh.com:31280
2023-08-03 08:00:24,870 - DEBUG - http://us-ca.proxymesh.com:31280 "GET http://cars.com///vehicledetail/e81116c0-5a33-4bf8-807e-58745b82c7af/ HTTP/1.1" 402 None
2023-08-03 08:00:24,872 - ERROR - list index out of range
Traceback (most recent call last):
  File "/Users/jonathanduberman/maverick_price_tool/maverick_price_scraper.py", line 112, in carsdotcom_datagrabber
    title = soup.findAll('title')[0].get_text().strip() #title format = used/new, make, model, trim, "for sale", price
IndexError: list index out of range
2023-08-03 08:00:24,876 - DEBUG - Starting new HTTP connection (1): us-ca.proxymesh.com:31280
2023-08-03 08:00:25,086 - DEBUG - http://us-ca.proxymesh.com:31280 "GET http://cars.com///vehicledetail/4ef99b77-9734-4a16-9937-aa5750db4101/ HTTP/1.1" 402 None
2023-08-03 08:00:25,088 - ERROR - list index out of range
Traceback (most recent call last):
  File "/Users/jonathanduberman/maverick_price_tool/maverick_price_scraper.py", line 112, in carsdotcom_datagrabber
    title = soup.findAll('title')[0].get_text().strip() #title format = used/new, make, model, trim, "for sale", price
IndexError: list index out of range
2023-08-03 08:00:25,092 - DEBUG - Starting new HTTP connection (1): us-ca.proxymesh.com:31280
2023-08-03 08:00:25,297 - DEBUG - http://us-ca.proxymesh.com:31280 "GET http://cars.com///vehicledetail/f99de01c-84b0-4892-a610-7948ac739a14/ HTTP/1.1" 402 None
2023-08-03 08:00:25,298 - ERROR - list index out of range
Traceback (most recent call last):
  File "/Users/jonathanduberman/maverick_price_tool/maverick_price_scraper.py", line 112, in carsdotcom_datagrabber
    title = soup.findAll('title')[0].get_text().strip() #title format = used/new, make, model, trim, "for sale", price
IndexError: list index out of range
2023-08-03 08:00:25,303 - DEBUG - Starting new HTTP connection (1): us-ca.proxymesh.com:31280
2023-08-03 08:00:25,505 - DEBUG - http://us-ca.proxymesh.com:31280 "GET http://cars.com///vehicledetail/097b588a-5af0-4351-9d1f-a804a2d30f8f/ HTTP/1.1" 402 None
2023-08-03 08:00:25,507 - ERROR - list index out of range
Traceback (most recent call last):
  File "/Users/jonathanduberman/maverick_price_tool/maverick_price_scraper.py", line 112, in carsdotcom_datagrabber
    title = soup.findAll('title')[0].get_text().strip() #title format = used/new, make, model, trim, "for sale", price
IndexError: list index out of range
2023-08-03 08:00:25,512 - DEBUG - Starting new HTTP connection (1): us-ca.proxymesh.com:31280
2023-08-03 08:00:25,715 - DEBUG - http://us-ca.proxymesh.com:31280 "GET http://cars.com///vehicledetail/67450f1a-0bd8-4ffa-b212-d28802a1780c/ HTTP/1.1" 402 None
2023-08-03 08:00:25,716 - ERROR - list index out of range
Traceback (most recent call last):
  File "/Users/jonathanduberman/maverick_price_tool/maverick_price_scraper.py", line 112, in carsdotcom_datagrabber
    title = soup.findAll('title')[0].get_text().strip() #title format = used/new, make, model, trim, "for sale", price
IndexError: list index out of range
2023-08-03 08:00:25,721 - DEBUG - Starting new HTTP connection (1): us-ca.proxymesh.com:31280
2023-08-03 08:00:25,925 - DEBUG - http://us-ca.proxymesh.com:31280 "GET http://cars.com///vehicledetail/154f1511-3408-4fdf-97e5-193a6b908def/ HTTP/1.1" 402 None
2023-08-03 08:00:25,927 - ERROR - list index out of range
Traceback (most recent call last):
  File "/Users/jonathanduberman/maverick_price_tool/maverick_price_scraper.py", line 112, in carsdotcom_datagrabber
    title = soup.findAll('title')[0].get_text().strip() #title format = used/new, make, model, trim, "for sale", price
IndexError: list index out of range
2023-08-03 08:00:25,931 - DEBUG - Starting new HTTP connection (1): us-ca.proxymesh.com:31280
2023-08-03 08:00:26,130 - DEBUG - http://us-ca.proxymesh.com:31280 "GET http://cars.com///vehicledetail/460c85eb-9453-4043-85ab-61513bd0e8bc/ HTTP/1.1" 402 None
2023-08-03 08:00:26,132 - ERROR - list index out of range
Traceback (most recent call last):
  File "/Users/jonathanduberman/maverick_price_tool/maverick_price_scraper.py", line 112, in carsdotcom_datagrabber
    title = soup.findAll('title')[0].get_text().strip() #title format = used/new, make, model, trim, "for sale", price
IndexError: list index out of range
2023-08-03 08:00:26,136 - DEBUG - Starting new HTTP connection (1): us-ca.proxymesh.com:31280
2023-08-03 08:00:26,415 - DEBUG - http://us-ca.proxymesh.com:31280 "GET http://cars.com///vehicledetail/f546266d-6622-4069-bc46-4431f8d62e9b/ HTTP/1.1" 402 None
2023-08-03 08:00:26,417 - ERROR - list index out of range
Traceback (most recent call last):
  File "/Users/jonathanduberman/maverick_price_tool/maverick_price_scraper.py", line 112, in carsdotcom_datagrabber
    title = soup.findAll('title')[0].get_text().strip() #title format = used/new, make, model, trim, "for sale", price
IndexError: list index out of range
2023-08-03 08:00:26,422 - DEBUG - Starting new HTTP connection (1): us-ca.proxymesh.com:31280
2023-08-03 08:00:26,625 - DEBUG - http://us-ca.proxymesh.com:31280 "GET http://cars.com///vehicledetail/757d7457-62f2-4843-8350-7e4d689e5938/ HTTP/1.1" 402 None
2023-08-03 08:00:26,627 - ERROR - list index out of range
Traceback (most recent call last):
  File "/Users/jonathanduberman/maverick_price_tool/maverick_price_scraper.py", line 112, in carsdotcom_datagrabber
    title = soup.findAll('title')[0].get_text().strip() #title format = used/new, make, model, trim, "for sale", price
IndexError: list index out of range
2023-08-03 08:00:26,632 - DEBUG - Starting new HTTP connection (1): us-ca.proxymesh.com:31280
2023-08-03 08:00:26,832 - DEBUG - http://us-ca.proxymesh.com:31280 "GET http://cars.com///vehicledetail/cb3d6421-a487-45e6-ad93-4e1d45f610b7/ HTTP/1.1" 402 None
2023-08-03 08:00:26,833 - ERROR - list index out of range
Traceback (most recent call last):
  File "/Users/jonathanduberman/maverick_price_tool/maverick_price_scraper.py", line 112, in carsdotcom_datagrabber
    title = soup.findAll('title')[0].get_text().strip() #title format = used/new, make, model, trim, "for sale", price
IndexError: list index out of range
2023-08-03 08:00:26,838 - DEBUG - Starting new HTTP connection (1): us-ca.proxymesh.com:31280
2023-08-03 08:00:27,030 - DEBUG - http://us-ca.proxymesh.com:31280 "GET http://cars.com///vehicledetail/c6ef451a-1655-4d95-a125-908a1a66b42a/ HTTP/1.1" 402 None
2023-08-03 08:00:27,037 - ERROR - list index out of range
Traceback (most recent call last):
  File "/Users/jonathanduberman/maverick_price_tool/maverick_price_scraper.py", line 112, in carsdotcom_datagrabber
    title = soup.findAll('title')[0].get_text().strip() #title format = used/new, make, model, trim, "for sale", price
IndexError: list index out of range
2023-08-03 08:00:27,041 - DEBUG - Starting new HTTP connection (1): us-ca.proxymesh.com:31280
2023-08-03 08:00:27,250 - DEBUG - http://us-ca.proxymesh.com:31280 "GET http://cars.com///vehicledetail/7c493e54-a8fc-496c-996e-ba85a30d37ec/ HTTP/1.1" 402 None
2023-08-03 08:00:27,252 - ERROR - list index out of range
Traceback (most recent call last):
  File "/Users/jonathanduberman/maverick_price_tool/maverick_price_scraper.py", line 112, in carsdotcom_datagrabber
    title = soup.findAll('title')[0].get_text().strip() #title format = used/new, make, model, trim, "for sale", price
IndexError: list index out of range
2023-08-03 08:00:27,256 - DEBUG - Starting new HTTP connection (1): us-ca.proxymesh.com:31280
2023-08-03 08:00:27,451 - DEBUG - http://us-ca.proxymesh.com:31280 "GET http://cars.com///vehicledetail/afc509d4-f690-4d19-a9ba-c5941cfdc423/ HTTP/1.1" 402 None
2023-08-03 08:00:27,452 - ERROR - list index out of range
Traceback (most recent call last):
  File "/Users/jonathanduberman/maverick_price_tool/maverick_price_scraper.py", line 112, in carsdotcom_datagrabber
    title = soup.findAll('title')[0].get_text().strip() #title format = used/new, make, model, trim, "for sale", price
IndexError: list index out of range
2023-08-03 08:00:27,457 - DEBUG - Starting new HTTP connection (1): us-ca.proxymesh.com:31280
2023-08-03 08:00:27,660 - DEBUG - http://us-ca.proxymesh.com:31280 "GET http://cars.com///vehicledetail/84940b5a-f027-4266-88b9-ebdbed63bf7a/ HTTP/1.1" 402 None
2023-08-03 08:00:27,661 - ERROR - list index out of range
Traceback (most recent call last):
  File "/Users/jonathanduberman/maverick_price_tool/maverick_price_scraper.py", line 112, in carsdotcom_datagrabber
    title = soup.findAll('title')[0].get_text().strip() #title format = used/new, make, model, trim, "for sale", price
IndexError: list index out of range
2023-08-03 08:00:27,666 - DEBUG - Starting new HTTP connection (1): us-ca.proxymesh.com:31280
2023-08-03 08:00:27,886 - DEBUG - http://us-ca.proxymesh.com:31280 "GET http://cars.com///vehicledetail/86f89a0b-9c79-41a6-a83f-6c31b9977e7e/ HTTP/1.1" 402 None
2023-08-03 08:00:27,887 - ERROR - list index out of range
Traceback (most recent call last):
  File "/Users/jonathanduberman/maverick_price_tool/maverick_price_scraper.py", line 112, in carsdotcom_datagrabber
    title = soup.findAll('title')[0].get_text().strip() #title format = used/new, make, model, trim, "for sale", price
IndexError: list index out of range
2023-08-03 08:00:27,892 - DEBUG - Starting new HTTP connection (1): us-ca.proxymesh.com:31280
2023-08-03 08:00:28,126 - DEBUG - http://us-ca.proxymesh.com:31280 "GET http://cars.com///vehicledetail/4f81975d-c0d1-4db4-9b9f-ab008ee616f1/ HTTP/1.1" 402 None
2023-08-03 08:00:28,127 - ERROR - list index out of range
Traceback (most recent call last):
  File "/Users/jonathanduberman/maverick_price_tool/maverick_price_scraper.py", line 112, in carsdotcom_datagrabber
    title = soup.findAll('title')[0].get_text().strip() #title format = used/new, make, model, trim, "for sale", price
IndexError: list index out of range
2023-08-03 08:00:28,132 - DEBUG - Starting new HTTP connection (1): us-ca.proxymesh.com:31280
2023-08-03 08:00:28,335 - DEBUG - http://us-ca.proxymesh.com:31280 "GET http://cars.com///vehicledetail/54a0e104-5760-43b3-ac8f-f78b2c213d94/ HTTP/1.1" 402 None
2023-08-03 08:00:28,337 - ERROR - list index out of range
Traceback (most recent call last):
  File "/Users/jonathanduberman/maverick_price_tool/maverick_price_scraper.py", line 112, in carsdotcom_datagrabber
    title = soup.findAll('title')[0].get_text().strip() #title format = used/new, make, model, trim, "for sale", price
IndexError: list index out of range
2023-08-03 08:00:28,341 - DEBUG - Starting new HTTP connection (1): us-ca.proxymesh.com:31280
2023-08-03 08:00:28,545 - DEBUG - http://us-ca.proxymesh.com:31280 "GET http://cars.com///vehicledetail/8318f9b9-e8d8-4301-b77a-169adec8ad28/ HTTP/1.1" 402 None
2023-08-03 08:00:28,546 - ERROR - list index out of range
Traceback (most recent call last):
  File "/Users/jonathanduberman/maverick_price_tool/maverick_price_scraper.py", line 112, in carsdotcom_datagrabber
    title = soup.findAll('title')[0].get_text().strip() #title format = used/new, make, model, trim, "for sale", price
IndexError: list index out of range
2023-08-03 08:00:28,551 - DEBUG - Starting new HTTP connection (1): us-ca.proxymesh.com:31280
2023-08-03 08:00:28,758 - DEBUG - http://us-ca.proxymesh.com:31280 "GET http://cars.com///vehicledetail/6a4c4f4f-98ad-4eee-9c44-e24eadca11fc/ HTTP/1.1" 402 None
2023-08-03 08:00:28,760 - ERROR - list index out of range
Traceback (most recent call last):
  File "/Users/jonathanduberman/maverick_price_tool/maverick_price_scraper.py", line 112, in carsdotcom_datagrabber
    title = soup.findAll('title')[0].get_text().strip() #title format = used/new, make, model, trim, "for sale", price
IndexError: list index out of range
2023-08-03 08:00:28,764 - DEBUG - Starting new HTTP connection (1): us-ca.proxymesh.com:31280
2023-08-03 08:00:28,961 - DEBUG - http://us-ca.proxymesh.com:31280 "GET http://cars.com///vehicledetail/1976d3aa-8b1f-4946-b786-54594fb21181/ HTTP/1.1" 402 None
2023-08-03 08:00:28,963 - ERROR - list index out of range
Traceback (most recent call last):
  File "/Users/jonathanduberman/maverick_price_tool/maverick_price_scraper.py", line 112, in carsdotcom_datagrabber
    title = soup.findAll('title')[0].get_text().strip() #title format = used/new, make, model, trim, "for sale", price
IndexError: list index out of range
2023-08-03 08:00:28,967 - DEBUG - Starting new HTTP connection (1): us-ca.proxymesh.com:31280
2023-08-03 08:00:29,185 - DEBUG - http://us-ca.proxymesh.com:31280 "GET http://cars.com///vehicledetail/c4d0f4f8-7cdc-4ca7-b503-2176dff1af53/ HTTP/1.1" 402 None
2023-08-03 08:00:29,187 - ERROR - list index out of range
Traceback (most recent call last):
  File "/Users/jonathanduberman/maverick_price_tool/maverick_price_scraper.py", line 112, in carsdotcom_datagrabber
    title = soup.findAll('title')[0].get_text().strip() #title format = used/new, make, model, trim, "for sale", price
IndexError: list index out of range
2023-08-03 08:00:29,191 - DEBUG - Starting new HTTP connection (1): us-ca.proxymesh.com:31280
2023-08-03 08:00:29,382 - DEBUG - http://us-ca.proxymesh.com:31280 "GET http://cars.com///vehicledetail/08bb044c-9ec6-4bbf-b790-2ee0c4bcabc1/ HTTP/1.1" 402 None
2023-08-03 08:00:29,383 - ERROR - list index out of range
Traceback (most recent call last):
  File "/Users/jonathanduberman/maverick_price_tool/maverick_price_scraper.py", line 112, in carsdotcom_datagrabber
    title = soup.findAll('title')[0].get_text().strip() #title format = used/new, make, model, trim, "for sale", price
IndexError: list index out of range
2023-08-03 08:00:29,388 - DEBUG - Starting new HTTP connection (1): us-ca.proxymesh.com:31280
2023-08-03 08:00:29,581 - DEBUG - http://us-ca.proxymesh.com:31280 "GET http://cars.com///vehicledetail/49eb5ccb-0829-41b7-b111-cebc22549a89/ HTTP/1.1" 402 None
2023-08-03 08:00:29,582 - ERROR - list index out of range
Traceback (most recent call last):
  File "/Users/jonathanduberman/maverick_price_tool/maverick_price_scraper.py", line 112, in carsdotcom_datagrabber
    title = soup.findAll('title')[0].get_text().strip() #title format = used/new, make, model, trim, "for sale", price
IndexError: list index out of range
2023-08-03 08:00:29,587 - DEBUG - Starting new HTTP connection (1): us-ca.proxymesh.com:31280
2023-08-03 08:00:29,797 - DEBUG - http://us-ca.proxymesh.com:31280 "GET http://cars.com///vehicledetail/aac7b936-9beb-46fa-96a3-53b8f1d07c5d/ HTTP/1.1" 402 None
2023-08-03 08:00:29,799 - ERROR - list index out of range
Traceback (most recent call last):
  File "/Users/jonathanduberman/maverick_price_tool/maverick_price_scraper.py", line 112, in carsdotcom_datagrabber
    title = soup.findAll('title')[0].get_text().strip() #title format = used/new, make, model, trim, "for sale", price
IndexError: list index out of range
2023-08-03 08:00:29,804 - DEBUG - Starting new HTTP connection (1): us-ca.proxymesh.com:31280
2023-08-03 08:00:29,995 - DEBUG - http://us-ca.proxymesh.com:31280 "GET http://cars.com///vehicledetail/9768d070-5015-4f06-81bd-0dd5507c4f22/ HTTP/1.1" 402 None
2023-08-03 08:00:29,996 - ERROR - list index out of range
Traceback (most recent call last):
  File "/Users/jonathanduberman/maverick_price_tool/maverick_price_scraper.py", line 112, in carsdotcom_datagrabber
    title = soup.findAll('title')[0].get_text().strip() #title format = used/new, make, model, trim, "for sale", price
IndexError: list index out of range
2023-08-03 08:00:30,001 - DEBUG - Starting new HTTP connection (1): us-ca.proxymesh.com:31280
2023-08-03 08:00:30,322 - DEBUG - http://us-ca.proxymesh.com:31280 "GET http://cars.com///vehicledetail/84c59e1f-21a1-4fa6-a169-c1fb10e9924c/ HTTP/1.1" 402 None
2023-08-03 08:00:30,324 - ERROR - list index out of range
Traceback (most recent call last):
  File "/Users/jonathanduberman/maverick_price_tool/maverick_price_scraper.py", line 112, in carsdotcom_datagrabber
    title = soup.findAll('title')[0].get_text().strip() #title format = used/new, make, model, trim, "for sale", price
IndexError: list index out of range
2023-08-03 08:00:30,328 - DEBUG - Starting new HTTP connection (1): us-ca.proxymesh.com:31280
2023-08-03 08:00:30,535 - DEBUG - http://us-ca.proxymesh.com:31280 "GET http://cars.com///vehicledetail/727ed61c-b972-4ab3-9ba6-5e6f54c3e1ce/ HTTP/1.1" 402 None
2023-08-03 08:00:30,539 - ERROR - list index out of range
Traceback (most recent call last):
  File "/Users/jonathanduberman/maverick_price_tool/maverick_price_scraper.py", line 112, in carsdotcom_datagrabber
    title = soup.findAll('title')[0].get_text().strip() #title format = used/new, make, model, trim, "for sale", price
IndexError: list index out of range
2023-08-03 08:00:30,543 - DEBUG - Starting new HTTP connection (1): us-ca.proxymesh.com:31280
2023-08-03 08:00:30,745 - DEBUG - http://us-ca.proxymesh.com:31280 "GET http://cars.com///vehicledetail/352274f6-eb88-4676-bb77-6322c5fb50e4/ HTTP/1.1" 402 None
2023-08-03 08:00:30,747 - ERROR - list index out of range
Traceback (most recent call last):
  File "/Users/jonathanduberman/maverick_price_tool/maverick_price_scraper.py", line 112, in carsdotcom_datagrabber
    title = soup.findAll('title')[0].get_text().strip() #title format = used/new, make, model, trim, "for sale", price
IndexError: list index out of range
2023-08-03 08:00:30,751 - DEBUG - Starting new HTTP connection (1): us-ca.proxymesh.com:31280
2023-08-03 08:00:30,965 - DEBUG - http://us-ca.proxymesh.com:31280 "GET http://cars.com///vehicledetail/0594cbbb-5712-4c9e-9085-0402f426ed5f/ HTTP/1.1" 402 None
2023-08-03 08:00:30,967 - ERROR - list index out of range
Traceback (most recent call last):
  File "/Users/jonathanduberman/maverick_price_tool/maverick_price_scraper.py", line 112, in carsdotcom_datagrabber
    title = soup.findAll('title')[0].get_text().strip() #title format = used/new, make, model, trim, "for sale", price
IndexError: list index out of range
2023-08-03 08:00:30,971 - DEBUG - Starting new HTTP connection (1): us-ca.proxymesh.com:31280
2023-08-03 08:00:31,201 - DEBUG - http://us-ca.proxymesh.com:31280 "GET http://cars.com///vehicledetail/72ebefeb-3573-4555-a81f-1a4a3a6d38da/ HTTP/1.1" 402 None
2023-08-03 08:00:31,202 - ERROR - list index out of range
Traceback (most recent call last):
  File "/Users/jonathanduberman/maverick_price_tool/maverick_price_scraper.py", line 112, in carsdotcom_datagrabber
    title = soup.findAll('title')[0].get_text().strip() #title format = used/new, make, model, trim, "for sale", price
IndexError: list index out of range
2023-08-03 08:00:31,207 - DEBUG - Starting new HTTP connection (1): us-ca.proxymesh.com:31280
2023-08-03 08:00:31,402 - DEBUG - http://us-ca.proxymesh.com:31280 "GET http://cars.com///vehicledetail/8190ecb9-1bdf-436c-b382-4d1501871f87/ HTTP/1.1" 402 None
2023-08-03 08:00:31,403 - ERROR - list index out of range
Traceback (most recent call last):
  File "/Users/jonathanduberman/maverick_price_tool/maverick_price_scraper.py", line 112, in carsdotcom_datagrabber
    title = soup.findAll('title')[0].get_text().strip() #title format = used/new, make, model, trim, "for sale", price
IndexError: list index out of range
2023-08-03 08:00:31,408 - DEBUG - Starting new HTTP connection (1): us-ca.proxymesh.com:31280
2023-08-03 08:00:31,605 - DEBUG - http://us-ca.proxymesh.com:31280 "GET http://cars.com///vehicledetail/a98eebf8-e1e1-48b1-b11e-f90ed3f58e34/ HTTP/1.1" 402 None
2023-08-03 08:00:31,607 - ERROR - list index out of range
Traceback (most recent call last):
  File "/Users/jonathanduberman/maverick_price_tool/maverick_price_scraper.py", line 112, in carsdotcom_datagrabber
    title = soup.findAll('title')[0].get_text().strip() #title format = used/new, make, model, trim, "for sale", price
IndexError: list index out of range
2023-08-03 08:00:31,611 - DEBUG - Starting new HTTP connection (1): us-ca.proxymesh.com:31280
2023-08-03 08:00:31,816 - DEBUG - http://us-ca.proxymesh.com:31280 "GET http://cars.com///vehicledetail/37c6d33a-153d-4c61-a6f9-26dadca990a8/ HTTP/1.1" 402 None
2023-08-03 08:00:31,818 - ERROR - list index out of range
Traceback (most recent call last):
  File "/Users/jonathanduberman/maverick_price_tool/maverick_price_scraper.py", line 112, in carsdotcom_datagrabber
    title = soup.findAll('title')[0].get_text().strip() #title format = used/new, make, model, trim, "for sale", price
IndexError: list index out of range
2023-08-03 08:00:31,822 - DEBUG - Starting new HTTP connection (1): us-ca.proxymesh.com:31280
2023-08-03 08:00:32,011 - DEBUG - http://us-ca.proxymesh.com:31280 "GET http://cars.com///vehicledetail/fa3a462f-f53a-4e50-8895-e09079ecccc9/ HTTP/1.1" 402 None
2023-08-03 08:00:32,012 - ERROR - list index out of range
Traceback (most recent call last):
  File "/Users/jonathanduberman/maverick_price_tool/maverick_price_scraper.py", line 112, in carsdotcom_datagrabber
    title = soup.findAll('title')[0].get_text().strip() #title format = used/new, make, model, trim, "for sale", price
IndexError: list index out of range
2023-08-03 08:00:32,017 - DEBUG - Starting new HTTP connection (1): us-ca.proxymesh.com:31280
2023-08-03 08:00:32,317 - DEBUG - http://us-ca.proxymesh.com:31280 "GET http://cars.com///vehicledetail/78454f89-966c-489c-b85f-0521a583972e/ HTTP/1.1" 402 None
2023-08-03 08:00:32,319 - ERROR - list index out of range
Traceback (most recent call last):
  File "/Users/jonathanduberman/maverick_price_tool/maverick_price_scraper.py", line 112, in carsdotcom_datagrabber
    title = soup.findAll('title')[0].get_text().strip() #title format = used/new, make, model, trim, "for sale", price
IndexError: list index out of range
2023-08-03 08:00:32,324 - DEBUG - Starting new HTTP connection (1): us-ca.proxymesh.com:31280
2023-08-03 08:00:32,527 - DEBUG - http://us-ca.proxymesh.com:31280 "GET http://cars.com///vehicledetail/04bf0dc1-aef5-4b45-8e68-b4ca4e3878cf/ HTTP/1.1" 402 None
2023-08-03 08:00:32,529 - ERROR - list index out of range
Traceback (most recent call last):
  File "/Users/jonathanduberman/maverick_price_tool/maverick_price_scraper.py", line 112, in carsdotcom_datagrabber
    title = soup.findAll('title')[0].get_text().strip() #title format = used/new, make, model, trim, "for sale", price
IndexError: list index out of range
2023-08-03 08:00:32,534 - DEBUG - Starting new HTTP connection (1): us-ca.proxymesh.com:31280
2023-08-03 08:00:32,775 - DEBUG - http://us-ca.proxymesh.com:31280 "GET http://cars.com///vehicledetail/ac1cf830-4395-44cc-b394-c2f9e35c7bda/ HTTP/1.1" 402 None
2023-08-03 08:00:32,777 - ERROR - list index out of range
Traceback (most recent call last):
  File "/Users/jonathanduberman/maverick_price_tool/maverick_price_scraper.py", line 112, in carsdotcom_datagrabber
    title = soup.findAll('title')[0].get_text().strip() #title format = used/new, make, model, trim, "for sale", price
IndexError: list index out of range
2023-08-03 08:00:32,781 - DEBUG - Starting new HTTP connection (1): us-ca.proxymesh.com:31280
2023-08-03 08:00:32,993 - DEBUG - http://us-ca.proxymesh.com:31280 "GET http://cars.com///vehicledetail/8e09c05c-5566-48e1-9ad0-82686bb8bc0a/ HTTP/1.1" 402 None
2023-08-03 08:00:32,995 - ERROR - list index out of range
Traceback (most recent call last):
  File "/Users/jonathanduberman/maverick_price_tool/maverick_price_scraper.py", line 112, in carsdotcom_datagrabber
    title = soup.findAll('title')[0].get_text().strip() #title format = used/new, make, model, trim, "for sale", price
IndexError: list index out of range
2023-08-03 08:00:32,999 - DEBUG - Starting new HTTP connection (1): us-ca.proxymesh.com:31280
2023-08-03 08:00:33,194 - DEBUG - http://us-ca.proxymesh.com:31280 "GET http://cars.com///vehicledetail/133ebd5b-9c08-4e78-9b78-a731d88a5763/ HTTP/1.1" 402 None
2023-08-03 08:00:33,196 - ERROR - list index out of range
Traceback (most recent call last):
  File "/Users/jonathanduberman/maverick_price_tool/maverick_price_scraper.py", line 112, in carsdotcom_datagrabber
    title = soup.findAll('title')[0].get_text().strip() #title format = used/new, make, model, trim, "for sale", price
IndexError: list index out of range
2023-08-03 08:00:33,200 - DEBUG - Starting new HTTP connection (1): us-ca.proxymesh.com:31280
2023-08-03 08:00:34,405 - DEBUG - http://us-ca.proxymesh.com:31280 "GET http://cars.com///vehicledetail/f15f8b92-d3e6-42fe-9f67-96a6090e4a8a/ HTTP/1.1" 402 None
2023-08-03 08:00:34,407 - ERROR - list index out of range
Traceback (most recent call last):
  File "/Users/jonathanduberman/maverick_price_tool/maverick_price_scraper.py", line 112, in carsdotcom_datagrabber
    title = soup.findAll('title')[0].get_text().strip() #title format = used/new, make, model, trim, "for sale", price
IndexError: list index out of range
2023-08-03 08:00:34,411 - DEBUG - Starting new HTTP connection (1): us-ca.proxymesh.com:31280
2023-08-03 08:00:34,612 - DEBUG - http://us-ca.proxymesh.com:31280 "GET http://cars.com///vehicledetail/fa466076-58d6-4fdf-ac55-5b8e613f8270/ HTTP/1.1" 402 None
2023-08-03 08:00:34,618 - ERROR - list index out of range
Traceback (most recent call last):
  File "/Users/jonathanduberman/maverick_price_tool/maverick_price_scraper.py", line 112, in carsdotcom_datagrabber
    title = soup.findAll('title')[0].get_text().strip() #title format = used/new, make, model, trim, "for sale", price
IndexError: list index out of range
2023-08-03 08:00:34,623 - DEBUG - Starting new HTTP connection (1): us-ca.proxymesh.com:31280
2023-08-03 08:00:34,825 - DEBUG - http://us-ca.proxymesh.com:31280 "GET http://cars.com///vehicledetail/824d6777-5e62-4c84-a0a2-41973295962c/ HTTP/1.1" 402 None
2023-08-03 08:00:34,827 - ERROR - list index out of range
Traceback (most recent call last):
  File "/Users/jonathanduberman/maverick_price_tool/maverick_price_scraper.py", line 112, in carsdotcom_datagrabber
    title = soup.findAll('title')[0].get_text().strip() #title format = used/new, make, model, trim, "for sale", price
IndexError: list index out of range
2023-08-03 08:00:34,833 - INFO - Scraping complete.  All available data has been scraped.
