2023-08-10 08:00:04,157 - DEBUG - Starting new HTTPS connection (1): www.cars.com:443
2023-08-10 08:00:05,323 - DEBUG - https://www.cars.com:443 "GET /shopping/results/?dealer_id=&keyword=&list_price_max=&list_price_min=&makes%5B%5D=ford&maximum_distance=all&mileage_max=&models%5B%5D=ford-maverick&page=1&page_size=100&sort=distance&stock_type=used&year_max=&year_min=&zip=28533 HTTP/1.1" 200 None
2023-08-10 08:00:06,728 - DEBUG - Starting new HTTPS connection (1): www.cars.com:443
2023-08-10 08:00:07,852 - DEBUG - https://www.cars.com:443 "GET /shopping/results/?dealer_id=&keyword=&list_price_max=&list_price_min=&makes%5B%5D=ford&maximum_distance=all&mileage_max=&models%5B%5D=ford-maverick&page=1&page_size=100&sort=distance&stock_type=used&year_max=&year_min=&zip=28533 HTTP/1.1" 200 None
2023-08-10 08:00:11,433 - DEBUG - Starting new HTTP connection (1): us-ca.proxymesh.com:31280
2023-08-10 08:00:11,810 - DEBUG - http://us-ca.proxymesh.com:31280 "GET http://cars.com///vehicledetail/ee8cfcbf-c8ac-4d31-9909-e149417576d2/ HTTP/1.1" 402 None
2023-08-10 08:00:11,815 - ERROR - list index out of range
Traceback (most recent call last):
  File "/Users/jonathanduberman/maverick_price_tool/maverick_price_scraper.py", line 112, in carsdotcom_datagrabber
    title = soup.findAll('title')[0].get_text().strip() #title format = used/new, make, model, trim, "for sale", price
IndexError: list index out of range
2023-08-10 08:00:11,820 - DEBUG - Starting new HTTP connection (1): us-ca.proxymesh.com:31280
2023-08-10 08:00:12,063 - DEBUG - http://us-ca.proxymesh.com:31280 "GET http://cars.com///vehicledetail/b8fd4acc-cc97-4f5a-ac15-10a6f84c937e/ HTTP/1.1" 402 None
2023-08-10 08:00:12,065 - ERROR - list index out of range
Traceback (most recent call last):
  File "/Users/jonathanduberman/maverick_price_tool/maverick_price_scraper.py", line 112, in carsdotcom_datagrabber
    title = soup.findAll('title')[0].get_text().strip() #title format = used/new, make, model, trim, "for sale", price
IndexError: list index out of range
2023-08-10 08:00:12,069 - DEBUG - Starting new HTTP connection (1): us-ca.proxymesh.com:31280
2023-08-10 08:00:12,274 - DEBUG - http://us-ca.proxymesh.com:31280 "GET http://cars.com///vehicledetail/2da57dcb-7d05-4479-8f03-054f65038d70/ HTTP/1.1" 402 None
2023-08-10 08:00:12,275 - ERROR - list index out of range
Traceback (most recent call last):
  File "/Users/jonathanduberman/maverick_price_tool/maverick_price_scraper.py", line 112, in carsdotcom_datagrabber
    title = soup.findAll('title')[0].get_text().strip() #title format = used/new, make, model, trim, "for sale", price
IndexError: list index out of range
2023-08-10 08:00:12,280 - DEBUG - Starting new HTTP connection (1): us-ca.proxymesh.com:31280
2023-08-10 08:00:12,473 - DEBUG - http://us-ca.proxymesh.com:31280 "GET http://cars.com///vehicledetail/f6456d55-9dc9-4fcd-8cfa-0d2b5639d605/ HTTP/1.1" 402 None
2023-08-10 08:00:12,475 - ERROR - list index out of range
Traceback (most recent call last):
  File "/Users/jonathanduberman/maverick_price_tool/maverick_price_scraper.py", line 112, in carsdotcom_datagrabber
    title = soup.findAll('title')[0].get_text().strip() #title format = used/new, make, model, trim, "for sale", price
IndexError: list index out of range
2023-08-10 08:00:12,480 - DEBUG - Starting new HTTP connection (1): us-ca.proxymesh.com:31280
2023-08-10 08:00:12,697 - DEBUG - http://us-ca.proxymesh.com:31280 "GET http://cars.com///vehicledetail/30aa460d-7275-48e4-bdec-a9da6f564631/ HTTP/1.1" 402 None
2023-08-10 08:00:12,699 - ERROR - list index out of range
Traceback (most recent call last):
  File "/Users/jonathanduberman/maverick_price_tool/maverick_price_scraper.py", line 112, in carsdotcom_datagrabber
    title = soup.findAll('title')[0].get_text().strip() #title format = used/new, make, model, trim, "for sale", price
IndexError: list index out of range
2023-08-10 08:00:12,703 - DEBUG - Starting new HTTP connection (1): us-ca.proxymesh.com:31280
2023-08-10 08:00:12,903 - DEBUG - http://us-ca.proxymesh.com:31280 "GET http://cars.com///vehicledetail/1d6f012f-799e-42d1-8b04-44ee5144d90d/ HTTP/1.1" 402 None
2023-08-10 08:00:12,905 - ERROR - list index out of range
Traceback (most recent call last):
  File "/Users/jonathanduberman/maverick_price_tool/maverick_price_scraper.py", line 112, in carsdotcom_datagrabber
    title = soup.findAll('title')[0].get_text().strip() #title format = used/new, make, model, trim, "for sale", price
IndexError: list index out of range
2023-08-10 08:00:12,909 - DEBUG - Starting new HTTP connection (1): us-ca.proxymesh.com:31280
2023-08-10 08:00:13,107 - DEBUG - http://us-ca.proxymesh.com:31280 "GET http://cars.com///vehicledetail/56a144e7-a837-40a4-95da-b8cf40519bea/ HTTP/1.1" 402 None
2023-08-10 08:00:13,109 - ERROR - list index out of range
Traceback (most recent call last):
  File "/Users/jonathanduberman/maverick_price_tool/maverick_price_scraper.py", line 112, in carsdotcom_datagrabber
    title = soup.findAll('title')[0].get_text().strip() #title format = used/new, make, model, trim, "for sale", price
IndexError: list index out of range
2023-08-10 08:00:13,113 - DEBUG - Starting new HTTP connection (1): us-ca.proxymesh.com:31280
2023-08-10 08:00:13,313 - DEBUG - http://us-ca.proxymesh.com:31280 "GET http://cars.com///vehicledetail/7ed7ed5d-f7bc-410f-a48d-a702a26f18f6/ HTTP/1.1" 402 None
2023-08-10 08:00:13,315 - ERROR - list index out of range
Traceback (most recent call last):
  File "/Users/jonathanduberman/maverick_price_tool/maverick_price_scraper.py", line 112, in carsdotcom_datagrabber
    title = soup.findAll('title')[0].get_text().strip() #title format = used/new, make, model, trim, "for sale", price
IndexError: list index out of range
2023-08-10 08:00:13,320 - DEBUG - Starting new HTTP connection (1): us-ca.proxymesh.com:31280
2023-08-10 08:00:13,537 - DEBUG - http://us-ca.proxymesh.com:31280 "GET http://cars.com///vehicledetail/4a829fbf-a2e7-44de-a223-5f3aa9c2b74c/ HTTP/1.1" 402 None
2023-08-10 08:00:13,540 - ERROR - list index out of range
Traceback (most recent call last):
  File "/Users/jonathanduberman/maverick_price_tool/maverick_price_scraper.py", line 112, in carsdotcom_datagrabber
    title = soup.findAll('title')[0].get_text().strip() #title format = used/new, make, model, trim, "for sale", price
IndexError: list index out of range
2023-08-10 08:00:13,544 - DEBUG - Starting new HTTP connection (1): us-ca.proxymesh.com:31280
2023-08-10 08:00:13,743 - DEBUG - http://us-ca.proxymesh.com:31280 "GET http://cars.com///vehicledetail/363a67c5-659f-4a2b-9dd8-c74e1e1dfa79/ HTTP/1.1" 402 None
2023-08-10 08:00:13,745 - ERROR - list index out of range
Traceback (most recent call last):
  File "/Users/jonathanduberman/maverick_price_tool/maverick_price_scraper.py", line 112, in carsdotcom_datagrabber
    title = soup.findAll('title')[0].get_text().strip() #title format = used/new, make, model, trim, "for sale", price
IndexError: list index out of range
2023-08-10 08:00:13,749 - DEBUG - Starting new HTTP connection (1): us-ca.proxymesh.com:31280
2023-08-10 08:00:13,942 - DEBUG - http://us-ca.proxymesh.com:31280 "GET http://cars.com///vehicledetail/29eddb0d-aaea-43be-81ba-2a29d0b5a5ab/ HTTP/1.1" 402 None
2023-08-10 08:00:13,944 - ERROR - list index out of range
Traceback (most recent call last):
  File "/Users/jonathanduberman/maverick_price_tool/maverick_price_scraper.py", line 112, in carsdotcom_datagrabber
    title = soup.findAll('title')[0].get_text().strip() #title format = used/new, make, model, trim, "for sale", price
IndexError: list index out of range
2023-08-10 08:00:13,949 - DEBUG - Starting new HTTP connection (1): us-ca.proxymesh.com:31280
2023-08-10 08:00:14,149 - DEBUG - http://us-ca.proxymesh.com:31280 "GET http://cars.com///vehicledetail/71161492-0363-4581-bb53-d7c8594658a4/ HTTP/1.1" 402 None
2023-08-10 08:00:14,151 - ERROR - list index out of range
Traceback (most recent call last):
  File "/Users/jonathanduberman/maverick_price_tool/maverick_price_scraper.py", line 112, in carsdotcom_datagrabber
    title = soup.findAll('title')[0].get_text().strip() #title format = used/new, make, model, trim, "for sale", price
IndexError: list index out of range
2023-08-10 08:00:14,155 - DEBUG - Starting new HTTP connection (1): us-ca.proxymesh.com:31280
2023-08-10 08:00:14,353 - DEBUG - http://us-ca.proxymesh.com:31280 "GET http://cars.com///vehicledetail/5ff372f4-b416-4320-9946-41b439ba524c/ HTTP/1.1" 402 None
2023-08-10 08:00:14,355 - ERROR - list index out of range
Traceback (most recent call last):
  File "/Users/jonathanduberman/maverick_price_tool/maverick_price_scraper.py", line 112, in carsdotcom_datagrabber
    title = soup.findAll('title')[0].get_text().strip() #title format = used/new, make, model, trim, "for sale", price
IndexError: list index out of range
2023-08-10 08:00:14,359 - DEBUG - Starting new HTTP connection (1): us-ca.proxymesh.com:31280
2023-08-10 08:00:14,631 - DEBUG - http://us-ca.proxymesh.com:31280 "GET http://cars.com///vehicledetail/78fd21f8-8d85-4840-b6ba-a12277a74394/ HTTP/1.1" 402 None
2023-08-10 08:00:14,632 - ERROR - list index out of range
Traceback (most recent call last):
  File "/Users/jonathanduberman/maverick_price_tool/maverick_price_scraper.py", line 112, in carsdotcom_datagrabber
    title = soup.findAll('title')[0].get_text().strip() #title format = used/new, make, model, trim, "for sale", price
IndexError: list index out of range
2023-08-10 08:00:14,637 - DEBUG - Starting new HTTP connection (1): us-ca.proxymesh.com:31280
2023-08-10 08:00:14,831 - DEBUG - http://us-ca.proxymesh.com:31280 "GET http://cars.com///vehicledetail/851c5e42-02fc-4a37-b170-4c909df7b09d/ HTTP/1.1" 402 None
2023-08-10 08:00:14,833 - ERROR - list index out of range
Traceback (most recent call last):
  File "/Users/jonathanduberman/maverick_price_tool/maverick_price_scraper.py", line 112, in carsdotcom_datagrabber
    title = soup.findAll('title')[0].get_text().strip() #title format = used/new, make, model, trim, "for sale", price
IndexError: list index out of range
2023-08-10 08:00:14,836 - DEBUG - Starting new HTTP connection (1): us-ca.proxymesh.com:31280
2023-08-10 08:00:15,027 - DEBUG - http://us-ca.proxymesh.com:31280 "GET http://cars.com///vehicledetail/623e2102-a750-4784-8a3b-5f8b36799b6b/ HTTP/1.1" 402 None
2023-08-10 08:00:15,029 - ERROR - list index out of range
Traceback (most recent call last):
  File "/Users/jonathanduberman/maverick_price_tool/maverick_price_scraper.py", line 112, in carsdotcom_datagrabber
    title = soup.findAll('title')[0].get_text().strip() #title format = used/new, make, model, trim, "for sale", price
IndexError: list index out of range
2023-08-10 08:00:15,033 - DEBUG - Starting new HTTP connection (1): us-ca.proxymesh.com:31280
2023-08-10 08:00:15,233 - DEBUG - http://us-ca.proxymesh.com:31280 "GET http://cars.com///vehicledetail/023ed91c-4cb0-452f-a24f-75ed6c860d7b/ HTTP/1.1" 402 None
2023-08-10 08:00:15,235 - ERROR - list index out of range
Traceback (most recent call last):
  File "/Users/jonathanduberman/maverick_price_tool/maverick_price_scraper.py", line 112, in carsdotcom_datagrabber
    title = soup.findAll('title')[0].get_text().strip() #title format = used/new, make, model, trim, "for sale", price
IndexError: list index out of range
2023-08-10 08:00:15,239 - DEBUG - Starting new HTTP connection (1): us-ca.proxymesh.com:31280
2023-08-10 08:00:15,718 - DEBUG - http://us-ca.proxymesh.com:31280 "GET http://cars.com///vehicledetail/3e003be1-aa2f-4a43-9c35-3ff753ac84d9/ HTTP/1.1" 402 None
2023-08-10 08:00:15,720 - ERROR - list index out of range
Traceback (most recent call last):
  File "/Users/jonathanduberman/maverick_price_tool/maverick_price_scraper.py", line 112, in carsdotcom_datagrabber
    title = soup.findAll('title')[0].get_text().strip() #title format = used/new, make, model, trim, "for sale", price
IndexError: list index out of range
2023-08-10 08:00:15,725 - DEBUG - Starting new HTTP connection (1): us-ca.proxymesh.com:31280
2023-08-10 08:00:15,921 - DEBUG - http://us-ca.proxymesh.com:31280 "GET http://cars.com///vehicledetail/fa55873e-8819-4fb0-8a08-f000fac6e827/ HTTP/1.1" 402 None
2023-08-10 08:00:15,923 - ERROR - list index out of range
Traceback (most recent call last):
  File "/Users/jonathanduberman/maverick_price_tool/maverick_price_scraper.py", line 112, in carsdotcom_datagrabber
    title = soup.findAll('title')[0].get_text().strip() #title format = used/new, make, model, trim, "for sale", price
IndexError: list index out of range
2023-08-10 08:00:15,927 - DEBUG - Starting new HTTP connection (1): us-ca.proxymesh.com:31280
2023-08-10 08:00:16,123 - DEBUG - http://us-ca.proxymesh.com:31280 "GET http://cars.com///vehicledetail/9da5b7ad-ebe5-4519-88fa-62b2ac202fc2/ HTTP/1.1" 402 None
2023-08-10 08:00:16,124 - ERROR - list index out of range
Traceback (most recent call last):
  File "/Users/jonathanduberman/maverick_price_tool/maverick_price_scraper.py", line 112, in carsdotcom_datagrabber
    title = soup.findAll('title')[0].get_text().strip() #title format = used/new, make, model, trim, "for sale", price
IndexError: list index out of range
2023-08-10 08:00:16,129 - DEBUG - Starting new HTTP connection (1): us-ca.proxymesh.com:31280
2023-08-10 08:00:16,333 - DEBUG - http://us-ca.proxymesh.com:31280 "GET http://cars.com///vehicledetail/15512ed6-09d6-4fd6-96eb-bd2d76ef92f1/ HTTP/1.1" 402 None
2023-08-10 08:00:16,334 - ERROR - list index out of range
Traceback (most recent call last):
  File "/Users/jonathanduberman/maverick_price_tool/maverick_price_scraper.py", line 112, in carsdotcom_datagrabber
    title = soup.findAll('title')[0].get_text().strip() #title format = used/new, make, model, trim, "for sale", price
IndexError: list index out of range
2023-08-10 08:00:16,339 - DEBUG - Starting new HTTP connection (1): us-ca.proxymesh.com:31280
2023-08-10 08:00:16,559 - DEBUG - http://us-ca.proxymesh.com:31280 "GET http://cars.com///vehicledetail/d3faeb29-5e1f-4c88-b454-54f5df7f2afc/ HTTP/1.1" 402 None
2023-08-10 08:00:16,560 - ERROR - list index out of range
Traceback (most recent call last):
  File "/Users/jonathanduberman/maverick_price_tool/maverick_price_scraper.py", line 112, in carsdotcom_datagrabber
    title = soup.findAll('title')[0].get_text().strip() #title format = used/new, make, model, trim, "for sale", price
IndexError: list index out of range
2023-08-10 08:00:16,565 - DEBUG - Starting new HTTP connection (1): us-ca.proxymesh.com:31280
2023-08-10 08:00:16,766 - DEBUG - http://us-ca.proxymesh.com:31280 "GET http://cars.com///vehicledetail/508c5f01-c926-4903-b552-491dc03171ca/ HTTP/1.1" 402 None
2023-08-10 08:00:16,768 - ERROR - list index out of range
Traceback (most recent call last):
  File "/Users/jonathanduberman/maverick_price_tool/maverick_price_scraper.py", line 112, in carsdotcom_datagrabber
    title = soup.findAll('title')[0].get_text().strip() #title format = used/new, make, model, trim, "for sale", price
IndexError: list index out of range
2023-08-10 08:00:16,773 - DEBUG - Starting new HTTP connection (1): us-ca.proxymesh.com:31280
2023-08-10 08:00:16,971 - DEBUG - http://us-ca.proxymesh.com:31280 "GET http://cars.com///vehicledetail/35ca07f8-6717-483a-972c-6cce4f077f7a/ HTTP/1.1" 402 None
2023-08-10 08:00:16,973 - ERROR - list index out of range
Traceback (most recent call last):
  File "/Users/jonathanduberman/maverick_price_tool/maverick_price_scraper.py", line 112, in carsdotcom_datagrabber
    title = soup.findAll('title')[0].get_text().strip() #title format = used/new, make, model, trim, "for sale", price
IndexError: list index out of range
2023-08-10 08:00:16,977 - DEBUG - Starting new HTTP connection (1): us-ca.proxymesh.com:31280
2023-08-10 08:00:17,178 - DEBUG - http://us-ca.proxymesh.com:31280 "GET http://cars.com///vehicledetail/32e3d417-4ed5-4dba-85af-8843508304dc/ HTTP/1.1" 402 None
2023-08-10 08:00:17,180 - ERROR - list index out of range
Traceback (most recent call last):
  File "/Users/jonathanduberman/maverick_price_tool/maverick_price_scraper.py", line 112, in carsdotcom_datagrabber
    title = soup.findAll('title')[0].get_text().strip() #title format = used/new, make, model, trim, "for sale", price
IndexError: list index out of range
2023-08-10 08:00:17,185 - DEBUG - Starting new HTTP connection (1): us-ca.proxymesh.com:31280
2023-08-10 08:00:17,398 - DEBUG - http://us-ca.proxymesh.com:31280 "GET http://cars.com///vehicledetail/a0f3f694-b52c-4444-8adf-5a8929edbeab/ HTTP/1.1" 402 None
2023-08-10 08:00:17,400 - ERROR - list index out of range
Traceback (most recent call last):
  File "/Users/jonathanduberman/maverick_price_tool/maverick_price_scraper.py", line 112, in carsdotcom_datagrabber
    title = soup.findAll('title')[0].get_text().strip() #title format = used/new, make, model, trim, "for sale", price
IndexError: list index out of range
2023-08-10 08:00:17,405 - DEBUG - Starting new HTTP connection (1): us-ca.proxymesh.com:31280
2023-08-10 08:00:17,609 - DEBUG - http://us-ca.proxymesh.com:31280 "GET http://cars.com///vehicledetail/cc48f3c4-7c16-49a0-8525-7b0f1155b8c8/ HTTP/1.1" 402 None
2023-08-10 08:00:17,611 - ERROR - list index out of range
Traceback (most recent call last):
  File "/Users/jonathanduberman/maverick_price_tool/maverick_price_scraper.py", line 112, in carsdotcom_datagrabber
    title = soup.findAll('title')[0].get_text().strip() #title format = used/new, make, model, trim, "for sale", price
IndexError: list index out of range
2023-08-10 08:00:17,615 - DEBUG - Starting new HTTP connection (1): us-ca.proxymesh.com:31280
2023-08-10 08:00:17,818 - DEBUG - http://us-ca.proxymesh.com:31280 "GET http://cars.com///vehicledetail/676986cf-45a5-40f7-9c29-5c56b6ccf6c5/ HTTP/1.1" 402 None
2023-08-10 08:00:17,820 - ERROR - list index out of range
Traceback (most recent call last):
  File "/Users/jonathanduberman/maverick_price_tool/maverick_price_scraper.py", line 112, in carsdotcom_datagrabber
    title = soup.findAll('title')[0].get_text().strip() #title format = used/new, make, model, trim, "for sale", price
IndexError: list index out of range
2023-08-10 08:00:17,825 - DEBUG - Starting new HTTP connection (1): us-ca.proxymesh.com:31280
2023-08-10 08:00:18,029 - DEBUG - http://us-ca.proxymesh.com:31280 "GET http://cars.com///vehicledetail/5471f8a5-8a93-4ce5-a0d4-806f6e223340/ HTTP/1.1" 402 None
2023-08-10 08:00:18,030 - ERROR - list index out of range
Traceback (most recent call last):
  File "/Users/jonathanduberman/maverick_price_tool/maverick_price_scraper.py", line 112, in carsdotcom_datagrabber
    title = soup.findAll('title')[0].get_text().strip() #title format = used/new, make, model, trim, "for sale", price
IndexError: list index out of range
2023-08-10 08:00:18,035 - DEBUG - Starting new HTTP connection (1): us-ca.proxymesh.com:31280
2023-08-10 08:00:18,240 - DEBUG - http://us-ca.proxymesh.com:31280 "GET http://cars.com///vehicledetail/76df3680-c2fc-4d73-b3a8-0b8a47b989e3/ HTTP/1.1" 402 None
2023-08-10 08:00:18,242 - ERROR - list index out of range
Traceback (most recent call last):
  File "/Users/jonathanduberman/maverick_price_tool/maverick_price_scraper.py", line 112, in carsdotcom_datagrabber
    title = soup.findAll('title')[0].get_text().strip() #title format = used/new, make, model, trim, "for sale", price
IndexError: list index out of range
2023-08-10 08:00:18,246 - DEBUG - Starting new HTTP connection (1): us-ca.proxymesh.com:31280
2023-08-10 08:00:18,516 - DEBUG - http://us-ca.proxymesh.com:31280 "GET http://cars.com///vehicledetail/2021b2e2-ea2f-4348-9c1a-2abf0f5eb513/ HTTP/1.1" 402 None
2023-08-10 08:00:18,518 - ERROR - list index out of range
Traceback (most recent call last):
  File "/Users/jonathanduberman/maverick_price_tool/maverick_price_scraper.py", line 112, in carsdotcom_datagrabber
    title = soup.findAll('title')[0].get_text().strip() #title format = used/new, make, model, trim, "for sale", price
IndexError: list index out of range
2023-08-10 08:00:18,522 - DEBUG - Starting new HTTP connection (1): us-ca.proxymesh.com:31280
2023-08-10 08:00:18,724 - DEBUG - http://us-ca.proxymesh.com:31280 "GET http://cars.com///vehicledetail/88a01119-38ed-41d8-8e12-ff1cbf6769ab/ HTTP/1.1" 402 None
2023-08-10 08:00:18,726 - ERROR - list index out of range
Traceback (most recent call last):
  File "/Users/jonathanduberman/maverick_price_tool/maverick_price_scraper.py", line 112, in carsdotcom_datagrabber
    title = soup.findAll('title')[0].get_text().strip() #title format = used/new, make, model, trim, "for sale", price
IndexError: list index out of range
2023-08-10 08:00:18,730 - DEBUG - Starting new HTTP connection (1): us-ca.proxymesh.com:31280
2023-08-10 08:00:18,945 - DEBUG - http://us-ca.proxymesh.com:31280 "GET http://cars.com///vehicledetail/8cdb34d3-e078-4e0a-83f9-92b4f1fce06f/ HTTP/1.1" 402 None
2023-08-10 08:00:18,947 - ERROR - list index out of range
Traceback (most recent call last):
  File "/Users/jonathanduberman/maverick_price_tool/maverick_price_scraper.py", line 112, in carsdotcom_datagrabber
    title = soup.findAll('title')[0].get_text().strip() #title format = used/new, make, model, trim, "for sale", price
IndexError: list index out of range
2023-08-10 08:00:18,952 - DEBUG - Starting new HTTP connection (1): us-ca.proxymesh.com:31280
2023-08-10 08:00:19,146 - DEBUG - http://us-ca.proxymesh.com:31280 "GET http://cars.com///vehicledetail/1bd96679-1fcf-4ee4-80d5-29602a417550/ HTTP/1.1" 402 None
2023-08-10 08:00:19,149 - ERROR - list index out of range
Traceback (most recent call last):
  File "/Users/jonathanduberman/maverick_price_tool/maverick_price_scraper.py", line 112, in carsdotcom_datagrabber
    title = soup.findAll('title')[0].get_text().strip() #title format = used/new, make, model, trim, "for sale", price
IndexError: list index out of range
2023-08-10 08:00:19,153 - DEBUG - Starting new HTTP connection (1): us-ca.proxymesh.com:31280
2023-08-10 08:00:19,353 - DEBUG - http://us-ca.proxymesh.com:31280 "GET http://cars.com///vehicledetail/89aea837-196a-4177-98d2-e8d072a8d61f/ HTTP/1.1" 402 None
2023-08-10 08:00:19,355 - ERROR - list index out of range
Traceback (most recent call last):
  File "/Users/jonathanduberman/maverick_price_tool/maverick_price_scraper.py", line 112, in carsdotcom_datagrabber
    title = soup.findAll('title')[0].get_text().strip() #title format = used/new, make, model, trim, "for sale", price
IndexError: list index out of range
2023-08-10 08:00:19,360 - DEBUG - Starting new HTTP connection (1): us-ca.proxymesh.com:31280
2023-08-10 08:00:19,686 - DEBUG - http://us-ca.proxymesh.com:31280 "GET http://cars.com///vehicledetail/9d5a131a-0958-43a4-90ad-641c02155117/ HTTP/1.1" 402 None
2023-08-10 08:00:19,688 - ERROR - list index out of range
Traceback (most recent call last):
  File "/Users/jonathanduberman/maverick_price_tool/maverick_price_scraper.py", line 112, in carsdotcom_datagrabber
    title = soup.findAll('title')[0].get_text().strip() #title format = used/new, make, model, trim, "for sale", price
IndexError: list index out of range
2023-08-10 08:00:19,693 - DEBUG - Starting new HTTP connection (1): us-ca.proxymesh.com:31280
2023-08-10 08:00:19,896 - DEBUG - http://us-ca.proxymesh.com:31280 "GET http://cars.com///vehicledetail/432f83eb-c504-447a-917f-3d669fb5bef0/ HTTP/1.1" 402 None
2023-08-10 08:00:19,897 - ERROR - list index out of range
Traceback (most recent call last):
  File "/Users/jonathanduberman/maverick_price_tool/maverick_price_scraper.py", line 112, in carsdotcom_datagrabber
    title = soup.findAll('title')[0].get_text().strip() #title format = used/new, make, model, trim, "for sale", price
IndexError: list index out of range
2023-08-10 08:00:19,902 - DEBUG - Starting new HTTP connection (1): us-ca.proxymesh.com:31280
2023-08-10 08:00:20,113 - DEBUG - http://us-ca.proxymesh.com:31280 "GET http://cars.com///vehicledetail/73f1783e-d34a-4ea1-808b-72380cd8ead0/ HTTP/1.1" 402 None
2023-08-10 08:00:20,115 - ERROR - list index out of range
Traceback (most recent call last):
  File "/Users/jonathanduberman/maverick_price_tool/maverick_price_scraper.py", line 112, in carsdotcom_datagrabber
    title = soup.findAll('title')[0].get_text().strip() #title format = used/new, make, model, trim, "for sale", price
IndexError: list index out of range
2023-08-10 08:00:20,119 - DEBUG - Starting new HTTP connection (1): us-ca.proxymesh.com:31280
2023-08-10 08:00:20,318 - DEBUG - http://us-ca.proxymesh.com:31280 "GET http://cars.com///vehicledetail/ec41c835-f1b2-4fc6-ac97-6404fc3964d3/ HTTP/1.1" 402 None
2023-08-10 08:00:20,320 - ERROR - list index out of range
Traceback (most recent call last):
  File "/Users/jonathanduberman/maverick_price_tool/maverick_price_scraper.py", line 112, in carsdotcom_datagrabber
    title = soup.findAll('title')[0].get_text().strip() #title format = used/new, make, model, trim, "for sale", price
IndexError: list index out of range
2023-08-10 08:00:20,324 - DEBUG - Starting new HTTP connection (1): us-ca.proxymesh.com:31280
2023-08-10 08:00:20,591 - DEBUG - http://us-ca.proxymesh.com:31280 "GET http://cars.com///vehicledetail/72c81bb6-7bc5-4a48-9679-7d929b505e2d/ HTTP/1.1" 402 None
2023-08-10 08:00:20,592 - ERROR - list index out of range
Traceback (most recent call last):
  File "/Users/jonathanduberman/maverick_price_tool/maverick_price_scraper.py", line 112, in carsdotcom_datagrabber
    title = soup.findAll('title')[0].get_text().strip() #title format = used/new, make, model, trim, "for sale", price
IndexError: list index out of range
2023-08-10 08:00:20,596 - DEBUG - Starting new HTTP connection (1): us-ca.proxymesh.com:31280
2023-08-10 08:00:20,808 - DEBUG - http://us-ca.proxymesh.com:31280 "GET http://cars.com///vehicledetail/3a8fd066-1ce2-4bad-af91-116f8be80146/ HTTP/1.1" 402 None
2023-08-10 08:00:20,810 - ERROR - list index out of range
Traceback (most recent call last):
  File "/Users/jonathanduberman/maverick_price_tool/maverick_price_scraper.py", line 112, in carsdotcom_datagrabber
    title = soup.findAll('title')[0].get_text().strip() #title format = used/new, make, model, trim, "for sale", price
IndexError: list index out of range
2023-08-10 08:00:20,814 - DEBUG - Starting new HTTP connection (1): us-ca.proxymesh.com:31280
2023-08-10 08:00:21,010 - DEBUG - http://us-ca.proxymesh.com:31280 "GET http://cars.com///vehicledetail/3ea79e82-5164-4f5a-8165-30c3f4b2f755/ HTTP/1.1" 402 None
2023-08-10 08:00:21,012 - ERROR - list index out of range
Traceback (most recent call last):
  File "/Users/jonathanduberman/maverick_price_tool/maverick_price_scraper.py", line 112, in carsdotcom_datagrabber
    title = soup.findAll('title')[0].get_text().strip() #title format = used/new, make, model, trim, "for sale", price
IndexError: list index out of range
2023-08-10 08:00:21,016 - DEBUG - Starting new HTTP connection (1): us-ca.proxymesh.com:31280
2023-08-10 08:00:21,214 - DEBUG - http://us-ca.proxymesh.com:31280 "GET http://cars.com///vehicledetail/4989f724-366c-4fb2-a75c-6b6d7e657055/ HTTP/1.1" 402 None
2023-08-10 08:00:21,219 - ERROR - list index out of range
Traceback (most recent call last):
  File "/Users/jonathanduberman/maverick_price_tool/maverick_price_scraper.py", line 112, in carsdotcom_datagrabber
    title = soup.findAll('title')[0].get_text().strip() #title format = used/new, make, model, trim, "for sale", price
IndexError: list index out of range
2023-08-10 08:00:21,224 - DEBUG - Starting new HTTP connection (1): us-ca.proxymesh.com:31280
2023-08-10 08:00:21,435 - DEBUG - http://us-ca.proxymesh.com:31280 "GET http://cars.com///vehicledetail/e2ca4035-c051-44da-acea-7e344b9952d9/ HTTP/1.1" 402 None
2023-08-10 08:00:21,437 - ERROR - list index out of range
Traceback (most recent call last):
  File "/Users/jonathanduberman/maverick_price_tool/maverick_price_scraper.py", line 112, in carsdotcom_datagrabber
    title = soup.findAll('title')[0].get_text().strip() #title format = used/new, make, model, trim, "for sale", price
IndexError: list index out of range
2023-08-10 08:00:21,441 - DEBUG - Starting new HTTP connection (1): us-ca.proxymesh.com:31280
2023-08-10 08:00:21,642 - DEBUG - http://us-ca.proxymesh.com:31280 "GET http://cars.com///vehicledetail/1d3ea4a8-4e5c-4c6a-a0e7-8ffae3833dca/ HTTP/1.1" 402 None
2023-08-10 08:00:21,644 - ERROR - list index out of range
Traceback (most recent call last):
  File "/Users/jonathanduberman/maverick_price_tool/maverick_price_scraper.py", line 112, in carsdotcom_datagrabber
    title = soup.findAll('title')[0].get_text().strip() #title format = used/new, make, model, trim, "for sale", price
IndexError: list index out of range
2023-08-10 08:00:21,648 - DEBUG - Starting new HTTP connection (1): us-ca.proxymesh.com:31280
2023-08-10 08:00:21,848 - DEBUG - http://us-ca.proxymesh.com:31280 "GET http://cars.com///vehicledetail/94de738f-f298-4e9e-9b1c-eaa57b51bfaa/ HTTP/1.1" 402 None
2023-08-10 08:00:21,850 - ERROR - list index out of range
Traceback (most recent call last):
  File "/Users/jonathanduberman/maverick_price_tool/maverick_price_scraper.py", line 112, in carsdotcom_datagrabber
    title = soup.findAll('title')[0].get_text().strip() #title format = used/new, make, model, trim, "for sale", price
IndexError: list index out of range
2023-08-10 08:00:21,855 - DEBUG - Starting new HTTP connection (1): us-ca.proxymesh.com:31280
2023-08-10 08:00:22,069 - DEBUG - http://us-ca.proxymesh.com:31280 "GET http://cars.com///vehicledetail/f2be79d5-3a51-4f31-ace6-749a89d0f68f/ HTTP/1.1" 402 None
2023-08-10 08:00:22,071 - ERROR - list index out of range
Traceback (most recent call last):
  File "/Users/jonathanduberman/maverick_price_tool/maverick_price_scraper.py", line 112, in carsdotcom_datagrabber
    title = soup.findAll('title')[0].get_text().strip() #title format = used/new, make, model, trim, "for sale", price
IndexError: list index out of range
2023-08-10 08:00:22,075 - DEBUG - Starting new HTTP connection (1): us-ca.proxymesh.com:31280
2023-08-10 08:00:22,328 - DEBUG - http://us-ca.proxymesh.com:31280 "GET http://cars.com///vehicledetail/7e151b4b-08f9-48e0-ae2c-fcef435bc1f6/ HTTP/1.1" 402 None
2023-08-10 08:00:22,330 - ERROR - list index out of range
Traceback (most recent call last):
  File "/Users/jonathanduberman/maverick_price_tool/maverick_price_scraper.py", line 112, in carsdotcom_datagrabber
    title = soup.findAll('title')[0].get_text().strip() #title format = used/new, make, model, trim, "for sale", price
IndexError: list index out of range
2023-08-10 08:00:22,334 - DEBUG - Starting new HTTP connection (1): us-ca.proxymesh.com:31280
2023-08-10 08:00:22,583 - DEBUG - http://us-ca.proxymesh.com:31280 "GET http://cars.com///vehicledetail/960db5ac-7779-47bc-ac06-06649c2d64ed/ HTTP/1.1" 402 None
2023-08-10 08:00:22,585 - ERROR - list index out of range
Traceback (most recent call last):
  File "/Users/jonathanduberman/maverick_price_tool/maverick_price_scraper.py", line 112, in carsdotcom_datagrabber
    title = soup.findAll('title')[0].get_text().strip() #title format = used/new, make, model, trim, "for sale", price
IndexError: list index out of range
2023-08-10 08:00:22,589 - DEBUG - Starting new HTTP connection (1): us-ca.proxymesh.com:31280
2023-08-10 08:00:22,781 - DEBUG - http://us-ca.proxymesh.com:31280 "GET http://cars.com///vehicledetail/f4a7b785-1ad4-4a18-84d7-7f14b3145943/ HTTP/1.1" 402 None
2023-08-10 08:00:22,782 - ERROR - list index out of range
Traceback (most recent call last):
  File "/Users/jonathanduberman/maverick_price_tool/maverick_price_scraper.py", line 112, in carsdotcom_datagrabber
    title = soup.findAll('title')[0].get_text().strip() #title format = used/new, make, model, trim, "for sale", price
IndexError: list index out of range
2023-08-10 08:00:22,787 - DEBUG - Starting new HTTP connection (1): us-ca.proxymesh.com:31280
2023-08-10 08:00:22,980 - DEBUG - http://us-ca.proxymesh.com:31280 "GET http://cars.com///vehicledetail/ce0426e5-1707-47c5-bd6c-4eb20565a9d7/ HTTP/1.1" 402 None
2023-08-10 08:00:22,981 - ERROR - list index out of range
Traceback (most recent call last):
  File "/Users/jonathanduberman/maverick_price_tool/maverick_price_scraper.py", line 112, in carsdotcom_datagrabber
    title = soup.findAll('title')[0].get_text().strip() #title format = used/new, make, model, trim, "for sale", price
IndexError: list index out of range
2023-08-10 08:00:22,986 - DEBUG - Starting new HTTP connection (1): us-ca.proxymesh.com:31280
2023-08-10 08:00:23,191 - DEBUG - http://us-ca.proxymesh.com:31280 "GET http://cars.com///vehicledetail/a4075be5-6560-4b8e-8aa9-e4d661c473fe/ HTTP/1.1" 402 None
2023-08-10 08:00:23,194 - ERROR - list index out of range
Traceback (most recent call last):
  File "/Users/jonathanduberman/maverick_price_tool/maverick_price_scraper.py", line 112, in carsdotcom_datagrabber
    title = soup.findAll('title')[0].get_text().strip() #title format = used/new, make, model, trim, "for sale", price
IndexError: list index out of range
2023-08-10 08:00:23,198 - DEBUG - Starting new HTTP connection (1): us-ca.proxymesh.com:31280
2023-08-10 08:00:23,516 - DEBUG - http://us-ca.proxymesh.com:31280 "GET http://cars.com///vehicledetail/07998c9e-d4a8-4819-ab9e-b698477010a9/ HTTP/1.1" 402 None
2023-08-10 08:00:23,518 - ERROR - list index out of range
Traceback (most recent call last):
  File "/Users/jonathanduberman/maverick_price_tool/maverick_price_scraper.py", line 112, in carsdotcom_datagrabber
    title = soup.findAll('title')[0].get_text().strip() #title format = used/new, make, model, trim, "for sale", price
IndexError: list index out of range
2023-08-10 08:00:23,522 - DEBUG - Starting new HTTP connection (1): us-ca.proxymesh.com:31280
2023-08-10 08:00:23,726 - DEBUG - http://us-ca.proxymesh.com:31280 "GET http://cars.com///vehicledetail/d6ebe139-48dc-4c9e-902f-02f44da40b15/ HTTP/1.1" 402 None
2023-08-10 08:00:23,727 - ERROR - list index out of range
Traceback (most recent call last):
  File "/Users/jonathanduberman/maverick_price_tool/maverick_price_scraper.py", line 112, in carsdotcom_datagrabber
    title = soup.findAll('title')[0].get_text().strip() #title format = used/new, make, model, trim, "for sale", price
IndexError: list index out of range
2023-08-10 08:00:23,732 - DEBUG - Starting new HTTP connection (1): us-ca.proxymesh.com:31280
2023-08-10 08:00:23,943 - DEBUG - http://us-ca.proxymesh.com:31280 "GET http://cars.com///vehicledetail/e5262e1b-d69b-466a-a9da-237f2db8ba7f/ HTTP/1.1" 402 None
2023-08-10 08:00:23,944 - ERROR - list index out of range
Traceback (most recent call last):
  File "/Users/jonathanduberman/maverick_price_tool/maverick_price_scraper.py", line 112, in carsdotcom_datagrabber
    title = soup.findAll('title')[0].get_text().strip() #title format = used/new, make, model, trim, "for sale", price
IndexError: list index out of range
2023-08-10 08:00:23,949 - DEBUG - Starting new HTTP connection (1): us-ca.proxymesh.com:31280
2023-08-10 08:00:24,148 - DEBUG - http://us-ca.proxymesh.com:31280 "GET http://cars.com///vehicledetail/759ebf73-cbe4-40f4-81ab-963342b7d46c/ HTTP/1.1" 402 None
2023-08-10 08:00:24,150 - ERROR - list index out of range
Traceback (most recent call last):
  File "/Users/jonathanduberman/maverick_price_tool/maverick_price_scraper.py", line 112, in carsdotcom_datagrabber
    title = soup.findAll('title')[0].get_text().strip() #title format = used/new, make, model, trim, "for sale", price
IndexError: list index out of range
2023-08-10 08:00:24,154 - DEBUG - Starting new HTTP connection (1): us-ca.proxymesh.com:31280
2023-08-10 08:00:24,411 - DEBUG - http://us-ca.proxymesh.com:31280 "GET http://cars.com///vehicledetail/80f9aff8-ce71-4d84-9324-c33390d335aa/ HTTP/1.1" 402 None
2023-08-10 08:00:24,412 - ERROR - list index out of range
Traceback (most recent call last):
  File "/Users/jonathanduberman/maverick_price_tool/maverick_price_scraper.py", line 112, in carsdotcom_datagrabber
    title = soup.findAll('title')[0].get_text().strip() #title format = used/new, make, model, trim, "for sale", price
IndexError: list index out of range
2023-08-10 08:00:24,417 - DEBUG - Starting new HTTP connection (1): us-ca.proxymesh.com:31280
2023-08-10 08:00:24,621 - DEBUG - http://us-ca.proxymesh.com:31280 "GET http://cars.com///vehicledetail/dfaf04cd-ba8a-424c-8434-51539621fd77/ HTTP/1.1" 402 None
2023-08-10 08:00:24,623 - ERROR - list index out of range
Traceback (most recent call last):
  File "/Users/jonathanduberman/maverick_price_tool/maverick_price_scraper.py", line 112, in carsdotcom_datagrabber
    title = soup.findAll('title')[0].get_text().strip() #title format = used/new, make, model, trim, "for sale", price
IndexError: list index out of range
2023-08-10 08:00:24,627 - DEBUG - Starting new HTTP connection (1): us-ca.proxymesh.com:31280
2023-08-10 08:00:24,818 - DEBUG - http://us-ca.proxymesh.com:31280 "GET http://cars.com///vehicledetail/2ac701b9-fdb2-433e-931c-a7fae9bee264/ HTTP/1.1" 402 None
2023-08-10 08:00:24,820 - ERROR - list index out of range
Traceback (most recent call last):
  File "/Users/jonathanduberman/maverick_price_tool/maverick_price_scraper.py", line 112, in carsdotcom_datagrabber
    title = soup.findAll('title')[0].get_text().strip() #title format = used/new, make, model, trim, "for sale", price
IndexError: list index out of range
2023-08-10 08:00:24,825 - DEBUG - Starting new HTTP connection (1): us-ca.proxymesh.com:31280
2023-08-10 08:00:25,029 - DEBUG - http://us-ca.proxymesh.com:31280 "GET http://cars.com///vehicledetail/94f4dfa0-586f-4b9b-ace3-d28b60b09015/ HTTP/1.1" 402 None
2023-08-10 08:00:25,030 - ERROR - list index out of range
Traceback (most recent call last):
  File "/Users/jonathanduberman/maverick_price_tool/maverick_price_scraper.py", line 112, in carsdotcom_datagrabber
    title = soup.findAll('title')[0].get_text().strip() #title format = used/new, make, model, trim, "for sale", price
IndexError: list index out of range
2023-08-10 08:00:25,035 - DEBUG - Starting new HTTP connection (1): us-ca.proxymesh.com:31280
2023-08-10 08:00:25,247 - DEBUG - http://us-ca.proxymesh.com:31280 "GET http://cars.com///vehicledetail/e81116c0-5a33-4bf8-807e-58745b82c7af/ HTTP/1.1" 402 None
2023-08-10 08:00:25,248 - ERROR - list index out of range
Traceback (most recent call last):
  File "/Users/jonathanduberman/maverick_price_tool/maverick_price_scraper.py", line 112, in carsdotcom_datagrabber
    title = soup.findAll('title')[0].get_text().strip() #title format = used/new, make, model, trim, "for sale", price
IndexError: list index out of range
2023-08-10 08:00:25,253 - DEBUG - Starting new HTTP connection (1): us-ca.proxymesh.com:31280
2023-08-10 08:00:25,457 - DEBUG - http://us-ca.proxymesh.com:31280 "GET http://cars.com///vehicledetail/bba04958-cd44-4a3e-88a1-b43f6a41c9bb/ HTTP/1.1" 402 None
2023-08-10 08:00:25,459 - ERROR - list index out of range
Traceback (most recent call last):
  File "/Users/jonathanduberman/maverick_price_tool/maverick_price_scraper.py", line 112, in carsdotcom_datagrabber
    title = soup.findAll('title')[0].get_text().strip() #title format = used/new, make, model, trim, "for sale", price
IndexError: list index out of range
2023-08-10 08:00:25,463 - DEBUG - Starting new HTTP connection (1): us-ca.proxymesh.com:31280
2023-08-10 08:00:25,662 - DEBUG - http://us-ca.proxymesh.com:31280 "GET http://cars.com///vehicledetail/4ef99b77-9734-4a16-9937-aa5750db4101/ HTTP/1.1" 402 None
2023-08-10 08:00:25,664 - ERROR - list index out of range
Traceback (most recent call last):
  File "/Users/jonathanduberman/maverick_price_tool/maverick_price_scraper.py", line 112, in carsdotcom_datagrabber
    title = soup.findAll('title')[0].get_text().strip() #title format = used/new, make, model, trim, "for sale", price
IndexError: list index out of range
2023-08-10 08:00:25,668 - DEBUG - Starting new HTTP connection (1): us-ca.proxymesh.com:31280
2023-08-10 08:00:25,872 - DEBUG - http://us-ca.proxymesh.com:31280 "GET http://cars.com///vehicledetail/f99de01c-84b0-4892-a610-7948ac739a14/ HTTP/1.1" 402 None
2023-08-10 08:00:25,873 - ERROR - list index out of range
Traceback (most recent call last):
  File "/Users/jonathanduberman/maverick_price_tool/maverick_price_scraper.py", line 112, in carsdotcom_datagrabber
    title = soup.findAll('title')[0].get_text().strip() #title format = used/new, make, model, trim, "for sale", price
IndexError: list index out of range
2023-08-10 08:00:25,878 - DEBUG - Starting new HTTP connection (1): us-ca.proxymesh.com:31280
2023-08-10 08:00:26,083 - DEBUG - http://us-ca.proxymesh.com:31280 "GET http://cars.com///vehicledetail/67450f1a-0bd8-4ffa-b212-d28802a1780c/ HTTP/1.1" 402 None
2023-08-10 08:00:26,085 - ERROR - list index out of range
Traceback (most recent call last):
  File "/Users/jonathanduberman/maverick_price_tool/maverick_price_scraper.py", line 112, in carsdotcom_datagrabber
    title = soup.findAll('title')[0].get_text().strip() #title format = used/new, make, model, trim, "for sale", price
IndexError: list index out of range
2023-08-10 08:00:26,089 - DEBUG - Starting new HTTP connection (1): us-ca.proxymesh.com:31280
2023-08-10 08:00:26,326 - DEBUG - http://us-ca.proxymesh.com:31280 "GET http://cars.com///vehicledetail/460c85eb-9453-4043-85ab-61513bd0e8bc/ HTTP/1.1" 402 None
2023-08-10 08:00:26,329 - ERROR - list index out of range
Traceback (most recent call last):
  File "/Users/jonathanduberman/maverick_price_tool/maverick_price_scraper.py", line 112, in carsdotcom_datagrabber
    title = soup.findAll('title')[0].get_text().strip() #title format = used/new, make, model, trim, "for sale", price
IndexError: list index out of range
2023-08-10 08:00:26,333 - DEBUG - Starting new HTTP connection (1): us-ca.proxymesh.com:31280
2023-08-10 08:00:26,540 - DEBUG - http://us-ca.proxymesh.com:31280 "GET http://cars.com///vehicledetail/f546266d-6622-4069-bc46-4431f8d62e9b/ HTTP/1.1" 402 None
2023-08-10 08:00:26,541 - ERROR - list index out of range
Traceback (most recent call last):
  File "/Users/jonathanduberman/maverick_price_tool/maverick_price_scraper.py", line 112, in carsdotcom_datagrabber
    title = soup.findAll('title')[0].get_text().strip() #title format = used/new, make, model, trim, "for sale", price
IndexError: list index out of range
2023-08-10 08:00:26,546 - DEBUG - Starting new HTTP connection (1): us-ca.proxymesh.com:31280
2023-08-10 08:00:26,746 - DEBUG - http://us-ca.proxymesh.com:31280 "GET http://cars.com///vehicledetail/757d7457-62f2-4843-8350-7e4d689e5938/ HTTP/1.1" 402 None
2023-08-10 08:00:26,749 - ERROR - list index out of range
Traceback (most recent call last):
  File "/Users/jonathanduberman/maverick_price_tool/maverick_price_scraper.py", line 112, in carsdotcom_datagrabber
    title = soup.findAll('title')[0].get_text().strip() #title format = used/new, make, model, trim, "for sale", price
IndexError: list index out of range
2023-08-10 08:00:26,753 - DEBUG - Starting new HTTP connection (1): us-ca.proxymesh.com:31280
2023-08-10 08:00:26,953 - DEBUG - http://us-ca.proxymesh.com:31280 "GET http://cars.com///vehicledetail/c6ef451a-1655-4d95-a125-908a1a66b42a/ HTTP/1.1" 402 None
2023-08-10 08:00:26,955 - ERROR - list index out of range
Traceback (most recent call last):
  File "/Users/jonathanduberman/maverick_price_tool/maverick_price_scraper.py", line 112, in carsdotcom_datagrabber
    title = soup.findAll('title')[0].get_text().strip() #title format = used/new, make, model, trim, "for sale", price
IndexError: list index out of range
2023-08-10 08:00:26,959 - DEBUG - Starting new HTTP connection (1): us-ca.proxymesh.com:31280
2023-08-10 08:00:27,152 - DEBUG - http://us-ca.proxymesh.com:31280 "GET http://cars.com///vehicledetail/cb3d6421-a487-45e6-ad93-4e1d45f610b7/ HTTP/1.1" 402 None
2023-08-10 08:00:27,154 - ERROR - list index out of range
Traceback (most recent call last):
  File "/Users/jonathanduberman/maverick_price_tool/maverick_price_scraper.py", line 112, in carsdotcom_datagrabber
    title = soup.findAll('title')[0].get_text().strip() #title format = used/new, make, model, trim, "for sale", price
IndexError: list index out of range
2023-08-10 08:00:27,159 - DEBUG - Starting new HTTP connection (1): us-ca.proxymesh.com:31280
2023-08-10 08:00:27,366 - DEBUG - http://us-ca.proxymesh.com:31280 "GET http://cars.com///vehicledetail/8c9c36d0-8ea2-4639-833d-0b188992b55b/ HTTP/1.1" 402 None
2023-08-10 08:00:27,367 - ERROR - list index out of range
Traceback (most recent call last):
  File "/Users/jonathanduberman/maverick_price_tool/maverick_price_scraper.py", line 112, in carsdotcom_datagrabber
    title = soup.findAll('title')[0].get_text().strip() #title format = used/new, make, model, trim, "for sale", price
IndexError: list index out of range
2023-08-10 08:00:27,372 - DEBUG - Starting new HTTP connection (1): us-ca.proxymesh.com:31280
2023-08-10 08:00:27,583 - DEBUG - http://us-ca.proxymesh.com:31280 "GET http://cars.com///vehicledetail/7c493e54-a8fc-496c-996e-ba85a30d37ec/ HTTP/1.1" 402 None
2023-08-10 08:00:27,584 - ERROR - list index out of range
Traceback (most recent call last):
  File "/Users/jonathanduberman/maverick_price_tool/maverick_price_scraper.py", line 112, in carsdotcom_datagrabber
    title = soup.findAll('title')[0].get_text().strip() #title format = used/new, make, model, trim, "for sale", price
IndexError: list index out of range
2023-08-10 08:00:27,589 - DEBUG - Starting new HTTP connection (1): us-ca.proxymesh.com:31280
2023-08-10 08:00:27,794 - DEBUG - http://us-ca.proxymesh.com:31280 "GET http://cars.com///vehicledetail/e4ad4737-7833-4455-bb01-9f7d4cb71401/ HTTP/1.1" 402 None
2023-08-10 08:00:27,796 - ERROR - list index out of range
Traceback (most recent call last):
  File "/Users/jonathanduberman/maverick_price_tool/maverick_price_scraper.py", line 112, in carsdotcom_datagrabber
    title = soup.findAll('title')[0].get_text().strip() #title format = used/new, make, model, trim, "for sale", price
IndexError: list index out of range
2023-08-10 08:00:27,800 - DEBUG - Starting new HTTP connection (1): us-ca.proxymesh.com:31280
2023-08-10 08:00:28,003 - DEBUG - http://us-ca.proxymesh.com:31280 "GET http://cars.com///vehicledetail/afc509d4-f690-4d19-a9ba-c5941cfdc423/ HTTP/1.1" 402 None
2023-08-10 08:00:28,004 - ERROR - list index out of range
Traceback (most recent call last):
  File "/Users/jonathanduberman/maverick_price_tool/maverick_price_scraper.py", line 112, in carsdotcom_datagrabber
    title = soup.findAll('title')[0].get_text().strip() #title format = used/new, make, model, trim, "for sale", price
IndexError: list index out of range
2023-08-10 08:00:28,009 - DEBUG - Starting new HTTP connection (1): us-ca.proxymesh.com:31280
2023-08-10 08:00:28,215 - DEBUG - http://us-ca.proxymesh.com:31280 "GET http://cars.com///vehicledetail/84940b5a-f027-4266-88b9-ebdbed63bf7a/ HTTP/1.1" 402 None
2023-08-10 08:00:28,216 - ERROR - list index out of range
Traceback (most recent call last):
  File "/Users/jonathanduberman/maverick_price_tool/maverick_price_scraper.py", line 112, in carsdotcom_datagrabber
    title = soup.findAll('title')[0].get_text().strip() #title format = used/new, make, model, trim, "for sale", price
IndexError: list index out of range
2023-08-10 08:00:28,221 - DEBUG - Starting new HTTP connection (1): us-ca.proxymesh.com:31280
2023-08-10 08:00:28,427 - DEBUG - http://us-ca.proxymesh.com:31280 "GET http://cars.com///vehicledetail/86f89a0b-9c79-41a6-a83f-6c31b9977e7e/ HTTP/1.1" 402 None
2023-08-10 08:00:28,428 - ERROR - list index out of range
Traceback (most recent call last):
  File "/Users/jonathanduberman/maverick_price_tool/maverick_price_scraper.py", line 112, in carsdotcom_datagrabber
    title = soup.findAll('title')[0].get_text().strip() #title format = used/new, make, model, trim, "for sale", price
IndexError: list index out of range
2023-08-10 08:00:28,433 - DEBUG - Starting new HTTP connection (1): us-ca.proxymesh.com:31280
2023-08-10 08:00:28,669 - DEBUG - http://us-ca.proxymesh.com:31280 "GET http://cars.com///vehicledetail/4f81975d-c0d1-4db4-9b9f-ab008ee616f1/ HTTP/1.1" 402 None
2023-08-10 08:00:28,671 - ERROR - list index out of range
Traceback (most recent call last):
  File "/Users/jonathanduberman/maverick_price_tool/maverick_price_scraper.py", line 112, in carsdotcom_datagrabber
    title = soup.findAll('title')[0].get_text().strip() #title format = used/new, make, model, trim, "for sale", price
IndexError: list index out of range
2023-08-10 08:00:28,675 - DEBUG - Starting new HTTP connection (1): us-ca.proxymesh.com:31280
2023-08-10 08:00:28,876 - DEBUG - http://us-ca.proxymesh.com:31280 "GET http://cars.com///vehicledetail/be41a798-07e6-4885-92d1-6d202a739cfb/ HTTP/1.1" 402 None
2023-08-10 08:00:28,878 - ERROR - list index out of range
Traceback (most recent call last):
  File "/Users/jonathanduberman/maverick_price_tool/maverick_price_scraper.py", line 112, in carsdotcom_datagrabber
    title = soup.findAll('title')[0].get_text().strip() #title format = used/new, make, model, trim, "for sale", price
IndexError: list index out of range
2023-08-10 08:00:28,882 - DEBUG - Starting new HTTP connection (1): us-ca.proxymesh.com:31280
2023-08-10 08:00:29,081 - DEBUG - http://us-ca.proxymesh.com:31280 "GET http://cars.com///vehicledetail/3294e797-76dd-4781-9483-c1de83f2d20b/ HTTP/1.1" 402 None
2023-08-10 08:00:29,083 - ERROR - list index out of range
Traceback (most recent call last):
  File "/Users/jonathanduberman/maverick_price_tool/maverick_price_scraper.py", line 112, in carsdotcom_datagrabber
    title = soup.findAll('title')[0].get_text().strip() #title format = used/new, make, model, trim, "for sale", price
IndexError: list index out of range
2023-08-10 08:00:29,087 - DEBUG - Starting new HTTP connection (1): us-ca.proxymesh.com:31280
2023-08-10 08:00:29,293 - DEBUG - http://us-ca.proxymesh.com:31280 "GET http://cars.com///vehicledetail/54a0e104-5760-43b3-ac8f-f78b2c213d94/ HTTP/1.1" 402 None
2023-08-10 08:00:29,295 - ERROR - list index out of range
Traceback (most recent call last):
  File "/Users/jonathanduberman/maverick_price_tool/maverick_price_scraper.py", line 112, in carsdotcom_datagrabber
    title = soup.findAll('title')[0].get_text().strip() #title format = used/new, make, model, trim, "for sale", price
IndexError: list index out of range
2023-08-10 08:00:29,298 - DEBUG - Starting new HTTP connection (1): us-ca.proxymesh.com:31280
2023-08-10 08:00:29,515 - DEBUG - http://us-ca.proxymesh.com:31280 "GET http://cars.com///vehicledetail/c9835d48-8c8c-4738-923d-7e97cf599135/ HTTP/1.1" 402 None
2023-08-10 08:00:29,516 - ERROR - list index out of range
Traceback (most recent call last):
  File "/Users/jonathanduberman/maverick_price_tool/maverick_price_scraper.py", line 112, in carsdotcom_datagrabber
    title = soup.findAll('title')[0].get_text().strip() #title format = used/new, make, model, trim, "for sale", price
IndexError: list index out of range
2023-08-10 08:00:29,518 - DEBUG - Starting new HTTP connection (1): us-ca.proxymesh.com:31280
2023-08-10 08:00:29,728 - DEBUG - http://us-ca.proxymesh.com:31280 "GET http://cars.com///vehicledetail/6a4c4f4f-98ad-4eee-9c44-e24eadca11fc/ HTTP/1.1" 402 None
2023-08-10 08:00:29,741 - ERROR - list index out of range
Traceback (most recent call last):
  File "/Users/jonathanduberman/maverick_price_tool/maverick_price_scraper.py", line 112, in carsdotcom_datagrabber
    title = soup.findAll('title')[0].get_text().strip() #title format = used/new, make, model, trim, "for sale", price
IndexError: list index out of range
2023-08-10 08:00:29,756 - DEBUG - Starting new HTTP connection (1): us-ca.proxymesh.com:31280
2023-08-10 08:00:29,964 - DEBUG - http://us-ca.proxymesh.com:31280 "GET http://cars.com///vehicledetail/90e2c783-efb2-4d6d-bd66-13d5f2967031/ HTTP/1.1" 402 None
2023-08-10 08:00:29,965 - ERROR - list index out of range
Traceback (most recent call last):
  File "/Users/jonathanduberman/maverick_price_tool/maverick_price_scraper.py", line 112, in carsdotcom_datagrabber
    title = soup.findAll('title')[0].get_text().strip() #title format = used/new, make, model, trim, "for sale", price
IndexError: list index out of range
2023-08-10 08:00:29,968 - DEBUG - Starting new HTTP connection (1): us-ca.proxymesh.com:31280
2023-08-10 08:00:30,172 - DEBUG - http://us-ca.proxymesh.com:31280 "GET http://cars.com///vehicledetail/aac7b936-9beb-46fa-96a3-53b8f1d07c5d/ HTTP/1.1" 402 None
2023-08-10 08:00:30,174 - ERROR - list index out of range
Traceback (most recent call last):
  File "/Users/jonathanduberman/maverick_price_tool/maverick_price_scraper.py", line 112, in carsdotcom_datagrabber
    title = soup.findAll('title')[0].get_text().strip() #title format = used/new, make, model, trim, "for sale", price
IndexError: list index out of range
2023-08-10 08:00:30,178 - DEBUG - Starting new HTTP connection (1): us-ca.proxymesh.com:31280
2023-08-10 08:00:30,382 - DEBUG - http://us-ca.proxymesh.com:31280 "GET http://cars.com///vehicledetail/48396c9f-9c8c-45c0-a046-809091ea2b4c/ HTTP/1.1" 402 None
2023-08-10 08:00:30,383 - ERROR - list index out of range
Traceback (most recent call last):
  File "/Users/jonathanduberman/maverick_price_tool/maverick_price_scraper.py", line 112, in carsdotcom_datagrabber
    title = soup.findAll('title')[0].get_text().strip() #title format = used/new, make, model, trim, "for sale", price
IndexError: list index out of range
2023-08-10 08:00:30,385 - DEBUG - Starting new HTTP connection (1): us-ca.proxymesh.com:31280
2023-08-10 08:00:30,578 - DEBUG - http://us-ca.proxymesh.com:31280 "GET http://cars.com///vehicledetail/9768d070-5015-4f06-81bd-0dd5507c4f22/ HTTP/1.1" 402 None
2023-08-10 08:00:30,579 - ERROR - list index out of range
Traceback (most recent call last):
  File "/Users/jonathanduberman/maverick_price_tool/maverick_price_scraper.py", line 112, in carsdotcom_datagrabber
    title = soup.findAll('title')[0].get_text().strip() #title format = used/new, make, model, trim, "for sale", price
IndexError: list index out of range
2023-08-10 08:00:30,582 - DEBUG - Starting new HTTP connection (1): us-ca.proxymesh.com:31280
2023-08-10 08:00:30,797 - DEBUG - http://us-ca.proxymesh.com:31280 "GET http://cars.com///vehicledetail/84c59e1f-21a1-4fa6-a169-c1fb10e9924c/ HTTP/1.1" 402 None
2023-08-10 08:00:30,798 - ERROR - list index out of range
Traceback (most recent call last):
  File "/Users/jonathanduberman/maverick_price_tool/maverick_price_scraper.py", line 112, in carsdotcom_datagrabber
    title = soup.findAll('title')[0].get_text().strip() #title format = used/new, make, model, trim, "for sale", price
IndexError: list index out of range
2023-08-10 08:00:30,801 - DEBUG - Starting new HTTP connection (1): us-ca.proxymesh.com:31280
2023-08-10 08:00:31,002 - DEBUG - http://us-ca.proxymesh.com:31280 "GET http://cars.com///vehicledetail/727ed61c-b972-4ab3-9ba6-5e6f54c3e1ce/ HTTP/1.1" 402 None
2023-08-10 08:00:31,009 - ERROR - list index out of range
Traceback (most recent call last):
  File "/Users/jonathanduberman/maverick_price_tool/maverick_price_scraper.py", line 112, in carsdotcom_datagrabber
    title = soup.findAll('title')[0].get_text().strip() #title format = used/new, make, model, trim, "for sale", price
IndexError: list index out of range
2023-08-10 08:00:31,034 - DEBUG - Starting new HTTP connection (1): us-ca.proxymesh.com:31280
2023-08-10 08:00:31,285 - DEBUG - http://us-ca.proxymesh.com:31280 "GET http://cars.com///vehicledetail/352274f6-eb88-4676-bb77-6322c5fb50e4/ HTTP/1.1" 402 None
2023-08-10 08:00:31,287 - ERROR - list index out of range
Traceback (most recent call last):
  File "/Users/jonathanduberman/maverick_price_tool/maverick_price_scraper.py", line 112, in carsdotcom_datagrabber
    title = soup.findAll('title')[0].get_text().strip() #title format = used/new, make, model, trim, "for sale", price
IndexError: list index out of range
2023-08-10 08:00:31,291 - DEBUG - Starting new HTTP connection (1): us-ca.proxymesh.com:31280
2023-08-10 08:00:31,499 - DEBUG - http://us-ca.proxymesh.com:31280 "GET http://cars.com///vehicledetail/0594cbbb-5712-4c9e-9085-0402f426ed5f/ HTTP/1.1" 402 None
2023-08-10 08:00:31,500 - ERROR - list index out of range
Traceback (most recent call last):
  File "/Users/jonathanduberman/maverick_price_tool/maverick_price_scraper.py", line 112, in carsdotcom_datagrabber
    title = soup.findAll('title')[0].get_text().strip() #title format = used/new, make, model, trim, "for sale", price
IndexError: list index out of range
2023-08-10 08:00:31,505 - DEBUG - Starting new HTTP connection (1): us-ca.proxymesh.com:31280
2023-08-10 08:00:31,710 - DEBUG - http://us-ca.proxymesh.com:31280 "GET http://cars.com///vehicledetail/72ebefeb-3573-4555-a81f-1a4a3a6d38da/ HTTP/1.1" 402 None
2023-08-10 08:00:31,711 - ERROR - list index out of range
Traceback (most recent call last):
  File "/Users/jonathanduberman/maverick_price_tool/maverick_price_scraper.py", line 112, in carsdotcom_datagrabber
    title = soup.findAll('title')[0].get_text().strip() #title format = used/new, make, model, trim, "for sale", price
IndexError: list index out of range
2023-08-10 08:00:31,716 - DEBUG - Starting new HTTP connection (1): us-ca.proxymesh.com:31280
2023-08-10 08:00:31,926 - DEBUG - http://us-ca.proxymesh.com:31280 "GET http://cars.com///vehicledetail/a98eebf8-e1e1-48b1-b11e-f90ed3f58e34/ HTTP/1.1" 402 None
2023-08-10 08:00:31,928 - ERROR - list index out of range
Traceback (most recent call last):
  File "/Users/jonathanduberman/maverick_price_tool/maverick_price_scraper.py", line 112, in carsdotcom_datagrabber
    title = soup.findAll('title')[0].get_text().strip() #title format = used/new, make, model, trim, "for sale", price
IndexError: list index out of range
2023-08-10 08:00:31,932 - DEBUG - Starting new HTTP connection (1): us-ca.proxymesh.com:31280
2023-08-10 08:00:32,133 - DEBUG - http://us-ca.proxymesh.com:31280 "GET http://cars.com///vehicledetail/37c6d33a-153d-4c61-a6f9-26dadca990a8/ HTTP/1.1" 402 None
2023-08-10 08:00:32,134 - ERROR - list index out of range
Traceback (most recent call last):
  File "/Users/jonathanduberman/maverick_price_tool/maverick_price_scraper.py", line 112, in carsdotcom_datagrabber
    title = soup.findAll('title')[0].get_text().strip() #title format = used/new, make, model, trim, "for sale", price
IndexError: list index out of range
2023-08-10 08:00:32,139 - DEBUG - Starting new HTTP connection (1): us-ca.proxymesh.com:31280
2023-08-10 08:00:32,340 - DEBUG - http://us-ca.proxymesh.com:31280 "GET http://cars.com///vehicledetail/78454f89-966c-489c-b85f-0521a583972e/ HTTP/1.1" 402 None
2023-08-10 08:00:32,342 - ERROR - list index out of range
Traceback (most recent call last):
  File "/Users/jonathanduberman/maverick_price_tool/maverick_price_scraper.py", line 112, in carsdotcom_datagrabber
    title = soup.findAll('title')[0].get_text().strip() #title format = used/new, make, model, trim, "for sale", price
IndexError: list index out of range
2023-08-10 08:00:32,347 - DEBUG - Starting new HTTP connection (1): us-ca.proxymesh.com:31280
2023-08-10 08:00:32,620 - DEBUG - http://us-ca.proxymesh.com:31280 "GET http://cars.com///vehicledetail/04bf0dc1-aef5-4b45-8e68-b4ca4e3878cf/ HTTP/1.1" 402 None
2023-08-10 08:00:32,622 - ERROR - list index out of range
Traceback (most recent call last):
  File "/Users/jonathanduberman/maverick_price_tool/maverick_price_scraper.py", line 112, in carsdotcom_datagrabber
    title = soup.findAll('title')[0].get_text().strip() #title format = used/new, make, model, trim, "for sale", price
IndexError: list index out of range
2023-08-10 08:00:32,627 - DEBUG - Starting new HTTP connection (1): us-ca.proxymesh.com:31280
2023-08-10 08:00:32,838 - DEBUG - http://us-ca.proxymesh.com:31280 "GET http://cars.com///vehicledetail/9d4b5092-0db7-42c2-81b8-96024773123e/ HTTP/1.1" 402 None
2023-08-10 08:00:32,840 - ERROR - list index out of range
Traceback (most recent call last):
  File "/Users/jonathanduberman/maverick_price_tool/maverick_price_scraper.py", line 112, in carsdotcom_datagrabber
    title = soup.findAll('title')[0].get_text().strip() #title format = used/new, make, model, trim, "for sale", price
IndexError: list index out of range
2023-08-10 08:00:32,844 - DEBUG - Starting new HTTP connection (1): us-ca.proxymesh.com:31280
2023-08-10 08:00:33,111 - DEBUG - http://us-ca.proxymesh.com:31280 "GET http://cars.com///vehicledetail/ac1cf830-4395-44cc-b394-c2f9e35c7bda/ HTTP/1.1" 402 None
2023-08-10 08:00:33,112 - ERROR - list index out of range
Traceback (most recent call last):
  File "/Users/jonathanduberman/maverick_price_tool/maverick_price_scraper.py", line 112, in carsdotcom_datagrabber
    title = soup.findAll('title')[0].get_text().strip() #title format = used/new, make, model, trim, "for sale", price
IndexError: list index out of range
2023-08-10 08:00:33,117 - DEBUG - Starting new HTTP connection (1): us-ca.proxymesh.com:31280
2023-08-10 08:00:33,321 - DEBUG - http://us-ca.proxymesh.com:31280 "GET http://cars.com///vehicledetail/8e09c05c-5566-48e1-9ad0-82686bb8bc0a/ HTTP/1.1" 402 None
2023-08-10 08:00:33,322 - ERROR - list index out of range
Traceback (most recent call last):
  File "/Users/jonathanduberman/maverick_price_tool/maverick_price_scraper.py", line 112, in carsdotcom_datagrabber
    title = soup.findAll('title')[0].get_text().strip() #title format = used/new, make, model, trim, "for sale", price
IndexError: list index out of range
2023-08-10 08:00:33,327 - DEBUG - Starting new HTTP connection (1): us-ca.proxymesh.com:31280
2023-08-10 08:00:33,532 - DEBUG - http://us-ca.proxymesh.com:31280 "GET http://cars.com///vehicledetail/ab08fe60-0247-4057-8e6b-977317e9f6a4/ HTTP/1.1" 402 None
2023-08-10 08:00:33,534 - ERROR - list index out of range
Traceback (most recent call last):
  File "/Users/jonathanduberman/maverick_price_tool/maverick_price_scraper.py", line 112, in carsdotcom_datagrabber
    title = soup.findAll('title')[0].get_text().strip() #title format = used/new, make, model, trim, "for sale", price
IndexError: list index out of range
2023-08-10 08:00:33,538 - DEBUG - Starting new HTTP connection (1): us-ca.proxymesh.com:31280
2023-08-10 08:00:33,735 - DEBUG - http://us-ca.proxymesh.com:31280 "GET http://cars.com///vehicledetail/133ebd5b-9c08-4e78-9b78-a731d88a5763/ HTTP/1.1" 402 None
2023-08-10 08:00:33,736 - ERROR - list index out of range
Traceback (most recent call last):
  File "/Users/jonathanduberman/maverick_price_tool/maverick_price_scraper.py", line 112, in carsdotcom_datagrabber
    title = soup.findAll('title')[0].get_text().strip() #title format = used/new, make, model, trim, "for sale", price
IndexError: list index out of range
2023-08-10 08:00:33,745 - INFO - Scraping complete.  All available data has been scraped.
