2023-08-06 08:00:04,444 - DEBUG - Starting new HTTPS connection (1): www.cars.com:443
2023-08-06 08:00:05,648 - DEBUG - https://www.cars.com:443 "GET /shopping/results/?dealer_id=&keyword=&list_price_max=&list_price_min=&makes%5B%5D=ford&maximum_distance=all&mileage_max=&models%5B%5D=ford-maverick&page=1&page_size=100&sort=distance&stock_type=used&year_max=&year_min=&zip=28533 HTTP/1.1" 200 None
2023-08-06 08:00:06,948 - DEBUG - Starting new HTTPS connection (1): www.cars.com:443
2023-08-06 08:00:08,105 - DEBUG - https://www.cars.com:443 "GET /shopping/results/?dealer_id=&keyword=&list_price_max=&list_price_min=&makes%5B%5D=ford&maximum_distance=all&mileage_max=&models%5B%5D=ford-maverick&page=1&page_size=100&sort=distance&stock_type=used&year_max=&year_min=&zip=28533 HTTP/1.1" 200 None
2023-08-06 08:00:11,638 - DEBUG - Starting new HTTP connection (1): us-ca.proxymesh.com:31280
2023-08-06 08:00:12,188 - DEBUG - http://us-ca.proxymesh.com:31280 "GET http://cars.com///vehicledetail/b8fd4acc-cc97-4f5a-ac15-10a6f84c937e/ HTTP/1.1" 402 None
2023-08-06 08:00:12,194 - ERROR - list index out of range
Traceback (most recent call last):
  File "/Users/jonathanduberman/maverick_price_tool/maverick_price_scraper.py", line 112, in carsdotcom_datagrabber
    title = soup.findAll('title')[0].get_text().strip() #title format = used/new, make, model, trim, "for sale", price
IndexError: list index out of range
2023-08-06 08:00:12,199 - DEBUG - Starting new HTTP connection (1): us-ca.proxymesh.com:31280
2023-08-06 08:00:12,452 - DEBUG - http://us-ca.proxymesh.com:31280 "GET http://cars.com///vehicledetail/2da57dcb-7d05-4479-8f03-054f65038d70/ HTTP/1.1" 402 None
2023-08-06 08:00:12,454 - ERROR - list index out of range
Traceback (most recent call last):
  File "/Users/jonathanduberman/maverick_price_tool/maverick_price_scraper.py", line 112, in carsdotcom_datagrabber
    title = soup.findAll('title')[0].get_text().strip() #title format = used/new, make, model, trim, "for sale", price
IndexError: list index out of range
2023-08-06 08:00:12,458 - DEBUG - Starting new HTTP connection (1): us-ca.proxymesh.com:31280
2023-08-06 08:00:12,712 - DEBUG - http://us-ca.proxymesh.com:31280 "GET http://cars.com///vehicledetail/f6456d55-9dc9-4fcd-8cfa-0d2b5639d605/ HTTP/1.1" 402 None
2023-08-06 08:00:12,716 - ERROR - list index out of range
Traceback (most recent call last):
  File "/Users/jonathanduberman/maverick_price_tool/maverick_price_scraper.py", line 112, in carsdotcom_datagrabber
    title = soup.findAll('title')[0].get_text().strip() #title format = used/new, make, model, trim, "for sale", price
IndexError: list index out of range
2023-08-06 08:00:12,721 - DEBUG - Starting new HTTP connection (1): us-ca.proxymesh.com:31280
2023-08-06 08:00:12,929 - DEBUG - http://us-ca.proxymesh.com:31280 "GET http://cars.com///vehicledetail/30aa460d-7275-48e4-bdec-a9da6f564631/ HTTP/1.1" 402 None
2023-08-06 08:00:12,930 - ERROR - list index out of range
Traceback (most recent call last):
  File "/Users/jonathanduberman/maverick_price_tool/maverick_price_scraper.py", line 112, in carsdotcom_datagrabber
    title = soup.findAll('title')[0].get_text().strip() #title format = used/new, make, model, trim, "for sale", price
IndexError: list index out of range
2023-08-06 08:00:12,935 - DEBUG - Starting new HTTP connection (1): us-ca.proxymesh.com:31280
2023-08-06 08:00:13,140 - DEBUG - http://us-ca.proxymesh.com:31280 "GET http://cars.com///vehicledetail/1d6f012f-799e-42d1-8b04-44ee5144d90d/ HTTP/1.1" 402 None
2023-08-06 08:00:13,141 - ERROR - list index out of range
Traceback (most recent call last):
  File "/Users/jonathanduberman/maverick_price_tool/maverick_price_scraper.py", line 112, in carsdotcom_datagrabber
    title = soup.findAll('title')[0].get_text().strip() #title format = used/new, make, model, trim, "for sale", price
IndexError: list index out of range
2023-08-06 08:00:13,146 - DEBUG - Starting new HTTP connection (1): us-ca.proxymesh.com:31280
2023-08-06 08:00:13,350 - DEBUG - http://us-ca.proxymesh.com:31280 "GET http://cars.com///vehicledetail/56a144e7-a837-40a4-95da-b8cf40519bea/ HTTP/1.1" 402 None
2023-08-06 08:00:13,352 - ERROR - list index out of range
Traceback (most recent call last):
  File "/Users/jonathanduberman/maverick_price_tool/maverick_price_scraper.py", line 112, in carsdotcom_datagrabber
    title = soup.findAll('title')[0].get_text().strip() #title format = used/new, make, model, trim, "for sale", price
IndexError: list index out of range
2023-08-06 08:00:13,356 - DEBUG - Starting new HTTP connection (1): us-ca.proxymesh.com:31280
2023-08-06 08:00:13,559 - DEBUG - http://us-ca.proxymesh.com:31280 "GET http://cars.com///vehicledetail/7ed7ed5d-f7bc-410f-a48d-a702a26f18f6/ HTTP/1.1" 402 None
2023-08-06 08:00:13,561 - ERROR - list index out of range
Traceback (most recent call last):
  File "/Users/jonathanduberman/maverick_price_tool/maverick_price_scraper.py", line 112, in carsdotcom_datagrabber
    title = soup.findAll('title')[0].get_text().strip() #title format = used/new, make, model, trim, "for sale", price
IndexError: list index out of range
2023-08-06 08:00:13,565 - DEBUG - Starting new HTTP connection (1): us-ca.proxymesh.com:31280
2023-08-06 08:00:13,761 - DEBUG - http://us-ca.proxymesh.com:31280 "GET http://cars.com///vehicledetail/4a829fbf-a2e7-44de-a223-5f3aa9c2b74c/ HTTP/1.1" 402 None
2023-08-06 08:00:13,763 - ERROR - list index out of range
Traceback (most recent call last):
  File "/Users/jonathanduberman/maverick_price_tool/maverick_price_scraper.py", line 112, in carsdotcom_datagrabber
    title = soup.findAll('title')[0].get_text().strip() #title format = used/new, make, model, trim, "for sale", price
IndexError: list index out of range
2023-08-06 08:00:13,768 - DEBUG - Starting new HTTP connection (1): us-ca.proxymesh.com:31280
2023-08-06 08:00:14,012 - DEBUG - http://us-ca.proxymesh.com:31280 "GET http://cars.com///vehicledetail/71161492-0363-4581-bb53-d7c8594658a4/ HTTP/1.1" 402 None
2023-08-06 08:00:14,013 - ERROR - list index out of range
Traceback (most recent call last):
  File "/Users/jonathanduberman/maverick_price_tool/maverick_price_scraper.py", line 112, in carsdotcom_datagrabber
    title = soup.findAll('title')[0].get_text().strip() #title format = used/new, make, model, trim, "for sale", price
IndexError: list index out of range
2023-08-06 08:00:14,018 - DEBUG - Starting new HTTP connection (1): us-ca.proxymesh.com:31280
2023-08-06 08:00:14,222 - DEBUG - http://us-ca.proxymesh.com:31280 "GET http://cars.com///vehicledetail/5ff372f4-b416-4320-9946-41b439ba524c/ HTTP/1.1" 402 None
2023-08-06 08:00:14,224 - ERROR - list index out of range
Traceback (most recent call last):
  File "/Users/jonathanduberman/maverick_price_tool/maverick_price_scraper.py", line 112, in carsdotcom_datagrabber
    title = soup.findAll('title')[0].get_text().strip() #title format = used/new, make, model, trim, "for sale", price
IndexError: list index out of range
2023-08-06 08:00:14,229 - DEBUG - Starting new HTTP connection (1): us-ca.proxymesh.com:31280
2023-08-06 08:00:14,426 - DEBUG - http://us-ca.proxymesh.com:31280 "GET http://cars.com///vehicledetail/78fd21f8-8d85-4840-b6ba-a12277a74394/ HTTP/1.1" 402 None
2023-08-06 08:00:14,428 - ERROR - list index out of range
Traceback (most recent call last):
  File "/Users/jonathanduberman/maverick_price_tool/maverick_price_scraper.py", line 112, in carsdotcom_datagrabber
    title = soup.findAll('title')[0].get_text().strip() #title format = used/new, make, model, trim, "for sale", price
IndexError: list index out of range
2023-08-06 08:00:14,432 - DEBUG - Starting new HTTP connection (1): us-ca.proxymesh.com:31280
2023-08-06 08:00:14,636 - DEBUG - http://us-ca.proxymesh.com:31280 "GET http://cars.com///vehicledetail/3e003be1-aa2f-4a43-9c35-3ff753ac84d9/ HTTP/1.1" 402 None
2023-08-06 08:00:14,638 - ERROR - list index out of range
Traceback (most recent call last):
  File "/Users/jonathanduberman/maverick_price_tool/maverick_price_scraper.py", line 112, in carsdotcom_datagrabber
    title = soup.findAll('title')[0].get_text().strip() #title format = used/new, make, model, trim, "for sale", price
IndexError: list index out of range
2023-08-06 08:00:14,642 - DEBUG - Starting new HTTP connection (1): us-ca.proxymesh.com:31280
2023-08-06 08:00:14,844 - DEBUG - http://us-ca.proxymesh.com:31280 "GET http://cars.com///vehicledetail/fa55873e-8819-4fb0-8a08-f000fac6e827/ HTTP/1.1" 402 None
2023-08-06 08:00:14,846 - ERROR - list index out of range
Traceback (most recent call last):
  File "/Users/jonathanduberman/maverick_price_tool/maverick_price_scraper.py", line 112, in carsdotcom_datagrabber
    title = soup.findAll('title')[0].get_text().strip() #title format = used/new, make, model, trim, "for sale", price
IndexError: list index out of range
2023-08-06 08:00:14,850 - DEBUG - Starting new HTTP connection (1): us-ca.proxymesh.com:31280
2023-08-06 08:00:15,069 - DEBUG - http://us-ca.proxymesh.com:31280 "GET http://cars.com///vehicledetail/9da5b7ad-ebe5-4519-88fa-62b2ac202fc2/ HTTP/1.1" 402 None
2023-08-06 08:00:15,071 - ERROR - list index out of range
Traceback (most recent call last):
  File "/Users/jonathanduberman/maverick_price_tool/maverick_price_scraper.py", line 112, in carsdotcom_datagrabber
    title = soup.findAll('title')[0].get_text().strip() #title format = used/new, make, model, trim, "for sale", price
IndexError: list index out of range
2023-08-06 08:00:15,075 - DEBUG - Starting new HTTP connection (1): us-ca.proxymesh.com:31280
2023-08-06 08:00:15,272 - DEBUG - http://us-ca.proxymesh.com:31280 "GET http://cars.com///vehicledetail/15512ed6-09d6-4fd6-96eb-bd2d76ef92f1/ HTTP/1.1" 402 None
2023-08-06 08:00:15,274 - ERROR - list index out of range
Traceback (most recent call last):
  File "/Users/jonathanduberman/maverick_price_tool/maverick_price_scraper.py", line 112, in carsdotcom_datagrabber
    title = soup.findAll('title')[0].get_text().strip() #title format = used/new, make, model, trim, "for sale", price
IndexError: list index out of range
2023-08-06 08:00:15,278 - DEBUG - Starting new HTTP connection (1): us-ca.proxymesh.com:31280
2023-08-06 08:00:15,488 - DEBUG - http://us-ca.proxymesh.com:31280 "GET http://cars.com///vehicledetail/d3faeb29-5e1f-4c88-b454-54f5df7f2afc/ HTTP/1.1" 402 None
2023-08-06 08:00:15,490 - ERROR - list index out of range
Traceback (most recent call last):
  File "/Users/jonathanduberman/maverick_price_tool/maverick_price_scraper.py", line 112, in carsdotcom_datagrabber
    title = soup.findAll('title')[0].get_text().strip() #title format = used/new, make, model, trim, "for sale", price
IndexError: list index out of range
2023-08-06 08:00:15,495 - DEBUG - Starting new HTTP connection (1): us-ca.proxymesh.com:31280
2023-08-06 08:00:15,707 - DEBUG - http://us-ca.proxymesh.com:31280 "GET http://cars.com///vehicledetail/d9db7507-7561-4994-b518-c76603cc5238/ HTTP/1.1" 402 None
2023-08-06 08:00:15,709 - ERROR - list index out of range
Traceback (most recent call last):
  File "/Users/jonathanduberman/maverick_price_tool/maverick_price_scraper.py", line 112, in carsdotcom_datagrabber
    title = soup.findAll('title')[0].get_text().strip() #title format = used/new, make, model, trim, "for sale", price
IndexError: list index out of range
2023-08-06 08:00:15,714 - DEBUG - Starting new HTTP connection (1): us-ca.proxymesh.com:31280
2023-08-06 08:00:15,962 - DEBUG - http://us-ca.proxymesh.com:31280 "GET http://cars.com///vehicledetail/508c5f01-c926-4903-b552-491dc03171ca/ HTTP/1.1" 402 None
2023-08-06 08:00:15,964 - ERROR - list index out of range
Traceback (most recent call last):
  File "/Users/jonathanduberman/maverick_price_tool/maverick_price_scraper.py", line 112, in carsdotcom_datagrabber
    title = soup.findAll('title')[0].get_text().strip() #title format = used/new, make, model, trim, "for sale", price
IndexError: list index out of range
2023-08-06 08:00:15,968 - DEBUG - Starting new HTTP connection (1): us-ca.proxymesh.com:31280
2023-08-06 08:00:16,212 - DEBUG - http://us-ca.proxymesh.com:31280 "GET http://cars.com///vehicledetail/a6668fee-cac9-45b3-9882-da1b9767c223/ HTTP/1.1" 402 None
2023-08-06 08:00:16,213 - ERROR - list index out of range
Traceback (most recent call last):
  File "/Users/jonathanduberman/maverick_price_tool/maverick_price_scraper.py", line 112, in carsdotcom_datagrabber
    title = soup.findAll('title')[0].get_text().strip() #title format = used/new, make, model, trim, "for sale", price
IndexError: list index out of range
2023-08-06 08:00:16,218 - DEBUG - Starting new HTTP connection (1): us-ca.proxymesh.com:31280
2023-08-06 08:00:16,422 - DEBUG - http://us-ca.proxymesh.com:31280 "GET http://cars.com///vehicledetail/32e3d417-4ed5-4dba-85af-8843508304dc/ HTTP/1.1" 402 None
2023-08-06 08:00:16,424 - ERROR - list index out of range
Traceback (most recent call last):
  File "/Users/jonathanduberman/maverick_price_tool/maverick_price_scraper.py", line 112, in carsdotcom_datagrabber
    title = soup.findAll('title')[0].get_text().strip() #title format = used/new, make, model, trim, "for sale", price
IndexError: list index out of range
2023-08-06 08:00:16,428 - DEBUG - Starting new HTTP connection (1): us-ca.proxymesh.com:31280
2023-08-06 08:00:16,951 - DEBUG - http://us-ca.proxymesh.com:31280 "GET http://cars.com///vehicledetail/7d18576d-480a-412c-b056-62884beda97b/ HTTP/1.1" 402 None
2023-08-06 08:00:16,953 - ERROR - list index out of range
Traceback (most recent call last):
  File "/Users/jonathanduberman/maverick_price_tool/maverick_price_scraper.py", line 112, in carsdotcom_datagrabber
    title = soup.findAll('title')[0].get_text().strip() #title format = used/new, make, model, trim, "for sale", price
IndexError: list index out of range
2023-08-06 08:00:16,957 - DEBUG - Starting new HTTP connection (1): us-ca.proxymesh.com:31280
2023-08-06 08:00:17,156 - DEBUG - http://us-ca.proxymesh.com:31280 "GET http://cars.com///vehicledetail/a0f3f694-b52c-4444-8adf-5a8929edbeab/ HTTP/1.1" 402 None
2023-08-06 08:00:17,158 - ERROR - list index out of range
Traceback (most recent call last):
  File "/Users/jonathanduberman/maverick_price_tool/maverick_price_scraper.py", line 112, in carsdotcom_datagrabber
    title = soup.findAll('title')[0].get_text().strip() #title format = used/new, make, model, trim, "for sale", price
IndexError: list index out of range
2023-08-06 08:00:17,163 - DEBUG - Starting new HTTP connection (1): us-ca.proxymesh.com:31280
2023-08-06 08:00:17,376 - DEBUG - http://us-ca.proxymesh.com:31280 "GET http://cars.com///vehicledetail/778863cf-da58-495c-8e25-80e2f16ac2bb/ HTTP/1.1" 402 None
2023-08-06 08:00:17,378 - ERROR - list index out of range
Traceback (most recent call last):
  File "/Users/jonathanduberman/maverick_price_tool/maverick_price_scraper.py", line 112, in carsdotcom_datagrabber
    title = soup.findAll('title')[0].get_text().strip() #title format = used/new, make, model, trim, "for sale", price
IndexError: list index out of range
2023-08-06 08:00:17,382 - DEBUG - Starting new HTTP connection (1): us-ca.proxymesh.com:31280
2023-08-06 08:00:17,602 - DEBUG - http://us-ca.proxymesh.com:31280 "GET http://cars.com///vehicledetail/2b44a7a5-babc-4f5c-9f35-38b75528b142/ HTTP/1.1" 402 None
2023-08-06 08:00:17,603 - ERROR - list index out of range
Traceback (most recent call last):
  File "/Users/jonathanduberman/maverick_price_tool/maverick_price_scraper.py", line 112, in carsdotcom_datagrabber
    title = soup.findAll('title')[0].get_text().strip() #title format = used/new, make, model, trim, "for sale", price
IndexError: list index out of range
2023-08-06 08:00:17,608 - DEBUG - Starting new HTTP connection (1): us-ca.proxymesh.com:31280
2023-08-06 08:00:17,813 - DEBUG - http://us-ca.proxymesh.com:31280 "GET http://cars.com///vehicledetail/c103bd64-a1fb-4042-ba25-0383aab5b705/ HTTP/1.1" 402 None
2023-08-06 08:00:17,814 - ERROR - list index out of range
Traceback (most recent call last):
  File "/Users/jonathanduberman/maverick_price_tool/maverick_price_scraper.py", line 112, in carsdotcom_datagrabber
    title = soup.findAll('title')[0].get_text().strip() #title format = used/new, make, model, trim, "for sale", price
IndexError: list index out of range
2023-08-06 08:00:17,819 - DEBUG - Starting new HTTP connection (1): us-ca.proxymesh.com:31280
2023-08-06 08:00:18,020 - DEBUG - http://us-ca.proxymesh.com:31280 "GET http://cars.com///vehicledetail/cc48f3c4-7c16-49a0-8525-7b0f1155b8c8/ HTTP/1.1" 402 None
2023-08-06 08:00:18,021 - ERROR - list index out of range
Traceback (most recent call last):
  File "/Users/jonathanduberman/maverick_price_tool/maverick_price_scraper.py", line 112, in carsdotcom_datagrabber
    title = soup.findAll('title')[0].get_text().strip() #title format = used/new, make, model, trim, "for sale", price
IndexError: list index out of range
2023-08-06 08:00:18,026 - DEBUG - Starting new HTTP connection (1): us-ca.proxymesh.com:31280
2023-08-06 08:00:18,229 - DEBUG - http://us-ca.proxymesh.com:31280 "GET http://cars.com///vehicledetail/676986cf-45a5-40f7-9c29-5c56b6ccf6c5/ HTTP/1.1" 402 None
2023-08-06 08:00:18,231 - ERROR - list index out of range
Traceback (most recent call last):
  File "/Users/jonathanduberman/maverick_price_tool/maverick_price_scraper.py", line 112, in carsdotcom_datagrabber
    title = soup.findAll('title')[0].get_text().strip() #title format = used/new, make, model, trim, "for sale", price
IndexError: list index out of range
2023-08-06 08:00:18,235 - DEBUG - Starting new HTTP connection (1): us-ca.proxymesh.com:31280
2023-08-06 08:00:18,450 - DEBUG - http://us-ca.proxymesh.com:31280 "GET http://cars.com///vehicledetail/5471f8a5-8a93-4ce5-a0d4-806f6e223340/ HTTP/1.1" 402 None
2023-08-06 08:00:18,451 - ERROR - list index out of range
Traceback (most recent call last):
  File "/Users/jonathanduberman/maverick_price_tool/maverick_price_scraper.py", line 112, in carsdotcom_datagrabber
    title = soup.findAll('title')[0].get_text().strip() #title format = used/new, make, model, trim, "for sale", price
IndexError: list index out of range
2023-08-06 08:00:18,456 - DEBUG - Starting new HTTP connection (1): us-ca.proxymesh.com:31280
2023-08-06 08:00:18,701 - DEBUG - http://us-ca.proxymesh.com:31280 "GET http://cars.com///vehicledetail/76df3680-c2fc-4d73-b3a8-0b8a47b989e3/ HTTP/1.1" 402 None
2023-08-06 08:00:18,703 - ERROR - list index out of range
Traceback (most recent call last):
  File "/Users/jonathanduberman/maverick_price_tool/maverick_price_scraper.py", line 112, in carsdotcom_datagrabber
    title = soup.findAll('title')[0].get_text().strip() #title format = used/new, make, model, trim, "for sale", price
IndexError: list index out of range
2023-08-06 08:00:18,707 - DEBUG - Starting new HTTP connection (1): us-ca.proxymesh.com:31280
2023-08-06 08:00:18,909 - DEBUG - http://us-ca.proxymesh.com:31280 "GET http://cars.com///vehicledetail/2021b2e2-ea2f-4348-9c1a-2abf0f5eb513/ HTTP/1.1" 402 None
2023-08-06 08:00:18,912 - ERROR - list index out of range
Traceback (most recent call last):
  File "/Users/jonathanduberman/maverick_price_tool/maverick_price_scraper.py", line 112, in carsdotcom_datagrabber
    title = soup.findAll('title')[0].get_text().strip() #title format = used/new, make, model, trim, "for sale", price
IndexError: list index out of range
2023-08-06 08:00:18,916 - DEBUG - Starting new HTTP connection (1): us-ca.proxymesh.com:31280
2023-08-06 08:00:19,104 - DEBUG - http://us-ca.proxymesh.com:31280 "GET http://cars.com///vehicledetail/04f4f850-2485-4d1d-85bd-b0d44579a6d1/ HTTP/1.1" 402 None
2023-08-06 08:00:19,107 - ERROR - list index out of range
Traceback (most recent call last):
  File "/Users/jonathanduberman/maverick_price_tool/maverick_price_scraper.py", line 112, in carsdotcom_datagrabber
    title = soup.findAll('title')[0].get_text().strip() #title format = used/new, make, model, trim, "for sale", price
IndexError: list index out of range
2023-08-06 08:00:19,111 - DEBUG - Starting new HTTP connection (1): us-ca.proxymesh.com:31280
2023-08-06 08:00:19,306 - DEBUG - http://us-ca.proxymesh.com:31280 "GET http://cars.com///vehicledetail/88a01119-38ed-41d8-8e12-ff1cbf6769ab/ HTTP/1.1" 402 None
2023-08-06 08:00:19,308 - ERROR - list index out of range
Traceback (most recent call last):
  File "/Users/jonathanduberman/maverick_price_tool/maverick_price_scraper.py", line 112, in carsdotcom_datagrabber
    title = soup.findAll('title')[0].get_text().strip() #title format = used/new, make, model, trim, "for sale", price
IndexError: list index out of range
2023-08-06 08:00:19,313 - DEBUG - Starting new HTTP connection (1): us-ca.proxymesh.com:31280
2023-08-06 08:00:19,503 - DEBUG - http://us-ca.proxymesh.com:31280 "GET http://cars.com///vehicledetail/8cdb34d3-e078-4e0a-83f9-92b4f1fce06f/ HTTP/1.1" 402 None
2023-08-06 08:00:19,505 - ERROR - list index out of range
Traceback (most recent call last):
  File "/Users/jonathanduberman/maverick_price_tool/maverick_price_scraper.py", line 112, in carsdotcom_datagrabber
    title = soup.findAll('title')[0].get_text().strip() #title format = used/new, make, model, trim, "for sale", price
IndexError: list index out of range
2023-08-06 08:00:19,509 - DEBUG - Starting new HTTP connection (1): us-ca.proxymesh.com:31280
2023-08-06 08:00:19,699 - DEBUG - http://us-ca.proxymesh.com:31280 "GET http://cars.com///vehicledetail/1bd96679-1fcf-4ee4-80d5-29602a417550/ HTTP/1.1" 402 None
2023-08-06 08:00:19,701 - ERROR - list index out of range
Traceback (most recent call last):
  File "/Users/jonathanduberman/maverick_price_tool/maverick_price_scraper.py", line 112, in carsdotcom_datagrabber
    title = soup.findAll('title')[0].get_text().strip() #title format = used/new, make, model, trim, "for sale", price
IndexError: list index out of range
2023-08-06 08:00:19,706 - DEBUG - Starting new HTTP connection (1): us-ca.proxymesh.com:31280
2023-08-06 08:00:19,954 - DEBUG - http://us-ca.proxymesh.com:31280 "GET http://cars.com///vehicledetail/32d8ca55-ac39-41bc-85b4-92783fb67890/ HTTP/1.1" 402 None
2023-08-06 08:00:19,955 - ERROR - list index out of range
Traceback (most recent call last):
  File "/Users/jonathanduberman/maverick_price_tool/maverick_price_scraper.py", line 112, in carsdotcom_datagrabber
    title = soup.findAll('title')[0].get_text().strip() #title format = used/new, make, model, trim, "for sale", price
IndexError: list index out of range
2023-08-06 08:00:19,960 - DEBUG - Starting new HTTP connection (1): us-ca.proxymesh.com:31280
2023-08-06 08:00:20,157 - DEBUG - http://us-ca.proxymesh.com:31280 "GET http://cars.com///vehicledetail/89aea837-196a-4177-98d2-e8d072a8d61f/ HTTP/1.1" 402 None
2023-08-06 08:00:20,159 - ERROR - list index out of range
Traceback (most recent call last):
  File "/Users/jonathanduberman/maverick_price_tool/maverick_price_scraper.py", line 112, in carsdotcom_datagrabber
    title = soup.findAll('title')[0].get_text().strip() #title format = used/new, make, model, trim, "for sale", price
IndexError: list index out of range
2023-08-06 08:00:20,163 - DEBUG - Starting new HTTP connection (1): us-ca.proxymesh.com:31280
2023-08-06 08:00:20,361 - DEBUG - http://us-ca.proxymesh.com:31280 "GET http://cars.com///vehicledetail/9d5a131a-0958-43a4-90ad-641c02155117/ HTTP/1.1" 402 None
2023-08-06 08:00:20,363 - ERROR - list index out of range
Traceback (most recent call last):
  File "/Users/jonathanduberman/maverick_price_tool/maverick_price_scraper.py", line 112, in carsdotcom_datagrabber
    title = soup.findAll('title')[0].get_text().strip() #title format = used/new, make, model, trim, "for sale", price
IndexError: list index out of range
2023-08-06 08:00:20,367 - DEBUG - Starting new HTTP connection (1): us-ca.proxymesh.com:31280
2023-08-06 08:00:20,561 - DEBUG - http://us-ca.proxymesh.com:31280 "GET http://cars.com///vehicledetail/432f83eb-c504-447a-917f-3d669fb5bef0/ HTTP/1.1" 402 None
2023-08-06 08:00:20,563 - ERROR - list index out of range
Traceback (most recent call last):
  File "/Users/jonathanduberman/maverick_price_tool/maverick_price_scraper.py", line 112, in carsdotcom_datagrabber
    title = soup.findAll('title')[0].get_text().strip() #title format = used/new, make, model, trim, "for sale", price
IndexError: list index out of range
2023-08-06 08:00:20,567 - DEBUG - Starting new HTTP connection (1): us-ca.proxymesh.com:31280
2023-08-06 08:00:20,841 - DEBUG - http://us-ca.proxymesh.com:31280 "GET http://cars.com///vehicledetail/d23f3110-4454-4eb6-a2bd-8b8823548214/ HTTP/1.1" 402 None
2023-08-06 08:00:20,843 - ERROR - list index out of range
Traceback (most recent call last):
  File "/Users/jonathanduberman/maverick_price_tool/maverick_price_scraper.py", line 112, in carsdotcom_datagrabber
    title = soup.findAll('title')[0].get_text().strip() #title format = used/new, make, model, trim, "for sale", price
IndexError: list index out of range
2023-08-06 08:00:20,847 - DEBUG - Starting new HTTP connection (1): us-ca.proxymesh.com:31280
2023-08-06 08:00:21,056 - DEBUG - http://us-ca.proxymesh.com:31280 "GET http://cars.com///vehicledetail/3a8fd066-1ce2-4bad-af91-116f8be80146/ HTTP/1.1" 402 None
2023-08-06 08:00:21,057 - ERROR - list index out of range
Traceback (most recent call last):
  File "/Users/jonathanduberman/maverick_price_tool/maverick_price_scraper.py", line 112, in carsdotcom_datagrabber
    title = soup.findAll('title')[0].get_text().strip() #title format = used/new, make, model, trim, "for sale", price
IndexError: list index out of range
2023-08-06 08:00:21,059 - DEBUG - Starting new HTTP connection (1): us-ca.proxymesh.com:31280
2023-08-06 08:00:21,258 - DEBUG - http://us-ca.proxymesh.com:31280 "GET http://cars.com///vehicledetail/72c81bb6-7bc5-4a48-9679-7d929b505e2d/ HTTP/1.1" 402 None
2023-08-06 08:00:21,280 - ERROR - list index out of range
Traceback (most recent call last):
  File "/Users/jonathanduberman/maverick_price_tool/maverick_price_scraper.py", line 112, in carsdotcom_datagrabber
    title = soup.findAll('title')[0].get_text().strip() #title format = used/new, make, model, trim, "for sale", price
IndexError: list index out of range
2023-08-06 08:00:21,284 - DEBUG - Starting new HTTP connection (1): us-ca.proxymesh.com:31280
2023-08-06 08:00:21,480 - DEBUG - http://us-ca.proxymesh.com:31280 "GET http://cars.com///vehicledetail/3ea79e82-5164-4f5a-8165-30c3f4b2f755/ HTTP/1.1" 402 None
2023-08-06 08:00:21,481 - ERROR - list index out of range
Traceback (most recent call last):
  File "/Users/jonathanduberman/maverick_price_tool/maverick_price_scraper.py", line 112, in carsdotcom_datagrabber
    title = soup.findAll('title')[0].get_text().strip() #title format = used/new, make, model, trim, "for sale", price
IndexError: list index out of range
2023-08-06 08:00:21,484 - DEBUG - Starting new HTTP connection (1): us-ca.proxymesh.com:31280
2023-08-06 08:00:21,708 - DEBUG - http://us-ca.proxymesh.com:31280 "GET http://cars.com///vehicledetail/4989f724-366c-4fb2-a75c-6b6d7e657055/ HTTP/1.1" 402 None
2023-08-06 08:00:21,710 - ERROR - list index out of range
Traceback (most recent call last):
  File "/Users/jonathanduberman/maverick_price_tool/maverick_price_scraper.py", line 112, in carsdotcom_datagrabber
    title = soup.findAll('title')[0].get_text().strip() #title format = used/new, make, model, trim, "for sale", price
IndexError: list index out of range
2023-08-06 08:00:21,715 - DEBUG - Starting new HTTP connection (1): us-ca.proxymesh.com:31280
2023-08-06 08:00:21,931 - DEBUG - http://us-ca.proxymesh.com:31280 "GET http://cars.com///vehicledetail/e2ca4035-c051-44da-acea-7e344b9952d9/ HTTP/1.1" 402 None
2023-08-06 08:00:21,933 - ERROR - list index out of range
Traceback (most recent call last):
  File "/Users/jonathanduberman/maverick_price_tool/maverick_price_scraper.py", line 112, in carsdotcom_datagrabber
    title = soup.findAll('title')[0].get_text().strip() #title format = used/new, make, model, trim, "for sale", price
IndexError: list index out of range
2023-08-06 08:00:21,937 - DEBUG - Starting new HTTP connection (1): us-ca.proxymesh.com:31280
2023-08-06 08:00:22,160 - DEBUG - http://us-ca.proxymesh.com:31280 "GET http://cars.com///vehicledetail/75613e16-00c0-48e4-89c8-ec1910a56940/ HTTP/1.1" 402 None
2023-08-06 08:00:22,162 - ERROR - list index out of range
Traceback (most recent call last):
  File "/Users/jonathanduberman/maverick_price_tool/maverick_price_scraper.py", line 112, in carsdotcom_datagrabber
    title = soup.findAll('title')[0].get_text().strip() #title format = used/new, make, model, trim, "for sale", price
IndexError: list index out of range
2023-08-06 08:00:22,167 - DEBUG - Starting new HTTP connection (1): us-ca.proxymesh.com:31280
2023-08-06 08:00:22,366 - DEBUG - http://us-ca.proxymesh.com:31280 "GET http://cars.com///vehicledetail/1d3ea4a8-4e5c-4c6a-a0e7-8ffae3833dca/ HTTP/1.1" 402 None
2023-08-06 08:00:22,368 - ERROR - list index out of range
Traceback (most recent call last):
  File "/Users/jonathanduberman/maverick_price_tool/maverick_price_scraper.py", line 112, in carsdotcom_datagrabber
    title = soup.findAll('title')[0].get_text().strip() #title format = used/new, make, model, trim, "for sale", price
IndexError: list index out of range
2023-08-06 08:00:22,372 - DEBUG - Starting new HTTP connection (1): us-ca.proxymesh.com:31280
2023-08-06 08:00:22,570 - DEBUG - http://us-ca.proxymesh.com:31280 "GET http://cars.com///vehicledetail/94de738f-f298-4e9e-9b1c-eaa57b51bfaa/ HTTP/1.1" 402 None
2023-08-06 08:00:22,572 - ERROR - list index out of range
Traceback (most recent call last):
  File "/Users/jonathanduberman/maverick_price_tool/maverick_price_scraper.py", line 112, in carsdotcom_datagrabber
    title = soup.findAll('title')[0].get_text().strip() #title format = used/new, make, model, trim, "for sale", price
IndexError: list index out of range
2023-08-06 08:00:22,576 - DEBUG - Starting new HTTP connection (1): us-ca.proxymesh.com:31280
2023-08-06 08:00:22,809 - DEBUG - http://us-ca.proxymesh.com:31280 "GET http://cars.com///vehicledetail/f2be79d5-3a51-4f31-ace6-749a89d0f68f/ HTTP/1.1" 402 None
2023-08-06 08:00:22,811 - ERROR - list index out of range
Traceback (most recent call last):
  File "/Users/jonathanduberman/maverick_price_tool/maverick_price_scraper.py", line 112, in carsdotcom_datagrabber
    title = soup.findAll('title')[0].get_text().strip() #title format = used/new, make, model, trim, "for sale", price
IndexError: list index out of range
2023-08-06 08:00:22,815 - DEBUG - Starting new HTTP connection (1): us-ca.proxymesh.com:31280
2023-08-06 08:00:23,018 - DEBUG - http://us-ca.proxymesh.com:31280 "GET http://cars.com///vehicledetail/960db5ac-7779-47bc-ac06-06649c2d64ed/ HTTP/1.1" 402 None
2023-08-06 08:00:23,020 - ERROR - list index out of range
Traceback (most recent call last):
  File "/Users/jonathanduberman/maverick_price_tool/maverick_price_scraper.py", line 112, in carsdotcom_datagrabber
    title = soup.findAll('title')[0].get_text().strip() #title format = used/new, make, model, trim, "for sale", price
IndexError: list index out of range
2023-08-06 08:00:23,024 - DEBUG - Starting new HTTP connection (1): us-ca.proxymesh.com:31280
2023-08-06 08:00:23,218 - DEBUG - http://us-ca.proxymesh.com:31280 "GET http://cars.com///vehicledetail/f4a7b785-1ad4-4a18-84d7-7f14b3145943/ HTTP/1.1" 402 None
2023-08-06 08:00:23,220 - ERROR - list index out of range
Traceback (most recent call last):
  File "/Users/jonathanduberman/maverick_price_tool/maverick_price_scraper.py", line 112, in carsdotcom_datagrabber
    title = soup.findAll('title')[0].get_text().strip() #title format = used/new, make, model, trim, "for sale", price
IndexError: list index out of range
2023-08-06 08:00:23,224 - DEBUG - Starting new HTTP connection (1): us-ca.proxymesh.com:31280
2023-08-06 08:00:23,422 - DEBUG - http://us-ca.proxymesh.com:31280 "GET http://cars.com///vehicledetail/a4075be5-6560-4b8e-8aa9-e4d661c473fe/ HTTP/1.1" 402 None
2023-08-06 08:00:23,424 - ERROR - list index out of range
Traceback (most recent call last):
  File "/Users/jonathanduberman/maverick_price_tool/maverick_price_scraper.py", line 112, in carsdotcom_datagrabber
    title = soup.findAll('title')[0].get_text().strip() #title format = used/new, make, model, trim, "for sale", price
IndexError: list index out of range
2023-08-06 08:00:23,428 - DEBUG - Starting new HTTP connection (1): us-ca.proxymesh.com:31280
2023-08-06 08:00:23,663 - DEBUG - http://us-ca.proxymesh.com:31280 "GET http://cars.com///vehicledetail/07998c9e-d4a8-4819-ab9e-b698477010a9/ HTTP/1.1" 402 None
2023-08-06 08:00:23,665 - ERROR - list index out of range
Traceback (most recent call last):
  File "/Users/jonathanduberman/maverick_price_tool/maverick_price_scraper.py", line 112, in carsdotcom_datagrabber
    title = soup.findAll('title')[0].get_text().strip() #title format = used/new, make, model, trim, "for sale", price
IndexError: list index out of range
2023-08-06 08:00:23,669 - DEBUG - Starting new HTTP connection (1): us-ca.proxymesh.com:31280
2023-08-06 08:00:23,896 - DEBUG - http://us-ca.proxymesh.com:31280 "GET http://cars.com///vehicledetail/d6ebe139-48dc-4c9e-902f-02f44da40b15/ HTTP/1.1" 402 None
2023-08-06 08:00:23,897 - ERROR - list index out of range
Traceback (most recent call last):
  File "/Users/jonathanduberman/maverick_price_tool/maverick_price_scraper.py", line 112, in carsdotcom_datagrabber
    title = soup.findAll('title')[0].get_text().strip() #title format = used/new, make, model, trim, "for sale", price
IndexError: list index out of range
2023-08-06 08:00:23,902 - DEBUG - Starting new HTTP connection (1): us-ca.proxymesh.com:31280
2023-08-06 08:00:24,102 - DEBUG - http://us-ca.proxymesh.com:31280 "GET http://cars.com///vehicledetail/e5262e1b-d69b-466a-a9da-237f2db8ba7f/ HTTP/1.1" 402 None
2023-08-06 08:00:24,104 - ERROR - list index out of range
Traceback (most recent call last):
  File "/Users/jonathanduberman/maverick_price_tool/maverick_price_scraper.py", line 112, in carsdotcom_datagrabber
    title = soup.findAll('title')[0].get_text().strip() #title format = used/new, make, model, trim, "for sale", price
IndexError: list index out of range
2023-08-06 08:00:24,108 - DEBUG - Starting new HTTP connection (1): us-ca.proxymesh.com:31280
2023-08-06 08:00:24,301 - DEBUG - http://us-ca.proxymesh.com:31280 "GET http://cars.com///vehicledetail/759ebf73-cbe4-40f4-81ab-963342b7d46c/ HTTP/1.1" 402 None
2023-08-06 08:00:24,303 - ERROR - list index out of range
Traceback (most recent call last):
  File "/Users/jonathanduberman/maverick_price_tool/maverick_price_scraper.py", line 112, in carsdotcom_datagrabber
    title = soup.findAll('title')[0].get_text().strip() #title format = used/new, make, model, trim, "for sale", price
IndexError: list index out of range
2023-08-06 08:00:24,307 - DEBUG - Starting new HTTP connection (1): us-ca.proxymesh.com:31280
2023-08-06 08:00:24,511 - DEBUG - http://us-ca.proxymesh.com:31280 "GET http://cars.com///vehicledetail/80f9aff8-ce71-4d84-9324-c33390d335aa/ HTTP/1.1" 402 None
2023-08-06 08:00:24,512 - ERROR - list index out of range
Traceback (most recent call last):
  File "/Users/jonathanduberman/maverick_price_tool/maverick_price_scraper.py", line 112, in carsdotcom_datagrabber
    title = soup.findAll('title')[0].get_text().strip() #title format = used/new, make, model, trim, "for sale", price
IndexError: list index out of range
2023-08-06 08:00:24,517 - DEBUG - Starting new HTTP connection (1): us-ca.proxymesh.com:31280
2023-08-06 08:00:24,748 - DEBUG - http://us-ca.proxymesh.com:31280 "GET http://cars.com///vehicledetail/42a471cc-7ca8-4b91-8e79-d775c2822061/ HTTP/1.1" 402 None
2023-08-06 08:00:24,750 - ERROR - list index out of range
Traceback (most recent call last):
  File "/Users/jonathanduberman/maverick_price_tool/maverick_price_scraper.py", line 112, in carsdotcom_datagrabber
    title = soup.findAll('title')[0].get_text().strip() #title format = used/new, make, model, trim, "for sale", price
IndexError: list index out of range
2023-08-06 08:00:24,754 - DEBUG - Starting new HTTP connection (1): us-ca.proxymesh.com:31280
2023-08-06 08:00:24,953 - DEBUG - http://us-ca.proxymesh.com:31280 "GET http://cars.com///vehicledetail/dfaf04cd-ba8a-424c-8434-51539621fd77/ HTTP/1.1" 402 None
2023-08-06 08:00:24,954 - ERROR - list index out of range
Traceback (most recent call last):
  File "/Users/jonathanduberman/maverick_price_tool/maverick_price_scraper.py", line 112, in carsdotcom_datagrabber
    title = soup.findAll('title')[0].get_text().strip() #title format = used/new, make, model, trim, "for sale", price
IndexError: list index out of range
2023-08-06 08:00:24,959 - DEBUG - Starting new HTTP connection (1): us-ca.proxymesh.com:31280
2023-08-06 08:00:25,158 - DEBUG - http://us-ca.proxymesh.com:31280 "GET http://cars.com///vehicledetail/2ac701b9-fdb2-433e-931c-a7fae9bee264/ HTTP/1.1" 402 None
2023-08-06 08:00:25,160 - ERROR - list index out of range
Traceback (most recent call last):
  File "/Users/jonathanduberman/maverick_price_tool/maverick_price_scraper.py", line 112, in carsdotcom_datagrabber
    title = soup.findAll('title')[0].get_text().strip() #title format = used/new, make, model, trim, "for sale", price
IndexError: list index out of range
2023-08-06 08:00:25,164 - DEBUG - Starting new HTTP connection (1): us-ca.proxymesh.com:31280
2023-08-06 08:00:25,354 - DEBUG - http://us-ca.proxymesh.com:31280 "GET http://cars.com///vehicledetail/94f4dfa0-586f-4b9b-ace3-d28b60b09015/ HTTP/1.1" 402 None
2023-08-06 08:00:25,356 - ERROR - list index out of range
Traceback (most recent call last):
  File "/Users/jonathanduberman/maverick_price_tool/maverick_price_scraper.py", line 112, in carsdotcom_datagrabber
    title = soup.findAll('title')[0].get_text().strip() #title format = used/new, make, model, trim, "for sale", price
IndexError: list index out of range
2023-08-06 08:00:25,361 - DEBUG - Starting new HTTP connection (1): us-ca.proxymesh.com:31280
2023-08-06 08:00:25,554 - DEBUG - http://us-ca.proxymesh.com:31280 "GET http://cars.com///vehicledetail/e81116c0-5a33-4bf8-807e-58745b82c7af/ HTTP/1.1" 402 None
2023-08-06 08:00:25,557 - ERROR - list index out of range
Traceback (most recent call last):
  File "/Users/jonathanduberman/maverick_price_tool/maverick_price_scraper.py", line 112, in carsdotcom_datagrabber
    title = soup.findAll('title')[0].get_text().strip() #title format = used/new, make, model, trim, "for sale", price
IndexError: list index out of range
2023-08-06 08:00:25,562 - DEBUG - Starting new HTTP connection (1): us-ca.proxymesh.com:31280
2023-08-06 08:00:25,818 - DEBUG - http://us-ca.proxymesh.com:31280 "GET http://cars.com///vehicledetail/bba04958-cd44-4a3e-88a1-b43f6a41c9bb/ HTTP/1.1" 402 None
2023-08-06 08:00:25,820 - ERROR - list index out of range
Traceback (most recent call last):
  File "/Users/jonathanduberman/maverick_price_tool/maverick_price_scraper.py", line 112, in carsdotcom_datagrabber
    title = soup.findAll('title')[0].get_text().strip() #title format = used/new, make, model, trim, "for sale", price
IndexError: list index out of range
2023-08-06 08:00:25,824 - DEBUG - Starting new HTTP connection (1): us-ca.proxymesh.com:31280
2023-08-06 08:00:26,030 - DEBUG - http://us-ca.proxymesh.com:31280 "GET http://cars.com///vehicledetail/4ef99b77-9734-4a16-9937-aa5750db4101/ HTTP/1.1" 402 None
2023-08-06 08:00:26,032 - ERROR - list index out of range
Traceback (most recent call last):
  File "/Users/jonathanduberman/maverick_price_tool/maverick_price_scraper.py", line 112, in carsdotcom_datagrabber
    title = soup.findAll('title')[0].get_text().strip() #title format = used/new, make, model, trim, "for sale", price
IndexError: list index out of range
2023-08-06 08:00:26,037 - DEBUG - Starting new HTTP connection (1): us-ca.proxymesh.com:31280
2023-08-06 08:00:26,240 - DEBUG - http://us-ca.proxymesh.com:31280 "GET http://cars.com///vehicledetail/f99de01c-84b0-4892-a610-7948ac739a14/ HTTP/1.1" 402 None
2023-08-06 08:00:26,241 - ERROR - list index out of range
Traceback (most recent call last):
  File "/Users/jonathanduberman/maverick_price_tool/maverick_price_scraper.py", line 112, in carsdotcom_datagrabber
    title = soup.findAll('title')[0].get_text().strip() #title format = used/new, make, model, trim, "for sale", price
IndexError: list index out of range
2023-08-06 08:00:26,246 - DEBUG - Starting new HTTP connection (1): us-ca.proxymesh.com:31280
2023-08-06 08:00:26,443 - DEBUG - http://us-ca.proxymesh.com:31280 "GET http://cars.com///vehicledetail/097b588a-5af0-4351-9d1f-a804a2d30f8f/ HTTP/1.1" 402 None
2023-08-06 08:00:26,445 - ERROR - list index out of range
Traceback (most recent call last):
  File "/Users/jonathanduberman/maverick_price_tool/maverick_price_scraper.py", line 112, in carsdotcom_datagrabber
    title = soup.findAll('title')[0].get_text().strip() #title format = used/new, make, model, trim, "for sale", price
IndexError: list index out of range
2023-08-06 08:00:26,449 - DEBUG - Starting new HTTP connection (1): us-ca.proxymesh.com:31280
2023-08-06 08:00:26,681 - DEBUG - http://us-ca.proxymesh.com:31280 "GET http://cars.com///vehicledetail/67450f1a-0bd8-4ffa-b212-d28802a1780c/ HTTP/1.1" 402 None
2023-08-06 08:00:26,683 - ERROR - list index out of range
Traceback (most recent call last):
  File "/Users/jonathanduberman/maverick_price_tool/maverick_price_scraper.py", line 112, in carsdotcom_datagrabber
    title = soup.findAll('title')[0].get_text().strip() #title format = used/new, make, model, trim, "for sale", price
IndexError: list index out of range
2023-08-06 08:00:26,687 - DEBUG - Starting new HTTP connection (1): us-ca.proxymesh.com:31280
2023-08-06 08:00:26,896 - DEBUG - http://us-ca.proxymesh.com:31280 "GET http://cars.com///vehicledetail/154f1511-3408-4fdf-97e5-193a6b908def/ HTTP/1.1" 402 None
2023-08-06 08:00:26,898 - ERROR - list index out of range
Traceback (most recent call last):
  File "/Users/jonathanduberman/maverick_price_tool/maverick_price_scraper.py", line 112, in carsdotcom_datagrabber
    title = soup.findAll('title')[0].get_text().strip() #title format = used/new, make, model, trim, "for sale", price
IndexError: list index out of range
2023-08-06 08:00:26,902 - DEBUG - Starting new HTTP connection (1): us-ca.proxymesh.com:31280
2023-08-06 08:00:27,098 - DEBUG - http://us-ca.proxymesh.com:31280 "GET http://cars.com///vehicledetail/460c85eb-9453-4043-85ab-61513bd0e8bc/ HTTP/1.1" 402 None
2023-08-06 08:00:27,100 - ERROR - list index out of range
Traceback (most recent call last):
  File "/Users/jonathanduberman/maverick_price_tool/maverick_price_scraper.py", line 112, in carsdotcom_datagrabber
    title = soup.findAll('title')[0].get_text().strip() #title format = used/new, make, model, trim, "for sale", price
IndexError: list index out of range
2023-08-06 08:00:27,104 - DEBUG - Starting new HTTP connection (1): us-ca.proxymesh.com:31280
2023-08-06 08:00:27,329 - DEBUG - http://us-ca.proxymesh.com:31280 "GET http://cars.com///vehicledetail/f546266d-6622-4069-bc46-4431f8d62e9b/ HTTP/1.1" 402 None
2023-08-06 08:00:27,332 - ERROR - list index out of range
Traceback (most recent call last):
  File "/Users/jonathanduberman/maverick_price_tool/maverick_price_scraper.py", line 112, in carsdotcom_datagrabber
    title = soup.findAll('title')[0].get_text().strip() #title format = used/new, make, model, trim, "for sale", price
IndexError: list index out of range
2023-08-06 08:00:27,336 - DEBUG - Starting new HTTP connection (1): us-ca.proxymesh.com:31280
2023-08-06 08:00:27,538 - DEBUG - http://us-ca.proxymesh.com:31280 "GET http://cars.com///vehicledetail/757d7457-62f2-4843-8350-7e4d689e5938/ HTTP/1.1" 402 None
2023-08-06 08:00:27,539 - ERROR - list index out of range
Traceback (most recent call last):
  File "/Users/jonathanduberman/maverick_price_tool/maverick_price_scraper.py", line 112, in carsdotcom_datagrabber
    title = soup.findAll('title')[0].get_text().strip() #title format = used/new, make, model, trim, "for sale", price
IndexError: list index out of range
2023-08-06 08:00:27,544 - DEBUG - Starting new HTTP connection (1): us-ca.proxymesh.com:31280
2023-08-06 08:00:27,759 - DEBUG - http://us-ca.proxymesh.com:31280 "GET http://cars.com///vehicledetail/cb3d6421-a487-45e6-ad93-4e1d45f610b7/ HTTP/1.1" 402 None
2023-08-06 08:00:27,761 - ERROR - list index out of range
Traceback (most recent call last):
  File "/Users/jonathanduberman/maverick_price_tool/maverick_price_scraper.py", line 112, in carsdotcom_datagrabber
    title = soup.findAll('title')[0].get_text().strip() #title format = used/new, make, model, trim, "for sale", price
IndexError: list index out of range
2023-08-06 08:00:27,765 - DEBUG - Starting new HTTP connection (1): us-ca.proxymesh.com:31280
2023-08-06 08:00:27,965 - DEBUG - http://us-ca.proxymesh.com:31280 "GET http://cars.com///vehicledetail/c6ef451a-1655-4d95-a125-908a1a66b42a/ HTTP/1.1" 402 None
2023-08-06 08:00:27,967 - ERROR - list index out of range
Traceback (most recent call last):
  File "/Users/jonathanduberman/maverick_price_tool/maverick_price_scraper.py", line 112, in carsdotcom_datagrabber
    title = soup.findAll('title')[0].get_text().strip() #title format = used/new, make, model, trim, "for sale", price
IndexError: list index out of range
2023-08-06 08:00:27,971 - DEBUG - Starting new HTTP connection (1): us-ca.proxymesh.com:31280
2023-08-06 08:00:28,176 - DEBUG - http://us-ca.proxymesh.com:31280 "GET http://cars.com///vehicledetail/7c493e54-a8fc-496c-996e-ba85a30d37ec/ HTTP/1.1" 402 None
2023-08-06 08:00:28,178 - ERROR - list index out of range
Traceback (most recent call last):
  File "/Users/jonathanduberman/maverick_price_tool/maverick_price_scraper.py", line 112, in carsdotcom_datagrabber
    title = soup.findAll('title')[0].get_text().strip() #title format = used/new, make, model, trim, "for sale", price
IndexError: list index out of range
2023-08-06 08:00:28,182 - DEBUG - Starting new HTTP connection (1): us-ca.proxymesh.com:31280
2023-08-06 08:00:28,383 - DEBUG - http://us-ca.proxymesh.com:31280 "GET http://cars.com///vehicledetail/afc509d4-f690-4d19-a9ba-c5941cfdc423/ HTTP/1.1" 402 None
2023-08-06 08:00:28,385 - ERROR - list index out of range
Traceback (most recent call last):
  File "/Users/jonathanduberman/maverick_price_tool/maverick_price_scraper.py", line 112, in carsdotcom_datagrabber
    title = soup.findAll('title')[0].get_text().strip() #title format = used/new, make, model, trim, "for sale", price
IndexError: list index out of range
2023-08-06 08:00:28,389 - DEBUG - Starting new HTTP connection (1): us-ca.proxymesh.com:31280
2023-08-06 08:00:28,610 - DEBUG - http://us-ca.proxymesh.com:31280 "GET http://cars.com///vehicledetail/84940b5a-f027-4266-88b9-ebdbed63bf7a/ HTTP/1.1" 402 None
2023-08-06 08:00:28,612 - ERROR - list index out of range
Traceback (most recent call last):
  File "/Users/jonathanduberman/maverick_price_tool/maverick_price_scraper.py", line 112, in carsdotcom_datagrabber
    title = soup.findAll('title')[0].get_text().strip() #title format = used/new, make, model, trim, "for sale", price
IndexError: list index out of range
2023-08-06 08:00:28,616 - DEBUG - Starting new HTTP connection (1): us-ca.proxymesh.com:31280
2023-08-06 08:00:28,824 - DEBUG - http://us-ca.proxymesh.com:31280 "GET http://cars.com///vehicledetail/86f89a0b-9c79-41a6-a83f-6c31b9977e7e/ HTTP/1.1" 402 None
2023-08-06 08:00:28,825 - ERROR - list index out of range
Traceback (most recent call last):
  File "/Users/jonathanduberman/maverick_price_tool/maverick_price_scraper.py", line 112, in carsdotcom_datagrabber
    title = soup.findAll('title')[0].get_text().strip() #title format = used/new, make, model, trim, "for sale", price
IndexError: list index out of range
2023-08-06 08:00:28,830 - DEBUG - Starting new HTTP connection (1): us-ca.proxymesh.com:31280
2023-08-06 08:00:29,038 - DEBUG - http://us-ca.proxymesh.com:31280 "GET http://cars.com///vehicledetail/4f81975d-c0d1-4db4-9b9f-ab008ee616f1/ HTTP/1.1" 402 None
2023-08-06 08:00:29,040 - ERROR - list index out of range
Traceback (most recent call last):
  File "/Users/jonathanduberman/maverick_price_tool/maverick_price_scraper.py", line 112, in carsdotcom_datagrabber
    title = soup.findAll('title')[0].get_text().strip() #title format = used/new, make, model, trim, "for sale", price
IndexError: list index out of range
2023-08-06 08:00:29,044 - DEBUG - Starting new HTTP connection (1): us-ca.proxymesh.com:31280
2023-08-06 08:00:29,244 - DEBUG - http://us-ca.proxymesh.com:31280 "GET http://cars.com///vehicledetail/be41a798-07e6-4885-92d1-6d202a739cfb/ HTTP/1.1" 402 None
2023-08-06 08:00:29,245 - ERROR - list index out of range
Traceback (most recent call last):
  File "/Users/jonathanduberman/maverick_price_tool/maverick_price_scraper.py", line 112, in carsdotcom_datagrabber
    title = soup.findAll('title')[0].get_text().strip() #title format = used/new, make, model, trim, "for sale", price
IndexError: list index out of range
2023-08-06 08:00:29,250 - DEBUG - Starting new HTTP connection (1): us-ca.proxymesh.com:31280
2023-08-06 08:00:29,447 - DEBUG - http://us-ca.proxymesh.com:31280 "GET http://cars.com///vehicledetail/3294e797-76dd-4781-9483-c1de83f2d20b/ HTTP/1.1" 402 None
2023-08-06 08:00:29,448 - ERROR - list index out of range
Traceback (most recent call last):
  File "/Users/jonathanduberman/maverick_price_tool/maverick_price_scraper.py", line 112, in carsdotcom_datagrabber
    title = soup.findAll('title')[0].get_text().strip() #title format = used/new, make, model, trim, "for sale", price
IndexError: list index out of range
2023-08-06 08:00:29,453 - DEBUG - Starting new HTTP connection (1): us-ca.proxymesh.com:31280
2023-08-06 08:00:29,716 - DEBUG - http://us-ca.proxymesh.com:31280 "GET http://cars.com///vehicledetail/54a0e104-5760-43b3-ac8f-f78b2c213d94/ HTTP/1.1" 402 None
2023-08-06 08:00:29,718 - ERROR - list index out of range
Traceback (most recent call last):
  File "/Users/jonathanduberman/maverick_price_tool/maverick_price_scraper.py", line 112, in carsdotcom_datagrabber
    title = soup.findAll('title')[0].get_text().strip() #title format = used/new, make, model, trim, "for sale", price
IndexError: list index out of range
2023-08-06 08:00:29,722 - DEBUG - Starting new HTTP connection (1): us-ca.proxymesh.com:31280
2023-08-06 08:00:29,936 - DEBUG - http://us-ca.proxymesh.com:31280 "GET http://cars.com///vehicledetail/e36d58ab-6ab0-4462-8bf5-d6f7d2ad995a/ HTTP/1.1" 402 None
2023-08-06 08:00:29,938 - ERROR - list index out of range
Traceback (most recent call last):
  File "/Users/jonathanduberman/maverick_price_tool/maverick_price_scraper.py", line 112, in carsdotcom_datagrabber
    title = soup.findAll('title')[0].get_text().strip() #title format = used/new, make, model, trim, "for sale", price
IndexError: list index out of range
2023-08-06 08:00:29,942 - DEBUG - Starting new HTTP connection (1): us-ca.proxymesh.com:31280
2023-08-06 08:00:30,143 - DEBUG - http://us-ca.proxymesh.com:31280 "GET http://cars.com///vehicledetail/6a4c4f4f-98ad-4eee-9c44-e24eadca11fc/ HTTP/1.1" 402 None
2023-08-06 08:00:30,144 - ERROR - list index out of range
Traceback (most recent call last):
  File "/Users/jonathanduberman/maverick_price_tool/maverick_price_scraper.py", line 112, in carsdotcom_datagrabber
    title = soup.findAll('title')[0].get_text().strip() #title format = used/new, make, model, trim, "for sale", price
IndexError: list index out of range
2023-08-06 08:00:30,149 - DEBUG - Starting new HTTP connection (1): us-ca.proxymesh.com:31280
2023-08-06 08:00:30,356 - DEBUG - http://us-ca.proxymesh.com:31280 "GET http://cars.com///vehicledetail/c4d0f4f8-7cdc-4ca7-b503-2176dff1af53/ HTTP/1.1" 402 None
2023-08-06 08:00:30,358 - ERROR - list index out of range
Traceback (most recent call last):
  File "/Users/jonathanduberman/maverick_price_tool/maverick_price_scraper.py", line 112, in carsdotcom_datagrabber
    title = soup.findAll('title')[0].get_text().strip() #title format = used/new, make, model, trim, "for sale", price
IndexError: list index out of range
2023-08-06 08:00:30,362 - DEBUG - Starting new HTTP connection (1): us-ca.proxymesh.com:31280
2023-08-06 08:00:30,574 - DEBUG - http://us-ca.proxymesh.com:31280 "GET http://cars.com///vehicledetail/49eb5ccb-0829-41b7-b111-cebc22549a89/ HTTP/1.1" 402 None
2023-08-06 08:00:30,575 - ERROR - list index out of range
Traceback (most recent call last):
  File "/Users/jonathanduberman/maverick_price_tool/maverick_price_scraper.py", line 112, in carsdotcom_datagrabber
    title = soup.findAll('title')[0].get_text().strip() #title format = used/new, make, model, trim, "for sale", price
IndexError: list index out of range
2023-08-06 08:00:30,580 - DEBUG - Starting new HTTP connection (1): us-ca.proxymesh.com:31280
2023-08-06 08:00:30,781 - DEBUG - http://us-ca.proxymesh.com:31280 "GET http://cars.com///vehicledetail/aac7b936-9beb-46fa-96a3-53b8f1d07c5d/ HTTP/1.1" 402 None
2023-08-06 08:00:30,782 - ERROR - list index out of range
Traceback (most recent call last):
  File "/Users/jonathanduberman/maverick_price_tool/maverick_price_scraper.py", line 112, in carsdotcom_datagrabber
    title = soup.findAll('title')[0].get_text().strip() #title format = used/new, make, model, trim, "for sale", price
IndexError: list index out of range
2023-08-06 08:00:30,787 - DEBUG - Starting new HTTP connection (1): us-ca.proxymesh.com:31280
2023-08-06 08:00:30,991 - DEBUG - http://us-ca.proxymesh.com:31280 "GET http://cars.com///vehicledetail/08bb044c-9ec6-4bbf-b790-2ee0c4bcabc1/ HTTP/1.1" 402 None
2023-08-06 08:00:30,993 - ERROR - list index out of range
Traceback (most recent call last):
  File "/Users/jonathanduberman/maverick_price_tool/maverick_price_scraper.py", line 112, in carsdotcom_datagrabber
    title = soup.findAll('title')[0].get_text().strip() #title format = used/new, make, model, trim, "for sale", price
IndexError: list index out of range
2023-08-06 08:00:30,997 - DEBUG - Starting new HTTP connection (1): us-ca.proxymesh.com:31280
2023-08-06 08:00:31,202 - DEBUG - http://us-ca.proxymesh.com:31280 "GET http://cars.com///vehicledetail/48396c9f-9c8c-45c0-a046-809091ea2b4c/ HTTP/1.1" 402 None
2023-08-06 08:00:31,204 - ERROR - list index out of range
Traceback (most recent call last):
  File "/Users/jonathanduberman/maverick_price_tool/maverick_price_scraper.py", line 112, in carsdotcom_datagrabber
    title = soup.findAll('title')[0].get_text().strip() #title format = used/new, make, model, trim, "for sale", price
IndexError: list index out of range
2023-08-06 08:00:31,208 - DEBUG - Starting new HTTP connection (1): us-ca.proxymesh.com:31280
2023-08-06 08:00:31,409 - DEBUG - http://us-ca.proxymesh.com:31280 "GET http://cars.com///vehicledetail/9768d070-5015-4f06-81bd-0dd5507c4f22/ HTTP/1.1" 402 None
2023-08-06 08:00:31,411 - ERROR - list index out of range
Traceback (most recent call last):
  File "/Users/jonathanduberman/maverick_price_tool/maverick_price_scraper.py", line 112, in carsdotcom_datagrabber
    title = soup.findAll('title')[0].get_text().strip() #title format = used/new, make, model, trim, "for sale", price
IndexError: list index out of range
2023-08-06 08:00:31,415 - DEBUG - Starting new HTTP connection (1): us-ca.proxymesh.com:31280
2023-08-06 08:00:31,653 - DEBUG - http://us-ca.proxymesh.com:31280 "GET http://cars.com///vehicledetail/84c59e1f-21a1-4fa6-a169-c1fb10e9924c/ HTTP/1.1" 402 None
2023-08-06 08:00:31,655 - ERROR - list index out of range
Traceback (most recent call last):
  File "/Users/jonathanduberman/maverick_price_tool/maverick_price_scraper.py", line 112, in carsdotcom_datagrabber
    title = soup.findAll('title')[0].get_text().strip() #title format = used/new, make, model, trim, "for sale", price
IndexError: list index out of range
2023-08-06 08:00:31,659 - DEBUG - Starting new HTTP connection (1): us-ca.proxymesh.com:31280
2023-08-06 08:00:31,859 - DEBUG - http://us-ca.proxymesh.com:31280 "GET http://cars.com///vehicledetail/727ed61c-b972-4ab3-9ba6-5e6f54c3e1ce/ HTTP/1.1" 402 None
2023-08-06 08:00:31,860 - ERROR - list index out of range
Traceback (most recent call last):
  File "/Users/jonathanduberman/maverick_price_tool/maverick_price_scraper.py", line 112, in carsdotcom_datagrabber
    title = soup.findAll('title')[0].get_text().strip() #title format = used/new, make, model, trim, "for sale", price
IndexError: list index out of range
2023-08-06 08:00:31,865 - DEBUG - Starting new HTTP connection (1): us-ca.proxymesh.com:31280
2023-08-06 08:00:32,061 - DEBUG - http://us-ca.proxymesh.com:31280 "GET http://cars.com///vehicledetail/352274f6-eb88-4676-bb77-6322c5fb50e4/ HTTP/1.1" 402 None
2023-08-06 08:00:32,063 - ERROR - list index out of range
Traceback (most recent call last):
  File "/Users/jonathanduberman/maverick_price_tool/maverick_price_scraper.py", line 112, in carsdotcom_datagrabber
    title = soup.findAll('title')[0].get_text().strip() #title format = used/new, make, model, trim, "for sale", price
IndexError: list index out of range
2023-08-06 08:00:32,067 - DEBUG - Starting new HTTP connection (1): us-ca.proxymesh.com:31280
2023-08-06 08:00:32,260 - DEBUG - http://us-ca.proxymesh.com:31280 "GET http://cars.com///vehicledetail/0594cbbb-5712-4c9e-9085-0402f426ed5f/ HTTP/1.1" 402 None
2023-08-06 08:00:32,262 - ERROR - list index out of range
Traceback (most recent call last):
  File "/Users/jonathanduberman/maverick_price_tool/maverick_price_scraper.py", line 112, in carsdotcom_datagrabber
    title = soup.findAll('title')[0].get_text().strip() #title format = used/new, make, model, trim, "for sale", price
IndexError: list index out of range
2023-08-06 08:00:32,266 - DEBUG - Starting new HTTP connection (1): us-ca.proxymesh.com:31280
2023-08-06 08:00:32,464 - DEBUG - http://us-ca.proxymesh.com:31280 "GET http://cars.com///vehicledetail/72ebefeb-3573-4555-a81f-1a4a3a6d38da/ HTTP/1.1" 402 None
2023-08-06 08:00:32,467 - ERROR - list index out of range
Traceback (most recent call last):
  File "/Users/jonathanduberman/maverick_price_tool/maverick_price_scraper.py", line 112, in carsdotcom_datagrabber
    title = soup.findAll('title')[0].get_text().strip() #title format = used/new, make, model, trim, "for sale", price
IndexError: list index out of range
2023-08-06 08:00:32,471 - DEBUG - Starting new HTTP connection (1): us-ca.proxymesh.com:31280
2023-08-06 08:00:32,791 - DEBUG - http://us-ca.proxymesh.com:31280 "GET http://cars.com///vehicledetail/8190ecb9-1bdf-436c-b382-4d1501871f87/ HTTP/1.1" 402 None
2023-08-06 08:00:32,793 - ERROR - list index out of range
Traceback (most recent call last):
  File "/Users/jonathanduberman/maverick_price_tool/maverick_price_scraper.py", line 112, in carsdotcom_datagrabber
    title = soup.findAll('title')[0].get_text().strip() #title format = used/new, make, model, trim, "for sale", price
IndexError: list index out of range
2023-08-06 08:00:32,797 - DEBUG - Starting new HTTP connection (1): us-ca.proxymesh.com:31280
2023-08-06 08:00:32,994 - DEBUG - http://us-ca.proxymesh.com:31280 "GET http://cars.com///vehicledetail/a98eebf8-e1e1-48b1-b11e-f90ed3f58e34/ HTTP/1.1" 402 None
2023-08-06 08:00:32,996 - ERROR - list index out of range
Traceback (most recent call last):
  File "/Users/jonathanduberman/maverick_price_tool/maverick_price_scraper.py", line 112, in carsdotcom_datagrabber
    title = soup.findAll('title')[0].get_text().strip() #title format = used/new, make, model, trim, "for sale", price
IndexError: list index out of range
2023-08-06 08:00:33,001 - DEBUG - Starting new HTTP connection (1): us-ca.proxymesh.com:31280
2023-08-06 08:00:33,202 - DEBUG - http://us-ca.proxymesh.com:31280 "GET http://cars.com///vehicledetail/37c6d33a-153d-4c61-a6f9-26dadca990a8/ HTTP/1.1" 402 None
2023-08-06 08:00:33,204 - ERROR - list index out of range
Traceback (most recent call last):
  File "/Users/jonathanduberman/maverick_price_tool/maverick_price_scraper.py", line 112, in carsdotcom_datagrabber
    title = soup.findAll('title')[0].get_text().strip() #title format = used/new, make, model, trim, "for sale", price
IndexError: list index out of range
2023-08-06 08:00:33,208 - DEBUG - Starting new HTTP connection (1): us-ca.proxymesh.com:31280
2023-08-06 08:00:33,420 - DEBUG - http://us-ca.proxymesh.com:31280 "GET http://cars.com///vehicledetail/78454f89-966c-489c-b85f-0521a583972e/ HTTP/1.1" 402 None
2023-08-06 08:00:33,422 - ERROR - list index out of range
Traceback (most recent call last):
  File "/Users/jonathanduberman/maverick_price_tool/maverick_price_scraper.py", line 112, in carsdotcom_datagrabber
    title = soup.findAll('title')[0].get_text().strip() #title format = used/new, make, model, trim, "for sale", price
IndexError: list index out of range
2023-08-06 08:00:33,426 - DEBUG - Starting new HTTP connection (1): us-ca.proxymesh.com:31280
2023-08-06 08:00:33,705 - DEBUG - http://us-ca.proxymesh.com:31280 "GET http://cars.com///vehicledetail/04bf0dc1-aef5-4b45-8e68-b4ca4e3878cf/ HTTP/1.1" 402 None
2023-08-06 08:00:33,707 - ERROR - list index out of range
Traceback (most recent call last):
  File "/Users/jonathanduberman/maverick_price_tool/maverick_price_scraper.py", line 112, in carsdotcom_datagrabber
    title = soup.findAll('title')[0].get_text().strip() #title format = used/new, make, model, trim, "for sale", price
IndexError: list index out of range
2023-08-06 08:00:33,712 - DEBUG - Starting new HTTP connection (1): us-ca.proxymesh.com:31280
2023-08-06 08:00:33,908 - DEBUG - http://us-ca.proxymesh.com:31280 "GET http://cars.com///vehicledetail/9d4b5092-0db7-42c2-81b8-96024773123e/ HTTP/1.1" 402 None
2023-08-06 08:00:33,910 - ERROR - list index out of range
Traceback (most recent call last):
  File "/Users/jonathanduberman/maverick_price_tool/maverick_price_scraper.py", line 112, in carsdotcom_datagrabber
    title = soup.findAll('title')[0].get_text().strip() #title format = used/new, make, model, trim, "for sale", price
IndexError: list index out of range
2023-08-06 08:00:33,914 - DEBUG - Starting new HTTP connection (1): us-ca.proxymesh.com:31280
2023-08-06 08:00:34,116 - DEBUG - http://us-ca.proxymesh.com:31280 "GET http://cars.com///vehicledetail/ac1cf830-4395-44cc-b394-c2f9e35c7bda/ HTTP/1.1" 402 None
2023-08-06 08:00:34,118 - ERROR - list index out of range
Traceback (most recent call last):
  File "/Users/jonathanduberman/maverick_price_tool/maverick_price_scraper.py", line 112, in carsdotcom_datagrabber
    title = soup.findAll('title')[0].get_text().strip() #title format = used/new, make, model, trim, "for sale", price
IndexError: list index out of range
2023-08-06 08:00:34,125 - INFO - Scraping complete.  All available data has been scraped.
