2023-08-09 08:00:04,780 - DEBUG - Starting new HTTPS connection (1): www.cars.com:443
2023-08-09 08:00:05,936 - DEBUG - https://www.cars.com:443 "GET /shopping/results/?dealer_id=&keyword=&list_price_max=&list_price_min=&makes%5B%5D=ford&maximum_distance=all&mileage_max=&models%5B%5D=ford-maverick&page=1&page_size=100&sort=distance&stock_type=used&year_max=&year_min=&zip=28533 HTTP/1.1" 200 None
2023-08-09 08:00:07,265 - DEBUG - Starting new HTTPS connection (1): www.cars.com:443
2023-08-09 08:00:08,595 - DEBUG - https://www.cars.com:443 "GET /shopping/results/?dealer_id=&keyword=&list_price_max=&list_price_min=&makes%5B%5D=ford&maximum_distance=all&mileage_max=&models%5B%5D=ford-maverick&page=1&page_size=100&sort=distance&stock_type=used&year_max=&year_min=&zip=28533 HTTP/1.1" 200 None
2023-08-09 08:00:12,135 - DEBUG - Starting new HTTP connection (1): us-ca.proxymesh.com:31280
2023-08-09 08:00:12,602 - DEBUG - http://us-ca.proxymesh.com:31280 "GET http://cars.com///vehicledetail/ee8cfcbf-c8ac-4d31-9909-e149417576d2/ HTTP/1.1" 402 None
2023-08-09 08:00:12,607 - ERROR - list index out of range
Traceback (most recent call last):
  File "/Users/jonathanduberman/maverick_price_tool/maverick_price_scraper.py", line 112, in carsdotcom_datagrabber
    title = soup.findAll('title')[0].get_text().strip() #title format = used/new, make, model, trim, "for sale", price
IndexError: list index out of range
2023-08-09 08:00:12,611 - DEBUG - Starting new HTTP connection (1): us-ca.proxymesh.com:31280
2023-08-09 08:00:12,807 - DEBUG - http://us-ca.proxymesh.com:31280 "GET http://cars.com///vehicledetail/b8fd4acc-cc97-4f5a-ac15-10a6f84c937e/ HTTP/1.1" 402 None
2023-08-09 08:00:12,808 - ERROR - list index out of range
Traceback (most recent call last):
  File "/Users/jonathanduberman/maverick_price_tool/maverick_price_scraper.py", line 112, in carsdotcom_datagrabber
    title = soup.findAll('title')[0].get_text().strip() #title format = used/new, make, model, trim, "for sale", price
IndexError: list index out of range
2023-08-09 08:00:12,813 - DEBUG - Starting new HTTP connection (1): us-ca.proxymesh.com:31280
2023-08-09 08:00:13,005 - DEBUG - http://us-ca.proxymesh.com:31280 "GET http://cars.com///vehicledetail/2da57dcb-7d05-4479-8f03-054f65038d70/ HTTP/1.1" 402 None
2023-08-09 08:00:13,006 - ERROR - list index out of range
Traceback (most recent call last):
  File "/Users/jonathanduberman/maverick_price_tool/maverick_price_scraper.py", line 112, in carsdotcom_datagrabber
    title = soup.findAll('title')[0].get_text().strip() #title format = used/new, make, model, trim, "for sale", price
IndexError: list index out of range
2023-08-09 08:00:13,011 - DEBUG - Starting new HTTP connection (1): us-ca.proxymesh.com:31280
2023-08-09 08:00:13,205 - DEBUG - http://us-ca.proxymesh.com:31280 "GET http://cars.com///vehicledetail/f6456d55-9dc9-4fcd-8cfa-0d2b5639d605/ HTTP/1.1" 402 None
2023-08-09 08:00:13,207 - ERROR - list index out of range
Traceback (most recent call last):
  File "/Users/jonathanduberman/maverick_price_tool/maverick_price_scraper.py", line 112, in carsdotcom_datagrabber
    title = soup.findAll('title')[0].get_text().strip() #title format = used/new, make, model, trim, "for sale", price
IndexError: list index out of range
2023-08-09 08:00:13,211 - DEBUG - Starting new HTTP connection (1): us-ca.proxymesh.com:31280
2023-08-09 08:00:13,492 - DEBUG - http://us-ca.proxymesh.com:31280 "GET http://cars.com///vehicledetail/30aa460d-7275-48e4-bdec-a9da6f564631/ HTTP/1.1" 402 None
2023-08-09 08:00:13,493 - ERROR - list index out of range
Traceback (most recent call last):
  File "/Users/jonathanduberman/maverick_price_tool/maverick_price_scraper.py", line 112, in carsdotcom_datagrabber
    title = soup.findAll('title')[0].get_text().strip() #title format = used/new, make, model, trim, "for sale", price
IndexError: list index out of range
2023-08-09 08:00:13,498 - DEBUG - Starting new HTTP connection (1): us-ca.proxymesh.com:31280
2023-08-09 08:00:13,700 - DEBUG - http://us-ca.proxymesh.com:31280 "GET http://cars.com///vehicledetail/56a144e7-a837-40a4-95da-b8cf40519bea/ HTTP/1.1" 402 None
2023-08-09 08:00:13,702 - ERROR - list index out of range
Traceback (most recent call last):
  File "/Users/jonathanduberman/maverick_price_tool/maverick_price_scraper.py", line 112, in carsdotcom_datagrabber
    title = soup.findAll('title')[0].get_text().strip() #title format = used/new, make, model, trim, "for sale", price
IndexError: list index out of range
2023-08-09 08:00:13,706 - DEBUG - Starting new HTTP connection (1): us-ca.proxymesh.com:31280
2023-08-09 08:00:13,906 - DEBUG - http://us-ca.proxymesh.com:31280 "GET http://cars.com///vehicledetail/1d6f012f-799e-42d1-8b04-44ee5144d90d/ HTTP/1.1" 402 None
2023-08-09 08:00:13,907 - ERROR - list index out of range
Traceback (most recent call last):
  File "/Users/jonathanduberman/maverick_price_tool/maverick_price_scraper.py", line 112, in carsdotcom_datagrabber
    title = soup.findAll('title')[0].get_text().strip() #title format = used/new, make, model, trim, "for sale", price
IndexError: list index out of range
2023-08-09 08:00:13,912 - DEBUG - Starting new HTTP connection (1): us-ca.proxymesh.com:31280
2023-08-09 08:00:14,159 - DEBUG - http://us-ca.proxymesh.com:31280 "GET http://cars.com///vehicledetail/7ed7ed5d-f7bc-410f-a48d-a702a26f18f6/ HTTP/1.1" 402 None
2023-08-09 08:00:14,161 - ERROR - list index out of range
Traceback (most recent call last):
  File "/Users/jonathanduberman/maverick_price_tool/maverick_price_scraper.py", line 112, in carsdotcom_datagrabber
    title = soup.findAll('title')[0].get_text().strip() #title format = used/new, make, model, trim, "for sale", price
IndexError: list index out of range
2023-08-09 08:00:14,165 - DEBUG - Starting new HTTP connection (1): us-ca.proxymesh.com:31280
2023-08-09 08:00:14,382 - DEBUG - http://us-ca.proxymesh.com:31280 "GET http://cars.com///vehicledetail/4a829fbf-a2e7-44de-a223-5f3aa9c2b74c/ HTTP/1.1" 402 None
2023-08-09 08:00:14,384 - ERROR - list index out of range
Traceback (most recent call last):
  File "/Users/jonathanduberman/maverick_price_tool/maverick_price_scraper.py", line 112, in carsdotcom_datagrabber
    title = soup.findAll('title')[0].get_text().strip() #title format = used/new, make, model, trim, "for sale", price
IndexError: list index out of range
2023-08-09 08:00:14,388 - DEBUG - Starting new HTTP connection (1): us-ca.proxymesh.com:31280
2023-08-09 08:00:14,590 - DEBUG - http://us-ca.proxymesh.com:31280 "GET http://cars.com///vehicledetail/363a67c5-659f-4a2b-9dd8-c74e1e1dfa79/ HTTP/1.1" 402 None
2023-08-09 08:00:14,592 - ERROR - list index out of range
Traceback (most recent call last):
  File "/Users/jonathanduberman/maverick_price_tool/maverick_price_scraper.py", line 112, in carsdotcom_datagrabber
    title = soup.findAll('title')[0].get_text().strip() #title format = used/new, make, model, trim, "for sale", price
IndexError: list index out of range
2023-08-09 08:00:14,596 - DEBUG - Starting new HTTP connection (1): us-ca.proxymesh.com:31280
2023-08-09 08:00:14,800 - DEBUG - http://us-ca.proxymesh.com:31280 "GET http://cars.com///vehicledetail/29eddb0d-aaea-43be-81ba-2a29d0b5a5ab/ HTTP/1.1" 402 None
2023-08-09 08:00:14,802 - ERROR - list index out of range
Traceback (most recent call last):
  File "/Users/jonathanduberman/maverick_price_tool/maverick_price_scraper.py", line 112, in carsdotcom_datagrabber
    title = soup.findAll('title')[0].get_text().strip() #title format = used/new, make, model, trim, "for sale", price
IndexError: list index out of range
2023-08-09 08:00:14,806 - DEBUG - Starting new HTTP connection (1): us-ca.proxymesh.com:31280
2023-08-09 08:00:15,019 - DEBUG - http://us-ca.proxymesh.com:31280 "GET http://cars.com///vehicledetail/71161492-0363-4581-bb53-d7c8594658a4/ HTTP/1.1" 402 None
2023-08-09 08:00:15,021 - ERROR - list index out of range
Traceback (most recent call last):
  File "/Users/jonathanduberman/maverick_price_tool/maverick_price_scraper.py", line 112, in carsdotcom_datagrabber
    title = soup.findAll('title')[0].get_text().strip() #title format = used/new, make, model, trim, "for sale", price
IndexError: list index out of range
2023-08-09 08:00:15,025 - DEBUG - Starting new HTTP connection (1): us-ca.proxymesh.com:31280
2023-08-09 08:00:15,222 - DEBUG - http://us-ca.proxymesh.com:31280 "GET http://cars.com///vehicledetail/5ff372f4-b416-4320-9946-41b439ba524c/ HTTP/1.1" 402 None
2023-08-09 08:00:15,224 - ERROR - list index out of range
Traceback (most recent call last):
  File "/Users/jonathanduberman/maverick_price_tool/maverick_price_scraper.py", line 112, in carsdotcom_datagrabber
    title = soup.findAll('title')[0].get_text().strip() #title format = used/new, make, model, trim, "for sale", price
IndexError: list index out of range
2023-08-09 08:00:15,228 - DEBUG - Starting new HTTP connection (1): us-ca.proxymesh.com:31280
2023-08-09 08:00:15,450 - DEBUG - http://us-ca.proxymesh.com:31280 "GET http://cars.com///vehicledetail/78fd21f8-8d85-4840-b6ba-a12277a74394/ HTTP/1.1" 402 None
2023-08-09 08:00:15,451 - ERROR - list index out of range
Traceback (most recent call last):
  File "/Users/jonathanduberman/maverick_price_tool/maverick_price_scraper.py", line 112, in carsdotcom_datagrabber
    title = soup.findAll('title')[0].get_text().strip() #title format = used/new, make, model, trim, "for sale", price
IndexError: list index out of range
2023-08-09 08:00:15,456 - DEBUG - Starting new HTTP connection (1): us-ca.proxymesh.com:31280
2023-08-09 08:00:15,665 - DEBUG - http://us-ca.proxymesh.com:31280 "GET http://cars.com///vehicledetail/623e2102-a750-4784-8a3b-5f8b36799b6b/ HTTP/1.1" 402 None
2023-08-09 08:00:15,667 - ERROR - list index out of range
Traceback (most recent call last):
  File "/Users/jonathanduberman/maverick_price_tool/maverick_price_scraper.py", line 112, in carsdotcom_datagrabber
    title = soup.findAll('title')[0].get_text().strip() #title format = used/new, make, model, trim, "for sale", price
IndexError: list index out of range
2023-08-09 08:00:15,671 - DEBUG - Starting new HTTP connection (1): us-ca.proxymesh.com:31280
2023-08-09 08:00:15,870 - DEBUG - http://us-ca.proxymesh.com:31280 "GET http://cars.com///vehicledetail/023ed91c-4cb0-452f-a24f-75ed6c860d7b/ HTTP/1.1" 402 None
2023-08-09 08:00:15,871 - ERROR - list index out of range
Traceback (most recent call last):
  File "/Users/jonathanduberman/maverick_price_tool/maverick_price_scraper.py", line 112, in carsdotcom_datagrabber
    title = soup.findAll('title')[0].get_text().strip() #title format = used/new, make, model, trim, "for sale", price
IndexError: list index out of range
2023-08-09 08:00:15,875 - DEBUG - Starting new HTTP connection (1): us-ca.proxymesh.com:31280
2023-08-09 08:00:16,080 - DEBUG - http://us-ca.proxymesh.com:31280 "GET http://cars.com///vehicledetail/3e003be1-aa2f-4a43-9c35-3ff753ac84d9/ HTTP/1.1" 402 None
2023-08-09 08:00:16,081 - ERROR - list index out of range
Traceback (most recent call last):
  File "/Users/jonathanduberman/maverick_price_tool/maverick_price_scraper.py", line 112, in carsdotcom_datagrabber
    title = soup.findAll('title')[0].get_text().strip() #title format = used/new, make, model, trim, "for sale", price
IndexError: list index out of range
2023-08-09 08:00:16,084 - DEBUG - Starting new HTTP connection (1): us-ca.proxymesh.com:31280
2023-08-09 08:00:16,293 - DEBUG - http://us-ca.proxymesh.com:31280 "GET http://cars.com///vehicledetail/fa55873e-8819-4fb0-8a08-f000fac6e827/ HTTP/1.1" 402 None
2023-08-09 08:00:16,294 - ERROR - list index out of range
Traceback (most recent call last):
  File "/Users/jonathanduberman/maverick_price_tool/maverick_price_scraper.py", line 112, in carsdotcom_datagrabber
    title = soup.findAll('title')[0].get_text().strip() #title format = used/new, make, model, trim, "for sale", price
IndexError: list index out of range
2023-08-09 08:00:16,296 - DEBUG - Starting new HTTP connection (1): us-ca.proxymesh.com:31280
2023-08-09 08:00:16,510 - DEBUG - http://us-ca.proxymesh.com:31280 "GET http://cars.com///vehicledetail/9da5b7ad-ebe5-4519-88fa-62b2ac202fc2/ HTTP/1.1" 402 None
2023-08-09 08:00:16,512 - ERROR - list index out of range
Traceback (most recent call last):
  File "/Users/jonathanduberman/maverick_price_tool/maverick_price_scraper.py", line 112, in carsdotcom_datagrabber
    title = soup.findAll('title')[0].get_text().strip() #title format = used/new, make, model, trim, "for sale", price
IndexError: list index out of range
2023-08-09 08:00:16,515 - DEBUG - Starting new HTTP connection (1): us-ca.proxymesh.com:31280
2023-08-09 08:00:16,731 - DEBUG - http://us-ca.proxymesh.com:31280 "GET http://cars.com///vehicledetail/15512ed6-09d6-4fd6-96eb-bd2d76ef92f1/ HTTP/1.1" 402 None
2023-08-09 08:00:16,733 - ERROR - list index out of range
Traceback (most recent call last):
  File "/Users/jonathanduberman/maverick_price_tool/maverick_price_scraper.py", line 112, in carsdotcom_datagrabber
    title = soup.findAll('title')[0].get_text().strip() #title format = used/new, make, model, trim, "for sale", price
IndexError: list index out of range
2023-08-09 08:00:16,737 - DEBUG - Starting new HTTP connection (1): us-ca.proxymesh.com:31280
2023-08-09 08:00:16,937 - DEBUG - http://us-ca.proxymesh.com:31280 "GET http://cars.com///vehicledetail/d3faeb29-5e1f-4c88-b454-54f5df7f2afc/ HTTP/1.1" 402 None
2023-08-09 08:00:16,939 - ERROR - list index out of range
Traceback (most recent call last):
  File "/Users/jonathanduberman/maverick_price_tool/maverick_price_scraper.py", line 112, in carsdotcom_datagrabber
    title = soup.findAll('title')[0].get_text().strip() #title format = used/new, make, model, trim, "for sale", price
IndexError: list index out of range
2023-08-09 08:00:16,941 - DEBUG - Starting new HTTP connection (1): us-ca.proxymesh.com:31280
2023-08-09 08:00:17,131 - DEBUG - http://us-ca.proxymesh.com:31280 "GET http://cars.com///vehicledetail/508c5f01-c926-4903-b552-491dc03171ca/ HTTP/1.1" 402 None
2023-08-09 08:00:17,149 - ERROR - list index out of range
Traceback (most recent call last):
  File "/Users/jonathanduberman/maverick_price_tool/maverick_price_scraper.py", line 112, in carsdotcom_datagrabber
    title = soup.findAll('title')[0].get_text().strip() #title format = used/new, make, model, trim, "for sale", price
IndexError: list index out of range
2023-08-09 08:00:17,153 - DEBUG - Starting new HTTP connection (1): us-ca.proxymesh.com:31280
2023-08-09 08:00:17,384 - DEBUG - http://us-ca.proxymesh.com:31280 "GET http://cars.com///vehicledetail/a6668fee-cac9-45b3-9882-da1b9767c223/ HTTP/1.1" 402 None
2023-08-09 08:00:17,398 - ERROR - list index out of range
Traceback (most recent call last):
  File "/Users/jonathanduberman/maverick_price_tool/maverick_price_scraper.py", line 112, in carsdotcom_datagrabber
    title = soup.findAll('title')[0].get_text().strip() #title format = used/new, make, model, trim, "for sale", price
IndexError: list index out of range
2023-08-09 08:00:17,402 - DEBUG - Starting new HTTP connection (1): us-ca.proxymesh.com:31280
2023-08-09 08:00:17,612 - DEBUG - http://us-ca.proxymesh.com:31280 "GET http://cars.com///vehicledetail/32e3d417-4ed5-4dba-85af-8843508304dc/ HTTP/1.1" 402 None
2023-08-09 08:00:17,626 - ERROR - list index out of range
Traceback (most recent call last):
  File "/Users/jonathanduberman/maverick_price_tool/maverick_price_scraper.py", line 112, in carsdotcom_datagrabber
    title = soup.findAll('title')[0].get_text().strip() #title format = used/new, make, model, trim, "for sale", price
IndexError: list index out of range
2023-08-09 08:00:17,630 - DEBUG - Starting new HTTP connection (1): us-ca.proxymesh.com:31280
2023-08-09 08:00:17,830 - DEBUG - http://us-ca.proxymesh.com:31280 "GET http://cars.com///vehicledetail/a0f3f694-b52c-4444-8adf-5a8929edbeab/ HTTP/1.1" 402 None
2023-08-09 08:00:17,840 - ERROR - list index out of range
Traceback (most recent call last):
  File "/Users/jonathanduberman/maverick_price_tool/maverick_price_scraper.py", line 112, in carsdotcom_datagrabber
    title = soup.findAll('title')[0].get_text().strip() #title format = used/new, make, model, trim, "for sale", price
IndexError: list index out of range
2023-08-09 08:00:17,844 - DEBUG - Starting new HTTP connection (1): us-ca.proxymesh.com:31280
2023-08-09 08:00:18,044 - DEBUG - http://us-ca.proxymesh.com:31280 "GET http://cars.com///vehicledetail/cc48f3c4-7c16-49a0-8525-7b0f1155b8c8/ HTTP/1.1" 402 None
2023-08-09 08:00:18,046 - ERROR - list index out of range
Traceback (most recent call last):
  File "/Users/jonathanduberman/maverick_price_tool/maverick_price_scraper.py", line 112, in carsdotcom_datagrabber
    title = soup.findAll('title')[0].get_text().strip() #title format = used/new, make, model, trim, "for sale", price
IndexError: list index out of range
2023-08-09 08:00:18,050 - DEBUG - Starting new HTTP connection (1): us-ca.proxymesh.com:31280
2023-08-09 08:00:18,261 - DEBUG - http://us-ca.proxymesh.com:31280 "GET http://cars.com///vehicledetail/676986cf-45a5-40f7-9c29-5c56b6ccf6c5/ HTTP/1.1" 402 None
2023-08-09 08:00:18,262 - ERROR - list index out of range
Traceback (most recent call last):
  File "/Users/jonathanduberman/maverick_price_tool/maverick_price_scraper.py", line 112, in carsdotcom_datagrabber
    title = soup.findAll('title')[0].get_text().strip() #title format = used/new, make, model, trim, "for sale", price
IndexError: list index out of range
2023-08-09 08:00:18,267 - DEBUG - Starting new HTTP connection (1): us-ca.proxymesh.com:31280
2023-08-09 08:00:18,478 - DEBUG - http://us-ca.proxymesh.com:31280 "GET http://cars.com///vehicledetail/5471f8a5-8a93-4ce5-a0d4-806f6e223340/ HTTP/1.1" 402 None
2023-08-09 08:00:18,479 - ERROR - list index out of range
Traceback (most recent call last):
  File "/Users/jonathanduberman/maverick_price_tool/maverick_price_scraper.py", line 112, in carsdotcom_datagrabber
    title = soup.findAll('title')[0].get_text().strip() #title format = used/new, make, model, trim, "for sale", price
IndexError: list index out of range
2023-08-09 08:00:18,484 - DEBUG - Starting new HTTP connection (1): us-ca.proxymesh.com:31280
2023-08-09 08:00:18,686 - DEBUG - http://us-ca.proxymesh.com:31280 "GET http://cars.com///vehicledetail/76df3680-c2fc-4d73-b3a8-0b8a47b989e3/ HTTP/1.1" 402 None
2023-08-09 08:00:18,688 - ERROR - list index out of range
Traceback (most recent call last):
  File "/Users/jonathanduberman/maverick_price_tool/maverick_price_scraper.py", line 112, in carsdotcom_datagrabber
    title = soup.findAll('title')[0].get_text().strip() #title format = used/new, make, model, trim, "for sale", price
IndexError: list index out of range
2023-08-09 08:00:18,693 - DEBUG - Starting new HTTP connection (1): us-ca.proxymesh.com:31280
2023-08-09 08:00:18,889 - DEBUG - http://us-ca.proxymesh.com:31280 "GET http://cars.com///vehicledetail/2021b2e2-ea2f-4348-9c1a-2abf0f5eb513/ HTTP/1.1" 402 None
2023-08-09 08:00:18,891 - ERROR - list index out of range
Traceback (most recent call last):
  File "/Users/jonathanduberman/maverick_price_tool/maverick_price_scraper.py", line 112, in carsdotcom_datagrabber
    title = soup.findAll('title')[0].get_text().strip() #title format = used/new, make, model, trim, "for sale", price
IndexError: list index out of range
2023-08-09 08:00:18,895 - DEBUG - Starting new HTTP connection (1): us-ca.proxymesh.com:31280
2023-08-09 08:00:19,095 - DEBUG - http://us-ca.proxymesh.com:31280 "GET http://cars.com///vehicledetail/88a01119-38ed-41d8-8e12-ff1cbf6769ab/ HTTP/1.1" 402 None
2023-08-09 08:00:19,097 - ERROR - list index out of range
Traceback (most recent call last):
  File "/Users/jonathanduberman/maverick_price_tool/maverick_price_scraper.py", line 112, in carsdotcom_datagrabber
    title = soup.findAll('title')[0].get_text().strip() #title format = used/new, make, model, trim, "for sale", price
IndexError: list index out of range
2023-08-09 08:00:19,101 - DEBUG - Starting new HTTP connection (1): us-ca.proxymesh.com:31280
2023-08-09 08:00:19,637 - DEBUG - http://us-ca.proxymesh.com:31280 "GET http://cars.com///vehicledetail/8cdb34d3-e078-4e0a-83f9-92b4f1fce06f/ HTTP/1.1" 402 None
2023-08-09 08:00:19,640 - ERROR - list index out of range
Traceback (most recent call last):
  File "/Users/jonathanduberman/maverick_price_tool/maverick_price_scraper.py", line 112, in carsdotcom_datagrabber
    title = soup.findAll('title')[0].get_text().strip() #title format = used/new, make, model, trim, "for sale", price
IndexError: list index out of range
2023-08-09 08:00:19,644 - DEBUG - Starting new HTTP connection (1): us-ca.proxymesh.com:31280
2023-08-09 08:00:19,852 - DEBUG - http://us-ca.proxymesh.com:31280 "GET http://cars.com///vehicledetail/1bd96679-1fcf-4ee4-80d5-29602a417550/ HTTP/1.1" 402 None
2023-08-09 08:00:19,854 - ERROR - list index out of range
Traceback (most recent call last):
  File "/Users/jonathanduberman/maverick_price_tool/maverick_price_scraper.py", line 112, in carsdotcom_datagrabber
    title = soup.findAll('title')[0].get_text().strip() #title format = used/new, make, model, trim, "for sale", price
IndexError: list index out of range
2023-08-09 08:00:19,858 - DEBUG - Starting new HTTP connection (1): us-ca.proxymesh.com:31280
2023-08-09 08:00:20,051 - DEBUG - http://us-ca.proxymesh.com:31280 "GET http://cars.com///vehicledetail/89aea837-196a-4177-98d2-e8d072a8d61f/ HTTP/1.1" 402 None
2023-08-09 08:00:20,053 - ERROR - list index out of range
Traceback (most recent call last):
  File "/Users/jonathanduberman/maverick_price_tool/maverick_price_scraper.py", line 112, in carsdotcom_datagrabber
    title = soup.findAll('title')[0].get_text().strip() #title format = used/new, make, model, trim, "for sale", price
IndexError: list index out of range
2023-08-09 08:00:20,058 - DEBUG - Starting new HTTP connection (1): us-ca.proxymesh.com:31280
2023-08-09 08:00:20,697 - DEBUG - http://us-ca.proxymesh.com:31280 "GET http://cars.com///vehicledetail/9d5a131a-0958-43a4-90ad-641c02155117/ HTTP/1.1" 402 None
2023-08-09 08:00:20,698 - ERROR - list index out of range
Traceback (most recent call last):
  File "/Users/jonathanduberman/maverick_price_tool/maverick_price_scraper.py", line 112, in carsdotcom_datagrabber
    title = soup.findAll('title')[0].get_text().strip() #title format = used/new, make, model, trim, "for sale", price
IndexError: list index out of range
2023-08-09 08:00:20,703 - DEBUG - Starting new HTTP connection (1): us-ca.proxymesh.com:31280
2023-08-09 08:00:20,895 - DEBUG - http://us-ca.proxymesh.com:31280 "GET http://cars.com///vehicledetail/432f83eb-c504-447a-917f-3d669fb5bef0/ HTTP/1.1" 402 None
2023-08-09 08:00:20,897 - ERROR - list index out of range
Traceback (most recent call last):
  File "/Users/jonathanduberman/maverick_price_tool/maverick_price_scraper.py", line 112, in carsdotcom_datagrabber
    title = soup.findAll('title')[0].get_text().strip() #title format = used/new, make, model, trim, "for sale", price
IndexError: list index out of range
2023-08-09 08:00:20,901 - DEBUG - Starting new HTTP connection (1): us-ca.proxymesh.com:31280
2023-08-09 08:00:21,110 - DEBUG - http://us-ca.proxymesh.com:31280 "GET http://cars.com///vehicledetail/3a8fd066-1ce2-4bad-af91-116f8be80146/ HTTP/1.1" 402 None
2023-08-09 08:00:21,111 - ERROR - list index out of range
Traceback (most recent call last):
  File "/Users/jonathanduberman/maverick_price_tool/maverick_price_scraper.py", line 112, in carsdotcom_datagrabber
    title = soup.findAll('title')[0].get_text().strip() #title format = used/new, make, model, trim, "for sale", price
IndexError: list index out of range
2023-08-09 08:00:21,116 - DEBUG - Starting new HTTP connection (1): us-ca.proxymesh.com:31280
2023-08-09 08:00:21,390 - DEBUG - http://us-ca.proxymesh.com:31280 "GET http://cars.com///vehicledetail/72c81bb6-7bc5-4a48-9679-7d929b505e2d/ HTTP/1.1" 402 None
2023-08-09 08:00:21,393 - ERROR - list index out of range
Traceback (most recent call last):
  File "/Users/jonathanduberman/maverick_price_tool/maverick_price_scraper.py", line 112, in carsdotcom_datagrabber
    title = soup.findAll('title')[0].get_text().strip() #title format = used/new, make, model, trim, "for sale", price
IndexError: list index out of range
2023-08-09 08:00:21,397 - DEBUG - Starting new HTTP connection (1): us-ca.proxymesh.com:31280
2023-08-09 08:00:21,594 - DEBUG - http://us-ca.proxymesh.com:31280 "GET http://cars.com///vehicledetail/ec41c835-f1b2-4fc6-ac97-6404fc3964d3/ HTTP/1.1" 402 None
2023-08-09 08:00:21,596 - ERROR - list index out of range
Traceback (most recent call last):
  File "/Users/jonathanduberman/maverick_price_tool/maverick_price_scraper.py", line 112, in carsdotcom_datagrabber
    title = soup.findAll('title')[0].get_text().strip() #title format = used/new, make, model, trim, "for sale", price
IndexError: list index out of range
2023-08-09 08:00:21,601 - DEBUG - Starting new HTTP connection (1): us-ca.proxymesh.com:31280
2023-08-09 08:00:21,800 - DEBUG - http://us-ca.proxymesh.com:31280 "GET http://cars.com///vehicledetail/4989f724-366c-4fb2-a75c-6b6d7e657055/ HTTP/1.1" 402 None
2023-08-09 08:00:21,801 - ERROR - list index out of range
Traceback (most recent call last):
  File "/Users/jonathanduberman/maverick_price_tool/maverick_price_scraper.py", line 112, in carsdotcom_datagrabber
    title = soup.findAll('title')[0].get_text().strip() #title format = used/new, make, model, trim, "for sale", price
IndexError: list index out of range
2023-08-09 08:00:21,806 - DEBUG - Starting new HTTP connection (1): us-ca.proxymesh.com:31280
2023-08-09 08:00:22,004 - DEBUG - http://us-ca.proxymesh.com:31280 "GET http://cars.com///vehicledetail/3ea79e82-5164-4f5a-8165-30c3f4b2f755/ HTTP/1.1" 402 None
2023-08-09 08:00:22,006 - ERROR - list index out of range
Traceback (most recent call last):
  File "/Users/jonathanduberman/maverick_price_tool/maverick_price_scraper.py", line 112, in carsdotcom_datagrabber
    title = soup.findAll('title')[0].get_text().strip() #title format = used/new, make, model, trim, "for sale", price
IndexError: list index out of range
2023-08-09 08:00:22,010 - DEBUG - Starting new HTTP connection (1): us-ca.proxymesh.com:31280
2023-08-09 08:00:22,277 - DEBUG - http://us-ca.proxymesh.com:31280 "GET http://cars.com///vehicledetail/e2ca4035-c051-44da-acea-7e344b9952d9/ HTTP/1.1" 402 None
2023-08-09 08:00:22,279 - ERROR - list index out of range
Traceback (most recent call last):
  File "/Users/jonathanduberman/maverick_price_tool/maverick_price_scraper.py", line 112, in carsdotcom_datagrabber
    title = soup.findAll('title')[0].get_text().strip() #title format = used/new, make, model, trim, "for sale", price
IndexError: list index out of range
2023-08-09 08:00:22,284 - DEBUG - Starting new HTTP connection (1): us-ca.proxymesh.com:31280
2023-08-09 08:00:22,487 - DEBUG - http://us-ca.proxymesh.com:31280 "GET http://cars.com///vehicledetail/75613e16-00c0-48e4-89c8-ec1910a56940/ HTTP/1.1" 402 None
2023-08-09 08:00:22,489 - ERROR - list index out of range
Traceback (most recent call last):
  File "/Users/jonathanduberman/maverick_price_tool/maverick_price_scraper.py", line 112, in carsdotcom_datagrabber
    title = soup.findAll('title')[0].get_text().strip() #title format = used/new, make, model, trim, "for sale", price
IndexError: list index out of range
2023-08-09 08:00:22,494 - DEBUG - Starting new HTTP connection (1): us-ca.proxymesh.com:31280
2023-08-09 08:00:22,704 - DEBUG - http://us-ca.proxymesh.com:31280 "GET http://cars.com///vehicledetail/1d3ea4a8-4e5c-4c6a-a0e7-8ffae3833dca/ HTTP/1.1" 402 None
2023-08-09 08:00:22,706 - ERROR - list index out of range
Traceback (most recent call last):
  File "/Users/jonathanduberman/maverick_price_tool/maverick_price_scraper.py", line 112, in carsdotcom_datagrabber
    title = soup.findAll('title')[0].get_text().strip() #title format = used/new, make, model, trim, "for sale", price
IndexError: list index out of range
2023-08-09 08:00:22,710 - DEBUG - Starting new HTTP connection (1): us-ca.proxymesh.com:31280
2023-08-09 08:00:22,915 - DEBUG - http://us-ca.proxymesh.com:31280 "GET http://cars.com///vehicledetail/94de738f-f298-4e9e-9b1c-eaa57b51bfaa/ HTTP/1.1" 402 None
2023-08-09 08:00:22,916 - ERROR - list index out of range
Traceback (most recent call last):
  File "/Users/jonathanduberman/maverick_price_tool/maverick_price_scraper.py", line 112, in carsdotcom_datagrabber
    title = soup.findAll('title')[0].get_text().strip() #title format = used/new, make, model, trim, "for sale", price
IndexError: list index out of range
2023-08-09 08:00:22,921 - DEBUG - Starting new HTTP connection (1): us-ca.proxymesh.com:31280
2023-08-09 08:00:23,124 - DEBUG - http://us-ca.proxymesh.com:31280 "GET http://cars.com///vehicledetail/f2be79d5-3a51-4f31-ace6-749a89d0f68f/ HTTP/1.1" 402 None
2023-08-09 08:00:23,125 - ERROR - list index out of range
Traceback (most recent call last):
  File "/Users/jonathanduberman/maverick_price_tool/maverick_price_scraper.py", line 112, in carsdotcom_datagrabber
    title = soup.findAll('title')[0].get_text().strip() #title format = used/new, make, model, trim, "for sale", price
IndexError: list index out of range
2023-08-09 08:00:23,130 - DEBUG - Starting new HTTP connection (1): us-ca.proxymesh.com:31280
2023-08-09 08:00:23,343 - DEBUG - http://us-ca.proxymesh.com:31280 "GET http://cars.com///vehicledetail/7e151b4b-08f9-48e0-ae2c-fcef435bc1f6/ HTTP/1.1" 402 None
2023-08-09 08:00:23,345 - ERROR - list index out of range
Traceback (most recent call last):
  File "/Users/jonathanduberman/maverick_price_tool/maverick_price_scraper.py", line 112, in carsdotcom_datagrabber
    title = soup.findAll('title')[0].get_text().strip() #title format = used/new, make, model, trim, "for sale", price
IndexError: list index out of range
2023-08-09 08:00:23,349 - DEBUG - Starting new HTTP connection (1): us-ca.proxymesh.com:31280
2023-08-09 08:00:23,543 - DEBUG - http://us-ca.proxymesh.com:31280 "GET http://cars.com///vehicledetail/960db5ac-7779-47bc-ac06-06649c2d64ed/ HTTP/1.1" 402 None
2023-08-09 08:00:23,544 - ERROR - list index out of range
Traceback (most recent call last):
  File "/Users/jonathanduberman/maverick_price_tool/maverick_price_scraper.py", line 112, in carsdotcom_datagrabber
    title = soup.findAll('title')[0].get_text().strip() #title format = used/new, make, model, trim, "for sale", price
IndexError: list index out of range
2023-08-09 08:00:23,549 - DEBUG - Starting new HTTP connection (1): us-ca.proxymesh.com:31280
2023-08-09 08:00:23,757 - DEBUG - http://us-ca.proxymesh.com:31280 "GET http://cars.com///vehicledetail/f4a7b785-1ad4-4a18-84d7-7f14b3145943/ HTTP/1.1" 402 None
2023-08-09 08:00:23,758 - ERROR - list index out of range
Traceback (most recent call last):
  File "/Users/jonathanduberman/maverick_price_tool/maverick_price_scraper.py", line 112, in carsdotcom_datagrabber
    title = soup.findAll('title')[0].get_text().strip() #title format = used/new, make, model, trim, "for sale", price
IndexError: list index out of range
2023-08-09 08:00:23,763 - DEBUG - Starting new HTTP connection (1): us-ca.proxymesh.com:31280
2023-08-09 08:00:23,959 - DEBUG - http://us-ca.proxymesh.com:31280 "GET http://cars.com///vehicledetail/a4075be5-6560-4b8e-8aa9-e4d661c473fe/ HTTP/1.1" 402 None
2023-08-09 08:00:23,960 - ERROR - list index out of range
Traceback (most recent call last):
  File "/Users/jonathanduberman/maverick_price_tool/maverick_price_scraper.py", line 112, in carsdotcom_datagrabber
    title = soup.findAll('title')[0].get_text().strip() #title format = used/new, make, model, trim, "for sale", price
IndexError: list index out of range
2023-08-09 08:00:23,965 - DEBUG - Starting new HTTP connection (1): us-ca.proxymesh.com:31280
2023-08-09 08:00:24,215 - DEBUG - http://us-ca.proxymesh.com:31280 "GET http://cars.com///vehicledetail/07998c9e-d4a8-4819-ab9e-b698477010a9/ HTTP/1.1" 402 None
2023-08-09 08:00:24,217 - ERROR - list index out of range
Traceback (most recent call last):
  File "/Users/jonathanduberman/maverick_price_tool/maverick_price_scraper.py", line 112, in carsdotcom_datagrabber
    title = soup.findAll('title')[0].get_text().strip() #title format = used/new, make, model, trim, "for sale", price
IndexError: list index out of range
2023-08-09 08:00:24,222 - DEBUG - Starting new HTTP connection (1): us-ca.proxymesh.com:31280
2023-08-09 08:00:24,506 - DEBUG - http://us-ca.proxymesh.com:31280 "GET http://cars.com///vehicledetail/d6ebe139-48dc-4c9e-902f-02f44da40b15/ HTTP/1.1" 402 None
2023-08-09 08:00:24,508 - ERROR - list index out of range
Traceback (most recent call last):
  File "/Users/jonathanduberman/maverick_price_tool/maverick_price_scraper.py", line 112, in carsdotcom_datagrabber
    title = soup.findAll('title')[0].get_text().strip() #title format = used/new, make, model, trim, "for sale", price
IndexError: list index out of range
2023-08-09 08:00:24,512 - DEBUG - Starting new HTTP connection (1): us-ca.proxymesh.com:31280
2023-08-09 08:00:24,709 - DEBUG - http://us-ca.proxymesh.com:31280 "GET http://cars.com///vehicledetail/e5262e1b-d69b-466a-a9da-237f2db8ba7f/ HTTP/1.1" 402 None
2023-08-09 08:00:24,710 - ERROR - list index out of range
Traceback (most recent call last):
  File "/Users/jonathanduberman/maverick_price_tool/maverick_price_scraper.py", line 112, in carsdotcom_datagrabber
    title = soup.findAll('title')[0].get_text().strip() #title format = used/new, make, model, trim, "for sale", price
IndexError: list index out of range
2023-08-09 08:00:24,715 - DEBUG - Starting new HTTP connection (1): us-ca.proxymesh.com:31280
2023-08-09 08:00:24,916 - DEBUG - http://us-ca.proxymesh.com:31280 "GET http://cars.com///vehicledetail/759ebf73-cbe4-40f4-81ab-963342b7d46c/ HTTP/1.1" 402 None
2023-08-09 08:00:24,918 - ERROR - list index out of range
Traceback (most recent call last):
  File "/Users/jonathanduberman/maverick_price_tool/maverick_price_scraper.py", line 112, in carsdotcom_datagrabber
    title = soup.findAll('title')[0].get_text().strip() #title format = used/new, make, model, trim, "for sale", price
IndexError: list index out of range
2023-08-09 08:00:24,923 - DEBUG - Starting new HTTP connection (1): us-ca.proxymesh.com:31280
2023-08-09 08:00:25,166 - DEBUG - http://us-ca.proxymesh.com:31280 "GET http://cars.com///vehicledetail/80f9aff8-ce71-4d84-9324-c33390d335aa/ HTTP/1.1" 402 None
2023-08-09 08:00:25,168 - ERROR - list index out of range
Traceback (most recent call last):
  File "/Users/jonathanduberman/maverick_price_tool/maverick_price_scraper.py", line 112, in carsdotcom_datagrabber
    title = soup.findAll('title')[0].get_text().strip() #title format = used/new, make, model, trim, "for sale", price
IndexError: list index out of range
2023-08-09 08:00:25,172 - DEBUG - Starting new HTTP connection (1): us-ca.proxymesh.com:31280
2023-08-09 08:00:25,381 - DEBUG - http://us-ca.proxymesh.com:31280 "GET http://cars.com///vehicledetail/dfaf04cd-ba8a-424c-8434-51539621fd77/ HTTP/1.1" 402 None
2023-08-09 08:00:25,383 - ERROR - list index out of range
Traceback (most recent call last):
  File "/Users/jonathanduberman/maverick_price_tool/maverick_price_scraper.py", line 112, in carsdotcom_datagrabber
    title = soup.findAll('title')[0].get_text().strip() #title format = used/new, make, model, trim, "for sale", price
IndexError: list index out of range
2023-08-09 08:00:25,387 - DEBUG - Starting new HTTP connection (1): us-ca.proxymesh.com:31280
2023-08-09 08:00:25,595 - DEBUG - http://us-ca.proxymesh.com:31280 "GET http://cars.com///vehicledetail/2ac701b9-fdb2-433e-931c-a7fae9bee264/ HTTP/1.1" 402 None
2023-08-09 08:00:25,598 - ERROR - list index out of range
Traceback (most recent call last):
  File "/Users/jonathanduberman/maverick_price_tool/maverick_price_scraper.py", line 112, in carsdotcom_datagrabber
    title = soup.findAll('title')[0].get_text().strip() #title format = used/new, make, model, trim, "for sale", price
IndexError: list index out of range
2023-08-09 08:00:25,602 - DEBUG - Starting new HTTP connection (1): us-ca.proxymesh.com:31280
2023-08-09 08:00:25,806 - DEBUG - http://us-ca.proxymesh.com:31280 "GET http://cars.com///vehicledetail/94f4dfa0-586f-4b9b-ace3-d28b60b09015/ HTTP/1.1" 402 None
2023-08-09 08:00:25,807 - ERROR - list index out of range
Traceback (most recent call last):
  File "/Users/jonathanduberman/maverick_price_tool/maverick_price_scraper.py", line 112, in carsdotcom_datagrabber
    title = soup.findAll('title')[0].get_text().strip() #title format = used/new, make, model, trim, "for sale", price
IndexError: list index out of range
2023-08-09 08:00:25,812 - DEBUG - Starting new HTTP connection (1): us-ca.proxymesh.com:31280
2023-08-09 08:00:26,043 - DEBUG - http://us-ca.proxymesh.com:31280 "GET http://cars.com///vehicledetail/e81116c0-5a33-4bf8-807e-58745b82c7af/ HTTP/1.1" 402 None
2023-08-09 08:00:26,045 - ERROR - list index out of range
Traceback (most recent call last):
  File "/Users/jonathanduberman/maverick_price_tool/maverick_price_scraper.py", line 112, in carsdotcom_datagrabber
    title = soup.findAll('title')[0].get_text().strip() #title format = used/new, make, model, trim, "for sale", price
IndexError: list index out of range
2023-08-09 08:00:26,050 - DEBUG - Starting new HTTP connection (1): us-ca.proxymesh.com:31280
2023-08-09 08:00:26,277 - DEBUG - http://us-ca.proxymesh.com:31280 "GET http://cars.com///vehicledetail/bba04958-cd44-4a3e-88a1-b43f6a41c9bb/ HTTP/1.1" 402 None
2023-08-09 08:00:26,279 - ERROR - list index out of range
Traceback (most recent call last):
  File "/Users/jonathanduberman/maverick_price_tool/maverick_price_scraper.py", line 112, in carsdotcom_datagrabber
    title = soup.findAll('title')[0].get_text().strip() #title format = used/new, make, model, trim, "for sale", price
IndexError: list index out of range
2023-08-09 08:00:26,284 - DEBUG - Starting new HTTP connection (1): us-ca.proxymesh.com:31280
2023-08-09 08:00:26,510 - DEBUG - http://us-ca.proxymesh.com:31280 "GET http://cars.com///vehicledetail/4ef99b77-9734-4a16-9937-aa5750db4101/ HTTP/1.1" 402 None
2023-08-09 08:00:26,512 - ERROR - list index out of range
Traceback (most recent call last):
  File "/Users/jonathanduberman/maverick_price_tool/maverick_price_scraper.py", line 112, in carsdotcom_datagrabber
    title = soup.findAll('title')[0].get_text().strip() #title format = used/new, make, model, trim, "for sale", price
IndexError: list index out of range
2023-08-09 08:00:26,517 - DEBUG - Starting new HTTP connection (1): us-ca.proxymesh.com:31280
2023-08-09 08:00:26,730 - DEBUG - http://us-ca.proxymesh.com:31280 "GET http://cars.com///vehicledetail/f99de01c-84b0-4892-a610-7948ac739a14/ HTTP/1.1" 402 None
2023-08-09 08:00:26,731 - ERROR - list index out of range
Traceback (most recent call last):
  File "/Users/jonathanduberman/maverick_price_tool/maverick_price_scraper.py", line 112, in carsdotcom_datagrabber
    title = soup.findAll('title')[0].get_text().strip() #title format = used/new, make, model, trim, "for sale", price
IndexError: list index out of range
2023-08-09 08:00:26,736 - DEBUG - Starting new HTTP connection (1): us-ca.proxymesh.com:31280
2023-08-09 08:00:26,944 - DEBUG - http://us-ca.proxymesh.com:31280 "GET http://cars.com///vehicledetail/097b588a-5af0-4351-9d1f-a804a2d30f8f/ HTTP/1.1" 402 None
2023-08-09 08:00:26,946 - ERROR - list index out of range
Traceback (most recent call last):
  File "/Users/jonathanduberman/maverick_price_tool/maverick_price_scraper.py", line 112, in carsdotcom_datagrabber
    title = soup.findAll('title')[0].get_text().strip() #title format = used/new, make, model, trim, "for sale", price
IndexError: list index out of range
2023-08-09 08:00:26,950 - DEBUG - Starting new HTTP connection (1): us-ca.proxymesh.com:31280
2023-08-09 08:00:27,197 - DEBUG - http://us-ca.proxymesh.com:31280 "GET http://cars.com///vehicledetail/67450f1a-0bd8-4ffa-b212-d28802a1780c/ HTTP/1.1" 402 None
2023-08-09 08:00:27,197 - ERROR - list index out of range
Traceback (most recent call last):
  File "/Users/jonathanduberman/maverick_price_tool/maverick_price_scraper.py", line 112, in carsdotcom_datagrabber
    title = soup.findAll('title')[0].get_text().strip() #title format = used/new, make, model, trim, "for sale", price
IndexError: list index out of range
2023-08-09 08:00:27,200 - DEBUG - Starting new HTTP connection (1): us-ca.proxymesh.com:31280
2023-08-09 08:00:29,420 - DEBUG - http://us-ca.proxymesh.com:31280 "GET http://cars.com///vehicledetail/460c85eb-9453-4043-85ab-61513bd0e8bc/ HTTP/1.1" 402 None
2023-08-09 08:00:29,423 - ERROR - list index out of range
Traceback (most recent call last):
  File "/Users/jonathanduberman/maverick_price_tool/maverick_price_scraper.py", line 112, in carsdotcom_datagrabber
    title = soup.findAll('title')[0].get_text().strip() #title format = used/new, make, model, trim, "for sale", price
IndexError: list index out of range
2023-08-09 08:00:29,428 - DEBUG - Starting new HTTP connection (1): us-ca.proxymesh.com:31280
2023-08-09 08:00:29,626 - DEBUG - http://us-ca.proxymesh.com:31280 "GET http://cars.com///vehicledetail/f546266d-6622-4069-bc46-4431f8d62e9b/ HTTP/1.1" 402 None
2023-08-09 08:00:29,628 - ERROR - list index out of range
Traceback (most recent call last):
  File "/Users/jonathanduberman/maverick_price_tool/maverick_price_scraper.py", line 112, in carsdotcom_datagrabber
    title = soup.findAll('title')[0].get_text().strip() #title format = used/new, make, model, trim, "for sale", price
IndexError: list index out of range
2023-08-09 08:00:29,632 - DEBUG - Starting new HTTP connection (1): us-ca.proxymesh.com:31280
2023-08-09 08:00:29,847 - DEBUG - http://us-ca.proxymesh.com:31280 "GET http://cars.com///vehicledetail/757d7457-62f2-4843-8350-7e4d689e5938/ HTTP/1.1" 402 None
2023-08-09 08:00:29,849 - ERROR - list index out of range
Traceback (most recent call last):
  File "/Users/jonathanduberman/maverick_price_tool/maverick_price_scraper.py", line 112, in carsdotcom_datagrabber
    title = soup.findAll('title')[0].get_text().strip() #title format = used/new, make, model, trim, "for sale", price
IndexError: list index out of range
2023-08-09 08:00:29,853 - DEBUG - Starting new HTTP connection (1): us-ca.proxymesh.com:31280
2023-08-09 08:00:30,061 - DEBUG - http://us-ca.proxymesh.com:31280 "GET http://cars.com///vehicledetail/cb3d6421-a487-45e6-ad93-4e1d45f610b7/ HTTP/1.1" 402 None
2023-08-09 08:00:30,062 - ERROR - list index out of range
Traceback (most recent call last):
  File "/Users/jonathanduberman/maverick_price_tool/maverick_price_scraper.py", line 112, in carsdotcom_datagrabber
    title = soup.findAll('title')[0].get_text().strip() #title format = used/new, make, model, trim, "for sale", price
IndexError: list index out of range
2023-08-09 08:00:30,067 - DEBUG - Starting new HTTP connection (1): us-ca.proxymesh.com:31280
2023-08-09 08:00:30,265 - DEBUG - http://us-ca.proxymesh.com:31280 "GET http://cars.com///vehicledetail/c6ef451a-1655-4d95-a125-908a1a66b42a/ HTTP/1.1" 402 None
2023-08-09 08:00:30,267 - ERROR - list index out of range
Traceback (most recent call last):
  File "/Users/jonathanduberman/maverick_price_tool/maverick_price_scraper.py", line 112, in carsdotcom_datagrabber
    title = soup.findAll('title')[0].get_text().strip() #title format = used/new, make, model, trim, "for sale", price
IndexError: list index out of range
2023-08-09 08:00:30,272 - DEBUG - Starting new HTTP connection (1): us-ca.proxymesh.com:31280
2023-08-09 08:00:30,480 - DEBUG - http://us-ca.proxymesh.com:31280 "GET http://cars.com///vehicledetail/8c9c36d0-8ea2-4639-833d-0b188992b55b/ HTTP/1.1" 402 None
2023-08-09 08:00:30,482 - ERROR - list index out of range
Traceback (most recent call last):
  File "/Users/jonathanduberman/maverick_price_tool/maverick_price_scraper.py", line 112, in carsdotcom_datagrabber
    title = soup.findAll('title')[0].get_text().strip() #title format = used/new, make, model, trim, "for sale", price
IndexError: list index out of range
2023-08-09 08:00:30,486 - DEBUG - Starting new HTTP connection (1): us-ca.proxymesh.com:31280
2023-08-09 08:00:30,693 - DEBUG - http://us-ca.proxymesh.com:31280 "GET http://cars.com///vehicledetail/7c493e54-a8fc-496c-996e-ba85a30d37ec/ HTTP/1.1" 402 None
2023-08-09 08:00:30,695 - ERROR - list index out of range
Traceback (most recent call last):
  File "/Users/jonathanduberman/maverick_price_tool/maverick_price_scraper.py", line 112, in carsdotcom_datagrabber
    title = soup.findAll('title')[0].get_text().strip() #title format = used/new, make, model, trim, "for sale", price
IndexError: list index out of range
2023-08-09 08:00:30,699 - DEBUG - Starting new HTTP connection (1): us-ca.proxymesh.com:31280
2023-08-09 08:00:30,929 - DEBUG - http://us-ca.proxymesh.com:31280 "GET http://cars.com///vehicledetail/e4ad4737-7833-4455-bb01-9f7d4cb71401/ HTTP/1.1" 402 None
2023-08-09 08:00:30,931 - ERROR - list index out of range
Traceback (most recent call last):
  File "/Users/jonathanduberman/maverick_price_tool/maverick_price_scraper.py", line 112, in carsdotcom_datagrabber
    title = soup.findAll('title')[0].get_text().strip() #title format = used/new, make, model, trim, "for sale", price
IndexError: list index out of range
2023-08-09 08:00:30,935 - DEBUG - Starting new HTTP connection (1): us-ca.proxymesh.com:31280
2023-08-09 08:00:31,140 - DEBUG - http://us-ca.proxymesh.com:31280 "GET http://cars.com///vehicledetail/afc509d4-f690-4d19-a9ba-c5941cfdc423/ HTTP/1.1" 402 None
2023-08-09 08:00:31,142 - ERROR - list index out of range
Traceback (most recent call last):
  File "/Users/jonathanduberman/maverick_price_tool/maverick_price_scraper.py", line 112, in carsdotcom_datagrabber
    title = soup.findAll('title')[0].get_text().strip() #title format = used/new, make, model, trim, "for sale", price
IndexError: list index out of range
2023-08-09 08:00:31,146 - DEBUG - Starting new HTTP connection (1): us-ca.proxymesh.com:31280
2023-08-09 08:00:31,348 - DEBUG - http://us-ca.proxymesh.com:31280 "GET http://cars.com///vehicledetail/84940b5a-f027-4266-88b9-ebdbed63bf7a/ HTTP/1.1" 402 None
2023-08-09 08:00:31,350 - ERROR - list index out of range
Traceback (most recent call last):
  File "/Users/jonathanduberman/maverick_price_tool/maverick_price_scraper.py", line 112, in carsdotcom_datagrabber
    title = soup.findAll('title')[0].get_text().strip() #title format = used/new, make, model, trim, "for sale", price
IndexError: list index out of range
2023-08-09 08:00:31,354 - DEBUG - Starting new HTTP connection (1): us-ca.proxymesh.com:31280
2023-08-09 08:00:31,566 - DEBUG - http://us-ca.proxymesh.com:31280 "GET http://cars.com///vehicledetail/86f89a0b-9c79-41a6-a83f-6c31b9977e7e/ HTTP/1.1" 402 None
2023-08-09 08:00:31,568 - ERROR - list index out of range
Traceback (most recent call last):
  File "/Users/jonathanduberman/maverick_price_tool/maverick_price_scraper.py", line 112, in carsdotcom_datagrabber
    title = soup.findAll('title')[0].get_text().strip() #title format = used/new, make, model, trim, "for sale", price
IndexError: list index out of range
2023-08-09 08:00:31,573 - DEBUG - Starting new HTTP connection (1): us-ca.proxymesh.com:31280
2023-08-09 08:00:31,777 - DEBUG - http://us-ca.proxymesh.com:31280 "GET http://cars.com///vehicledetail/4f81975d-c0d1-4db4-9b9f-ab008ee616f1/ HTTP/1.1" 402 None
2023-08-09 08:00:31,779 - ERROR - list index out of range
Traceback (most recent call last):
  File "/Users/jonathanduberman/maverick_price_tool/maverick_price_scraper.py", line 112, in carsdotcom_datagrabber
    title = soup.findAll('title')[0].get_text().strip() #title format = used/new, make, model, trim, "for sale", price
IndexError: list index out of range
2023-08-09 08:00:31,784 - DEBUG - Starting new HTTP connection (1): us-ca.proxymesh.com:31280
2023-08-09 08:00:32,019 - DEBUG - http://us-ca.proxymesh.com:31280 "GET http://cars.com///vehicledetail/be41a798-07e6-4885-92d1-6d202a739cfb/ HTTP/1.1" 402 None
2023-08-09 08:00:32,021 - ERROR - list index out of range
Traceback (most recent call last):
  File "/Users/jonathanduberman/maverick_price_tool/maverick_price_scraper.py", line 112, in carsdotcom_datagrabber
    title = soup.findAll('title')[0].get_text().strip() #title format = used/new, make, model, trim, "for sale", price
IndexError: list index out of range
2023-08-09 08:00:32,026 - DEBUG - Starting new HTTP connection (1): us-ca.proxymesh.com:31280
2023-08-09 08:00:32,223 - DEBUG - http://us-ca.proxymesh.com:31280 "GET http://cars.com///vehicledetail/54a0e104-5760-43b3-ac8f-f78b2c213d94/ HTTP/1.1" 402 None
2023-08-09 08:00:32,225 - ERROR - list index out of range
Traceback (most recent call last):
  File "/Users/jonathanduberman/maverick_price_tool/maverick_price_scraper.py", line 112, in carsdotcom_datagrabber
    title = soup.findAll('title')[0].get_text().strip() #title format = used/new, make, model, trim, "for sale", price
IndexError: list index out of range
2023-08-09 08:00:32,229 - DEBUG - Starting new HTTP connection (1): us-ca.proxymesh.com:31280
2023-08-09 08:00:32,439 - DEBUG - http://us-ca.proxymesh.com:31280 "GET http://cars.com///vehicledetail/3294e797-76dd-4781-9483-c1de83f2d20b/ HTTP/1.1" 402 None
2023-08-09 08:00:32,441 - ERROR - list index out of range
Traceback (most recent call last):
  File "/Users/jonathanduberman/maverick_price_tool/maverick_price_scraper.py", line 112, in carsdotcom_datagrabber
    title = soup.findAll('title')[0].get_text().strip() #title format = used/new, make, model, trim, "for sale", price
IndexError: list index out of range
2023-08-09 08:00:32,445 - DEBUG - Starting new HTTP connection (1): us-ca.proxymesh.com:31280
2023-08-09 08:00:32,639 - DEBUG - http://us-ca.proxymesh.com:31280 "GET http://cars.com///vehicledetail/c9835d48-8c8c-4738-923d-7e97cf599135/ HTTP/1.1" 402 None
2023-08-09 08:00:32,641 - ERROR - list index out of range
Traceback (most recent call last):
  File "/Users/jonathanduberman/maverick_price_tool/maverick_price_scraper.py", line 112, in carsdotcom_datagrabber
    title = soup.findAll('title')[0].get_text().strip() #title format = used/new, make, model, trim, "for sale", price
IndexError: list index out of range
2023-08-09 08:00:32,645 - DEBUG - Starting new HTTP connection (1): us-ca.proxymesh.com:31280
2023-08-09 08:00:32,859 - DEBUG - http://us-ca.proxymesh.com:31280 "GET http://cars.com///vehicledetail/e36d58ab-6ab0-4462-8bf5-d6f7d2ad995a/ HTTP/1.1" 402 None
2023-08-09 08:00:32,861 - ERROR - list index out of range
Traceback (most recent call last):
  File "/Users/jonathanduberman/maverick_price_tool/maverick_price_scraper.py", line 112, in carsdotcom_datagrabber
    title = soup.findAll('title')[0].get_text().strip() #title format = used/new, make, model, trim, "for sale", price
IndexError: list index out of range
2023-08-09 08:00:32,865 - DEBUG - Starting new HTTP connection (1): us-ca.proxymesh.com:31280
2023-08-09 08:00:33,076 - DEBUG - http://us-ca.proxymesh.com:31280 "GET http://cars.com///vehicledetail/6a4c4f4f-98ad-4eee-9c44-e24eadca11fc/ HTTP/1.1" 402 None
2023-08-09 08:00:33,077 - ERROR - list index out of range
Traceback (most recent call last):
  File "/Users/jonathanduberman/maverick_price_tool/maverick_price_scraper.py", line 112, in carsdotcom_datagrabber
    title = soup.findAll('title')[0].get_text().strip() #title format = used/new, make, model, trim, "for sale", price
IndexError: list index out of range
2023-08-09 08:00:33,082 - DEBUG - Starting new HTTP connection (1): us-ca.proxymesh.com:31280
2023-08-09 08:00:33,284 - DEBUG - http://us-ca.proxymesh.com:31280 "GET http://cars.com///vehicledetail/90e2c783-efb2-4d6d-bd66-13d5f2967031/ HTTP/1.1" 402 None
2023-08-09 08:00:33,286 - ERROR - list index out of range
Traceback (most recent call last):
  File "/Users/jonathanduberman/maverick_price_tool/maverick_price_scraper.py", line 112, in carsdotcom_datagrabber
    title = soup.findAll('title')[0].get_text().strip() #title format = used/new, make, model, trim, "for sale", price
IndexError: list index out of range
2023-08-09 08:00:33,290 - DEBUG - Starting new HTTP connection (1): us-ca.proxymesh.com:31280
2023-08-09 08:00:33,484 - DEBUG - http://us-ca.proxymesh.com:31280 "GET http://cars.com///vehicledetail/aac7b936-9beb-46fa-96a3-53b8f1d07c5d/ HTTP/1.1" 402 None
2023-08-09 08:00:33,486 - ERROR - list index out of range
Traceback (most recent call last):
  File "/Users/jonathanduberman/maverick_price_tool/maverick_price_scraper.py", line 112, in carsdotcom_datagrabber
    title = soup.findAll('title')[0].get_text().strip() #title format = used/new, make, model, trim, "for sale", price
IndexError: list index out of range
2023-08-09 08:00:33,490 - DEBUG - Starting new HTTP connection (1): us-ca.proxymesh.com:31280
2023-08-09 08:00:33,691 - DEBUG - http://us-ca.proxymesh.com:31280 "GET http://cars.com///vehicledetail/48396c9f-9c8c-45c0-a046-809091ea2b4c/ HTTP/1.1" 402 None
2023-08-09 08:00:33,693 - ERROR - list index out of range
Traceback (most recent call last):
  File "/Users/jonathanduberman/maverick_price_tool/maverick_price_scraper.py", line 112, in carsdotcom_datagrabber
    title = soup.findAll('title')[0].get_text().strip() #title format = used/new, make, model, trim, "for sale", price
IndexError: list index out of range
2023-08-09 08:00:33,697 - DEBUG - Starting new HTTP connection (1): us-ca.proxymesh.com:31280
2023-08-09 08:00:33,913 - DEBUG - http://us-ca.proxymesh.com:31280 "GET http://cars.com///vehicledetail/9768d070-5015-4f06-81bd-0dd5507c4f22/ HTTP/1.1" 402 None
2023-08-09 08:00:33,915 - ERROR - list index out of range
Traceback (most recent call last):
  File "/Users/jonathanduberman/maverick_price_tool/maverick_price_scraper.py", line 112, in carsdotcom_datagrabber
    title = soup.findAll('title')[0].get_text().strip() #title format = used/new, make, model, trim, "for sale", price
IndexError: list index out of range
2023-08-09 08:00:33,919 - DEBUG - Starting new HTTP connection (1): us-ca.proxymesh.com:31280
2023-08-09 08:00:34,119 - DEBUG - http://us-ca.proxymesh.com:31280 "GET http://cars.com///vehicledetail/84c59e1f-21a1-4fa6-a169-c1fb10e9924c/ HTTP/1.1" 402 None
2023-08-09 08:00:34,120 - ERROR - list index out of range
Traceback (most recent call last):
  File "/Users/jonathanduberman/maverick_price_tool/maverick_price_scraper.py", line 112, in carsdotcom_datagrabber
    title = soup.findAll('title')[0].get_text().strip() #title format = used/new, make, model, trim, "for sale", price
IndexError: list index out of range
2023-08-09 08:00:34,125 - DEBUG - Starting new HTTP connection (1): us-ca.proxymesh.com:31280
2023-08-09 08:00:34,398 - DEBUG - http://us-ca.proxymesh.com:31280 "GET http://cars.com///vehicledetail/727ed61c-b972-4ab3-9ba6-5e6f54c3e1ce/ HTTP/1.1" 402 None
2023-08-09 08:00:34,400 - ERROR - list index out of range
Traceback (most recent call last):
  File "/Users/jonathanduberman/maverick_price_tool/maverick_price_scraper.py", line 112, in carsdotcom_datagrabber
    title = soup.findAll('title')[0].get_text().strip() #title format = used/new, make, model, trim, "for sale", price
IndexError: list index out of range
2023-08-09 08:00:34,404 - DEBUG - Starting new HTTP connection (1): us-ca.proxymesh.com:31280
2023-08-09 08:00:34,606 - DEBUG - http://us-ca.proxymesh.com:31280 "GET http://cars.com///vehicledetail/352274f6-eb88-4676-bb77-6322c5fb50e4/ HTTP/1.1" 402 None
2023-08-09 08:00:34,607 - ERROR - list index out of range
Traceback (most recent call last):
  File "/Users/jonathanduberman/maverick_price_tool/maverick_price_scraper.py", line 112, in carsdotcom_datagrabber
    title = soup.findAll('title')[0].get_text().strip() #title format = used/new, make, model, trim, "for sale", price
IndexError: list index out of range
2023-08-09 08:00:34,612 - DEBUG - Starting new HTTP connection (1): us-ca.proxymesh.com:31280
2023-08-09 08:00:34,824 - DEBUG - http://us-ca.proxymesh.com:31280 "GET http://cars.com///vehicledetail/0594cbbb-5712-4c9e-9085-0402f426ed5f/ HTTP/1.1" 402 None
2023-08-09 08:00:34,826 - ERROR - list index out of range
Traceback (most recent call last):
  File "/Users/jonathanduberman/maverick_price_tool/maverick_price_scraper.py", line 112, in carsdotcom_datagrabber
    title = soup.findAll('title')[0].get_text().strip() #title format = used/new, make, model, trim, "for sale", price
IndexError: list index out of range
2023-08-09 08:00:34,830 - DEBUG - Starting new HTTP connection (1): us-ca.proxymesh.com:31280
2023-08-09 08:00:35,028 - DEBUG - http://us-ca.proxymesh.com:31280 "GET http://cars.com///vehicledetail/72ebefeb-3573-4555-a81f-1a4a3a6d38da/ HTTP/1.1" 402 None
2023-08-09 08:00:35,030 - ERROR - list index out of range
Traceback (most recent call last):
  File "/Users/jonathanduberman/maverick_price_tool/maverick_price_scraper.py", line 112, in carsdotcom_datagrabber
    title = soup.findAll('title')[0].get_text().strip() #title format = used/new, make, model, trim, "for sale", price
IndexError: list index out of range
2023-08-09 08:00:35,035 - DEBUG - Starting new HTTP connection (1): us-ca.proxymesh.com:31280
2023-08-09 08:00:35,235 - DEBUG - http://us-ca.proxymesh.com:31280 "GET http://cars.com///vehicledetail/37c6d33a-153d-4c61-a6f9-26dadca990a8/ HTTP/1.1" 402 None
2023-08-09 08:00:35,237 - ERROR - list index out of range
Traceback (most recent call last):
  File "/Users/jonathanduberman/maverick_price_tool/maverick_price_scraper.py", line 112, in carsdotcom_datagrabber
    title = soup.findAll('title')[0].get_text().strip() #title format = used/new, make, model, trim, "for sale", price
IndexError: list index out of range
2023-08-09 08:00:35,241 - DEBUG - Starting new HTTP connection (1): us-ca.proxymesh.com:31280
2023-08-09 08:00:35,449 - DEBUG - http://us-ca.proxymesh.com:31280 "GET http://cars.com///vehicledetail/a98eebf8-e1e1-48b1-b11e-f90ed3f58e34/ HTTP/1.1" 402 None
2023-08-09 08:00:35,451 - ERROR - list index out of range
Traceback (most recent call last):
  File "/Users/jonathanduberman/maverick_price_tool/maverick_price_scraper.py", line 112, in carsdotcom_datagrabber
    title = soup.findAll('title')[0].get_text().strip() #title format = used/new, make, model, trim, "for sale", price
IndexError: list index out of range
2023-08-09 08:00:35,456 - DEBUG - Starting new HTTP connection (1): us-ca.proxymesh.com:31280
2023-08-09 08:00:35,666 - DEBUG - http://us-ca.proxymesh.com:31280 "GET http://cars.com///vehicledetail/78454f89-966c-489c-b85f-0521a583972e/ HTTP/1.1" 402 None
2023-08-09 08:00:35,668 - ERROR - list index out of range
Traceback (most recent call last):
  File "/Users/jonathanduberman/maverick_price_tool/maverick_price_scraper.py", line 112, in carsdotcom_datagrabber
    title = soup.findAll('title')[0].get_text().strip() #title format = used/new, make, model, trim, "for sale", price
IndexError: list index out of range
2023-08-09 08:00:35,672 - DEBUG - Starting new HTTP connection (1): us-ca.proxymesh.com:31280
2023-08-09 08:00:35,924 - DEBUG - http://us-ca.proxymesh.com:31280 "GET http://cars.com///vehicledetail/04bf0dc1-aef5-4b45-8e68-b4ca4e3878cf/ HTTP/1.1" 402 None
2023-08-09 08:00:35,925 - ERROR - list index out of range
Traceback (most recent call last):
  File "/Users/jonathanduberman/maverick_price_tool/maverick_price_scraper.py", line 112, in carsdotcom_datagrabber
    title = soup.findAll('title')[0].get_text().strip() #title format = used/new, make, model, trim, "for sale", price
IndexError: list index out of range
2023-08-09 08:00:35,930 - DEBUG - Starting new HTTP connection (1): us-ca.proxymesh.com:31280
2023-08-09 08:00:36,133 - DEBUG - http://us-ca.proxymesh.com:31280 "GET http://cars.com///vehicledetail/9d4b5092-0db7-42c2-81b8-96024773123e/ HTTP/1.1" 402 None
2023-08-09 08:00:36,134 - ERROR - list index out of range
Traceback (most recent call last):
  File "/Users/jonathanduberman/maverick_price_tool/maverick_price_scraper.py", line 112, in carsdotcom_datagrabber
    title = soup.findAll('title')[0].get_text().strip() #title format = used/new, make, model, trim, "for sale", price
IndexError: list index out of range
2023-08-09 08:00:36,139 - DEBUG - Starting new HTTP connection (1): us-ca.proxymesh.com:31280
2023-08-09 08:00:36,396 - DEBUG - http://us-ca.proxymesh.com:31280 "GET http://cars.com///vehicledetail/ac1cf830-4395-44cc-b394-c2f9e35c7bda/ HTTP/1.1" 402 None
2023-08-09 08:00:36,398 - ERROR - list index out of range
Traceback (most recent call last):
  File "/Users/jonathanduberman/maverick_price_tool/maverick_price_scraper.py", line 112, in carsdotcom_datagrabber
    title = soup.findAll('title')[0].get_text().strip() #title format = used/new, make, model, trim, "for sale", price
IndexError: list index out of range
2023-08-09 08:00:36,402 - DEBUG - Starting new HTTP connection (1): us-ca.proxymesh.com:31280
2023-08-09 08:00:36,611 - DEBUG - http://us-ca.proxymesh.com:31280 "GET http://cars.com///vehicledetail/8e09c05c-5566-48e1-9ad0-82686bb8bc0a/ HTTP/1.1" 402 None
2023-08-09 08:00:36,613 - ERROR - list index out of range
Traceback (most recent call last):
  File "/Users/jonathanduberman/maverick_price_tool/maverick_price_scraper.py", line 112, in carsdotcom_datagrabber
    title = soup.findAll('title')[0].get_text().strip() #title format = used/new, make, model, trim, "for sale", price
IndexError: list index out of range
2023-08-09 08:00:36,617 - DEBUG - Starting new HTTP connection (1): us-ca.proxymesh.com:31280
2023-08-09 08:00:36,869 - DEBUG - http://us-ca.proxymesh.com:31280 "GET http://cars.com///vehicledetail/ab08fe60-0247-4057-8e6b-977317e9f6a4/ HTTP/1.1" 402 None
2023-08-09 08:00:36,870 - ERROR - list index out of range
Traceback (most recent call last):
  File "/Users/jonathanduberman/maverick_price_tool/maverick_price_scraper.py", line 112, in carsdotcom_datagrabber
    title = soup.findAll('title')[0].get_text().strip() #title format = used/new, make, model, trim, "for sale", price
IndexError: list index out of range
2023-08-09 08:00:36,874 - DEBUG - Starting new HTTP connection (1): us-ca.proxymesh.com:31280
2023-08-09 08:00:37,072 - DEBUG - http://us-ca.proxymesh.com:31280 "GET http://cars.com///vehicledetail/133ebd5b-9c08-4e78-9b78-a731d88a5763/ HTTP/1.1" 402 None
2023-08-09 08:00:37,074 - ERROR - list index out of range
Traceback (most recent call last):
  File "/Users/jonathanduberman/maverick_price_tool/maverick_price_scraper.py", line 112, in carsdotcom_datagrabber
    title = soup.findAll('title')[0].get_text().strip() #title format = used/new, make, model, trim, "for sale", price
IndexError: list index out of range
2023-08-09 08:00:37,082 - INFO - Scraping complete.  All available data has been scraped.
