2023-05-14 08:00:02,303 - DEBUG - Starting new HTTPS connection (1): www.cars.com:443
2023-05-14 08:00:03,603 - DEBUG - https://www.cars.com:443 "GET /shopping/results/?dealer_id=&keyword=&list_price_max=&list_price_min=&makes%5B%5D=ford&maximum_distance=all&mileage_max=&models%5B%5D=ford-maverick&page=1&page_size=100&sort=distance&stock_type=used&year_max=&year_min=&zip=28533 HTTP/1.1" 200 None
2023-05-14 08:00:04,839 - DEBUG - Starting new HTTPS connection (1): www.cars.com:443
2023-05-14 08:00:06,162 - DEBUG - https://www.cars.com:443 "GET /shopping/results/?dealer_id=&keyword=&list_price_max=&list_price_min=&makes%5B%5D=ford&maximum_distance=all&mileage_max=&models%5B%5D=ford-maverick&page=1&page_size=100&sort=distance&stock_type=used&year_max=&year_min=&zip=28533 HTTP/1.1" 200 None
2023-05-14 08:00:09,271 - DEBUG - Starting new HTTPS connection (1): www.cars.com:443
2023-05-14 08:00:10,360 - DEBUG - https://www.cars.com:443 "GET /shopping/results/?dealer_id=&keyword=&list_price_max=&list_price_min=&makes%5B%5D=ford&maximum_distance=all&mileage_max=&models%5B%5D=ford-maverick&page=2&page_size=100&sort=distance&stock_type=used&year_max=&year_min=&zip=28533 HTTP/1.1" 200 None
2023-05-14 08:00:13,657 - DEBUG - Starting new HTTPS connection (1): www.cars.com:443
2023-05-14 08:00:15,071 - DEBUG - https://www.cars.com:443 "GET /shopping/results/?dealer_id=&keyword=&list_price_max=&list_price_min=&makes%5B%5D=ford&maximum_distance=all&mileage_max=&models%5B%5D=ford-maverick&page=3&page_size=100&sort=distance&stock_type=used&year_max=&year_min=&zip=28533 HTTP/1.1" 200 None
2023-05-14 08:00:18,536 - DEBUG - Starting new HTTPS connection (1): www.cars.com:443
2023-05-14 08:00:19,576 - DEBUG - https://www.cars.com:443 "GET /shopping/results/?dealer_id=&keyword=&list_price_max=&list_price_min=&makes%5B%5D=ford&maximum_distance=all&mileage_max=&models%5B%5D=ford-maverick&page=4&page_size=100&sort=distance&stock_type=used&year_max=&year_min=&zip=28533 HTTP/1.1" 200 None
2023-05-14 08:00:22,949 - DEBUG - Starting new HTTPS connection (1): www.cars.com:443
2023-05-14 08:00:24,083 - DEBUG - https://www.cars.com:443 "GET /shopping/results/?dealer_id=&keyword=&list_price_max=&list_price_min=&makes%5B%5D=ford&maximum_distance=all&mileage_max=&models%5B%5D=ford-maverick&page=5&page_size=100&sort=distance&stock_type=used&year_max=&year_min=&zip=28533 HTTP/1.1" 200 None
2023-05-14 08:00:27,480 - DEBUG - Starting new HTTPS connection (1): www.cars.com:443
2023-05-14 08:00:29,100 - DEBUG - https://www.cars.com:443 "GET /shopping/results/?dealer_id=&keyword=&list_price_max=&list_price_min=&makes%5B%5D=ford&maximum_distance=all&mileage_max=&models%5B%5D=ford-maverick&page=6&page_size=100&sort=distance&stock_type=used&year_max=&year_min=&zip=28533 HTTP/1.1" 200 None
2023-05-14 08:00:32,562 - DEBUG - Starting new HTTPS connection (1): www.cars.com:443
2023-05-14 08:00:33,708 - DEBUG - https://www.cars.com:443 "GET /shopping/results/?dealer_id=&keyword=&list_price_max=&list_price_min=&makes%5B%5D=ford&maximum_distance=all&mileage_max=&models%5B%5D=ford-maverick&page=7&page_size=100&sort=distance&stock_type=used&year_max=&year_min=&zip=28533 HTTP/1.1" 200 None
2023-05-14 08:00:37,141 - DEBUG - Starting new HTTPS connection (1): www.cars.com:443
2023-05-14 08:00:38,521 - DEBUG - https://www.cars.com:443 "GET /shopping/results/?dealer_id=&keyword=&list_price_max=&list_price_min=&makes%5B%5D=ford&maximum_distance=all&mileage_max=&models%5B%5D=ford-maverick&page=8&page_size=100&sort=distance&stock_type=used&year_max=&year_min=&zip=28533 HTTP/1.1" 200 None
2023-05-14 08:00:41,766 - DEBUG - Starting new HTTP connection (1): us-ca.proxymesh.com:31280
2023-05-14 08:00:42,311 - DEBUG - http://us-ca.proxymesh.com:31280 "GET http://cars.com///vehicledetail/a9480f4c-2254-45a2-8897-01e97065a8d5/ HTTP/1.1" 301 0
2023-05-14 08:00:42,317 - DEBUG - Starting new HTTPS connection (1): www.cars.com:443
2023-05-14 08:00:42,718 - DEBUG - https://www.cars.com:443 "GET ///vehicledetail/a9480f4c-2254-45a2-8897-01e97065a8d5/ HTTP/1.1" 200 None
2023-05-14 08:00:42,994 - DEBUG - title : Used 2023 Ford Maverick XLT For Sale $38,988 | Cars.com iteration: 0
2023-05-14 08:00:42,994 - INFO - URL: http://cars.com///vehicledetail/a9480f4c-2254-45a2-8897-01e97065a8d5/
