2023-07-30 08:00:06,542 - DEBUG - Starting new HTTPS connection (1): www.cars.com:443
2023-07-30 08:00:23,085 - DEBUG - https://www.cars.com:443 "GET /shopping/results/?dealer_id=&keyword=&list_price_max=&list_price_min=&makes%5B%5D=ford&maximum_distance=all&mileage_max=&models%5B%5D=ford-maverick&page=1&page_size=100&sort=distance&stock_type=used&year_max=&year_min=&zip=28533 HTTP/1.1" 200 None
2023-07-30 08:00:24,246 - DEBUG - Starting new HTTPS connection (1): www.cars.com:443
2023-07-30 08:00:25,538 - DEBUG - https://www.cars.com:443 "GET /shopping/results/?dealer_id=&keyword=&list_price_max=&list_price_min=&makes%5B%5D=ford&maximum_distance=all&mileage_max=&models%5B%5D=ford-maverick&page=1&page_size=100&sort=distance&stock_type=used&year_max=&year_min=&zip=28533 HTTP/1.1" 200 None
2023-07-30 08:00:28,875 - DEBUG - Starting new HTTP connection (1): us-ca.proxymesh.com:31280
2023-07-30 08:00:29,270 - DEBUG - http://us-ca.proxymesh.com:31280 "GET http://cars.com///vehicledetail/b8fd4acc-cc97-4f5a-ac15-10a6f84c937e/ HTTP/1.1" 402 None
2023-07-30 08:00:29,276 - ERROR - list index out of range
Traceback (most recent call last):
  File "/Users/jonathanduberman/maverick_price_tool/maverick_price_scraper.py", line 112, in carsdotcom_datagrabber
    title = soup.findAll('title')[0].get_text().strip() #title format = used/new, make, model, trim, "for sale", price
IndexError: list index out of range
2023-07-30 08:00:29,281 - DEBUG - Starting new HTTP connection (1): us-ca.proxymesh.com:31280
2023-07-30 08:00:34,445 - DEBUG - http://us-ca.proxymesh.com:31280 "GET http://cars.com///vehicledetail/f6456d55-9dc9-4fcd-8cfa-0d2b5639d605/ HTTP/1.1" 402 None
2023-07-30 08:00:34,447 - ERROR - list index out of range
Traceback (most recent call last):
  File "/Users/jonathanduberman/maverick_price_tool/maverick_price_scraper.py", line 112, in carsdotcom_datagrabber
    title = soup.findAll('title')[0].get_text().strip() #title format = used/new, make, model, trim, "for sale", price
IndexError: list index out of range
2023-07-30 08:00:34,451 - DEBUG - Starting new HTTP connection (1): us-ca.proxymesh.com:31280
2023-07-30 08:00:34,685 - DEBUG - http://us-ca.proxymesh.com:31280 "GET http://cars.com///vehicledetail/30aa460d-7275-48e4-bdec-a9da6f564631/ HTTP/1.1" 402 None
2023-07-30 08:00:34,687 - ERROR - list index out of range
Traceback (most recent call last):
  File "/Users/jonathanduberman/maverick_price_tool/maverick_price_scraper.py", line 112, in carsdotcom_datagrabber
    title = soup.findAll('title')[0].get_text().strip() #title format = used/new, make, model, trim, "for sale", price
IndexError: list index out of range
2023-07-30 08:00:34,691 - DEBUG - Starting new HTTP connection (1): us-ca.proxymesh.com:31280
2023-07-30 08:00:34,899 - DEBUG - http://us-ca.proxymesh.com:31280 "GET http://cars.com///vehicledetail/56a144e7-a837-40a4-95da-b8cf40519bea/ HTTP/1.1" 402 None
2023-07-30 08:00:34,900 - ERROR - list index out of range
Traceback (most recent call last):
  File "/Users/jonathanduberman/maverick_price_tool/maverick_price_scraper.py", line 112, in carsdotcom_datagrabber
    title = soup.findAll('title')[0].get_text().strip() #title format = used/new, make, model, trim, "for sale", price
IndexError: list index out of range
2023-07-30 08:00:34,905 - DEBUG - Starting new HTTP connection (1): us-ca.proxymesh.com:31280
2023-07-30 08:00:35,111 - DEBUG - http://us-ca.proxymesh.com:31280 "GET http://cars.com///vehicledetail/7ed7ed5d-f7bc-410f-a48d-a702a26f18f6/ HTTP/1.1" 402 None
2023-07-30 08:00:35,113 - ERROR - list index out of range
Traceback (most recent call last):
  File "/Users/jonathanduberman/maverick_price_tool/maverick_price_scraper.py", line 112, in carsdotcom_datagrabber
    title = soup.findAll('title')[0].get_text().strip() #title format = used/new, make, model, trim, "for sale", price
IndexError: list index out of range
2023-07-30 08:00:35,118 - DEBUG - Starting new HTTP connection (1): us-ca.proxymesh.com:31280
2023-07-30 08:00:35,344 - DEBUG - http://us-ca.proxymesh.com:31280 "GET http://cars.com///vehicledetail/1d6f012f-799e-42d1-8b04-44ee5144d90d/ HTTP/1.1" 402 None
2023-07-30 08:00:35,345 - ERROR - list index out of range
Traceback (most recent call last):
  File "/Users/jonathanduberman/maverick_price_tool/maverick_price_scraper.py", line 112, in carsdotcom_datagrabber
    title = soup.findAll('title')[0].get_text().strip() #title format = used/new, make, model, trim, "for sale", price
IndexError: list index out of range
2023-07-30 08:00:35,350 - DEBUG - Starting new HTTP connection (1): us-ca.proxymesh.com:31280
2023-07-30 08:00:35,542 - DEBUG - http://us-ca.proxymesh.com:31280 "GET http://cars.com///vehicledetail/4a829fbf-a2e7-44de-a223-5f3aa9c2b74c/ HTTP/1.1" 402 None
2023-07-30 08:00:35,544 - ERROR - list index out of range
Traceback (most recent call last):
  File "/Users/jonathanduberman/maverick_price_tool/maverick_price_scraper.py", line 112, in carsdotcom_datagrabber
    title = soup.findAll('title')[0].get_text().strip() #title format = used/new, make, model, trim, "for sale", price
IndexError: list index out of range
2023-07-30 08:00:35,548 - DEBUG - Starting new HTTP connection (1): us-ca.proxymesh.com:31280
2023-07-30 08:00:41,598 - DEBUG - http://us-ca.proxymesh.com:31280 "GET http://cars.com///vehicledetail/71161492-0363-4581-bb53-d7c8594658a4/ HTTP/1.1" 402 None
2023-07-30 08:00:41,677 - ERROR - list index out of range
Traceback (most recent call last):
  File "/Users/jonathanduberman/maverick_price_tool/maverick_price_scraper.py", line 112, in carsdotcom_datagrabber
    title = soup.findAll('title')[0].get_text().strip() #title format = used/new, make, model, trim, "for sale", price
IndexError: list index out of range
2023-07-30 08:00:41,682 - DEBUG - Starting new HTTP connection (1): us-ca.proxymesh.com:31280
2023-07-30 08:00:43,766 - DEBUG - http://us-ca.proxymesh.com:31280 "GET http://cars.com///vehicledetail/5ff372f4-b416-4320-9946-41b439ba524c/ HTTP/1.1" 402 None
2023-07-30 08:00:43,768 - ERROR - list index out of range
Traceback (most recent call last):
  File "/Users/jonathanduberman/maverick_price_tool/maverick_price_scraper.py", line 112, in carsdotcom_datagrabber
    title = soup.findAll('title')[0].get_text().strip() #title format = used/new, make, model, trim, "for sale", price
IndexError: list index out of range
2023-07-30 08:00:43,772 - DEBUG - Starting new HTTP connection (1): us-ca.proxymesh.com:31280
2023-07-30 08:00:46,834 - DEBUG - http://us-ca.proxymesh.com:31280 "GET http://cars.com///vehicledetail/78fd21f8-8d85-4840-b6ba-a12277a74394/ HTTP/1.1" 402 None
2023-07-30 08:00:46,906 - ERROR - list index out of range
Traceback (most recent call last):
  File "/Users/jonathanduberman/maverick_price_tool/maverick_price_scraper.py", line 112, in carsdotcom_datagrabber
    title = soup.findAll('title')[0].get_text().strip() #title format = used/new, make, model, trim, "for sale", price
IndexError: list index out of range
2023-07-30 08:00:46,912 - DEBUG - Starting new HTTP connection (1): us-ca.proxymesh.com:31280
2023-07-30 08:00:51,906 - DEBUG - http://us-ca.proxymesh.com:31280 "GET http://cars.com///vehicledetail/fa55873e-8819-4fb0-8a08-f000fac6e827/ HTTP/1.1" 402 None
2023-07-30 08:00:51,907 - ERROR - list index out of range
Traceback (most recent call last):
  File "/Users/jonathanduberman/maverick_price_tool/maverick_price_scraper.py", line 112, in carsdotcom_datagrabber
    title = soup.findAll('title')[0].get_text().strip() #title format = used/new, make, model, trim, "for sale", price
IndexError: list index out of range
2023-07-30 08:00:51,912 - DEBUG - Starting new HTTP connection (1): us-ca.proxymesh.com:31280
2023-07-30 08:00:57,001 - DEBUG - http://us-ca.proxymesh.com:31280 "GET http://cars.com///vehicledetail/9da5b7ad-ebe5-4519-88fa-62b2ac202fc2/ HTTP/1.1" 402 None
2023-07-30 08:00:57,091 - ERROR - list index out of range
Traceback (most recent call last):
  File "/Users/jonathanduberman/maverick_price_tool/maverick_price_scraper.py", line 112, in carsdotcom_datagrabber
    title = soup.findAll('title')[0].get_text().strip() #title format = used/new, make, model, trim, "for sale", price
IndexError: list index out of range
2023-07-30 08:00:57,093 - DEBUG - Starting new HTTP connection (1): us-ca.proxymesh.com:31280
2023-07-30 08:01:00,203 - DEBUG - http://us-ca.proxymesh.com:31280 "GET http://cars.com///vehicledetail/15512ed6-09d6-4fd6-96eb-bd2d76ef92f1/ HTTP/1.1" 402 None
2023-07-30 08:01:00,280 - ERROR - list index out of range
Traceback (most recent call last):
  File "/Users/jonathanduberman/maverick_price_tool/maverick_price_scraper.py", line 112, in carsdotcom_datagrabber
    title = soup.findAll('title')[0].get_text().strip() #title format = used/new, make, model, trim, "for sale", price
IndexError: list index out of range
2023-07-30 08:01:00,285 - DEBUG - Starting new HTTP connection (1): us-ca.proxymesh.com:31280
2023-07-30 08:01:02,197 - DEBUG - http://us-ca.proxymesh.com:31280 "GET http://cars.com///vehicledetail/d3faeb29-5e1f-4c88-b454-54f5df7f2afc/ HTTP/1.1" 402 None
2023-07-30 08:01:02,201 - ERROR - list index out of range
Traceback (most recent call last):
  File "/Users/jonathanduberman/maverick_price_tool/maverick_price_scraper.py", line 112, in carsdotcom_datagrabber
    title = soup.findAll('title')[0].get_text().strip() #title format = used/new, make, model, trim, "for sale", price
IndexError: list index out of range
2023-07-30 08:01:02,206 - DEBUG - Starting new HTTP connection (1): us-ca.proxymesh.com:31280
2023-07-30 08:01:06,205 - DEBUG - http://us-ca.proxymesh.com:31280 "GET http://cars.com///vehicledetail/d9db7507-7561-4994-b518-c76603cc5238/ HTTP/1.1" 402 None
2023-07-30 08:01:06,214 - ERROR - list index out of range
Traceback (most recent call last):
  File "/Users/jonathanduberman/maverick_price_tool/maverick_price_scraper.py", line 112, in carsdotcom_datagrabber
    title = soup.findAll('title')[0].get_text().strip() #title format = used/new, make, model, trim, "for sale", price
IndexError: list index out of range
2023-07-30 08:01:06,218 - DEBUG - Starting new HTTP connection (1): us-ca.proxymesh.com:31280
2023-07-30 08:01:11,527 - DEBUG - http://us-ca.proxymesh.com:31280 "GET http://cars.com///vehicledetail/508c5f01-c926-4903-b552-491dc03171ca/ HTTP/1.1" 402 None
2023-07-30 08:01:11,572 - ERROR - list index out of range
Traceback (most recent call last):
  File "/Users/jonathanduberman/maverick_price_tool/maverick_price_scraper.py", line 112, in carsdotcom_datagrabber
    title = soup.findAll('title')[0].get_text().strip() #title format = used/new, make, model, trim, "for sale", price
IndexError: list index out of range
2023-07-30 08:01:11,577 - DEBUG - Starting new HTTP connection (1): us-ca.proxymesh.com:31280
2023-07-30 08:01:14,478 - DEBUG - http://us-ca.proxymesh.com:31280 "GET http://cars.com///vehicledetail/a6668fee-cac9-45b3-9882-da1b9767c223/ HTTP/1.1" 402 None
2023-07-30 08:01:14,480 - ERROR - list index out of range
Traceback (most recent call last):
  File "/Users/jonathanduberman/maverick_price_tool/maverick_price_scraper.py", line 112, in carsdotcom_datagrabber
    title = soup.findAll('title')[0].get_text().strip() #title format = used/new, make, model, trim, "for sale", price
IndexError: list index out of range
2023-07-30 08:01:14,485 - DEBUG - Starting new HTTP connection (1): us-ca.proxymesh.com:31280
2023-07-30 08:01:19,595 - DEBUG - http://us-ca.proxymesh.com:31280 "GET http://cars.com///vehicledetail/32e3d417-4ed5-4dba-85af-8843508304dc/ HTTP/1.1" 402 None
2023-07-30 08:01:19,640 - ERROR - list index out of range
Traceback (most recent call last):
  File "/Users/jonathanduberman/maverick_price_tool/maverick_price_scraper.py", line 112, in carsdotcom_datagrabber
    title = soup.findAll('title')[0].get_text().strip() #title format = used/new, make, model, trim, "for sale", price
IndexError: list index out of range
2023-07-30 08:01:19,644 - DEBUG - Starting new HTTP connection (1): us-ca.proxymesh.com:31280
2023-07-30 08:01:21,649 - DEBUG - http://us-ca.proxymesh.com:31280 "GET http://cars.com///vehicledetail/7d18576d-480a-412c-b056-62884beda97b/ HTTP/1.1" 402 None
2023-07-30 08:01:21,652 - ERROR - list index out of range
Traceback (most recent call last):
  File "/Users/jonathanduberman/maverick_price_tool/maverick_price_scraper.py", line 112, in carsdotcom_datagrabber
    title = soup.findAll('title')[0].get_text().strip() #title format = used/new, make, model, trim, "for sale", price
IndexError: list index out of range
2023-07-30 08:01:21,656 - DEBUG - Starting new HTTP connection (1): us-ca.proxymesh.com:31280
2023-07-30 08:01:23,846 - DEBUG - http://us-ca.proxymesh.com:31280 "GET http://cars.com///vehicledetail/a0f3f694-b52c-4444-8adf-5a8929edbeab/ HTTP/1.1" 402 None
2023-07-30 08:01:23,847 - ERROR - list index out of range
Traceback (most recent call last):
  File "/Users/jonathanduberman/maverick_price_tool/maverick_price_scraper.py", line 112, in carsdotcom_datagrabber
    title = soup.findAll('title')[0].get_text().strip() #title format = used/new, make, model, trim, "for sale", price
IndexError: list index out of range
2023-07-30 08:01:23,852 - DEBUG - Starting new HTTP connection (1): us-ca.proxymesh.com:31280
2023-07-30 08:01:24,083 - DEBUG - http://us-ca.proxymesh.com:31280 "GET http://cars.com///vehicledetail/778863cf-da58-495c-8e25-80e2f16ac2bb/ HTTP/1.1" 402 None
2023-07-30 08:01:24,085 - ERROR - list index out of range
Traceback (most recent call last):
  File "/Users/jonathanduberman/maverick_price_tool/maverick_price_scraper.py", line 112, in carsdotcom_datagrabber
    title = soup.findAll('title')[0].get_text().strip() #title format = used/new, make, model, trim, "for sale", price
IndexError: list index out of range
2023-07-30 08:01:24,089 - DEBUG - Starting new HTTP connection (1): us-ca.proxymesh.com:31280
2023-07-30 08:01:24,292 - DEBUG - http://us-ca.proxymesh.com:31280 "GET http://cars.com///vehicledetail/cc48f3c4-7c16-49a0-8525-7b0f1155b8c8/ HTTP/1.1" 402 None
2023-07-30 08:01:24,293 - ERROR - list index out of range
Traceback (most recent call last):
  File "/Users/jonathanduberman/maverick_price_tool/maverick_price_scraper.py", line 112, in carsdotcom_datagrabber
    title = soup.findAll('title')[0].get_text().strip() #title format = used/new, make, model, trim, "for sale", price
IndexError: list index out of range
2023-07-30 08:01:24,298 - DEBUG - Starting new HTTP connection (1): us-ca.proxymesh.com:31280
2023-07-30 08:01:24,496 - DEBUG - http://us-ca.proxymesh.com:31280 "GET http://cars.com///vehicledetail/76df3680-c2fc-4d73-b3a8-0b8a47b989e3/ HTTP/1.1" 402 None
2023-07-30 08:01:24,498 - ERROR - list index out of range
Traceback (most recent call last):
  File "/Users/jonathanduberman/maverick_price_tool/maverick_price_scraper.py", line 112, in carsdotcom_datagrabber
    title = soup.findAll('title')[0].get_text().strip() #title format = used/new, make, model, trim, "for sale", price
IndexError: list index out of range
2023-07-30 08:01:24,502 - DEBUG - Starting new HTTP connection (1): us-ca.proxymesh.com:31280
2023-07-30 08:01:24,697 - DEBUG - http://us-ca.proxymesh.com:31280 "GET http://cars.com///vehicledetail/2021b2e2-ea2f-4348-9c1a-2abf0f5eb513/ HTTP/1.1" 402 None
2023-07-30 08:01:24,698 - ERROR - list index out of range
Traceback (most recent call last):
  File "/Users/jonathanduberman/maverick_price_tool/maverick_price_scraper.py", line 112, in carsdotcom_datagrabber
    title = soup.findAll('title')[0].get_text().strip() #title format = used/new, make, model, trim, "for sale", price
IndexError: list index out of range
2023-07-30 08:01:24,703 - DEBUG - Starting new HTTP connection (1): us-ca.proxymesh.com:31280
2023-07-30 08:01:28,835 - DEBUG - http://us-ca.proxymesh.com:31280 "GET http://cars.com///vehicledetail/e2282e42-8600-46fd-9328-0ed98e8b7dd8/ HTTP/1.1" 402 None
2023-07-30 08:01:28,837 - ERROR - list index out of range
Traceback (most recent call last):
  File "/Users/jonathanduberman/maverick_price_tool/maverick_price_scraper.py", line 112, in carsdotcom_datagrabber
    title = soup.findAll('title')[0].get_text().strip() #title format = used/new, make, model, trim, "for sale", price
IndexError: list index out of range
2023-07-30 08:01:28,841 - DEBUG - Starting new HTTP connection (1): us-ca.proxymesh.com:31280
2023-07-30 08:01:41,701 - DEBUG - http://us-ca.proxymesh.com:31280 "GET http://cars.com///vehicledetail/6da97ce4-4594-45fe-aad8-5d670ce75f2b/ HTTP/1.1" 402 None
2023-07-30 08:01:41,827 - ERROR - list index out of range
Traceback (most recent call last):
  File "/Users/jonathanduberman/maverick_price_tool/maverick_price_scraper.py", line 112, in carsdotcom_datagrabber
    title = soup.findAll('title')[0].get_text().strip() #title format = used/new, make, model, trim, "for sale", price
IndexError: list index out of range
2023-07-30 08:01:41,832 - DEBUG - Starting new HTTP connection (1): us-ca.proxymesh.com:31280
2023-07-30 08:01:42,031 - DEBUG - http://us-ca.proxymesh.com:31280 "GET http://cars.com///vehicledetail/04f4f850-2485-4d1d-85bd-b0d44579a6d1/ HTTP/1.1" 402 None
2023-07-30 08:01:42,032 - ERROR - list index out of range
Traceback (most recent call last):
  File "/Users/jonathanduberman/maverick_price_tool/maverick_price_scraper.py", line 112, in carsdotcom_datagrabber
    title = soup.findAll('title')[0].get_text().strip() #title format = used/new, make, model, trim, "for sale", price
IndexError: list index out of range
2023-07-30 08:01:42,037 - DEBUG - Starting new HTTP connection (1): us-ca.proxymesh.com:31280
2023-07-30 08:01:45,238 - DEBUG - http://us-ca.proxymesh.com:31280 "GET http://cars.com///vehicledetail/91243c1d-cc0d-402e-9b1a-b7757df62365/ HTTP/1.1" 402 None
2023-07-30 08:01:45,243 - ERROR - list index out of range
Traceback (most recent call last):
  File "/Users/jonathanduberman/maverick_price_tool/maverick_price_scraper.py", line 112, in carsdotcom_datagrabber
    title = soup.findAll('title')[0].get_text().strip() #title format = used/new, make, model, trim, "for sale", price
IndexError: list index out of range
2023-07-30 08:01:45,247 - DEBUG - Starting new HTTP connection (1): us-ca.proxymesh.com:31280
2023-07-30 08:01:47,241 - DEBUG - http://us-ca.proxymesh.com:31280 "GET http://cars.com///vehicledetail/88a01119-38ed-41d8-8e12-ff1cbf6769ab/ HTTP/1.1" 402 None
2023-07-30 08:01:47,246 - ERROR - list index out of range
Traceback (most recent call last):
  File "/Users/jonathanduberman/maverick_price_tool/maverick_price_scraper.py", line 112, in carsdotcom_datagrabber
    title = soup.findAll('title')[0].get_text().strip() #title format = used/new, make, model, trim, "for sale", price
IndexError: list index out of range
2023-07-30 08:01:47,250 - DEBUG - Starting new HTTP connection (1): us-ca.proxymesh.com:31280
2023-07-30 08:01:52,365 - DEBUG - http://us-ca.proxymesh.com:31280 "GET http://cars.com///vehicledetail/8cdb34d3-e078-4e0a-83f9-92b4f1fce06f/ HTTP/1.1" 402 None
2023-07-30 08:01:52,444 - ERROR - list index out of range
Traceback (most recent call last):
  File "/Users/jonathanduberman/maverick_price_tool/maverick_price_scraper.py", line 112, in carsdotcom_datagrabber
    title = soup.findAll('title')[0].get_text().strip() #title format = used/new, make, model, trim, "for sale", price
IndexError: list index out of range
2023-07-30 08:01:52,448 - DEBUG - Starting new HTTP connection (1): us-ca.proxymesh.com:31280
2023-07-30 08:01:54,406 - DEBUG - http://us-ca.proxymesh.com:31280 "GET http://cars.com///vehicledetail/1bd96679-1fcf-4ee4-80d5-29602a417550/ HTTP/1.1" 402 None
2023-07-30 08:01:54,413 - ERROR - list index out of range
Traceback (most recent call last):
  File "/Users/jonathanduberman/maverick_price_tool/maverick_price_scraper.py", line 112, in carsdotcom_datagrabber
    title = soup.findAll('title')[0].get_text().strip() #title format = used/new, make, model, trim, "for sale", price
IndexError: list index out of range
2023-07-30 08:01:54,418 - DEBUG - Starting new HTTP connection (1): us-ca.proxymesh.com:31280
2023-07-30 08:01:58,501 - DEBUG - http://us-ca.proxymesh.com:31280 "GET http://cars.com///vehicledetail/32d8ca55-ac39-41bc-85b4-92783fb67890/ HTTP/1.1" 402 None
2023-07-30 08:01:58,544 - ERROR - list index out of range
Traceback (most recent call last):
  File "/Users/jonathanduberman/maverick_price_tool/maverick_price_scraper.py", line 112, in carsdotcom_datagrabber
    title = soup.findAll('title')[0].get_text().strip() #title format = used/new, make, model, trim, "for sale", price
IndexError: list index out of range
2023-07-30 08:01:58,549 - DEBUG - Starting new HTTP connection (1): us-ca.proxymesh.com:31280
2023-07-30 08:02:00,557 - DEBUG - http://us-ca.proxymesh.com:31280 "GET http://cars.com///vehicledetail/53d11502-7b12-43ae-bb45-45888e3a4c7b/ HTTP/1.1" 402 None
2023-07-30 08:02:00,561 - ERROR - list index out of range
Traceback (most recent call last):
  File "/Users/jonathanduberman/maverick_price_tool/maverick_price_scraper.py", line 112, in carsdotcom_datagrabber
    title = soup.findAll('title')[0].get_text().strip() #title format = used/new, make, model, trim, "for sale", price
IndexError: list index out of range
2023-07-30 08:02:00,565 - DEBUG - Starting new HTTP connection (1): us-ca.proxymesh.com:31280
2023-07-30 08:02:02,606 - DEBUG - http://us-ca.proxymesh.com:31280 "GET http://cars.com///vehicledetail/432f83eb-c504-447a-917f-3d669fb5bef0/ HTTP/1.1" 402 None
2023-07-30 08:02:02,607 - ERROR - list index out of range
Traceback (most recent call last):
  File "/Users/jonathanduberman/maverick_price_tool/maverick_price_scraper.py", line 112, in carsdotcom_datagrabber
    title = soup.findAll('title')[0].get_text().strip() #title format = used/new, make, model, trim, "for sale", price
IndexError: list index out of range
2023-07-30 08:02:02,612 - DEBUG - Starting new HTTP connection (1): us-ca.proxymesh.com:31280
2023-07-30 08:02:05,674 - DEBUG - http://us-ca.proxymesh.com:31280 "GET http://cars.com///vehicledetail/604fa9c7-196b-4d5a-9dfd-618a261570d8/ HTTP/1.1" 402 None
2023-07-30 08:02:05,682 - ERROR - list index out of range
Traceback (most recent call last):
  File "/Users/jonathanduberman/maverick_price_tool/maverick_price_scraper.py", line 112, in carsdotcom_datagrabber
    title = soup.findAll('title')[0].get_text().strip() #title format = used/new, make, model, trim, "for sale", price
IndexError: list index out of range
2023-07-30 08:02:05,687 - DEBUG - Starting new HTTP connection (1): us-ca.proxymesh.com:31280
2023-07-30 08:02:09,805 - DEBUG - http://us-ca.proxymesh.com:31280 "GET http://cars.com///vehicledetail/254f8ed5-f01d-48df-8abc-1bded6a8bf01/ HTTP/1.1" 402 None
2023-07-30 08:02:09,915 - ERROR - list index out of range
Traceback (most recent call last):
  File "/Users/jonathanduberman/maverick_price_tool/maverick_price_scraper.py", line 112, in carsdotcom_datagrabber
    title = soup.findAll('title')[0].get_text().strip() #title format = used/new, make, model, trim, "for sale", price
IndexError: list index out of range
2023-07-30 08:02:09,920 - DEBUG - Starting new HTTP connection (1): us-ca.proxymesh.com:31280
2023-07-30 08:02:10,937 - DEBUG - http://us-ca.proxymesh.com:31280 "GET http://cars.com///vehicledetail/d23f3110-4454-4eb6-a2bd-8b8823548214/ HTTP/1.1" 402 None
2023-07-30 08:02:10,939 - ERROR - list index out of range
Traceback (most recent call last):
  File "/Users/jonathanduberman/maverick_price_tool/maverick_price_scraper.py", line 112, in carsdotcom_datagrabber
    title = soup.findAll('title')[0].get_text().strip() #title format = used/new, make, model, trim, "for sale", price
IndexError: list index out of range
2023-07-30 08:02:10,944 - DEBUG - Starting new HTTP connection (1): us-ca.proxymesh.com:31280
2023-07-30 08:02:11,153 - DEBUG - http://us-ca.proxymesh.com:31280 "GET http://cars.com///vehicledetail/97e3ada3-f9c8-4c62-b0f2-cc56f7f0f6eb/ HTTP/1.1" 402 None
2023-07-30 08:02:11,154 - ERROR - list index out of range
Traceback (most recent call last):
  File "/Users/jonathanduberman/maverick_price_tool/maverick_price_scraper.py", line 112, in carsdotcom_datagrabber
    title = soup.findAll('title')[0].get_text().strip() #title format = used/new, make, model, trim, "for sale", price
IndexError: list index out of range
2023-07-30 08:02:11,159 - DEBUG - Starting new HTTP connection (1): us-ca.proxymesh.com:31280
2023-07-30 08:02:11,361 - DEBUG - http://us-ca.proxymesh.com:31280 "GET http://cars.com///vehicledetail/0c8939e7-f2c6-4aaa-8275-e1ed61c47fc4/ HTTP/1.1" 402 None
2023-07-30 08:02:11,364 - ERROR - list index out of range
Traceback (most recent call last):
  File "/Users/jonathanduberman/maverick_price_tool/maverick_price_scraper.py", line 112, in carsdotcom_datagrabber
    title = soup.findAll('title')[0].get_text().strip() #title format = used/new, make, model, trim, "for sale", price
IndexError: list index out of range
2023-07-30 08:02:11,368 - DEBUG - Starting new HTTP connection (1): us-ca.proxymesh.com:31280
2023-07-30 08:02:11,575 - DEBUG - http://us-ca.proxymesh.com:31280 "GET http://cars.com///vehicledetail/52452c6a-3b50-469a-b2da-068381a0ca1a/ HTTP/1.1" 402 None
2023-07-30 08:02:11,577 - ERROR - list index out of range
Traceback (most recent call last):
  File "/Users/jonathanduberman/maverick_price_tool/maverick_price_scraper.py", line 112, in carsdotcom_datagrabber
    title = soup.findAll('title')[0].get_text().strip() #title format = used/new, make, model, trim, "for sale", price
IndexError: list index out of range
2023-07-30 08:02:11,581 - DEBUG - Starting new HTTP connection (1): us-ca.proxymesh.com:31280
2023-07-30 08:02:11,799 - DEBUG - http://us-ca.proxymesh.com:31280 "GET http://cars.com///vehicledetail/3a8fd066-1ce2-4bad-af91-116f8be80146/ HTTP/1.1" 402 None
2023-07-30 08:02:11,800 - ERROR - list index out of range
Traceback (most recent call last):
  File "/Users/jonathanduberman/maverick_price_tool/maverick_price_scraper.py", line 112, in carsdotcom_datagrabber
    title = soup.findAll('title')[0].get_text().strip() #title format = used/new, make, model, trim, "for sale", price
IndexError: list index out of range
2023-07-30 08:02:11,805 - DEBUG - Starting new HTTP connection (1): us-ca.proxymesh.com:31280
2023-07-30 08:02:16,940 - DEBUG - http://us-ca.proxymesh.com:31280 "GET http://cars.com///vehicledetail/4989f724-366c-4fb2-a75c-6b6d7e657055/ HTTP/1.1" 402 None
2023-07-30 08:02:16,942 - ERROR - list index out of range
Traceback (most recent call last):
  File "/Users/jonathanduberman/maverick_price_tool/maverick_price_scraper.py", line 112, in carsdotcom_datagrabber
    title = soup.findAll('title')[0].get_text().strip() #title format = used/new, make, model, trim, "for sale", price
IndexError: list index out of range
2023-07-30 08:02:16,947 - DEBUG - Starting new HTTP connection (1): us-ca.proxymesh.com:31280
2023-07-30 08:02:22,083 - DEBUG - http://us-ca.proxymesh.com:31280 "GET http://cars.com///vehicledetail/3ea79e82-5164-4f5a-8165-30c3f4b2f755/ HTTP/1.1" 402 None
2023-07-30 08:02:22,211 - ERROR - list index out of range
Traceback (most recent call last):
  File "/Users/jonathanduberman/maverick_price_tool/maverick_price_scraper.py", line 112, in carsdotcom_datagrabber
    title = soup.findAll('title')[0].get_text().strip() #title format = used/new, make, model, trim, "for sale", price
IndexError: list index out of range
2023-07-30 08:02:22,216 - DEBUG - Starting new HTTP connection (1): us-ca.proxymesh.com:31280
2023-07-30 08:02:25,132 - DEBUG - http://us-ca.proxymesh.com:31280 "GET http://cars.com///vehicledetail/75613e16-00c0-48e4-89c8-ec1910a56940/ HTTP/1.1" 402 None
2023-07-30 08:02:25,134 - ERROR - list index out of range
Traceback (most recent call last):
  File "/Users/jonathanduberman/maverick_price_tool/maverick_price_scraper.py", line 112, in carsdotcom_datagrabber
    title = soup.findAll('title')[0].get_text().strip() #title format = used/new, make, model, trim, "for sale", price
IndexError: list index out of range
2023-07-30 08:02:25,139 - DEBUG - Starting new HTTP connection (1): us-ca.proxymesh.com:31280
2023-07-30 08:02:29,223 - DEBUG - http://us-ca.proxymesh.com:31280 "GET http://cars.com///vehicledetail/e2ca4035-c051-44da-acea-7e344b9952d9/ HTTP/1.1" 402 None
2023-07-30 08:02:29,229 - ERROR - list index out of range
Traceback (most recent call last):
  File "/Users/jonathanduberman/maverick_price_tool/maverick_price_scraper.py", line 112, in carsdotcom_datagrabber
    title = soup.findAll('title')[0].get_text().strip() #title format = used/new, make, model, trim, "for sale", price
IndexError: list index out of range
2023-07-30 08:02:29,234 - DEBUG - Starting new HTTP connection (1): us-ca.proxymesh.com:31280
2023-07-30 08:02:31,433 - DEBUG - http://us-ca.proxymesh.com:31280 "GET http://cars.com///vehicledetail/2b40b74f-e4a1-4873-a38e-e40185df716a/ HTTP/1.1" 402 None
2023-07-30 08:02:31,434 - ERROR - list index out of range
Traceback (most recent call last):
  File "/Users/jonathanduberman/maverick_price_tool/maverick_price_scraper.py", line 112, in carsdotcom_datagrabber
    title = soup.findAll('title')[0].get_text().strip() #title format = used/new, make, model, trim, "for sale", price
IndexError: list index out of range
2023-07-30 08:02:31,439 - DEBUG - Starting new HTTP connection (1): us-ca.proxymesh.com:31280
2023-07-30 08:02:31,645 - DEBUG - http://us-ca.proxymesh.com:31280 "GET http://cars.com///vehicledetail/1d3ea4a8-4e5c-4c6a-a0e7-8ffae3833dca/ HTTP/1.1" 402 None
2023-07-30 08:02:31,646 - ERROR - list index out of range
Traceback (most recent call last):
  File "/Users/jonathanduberman/maverick_price_tool/maverick_price_scraper.py", line 112, in carsdotcom_datagrabber
    title = soup.findAll('title')[0].get_text().strip() #title format = used/new, make, model, trim, "for sale", price
IndexError: list index out of range
2023-07-30 08:02:31,651 - DEBUG - Starting new HTTP connection (1): us-ca.proxymesh.com:31280
2023-07-30 08:02:31,855 - DEBUG - http://us-ca.proxymesh.com:31280 "GET http://cars.com///vehicledetail/94de738f-f298-4e9e-9b1c-eaa57b51bfaa/ HTTP/1.1" 402 None
2023-07-30 08:02:31,857 - ERROR - list index out of range
Traceback (most recent call last):
  File "/Users/jonathanduberman/maverick_price_tool/maverick_price_scraper.py", line 112, in carsdotcom_datagrabber
    title = soup.findAll('title')[0].get_text().strip() #title format = used/new, make, model, trim, "for sale", price
IndexError: list index out of range
2023-07-30 08:02:31,861 - DEBUG - Starting new HTTP connection (1): us-ca.proxymesh.com:31280
2023-07-30 08:02:32,064 - DEBUG - http://us-ca.proxymesh.com:31280 "GET http://cars.com///vehicledetail/f2be79d5-3a51-4f31-ace6-749a89d0f68f/ HTTP/1.1" 402 None
2023-07-30 08:02:32,065 - ERROR - list index out of range
Traceback (most recent call last):
  File "/Users/jonathanduberman/maverick_price_tool/maverick_price_scraper.py", line 112, in carsdotcom_datagrabber
    title = soup.findAll('title')[0].get_text().strip() #title format = used/new, make, model, trim, "for sale", price
IndexError: list index out of range
2023-07-30 08:02:32,070 - DEBUG - Starting new HTTP connection (1): us-ca.proxymesh.com:31280
2023-07-30 08:02:32,272 - DEBUG - http://us-ca.proxymesh.com:31280 "GET http://cars.com///vehicledetail/a4075be5-6560-4b8e-8aa9-e4d661c473fe/ HTTP/1.1" 402 None
2023-07-30 08:02:32,274 - ERROR - list index out of range
Traceback (most recent call last):
  File "/Users/jonathanduberman/maverick_price_tool/maverick_price_scraper.py", line 112, in carsdotcom_datagrabber
    title = soup.findAll('title')[0].get_text().strip() #title format = used/new, make, model, trim, "for sale", price
IndexError: list index out of range
2023-07-30 08:02:32,278 - DEBUG - Starting new HTTP connection (1): us-ca.proxymesh.com:31280
2023-07-30 08:02:32,476 - DEBUG - http://us-ca.proxymesh.com:31280 "GET http://cars.com///vehicledetail/ae7bb7aa-dcda-4c66-bd23-e8ce48c2b160/ HTTP/1.1" 402 None
2023-07-30 08:02:32,478 - ERROR - list index out of range
Traceback (most recent call last):
  File "/Users/jonathanduberman/maverick_price_tool/maverick_price_scraper.py", line 112, in carsdotcom_datagrabber
    title = soup.findAll('title')[0].get_text().strip() #title format = used/new, make, model, trim, "for sale", price
IndexError: list index out of range
2023-07-30 08:02:32,482 - DEBUG - Starting new HTTP connection (1): us-ca.proxymesh.com:31280
2023-07-30 08:02:32,674 - DEBUG - http://us-ca.proxymesh.com:31280 "GET http://cars.com///vehicledetail/07998c9e-d4a8-4819-ab9e-b698477010a9/ HTTP/1.1" 402 None
2023-07-30 08:02:32,676 - ERROR - list index out of range
Traceback (most recent call last):
  File "/Users/jonathanduberman/maverick_price_tool/maverick_price_scraper.py", line 112, in carsdotcom_datagrabber
    title = soup.findAll('title')[0].get_text().strip() #title format = used/new, make, model, trim, "for sale", price
IndexError: list index out of range
2023-07-30 08:02:32,681 - DEBUG - Starting new HTTP connection (1): us-ca.proxymesh.com:31280
2023-07-30 08:02:32,882 - DEBUG - http://us-ca.proxymesh.com:31280 "GET http://cars.com///vehicledetail/d6ebe139-48dc-4c9e-902f-02f44da40b15/ HTTP/1.1" 402 None
2023-07-30 08:02:32,884 - ERROR - list index out of range
Traceback (most recent call last):
  File "/Users/jonathanduberman/maverick_price_tool/maverick_price_scraper.py", line 112, in carsdotcom_datagrabber
    title = soup.findAll('title')[0].get_text().strip() #title format = used/new, make, model, trim, "for sale", price
IndexError: list index out of range
2023-07-30 08:02:32,889 - DEBUG - Starting new HTTP connection (1): us-ca.proxymesh.com:31280
2023-07-30 08:02:33,080 - DEBUG - http://us-ca.proxymesh.com:31280 "GET http://cars.com///vehicledetail/e5262e1b-d69b-466a-a9da-237f2db8ba7f/ HTTP/1.1" 402 None
2023-07-30 08:02:33,083 - ERROR - list index out of range
Traceback (most recent call last):
  File "/Users/jonathanduberman/maverick_price_tool/maverick_price_scraper.py", line 112, in carsdotcom_datagrabber
    title = soup.findAll('title')[0].get_text().strip() #title format = used/new, make, model, trim, "for sale", price
IndexError: list index out of range
2023-07-30 08:02:33,087 - DEBUG - Starting new HTTP connection (1): us-ca.proxymesh.com:31280
2023-07-30 08:02:34,351 - DEBUG - http://us-ca.proxymesh.com:31280 "GET http://cars.com///vehicledetail/df3cac52-b356-4bdd-8195-8b6ccc7a466c/ HTTP/1.1" 402 None
2023-07-30 08:02:34,356 - ERROR - list index out of range
Traceback (most recent call last):
  File "/Users/jonathanduberman/maverick_price_tool/maverick_price_scraper.py", line 112, in carsdotcom_datagrabber
    title = soup.findAll('title')[0].get_text().strip() #title format = used/new, make, model, trim, "for sale", price
IndexError: list index out of range
2023-07-30 08:02:34,361 - DEBUG - Starting new HTTP connection (1): us-ca.proxymesh.com:31280
2023-07-30 08:02:36,398 - DEBUG - http://us-ca.proxymesh.com:31280 "GET http://cars.com///vehicledetail/1b4bdca1-175b-4709-b060-fcccee25166e/ HTTP/1.1" 402 None
2023-07-30 08:02:36,401 - ERROR - list index out of range
Traceback (most recent call last):
  File "/Users/jonathanduberman/maverick_price_tool/maverick_price_scraper.py", line 112, in carsdotcom_datagrabber
    title = soup.findAll('title')[0].get_text().strip() #title format = used/new, make, model, trim, "for sale", price
IndexError: list index out of range
2023-07-30 08:02:36,406 - DEBUG - Starting new HTTP connection (1): us-ca.proxymesh.com:31280
2023-07-30 08:02:38,465 - DEBUG - http://us-ca.proxymesh.com:31280 "GET http://cars.com///vehicledetail/98a79419-36f2-46ce-b3e0-f307271debd0/ HTTP/1.1" 402 None
2023-07-30 08:02:38,467 - ERROR - list index out of range
Traceback (most recent call last):
  File "/Users/jonathanduberman/maverick_price_tool/maverick_price_scraper.py", line 112, in carsdotcom_datagrabber
    title = soup.findAll('title')[0].get_text().strip() #title format = used/new, make, model, trim, "for sale", price
IndexError: list index out of range
2023-07-30 08:02:38,471 - DEBUG - Starting new HTTP connection (1): us-ca.proxymesh.com:31280
2023-07-30 08:02:41,511 - DEBUG - http://us-ca.proxymesh.com:31280 "GET http://cars.com///vehicledetail/42a471cc-7ca8-4b91-8e79-d775c2822061/ HTTP/1.1" 402 None
2023-07-30 08:02:41,512 - ERROR - list index out of range
Traceback (most recent call last):
  File "/Users/jonathanduberman/maverick_price_tool/maverick_price_scraper.py", line 112, in carsdotcom_datagrabber
    title = soup.findAll('title')[0].get_text().strip() #title format = used/new, make, model, trim, "for sale", price
IndexError: list index out of range
2023-07-30 08:02:41,517 - DEBUG - Starting new HTTP connection (1): us-ca.proxymesh.com:31280
2023-07-30 08:02:43,559 - DEBUG - http://us-ca.proxymesh.com:31280 "GET http://cars.com///vehicledetail/2ac701b9-fdb2-433e-931c-a7fae9bee264/ HTTP/1.1" 402 None
2023-07-30 08:02:43,565 - ERROR - list index out of range
Traceback (most recent call last):
  File "/Users/jonathanduberman/maverick_price_tool/maverick_price_scraper.py", line 112, in carsdotcom_datagrabber
    title = soup.findAll('title')[0].get_text().strip() #title format = used/new, make, model, trim, "for sale", price
IndexError: list index out of range
2023-07-30 08:02:43,569 - DEBUG - Starting new HTTP connection (1): us-ca.proxymesh.com:31280
2023-07-30 08:02:46,636 - DEBUG - http://us-ca.proxymesh.com:31280 "GET http://cars.com///vehicledetail/ca413ee0-4c90-41ae-9dcf-095c3e31b68a/ HTTP/1.1" 402 None
2023-07-30 08:02:46,675 - ERROR - list index out of range
Traceback (most recent call last):
  File "/Users/jonathanduberman/maverick_price_tool/maverick_price_scraper.py", line 112, in carsdotcom_datagrabber
    title = soup.findAll('title')[0].get_text().strip() #title format = used/new, make, model, trim, "for sale", price
IndexError: list index out of range
2023-07-30 08:02:46,680 - DEBUG - Starting new HTTP connection (1): us-ca.proxymesh.com:31280
2023-07-30 08:02:49,379 - DEBUG - http://us-ca.proxymesh.com:31280 "GET http://cars.com///vehicledetail/94f4dfa0-586f-4b9b-ace3-d28b60b09015/ HTTP/1.1" 402 None
2023-07-30 08:02:49,384 - ERROR - list index out of range
Traceback (most recent call last):
  File "/Users/jonathanduberman/maverick_price_tool/maverick_price_scraper.py", line 112, in carsdotcom_datagrabber
    title = soup.findAll('title')[0].get_text().strip() #title format = used/new, make, model, trim, "for sale", price
IndexError: list index out of range
2023-07-30 08:02:49,388 - DEBUG - Starting new HTTP connection (1): us-ca.proxymesh.com:31280
2023-07-30 08:02:50,787 - DEBUG - http://us-ca.proxymesh.com:31280 "GET http://cars.com///vehicledetail/c0c16bc7-5723-4ef8-b809-74e49bef9b87/ HTTP/1.1" 402 None
2023-07-30 08:02:50,788 - ERROR - list index out of range
Traceback (most recent call last):
  File "/Users/jonathanduberman/maverick_price_tool/maverick_price_scraper.py", line 112, in carsdotcom_datagrabber
    title = soup.findAll('title')[0].get_text().strip() #title format = used/new, make, model, trim, "for sale", price
IndexError: list index out of range
2023-07-30 08:02:50,793 - DEBUG - Starting new HTTP connection (1): us-ca.proxymesh.com:31280
2023-07-30 08:02:53,822 - DEBUG - http://us-ca.proxymesh.com:31280 "GET http://cars.com///vehicledetail/bba04958-cd44-4a3e-88a1-b43f6a41c9bb/ HTTP/1.1" 402 None
2023-07-30 08:02:53,827 - ERROR - list index out of range
Traceback (most recent call last):
  File "/Users/jonathanduberman/maverick_price_tool/maverick_price_scraper.py", line 112, in carsdotcom_datagrabber
    title = soup.findAll('title')[0].get_text().strip() #title format = used/new, make, model, trim, "for sale", price
IndexError: list index out of range
2023-07-30 08:02:53,832 - DEBUG - Starting new HTTP connection (1): us-ca.proxymesh.com:31280
2023-07-30 08:02:55,854 - DEBUG - http://us-ca.proxymesh.com:31280 "GET http://cars.com///vehicledetail/4ef99b77-9734-4a16-9937-aa5750db4101/ HTTP/1.1" 402 None
2023-07-30 08:02:55,860 - ERROR - list index out of range
Traceback (most recent call last):
  File "/Users/jonathanduberman/maverick_price_tool/maverick_price_scraper.py", line 112, in carsdotcom_datagrabber
    title = soup.findAll('title')[0].get_text().strip() #title format = used/new, make, model, trim, "for sale", price
IndexError: list index out of range
2023-07-30 08:02:55,864 - DEBUG - Starting new HTTP connection (1): us-ca.proxymesh.com:31280
2023-07-30 08:02:57,935 - DEBUG - http://us-ca.proxymesh.com:31280 "GET http://cars.com///vehicledetail/a3fc7c17-868d-4aec-b593-953ba6b078d5/ HTTP/1.1" 402 None
2023-07-30 08:02:57,940 - ERROR - list index out of range
Traceback (most recent call last):
  File "/Users/jonathanduberman/maverick_price_tool/maverick_price_scraper.py", line 112, in carsdotcom_datagrabber
    title = soup.findAll('title')[0].get_text().strip() #title format = used/new, make, model, trim, "for sale", price
IndexError: list index out of range
2023-07-30 08:02:57,945 - DEBUG - Starting new HTTP connection (1): us-ca.proxymesh.com:31280
2023-07-30 08:03:00,972 - DEBUG - http://us-ca.proxymesh.com:31280 "GET http://cars.com///vehicledetail/f99de01c-84b0-4892-a610-7948ac739a14/ HTTP/1.1" 402 None
2023-07-30 08:03:00,974 - ERROR - list index out of range
Traceback (most recent call last):
  File "/Users/jonathanduberman/maverick_price_tool/maverick_price_scraper.py", line 112, in carsdotcom_datagrabber
    title = soup.findAll('title')[0].get_text().strip() #title format = used/new, make, model, trim, "for sale", price
IndexError: list index out of range
2023-07-30 08:03:00,978 - DEBUG - Starting new HTTP connection (1): us-ca.proxymesh.com:31280
2023-07-30 08:03:08,032 - DEBUG - http://us-ca.proxymesh.com:31280 "GET http://cars.com///vehicledetail/097b588a-5af0-4351-9d1f-a804a2d30f8f/ HTTP/1.1" 402 None
2023-07-30 08:03:08,160 - ERROR - list index out of range
Traceback (most recent call last):
  File "/Users/jonathanduberman/maverick_price_tool/maverick_price_scraper.py", line 112, in carsdotcom_datagrabber
    title = soup.findAll('title')[0].get_text().strip() #title format = used/new, make, model, trim, "for sale", price
IndexError: list index out of range
2023-07-30 08:03:08,165 - DEBUG - Starting new HTTP connection (1): us-ca.proxymesh.com:31280
2023-07-30 08:03:13,239 - DEBUG - http://us-ca.proxymesh.com:31280 "GET http://cars.com///vehicledetail/154f1511-3408-4fdf-97e5-193a6b908def/ HTTP/1.1" 402 None
2023-07-30 08:03:13,356 - ERROR - list index out of range
Traceback (most recent call last):
  File "/Users/jonathanduberman/maverick_price_tool/maverick_price_scraper.py", line 112, in carsdotcom_datagrabber
    title = soup.findAll('title')[0].get_text().strip() #title format = used/new, make, model, trim, "for sale", price
IndexError: list index out of range
2023-07-30 08:03:13,360 - DEBUG - Starting new HTTP connection (1): us-ca.proxymesh.com:31280
2023-07-30 08:03:15,407 - DEBUG - http://us-ca.proxymesh.com:31280 "GET http://cars.com///vehicledetail/460c85eb-9453-4043-85ab-61513bd0e8bc/ HTTP/1.1" 402 None
2023-07-30 08:03:15,408 - ERROR - list index out of range
Traceback (most recent call last):
  File "/Users/jonathanduberman/maverick_price_tool/maverick_price_scraper.py", line 112, in carsdotcom_datagrabber
    title = soup.findAll('title')[0].get_text().strip() #title format = used/new, make, model, trim, "for sale", price
IndexError: list index out of range
2023-07-30 08:03:15,413 - DEBUG - Starting new HTTP connection (1): us-ca.proxymesh.com:31280
2023-07-30 08:03:18,483 - DEBUG - http://us-ca.proxymesh.com:31280 "GET http://cars.com///vehicledetail/f546266d-6622-4069-bc46-4431f8d62e9b/ HTTP/1.1" 402 None
2023-07-30 08:03:18,485 - ERROR - list index out of range
Traceback (most recent call last):
  File "/Users/jonathanduberman/maverick_price_tool/maverick_price_scraper.py", line 112, in carsdotcom_datagrabber
    title = soup.findAll('title')[0].get_text().strip() #title format = used/new, make, model, trim, "for sale", price
IndexError: list index out of range
2023-07-30 08:03:18,489 - DEBUG - Starting new HTTP connection (1): us-ca.proxymesh.com:31280
2023-07-30 08:03:25,685 - DEBUG - http://us-ca.proxymesh.com:31280 "GET http://cars.com///vehicledetail/757d7457-62f2-4843-8350-7e4d689e5938/ HTTP/1.1" 402 None
2023-07-30 08:03:25,687 - ERROR - list index out of range
Traceback (most recent call last):
  File "/Users/jonathanduberman/maverick_price_tool/maverick_price_scraper.py", line 112, in carsdotcom_datagrabber
    title = soup.findAll('title')[0].get_text().strip() #title format = used/new, make, model, trim, "for sale", price
IndexError: list index out of range
2023-07-30 08:03:25,692 - DEBUG - Starting new HTTP connection (1): us-ca.proxymesh.com:31280
2023-07-30 08:03:30,810 - DEBUG - http://us-ca.proxymesh.com:31280 "GET http://cars.com///vehicledetail/c6ef451a-1655-4d95-a125-908a1a66b42a/ HTTP/1.1" 402 None
2023-07-30 08:03:30,819 - ERROR - list index out of range
Traceback (most recent call last):
  File "/Users/jonathanduberman/maverick_price_tool/maverick_price_scraper.py", line 112, in carsdotcom_datagrabber
    title = soup.findAll('title')[0].get_text().strip() #title format = used/new, make, model, trim, "for sale", price
IndexError: list index out of range
2023-07-30 08:03:30,824 - DEBUG - Starting new HTTP connection (1): us-ca.proxymesh.com:31280
2023-07-30 08:03:32,830 - DEBUG - http://us-ca.proxymesh.com:31280 "GET http://cars.com///vehicledetail/cb3d6421-a487-45e6-ad93-4e1d45f610b7/ HTTP/1.1" 402 None
2023-07-30 08:03:32,834 - ERROR - list index out of range
Traceback (most recent call last):
  File "/Users/jonathanduberman/maverick_price_tool/maverick_price_scraper.py", line 112, in carsdotcom_datagrabber
    title = soup.findAll('title')[0].get_text().strip() #title format = used/new, make, model, trim, "for sale", price
IndexError: list index out of range
2023-07-30 08:03:32,839 - DEBUG - Starting new HTTP connection (1): us-ca.proxymesh.com:31280
2023-07-30 08:03:35,889 - DEBUG - http://us-ca.proxymesh.com:31280 "GET http://cars.com///vehicledetail/7c493e54-a8fc-496c-996e-ba85a30d37ec/ HTTP/1.1" 402 None
2023-07-30 08:03:35,968 - ERROR - list index out of range
Traceback (most recent call last):
  File "/Users/jonathanduberman/maverick_price_tool/maverick_price_scraper.py", line 112, in carsdotcom_datagrabber
    title = soup.findAll('title')[0].get_text().strip() #title format = used/new, make, model, trim, "for sale", price
IndexError: list index out of range
2023-07-30 08:03:35,973 - DEBUG - Starting new HTTP connection (1): us-ca.proxymesh.com:31280
2023-07-30 08:03:38,962 - DEBUG - http://us-ca.proxymesh.com:31280 "GET http://cars.com///vehicledetail/afc509d4-f690-4d19-a9ba-c5941cfdc423/ HTTP/1.1" 402 None
2023-07-30 08:03:38,964 - ERROR - list index out of range
Traceback (most recent call last):
  File "/Users/jonathanduberman/maverick_price_tool/maverick_price_scraper.py", line 112, in carsdotcom_datagrabber
    title = soup.findAll('title')[0].get_text().strip() #title format = used/new, make, model, trim, "for sale", price
IndexError: list index out of range
2023-07-30 08:03:38,968 - DEBUG - Starting new HTTP connection (1): us-ca.proxymesh.com:31280
2023-07-30 08:03:42,028 - DEBUG - http://us-ca.proxymesh.com:31280 "GET http://cars.com///vehicledetail/84940b5a-f027-4266-88b9-ebdbed63bf7a/ HTTP/1.1" 402 None
2023-07-30 08:03:42,029 - ERROR - list index out of range
Traceback (most recent call last):
  File "/Users/jonathanduberman/maverick_price_tool/maverick_price_scraper.py", line 112, in carsdotcom_datagrabber
    title = soup.findAll('title')[0].get_text().strip() #title format = used/new, make, model, trim, "for sale", price
IndexError: list index out of range
2023-07-30 08:03:42,034 - DEBUG - Starting new HTTP connection (1): us-ca.proxymesh.com:31280
2023-07-30 08:03:43,155 - DEBUG - http://us-ca.proxymesh.com:31280 "GET http://cars.com///vehicledetail/4f81975d-c0d1-4db4-9b9f-ab008ee616f1/ HTTP/1.1" 402 None
2023-07-30 08:03:43,157 - ERROR - list index out of range
Traceback (most recent call last):
  File "/Users/jonathanduberman/maverick_price_tool/maverick_price_scraper.py", line 112, in carsdotcom_datagrabber
    title = soup.findAll('title')[0].get_text().strip() #title format = used/new, make, model, trim, "for sale", price
IndexError: list index out of range
2023-07-30 08:03:43,161 - DEBUG - Starting new HTTP connection (1): us-ca.proxymesh.com:31280
2023-07-30 08:03:43,365 - DEBUG - http://us-ca.proxymesh.com:31280 "GET http://cars.com///vehicledetail/19034533-4af0-4004-9a6d-3968623e3ddf/ HTTP/1.1" 402 None
2023-07-30 08:03:43,367 - ERROR - list index out of range
Traceback (most recent call last):
  File "/Users/jonathanduberman/maverick_price_tool/maverick_price_scraper.py", line 112, in carsdotcom_datagrabber
    title = soup.findAll('title')[0].get_text().strip() #title format = used/new, make, model, trim, "for sale", price
IndexError: list index out of range
2023-07-30 08:03:43,372 - DEBUG - Starting new HTTP connection (1): us-ca.proxymesh.com:31280
2023-07-30 08:03:43,574 - DEBUG - http://us-ca.proxymesh.com:31280 "GET http://cars.com///vehicledetail/8318f9b9-e8d8-4301-b77a-169adec8ad28/ HTTP/1.1" 402 None
2023-07-30 08:03:43,576 - ERROR - list index out of range
Traceback (most recent call last):
  File "/Users/jonathanduberman/maverick_price_tool/maverick_price_scraper.py", line 112, in carsdotcom_datagrabber
    title = soup.findAll('title')[0].get_text().strip() #title format = used/new, make, model, trim, "for sale", price
IndexError: list index out of range
2023-07-30 08:03:43,580 - DEBUG - Starting new HTTP connection (1): us-ca.proxymesh.com:31280
2023-07-30 08:03:43,784 - DEBUG - http://us-ca.proxymesh.com:31280 "GET http://cars.com///vehicledetail/6a4c4f4f-98ad-4eee-9c44-e24eadca11fc/ HTTP/1.1" 402 None
2023-07-30 08:03:43,785 - ERROR - list index out of range
Traceback (most recent call last):
  File "/Users/jonathanduberman/maverick_price_tool/maverick_price_scraper.py", line 112, in carsdotcom_datagrabber
    title = soup.findAll('title')[0].get_text().strip() #title format = used/new, make, model, trim, "for sale", price
IndexError: list index out of range
2023-07-30 08:03:43,790 - DEBUG - Starting new HTTP connection (1): us-ca.proxymesh.com:31280
2023-07-30 08:03:44,013 - DEBUG - http://us-ca.proxymesh.com:31280 "GET http://cars.com///vehicledetail/1976d3aa-8b1f-4946-b786-54594fb21181/ HTTP/1.1" 402 None
2023-07-30 08:03:44,014 - ERROR - list index out of range
Traceback (most recent call last):
  File "/Users/jonathanduberman/maverick_price_tool/maverick_price_scraper.py", line 112, in carsdotcom_datagrabber
    title = soup.findAll('title')[0].get_text().strip() #title format = used/new, make, model, trim, "for sale", price
IndexError: list index out of range
2023-07-30 08:03:44,019 - DEBUG - Starting new HTTP connection (1): us-ca.proxymesh.com:31280
2023-07-30 08:03:44,218 - DEBUG - http://us-ca.proxymesh.com:31280 "GET http://cars.com///vehicledetail/08bb044c-9ec6-4bbf-b790-2ee0c4bcabc1/ HTTP/1.1" 402 None
2023-07-30 08:03:44,220 - ERROR - list index out of range
Traceback (most recent call last):
  File "/Users/jonathanduberman/maverick_price_tool/maverick_price_scraper.py", line 112, in carsdotcom_datagrabber
    title = soup.findAll('title')[0].get_text().strip() #title format = used/new, make, model, trim, "for sale", price
IndexError: list index out of range
2023-07-30 08:03:44,225 - DEBUG - Starting new HTTP connection (1): us-ca.proxymesh.com:31280
2023-07-30 08:03:44,427 - DEBUG - http://us-ca.proxymesh.com:31280 "GET http://cars.com///vehicledetail/49eb5ccb-0829-41b7-b111-cebc22549a89/ HTTP/1.1" 402 None
2023-07-30 08:03:44,429 - ERROR - list index out of range
Traceback (most recent call last):
  File "/Users/jonathanduberman/maverick_price_tool/maverick_price_scraper.py", line 112, in carsdotcom_datagrabber
    title = soup.findAll('title')[0].get_text().strip() #title format = used/new, make, model, trim, "for sale", price
IndexError: list index out of range
2023-07-30 08:03:44,433 - DEBUG - Starting new HTTP connection (1): us-ca.proxymesh.com:31280
2023-07-30 08:03:44,628 - DEBUG - http://us-ca.proxymesh.com:31280 "GET http://cars.com///vehicledetail/c4d0f4f8-7cdc-4ca7-b503-2176dff1af53/ HTTP/1.1" 402 None
2023-07-30 08:03:44,629 - ERROR - list index out of range
Traceback (most recent call last):
  File "/Users/jonathanduberman/maverick_price_tool/maverick_price_scraper.py", line 112, in carsdotcom_datagrabber
    title = soup.findAll('title')[0].get_text().strip() #title format = used/new, make, model, trim, "for sale", price
IndexError: list index out of range
2023-07-30 08:03:44,634 - DEBUG - Starting new HTTP connection (1): us-ca.proxymesh.com:31280
2023-07-30 08:03:44,874 - DEBUG - http://us-ca.proxymesh.com:31280 "GET http://cars.com///vehicledetail/48396c9f-9c8c-45c0-a046-809091ea2b4c/ HTTP/1.1" 402 None
2023-07-30 08:03:44,875 - ERROR - list index out of range
Traceback (most recent call last):
  File "/Users/jonathanduberman/maverick_price_tool/maverick_price_scraper.py", line 112, in carsdotcom_datagrabber
    title = soup.findAll('title')[0].get_text().strip() #title format = used/new, make, model, trim, "for sale", price
IndexError: list index out of range
2023-07-30 08:03:44,880 - DEBUG - Starting new HTTP connection (1): us-ca.proxymesh.com:31280
2023-07-30 08:03:45,092 - DEBUG - http://us-ca.proxymesh.com:31280 "GET http://cars.com///vehicledetail/9768d070-5015-4f06-81bd-0dd5507c4f22/ HTTP/1.1" 402 None
2023-07-30 08:03:45,094 - ERROR - list index out of range
Traceback (most recent call last):
  File "/Users/jonathanduberman/maverick_price_tool/maverick_price_scraper.py", line 112, in carsdotcom_datagrabber
    title = soup.findAll('title')[0].get_text().strip() #title format = used/new, make, model, trim, "for sale", price
IndexError: list index out of range
2023-07-30 08:03:45,099 - DEBUG - Starting new HTTP connection (1): us-ca.proxymesh.com:31280
2023-07-30 08:03:45,291 - DEBUG - http://us-ca.proxymesh.com:31280 "GET http://cars.com///vehicledetail/84c59e1f-21a1-4fa6-a169-c1fb10e9924c/ HTTP/1.1" 402 None
2023-07-30 08:03:45,293 - ERROR - list index out of range
Traceback (most recent call last):
  File "/Users/jonathanduberman/maverick_price_tool/maverick_price_scraper.py", line 112, in carsdotcom_datagrabber
    title = soup.findAll('title')[0].get_text().strip() #title format = used/new, make, model, trim, "for sale", price
IndexError: list index out of range
2023-07-30 08:03:45,298 - DEBUG - Starting new HTTP connection (1): us-ca.proxymesh.com:31280
2023-07-30 08:03:45,553 - DEBUG - http://us-ca.proxymesh.com:31280 "GET http://cars.com///vehicledetail/727ed61c-b972-4ab3-9ba6-5e6f54c3e1ce/ HTTP/1.1" 402 None
2023-07-30 08:03:45,554 - ERROR - list index out of range
Traceback (most recent call last):
  File "/Users/jonathanduberman/maverick_price_tool/maverick_price_scraper.py", line 112, in carsdotcom_datagrabber
    title = soup.findAll('title')[0].get_text().strip() #title format = used/new, make, model, trim, "for sale", price
IndexError: list index out of range
2023-07-30 08:03:45,559 - DEBUG - Starting new HTTP connection (1): us-ca.proxymesh.com:31280
2023-07-30 08:03:45,770 - DEBUG - http://us-ca.proxymesh.com:31280 "GET http://cars.com///vehicledetail/0594cbbb-5712-4c9e-9085-0402f426ed5f/ HTTP/1.1" 402 None
2023-07-30 08:03:45,771 - ERROR - list index out of range
Traceback (most recent call last):
  File "/Users/jonathanduberman/maverick_price_tool/maverick_price_scraper.py", line 112, in carsdotcom_datagrabber
    title = soup.findAll('title')[0].get_text().strip() #title format = used/new, make, model, trim, "for sale", price
IndexError: list index out of range
2023-07-30 08:03:45,776 - DEBUG - Starting new HTTP connection (1): us-ca.proxymesh.com:31280
2023-07-30 08:03:45,979 - DEBUG - http://us-ca.proxymesh.com:31280 "GET http://cars.com///vehicledetail/72ebefeb-3573-4555-a81f-1a4a3a6d38da/ HTTP/1.1" 402 None
2023-07-30 08:03:45,981 - ERROR - list index out of range
Traceback (most recent call last):
  File "/Users/jonathanduberman/maverick_price_tool/maverick_price_scraper.py", line 112, in carsdotcom_datagrabber
    title = soup.findAll('title')[0].get_text().strip() #title format = used/new, make, model, trim, "for sale", price
IndexError: list index out of range
2023-07-30 08:03:45,985 - DEBUG - Starting new HTTP connection (1): us-ca.proxymesh.com:31280
2023-07-30 08:03:48,180 - DEBUG - http://us-ca.proxymesh.com:31280 "GET http://cars.com///vehicledetail/8190ecb9-1bdf-436c-b382-4d1501871f87/ HTTP/1.1" 402 None
2023-07-30 08:03:48,188 - ERROR - list index out of range
Traceback (most recent call last):
  File "/Users/jonathanduberman/maverick_price_tool/maverick_price_scraper.py", line 112, in carsdotcom_datagrabber
    title = soup.findAll('title')[0].get_text().strip() #title format = used/new, make, model, trim, "for sale", price
IndexError: list index out of range
2023-07-30 08:03:48,193 - DEBUG - Starting new HTTP connection (1): us-ca.proxymesh.com:31280
2023-07-30 08:03:55,339 - DEBUG - http://us-ca.proxymesh.com:31280 "GET http://cars.com///vehicledetail/a98eebf8-e1e1-48b1-b11e-f90ed3f58e34/ HTTP/1.1" 402 None
2023-07-30 08:03:55,341 - ERROR - list index out of range
Traceback (most recent call last):
  File "/Users/jonathanduberman/maverick_price_tool/maverick_price_scraper.py", line 112, in carsdotcom_datagrabber
    title = soup.findAll('title')[0].get_text().strip() #title format = used/new, make, model, trim, "for sale", price
IndexError: list index out of range
2023-07-30 08:03:55,345 - DEBUG - Starting new HTTP connection (1): us-ca.proxymesh.com:31280
2023-07-30 08:04:07,707 - DEBUG - http://us-ca.proxymesh.com:31280 "GET http://cars.com///vehicledetail/78454f89-966c-489c-b85f-0521a583972e/ HTTP/1.1" 402 None
2023-07-30 08:04:07,867 - ERROR - list index out of range
Traceback (most recent call last):
  File "/Users/jonathanduberman/maverick_price_tool/maverick_price_scraper.py", line 112, in carsdotcom_datagrabber
    title = soup.findAll('title')[0].get_text().strip() #title format = used/new, make, model, trim, "for sale", price
IndexError: list index out of range
2023-07-30 08:04:07,872 - DEBUG - Starting new HTTP connection (1): us-ca.proxymesh.com:31280
2023-07-30 08:04:10,951 - DEBUG - http://us-ca.proxymesh.com:31280 "GET http://cars.com///vehicledetail/04bf0dc1-aef5-4b45-8e68-b4ca4e3878cf/ HTTP/1.1" 402 None
2023-07-30 08:04:10,955 - ERROR - list index out of range
Traceback (most recent call last):
  File "/Users/jonathanduberman/maverick_price_tool/maverick_price_scraper.py", line 112, in carsdotcom_datagrabber
    title = soup.findAll('title')[0].get_text().strip() #title format = used/new, make, model, trim, "for sale", price
IndexError: list index out of range
2023-07-30 08:04:10,960 - DEBUG - Starting new HTTP connection (1): us-ca.proxymesh.com:31280
2023-07-30 08:04:16,026 - DEBUG - http://us-ca.proxymesh.com:31280 "GET http://cars.com///vehicledetail/ac1cf830-4395-44cc-b394-c2f9e35c7bda/ HTTP/1.1" 402 None
2023-07-30 08:04:16,030 - ERROR - list index out of range
Traceback (most recent call last):
  File "/Users/jonathanduberman/maverick_price_tool/maverick_price_scraper.py", line 112, in carsdotcom_datagrabber
    title = soup.findAll('title')[0].get_text().strip() #title format = used/new, make, model, trim, "for sale", price
IndexError: list index out of range
2023-07-30 08:04:16,034 - DEBUG - Starting new HTTP connection (1): us-ca.proxymesh.com:31280
2023-07-30 08:04:20,132 - DEBUG - http://us-ca.proxymesh.com:31280 "GET http://cars.com///vehicledetail/8e09c05c-5566-48e1-9ad0-82686bb8bc0a/ HTTP/1.1" 402 None
2023-07-30 08:04:20,140 - ERROR - list index out of range
Traceback (most recent call last):
  File "/Users/jonathanduberman/maverick_price_tool/maverick_price_scraper.py", line 112, in carsdotcom_datagrabber
    title = soup.findAll('title')[0].get_text().strip() #title format = used/new, make, model, trim, "for sale", price
IndexError: list index out of range
2023-07-30 08:04:20,146 - DEBUG - Starting new HTTP connection (1): us-ca.proxymesh.com:31280
2023-07-30 08:04:20,348 - DEBUG - http://us-ca.proxymesh.com:31280 "GET http://cars.com///vehicledetail/133ebd5b-9c08-4e78-9b78-a731d88a5763/ HTTP/1.1" 402 None
2023-07-30 08:04:20,349 - ERROR - list index out of range
Traceback (most recent call last):
  File "/Users/jonathanduberman/maverick_price_tool/maverick_price_scraper.py", line 112, in carsdotcom_datagrabber
    title = soup.findAll('title')[0].get_text().strip() #title format = used/new, make, model, trim, "for sale", price
IndexError: list index out of range
2023-07-30 08:04:20,353 - DEBUG - Starting new HTTP connection (1): us-ca.proxymesh.com:31280
2023-07-30 08:04:20,571 - DEBUG - http://us-ca.proxymesh.com:31280 "GET http://cars.com///vehicledetail/fa466076-58d6-4fdf-ac55-5b8e613f8270/ HTTP/1.1" 402 None
2023-07-30 08:04:20,573 - ERROR - list index out of range
Traceback (most recent call last):
  File "/Users/jonathanduberman/maverick_price_tool/maverick_price_scraper.py", line 112, in carsdotcom_datagrabber
    title = soup.findAll('title')[0].get_text().strip() #title format = used/new, make, model, trim, "for sale", price
IndexError: list index out of range
2023-07-30 08:04:20,578 - DEBUG - Starting new HTTP connection (1): us-ca.proxymesh.com:31280
2023-07-30 08:04:20,786 - DEBUG - http://us-ca.proxymesh.com:31280 "GET http://cars.com///vehicledetail/824d6777-5e62-4c84-a0a2-41973295962c/ HTTP/1.1" 402 None
2023-07-30 08:04:20,787 - ERROR - list index out of range
Traceback (most recent call last):
  File "/Users/jonathanduberman/maverick_price_tool/maverick_price_scraper.py", line 112, in carsdotcom_datagrabber
    title = soup.findAll('title')[0].get_text().strip() #title format = used/new, make, model, trim, "for sale", price
IndexError: list index out of range
2023-07-30 08:04:20,792 - DEBUG - Starting new HTTP connection (1): us-ca.proxymesh.com:31280
2023-07-30 08:04:20,983 - DEBUG - http://us-ca.proxymesh.com:31280 "GET http://cars.com///vehicledetail/016fb416-e88e-4d08-a7fc-fb95e12c038f/ HTTP/1.1" 402 None
2023-07-30 08:04:20,985 - ERROR - list index out of range
Traceback (most recent call last):
  File "/Users/jonathanduberman/maverick_price_tool/maverick_price_scraper.py", line 112, in carsdotcom_datagrabber
    title = soup.findAll('title')[0].get_text().strip() #title format = used/new, make, model, trim, "for sale", price
IndexError: list index out of range
2023-07-30 08:04:20,992 - INFO - Scraping complete.  All available data has been scraped.
