2023-05-17 08:00:06,945 - DEBUG - Starting new HTTPS connection (1): www.cars.com:443
2023-05-17 08:00:08,945 - DEBUG - https://www.cars.com:443 "GET /shopping/results/?dealer_id=&keyword=&list_price_max=&list_price_min=&makes%5B%5D=ford&maximum_distance=all&mileage_max=&models%5B%5D=ford-maverick&page=1&page_size=100&sort=distance&stock_type=used&year_max=&year_min=&zip=28533 HTTP/1.1" 200 None
2023-05-17 08:00:11,733 - DEBUG - Starting new HTTPS connection (1): www.cars.com:443
2023-05-17 08:00:13,655 - DEBUG - https://www.cars.com:443 "GET /shopping/results/?dealer_id=&keyword=&list_price_max=&list_price_min=&makes%5B%5D=ford&maximum_distance=all&mileage_max=&models%5B%5D=ford-maverick&page=1&page_size=100&sort=distance&stock_type=used&year_max=&year_min=&zip=28533 HTTP/1.1" 200 None
2023-05-17 08:00:17,856 - DEBUG - Starting new HTTPS connection (1): www.cars.com:443
2023-05-17 08:00:19,801 - DEBUG - https://www.cars.com:443 "GET /shopping/results/?dealer_id=&keyword=&list_price_max=&list_price_min=&makes%5B%5D=ford&maximum_distance=all&mileage_max=&models%5B%5D=ford-maverick&page=2&page_size=100&sort=distance&stock_type=used&year_max=&year_min=&zip=28533 HTTP/1.1" 200 None
2023-05-17 08:00:24,383 - DEBUG - Starting new HTTPS connection (1): www.cars.com:443
2023-05-17 08:00:25,699 - DEBUG - https://www.cars.com:443 "GET /shopping/results/?dealer_id=&keyword=&list_price_max=&list_price_min=&makes%5B%5D=ford&maximum_distance=all&mileage_max=&models%5B%5D=ford-maverick&page=3&page_size=100&sort=distance&stock_type=used&year_max=&year_min=&zip=28533 HTTP/1.1" 200 None
2023-05-17 08:00:29,956 - DEBUG - Starting new HTTPS connection (1): www.cars.com:443
2023-05-17 08:00:32,294 - DEBUG - https://www.cars.com:443 "GET /shopping/results/?dealer_id=&keyword=&list_price_max=&list_price_min=&makes%5B%5D=ford&maximum_distance=all&mileage_max=&models%5B%5D=ford-maverick&page=4&page_size=100&sort=distance&stock_type=used&year_max=&year_min=&zip=28533 HTTP/1.1" 200 None
2023-05-17 08:00:37,405 - DEBUG - Starting new HTTPS connection (1): www.cars.com:443
2023-05-17 08:00:38,748 - DEBUG - https://www.cars.com:443 "GET /shopping/results/?dealer_id=&keyword=&list_price_max=&list_price_min=&makes%5B%5D=ford&maximum_distance=all&mileage_max=&models%5B%5D=ford-maverick&page=5&page_size=100&sort=distance&stock_type=used&year_max=&year_min=&zip=28533 HTTP/1.1" 200 None
2023-05-17 08:00:42,973 - DEBUG - Starting new HTTPS connection (1): www.cars.com:443
2023-05-17 08:00:44,318 - DEBUG - https://www.cars.com:443 "GET /shopping/results/?dealer_id=&keyword=&list_price_max=&list_price_min=&makes%5B%5D=ford&maximum_distance=all&mileage_max=&models%5B%5D=ford-maverick&page=6&page_size=100&sort=distance&stock_type=used&year_max=&year_min=&zip=28533 HTTP/1.1" 200 None
2023-05-17 08:00:48,584 - DEBUG - Starting new HTTPS connection (1): www.cars.com:443
2023-05-17 08:00:49,811 - DEBUG - https://www.cars.com:443 "GET /shopping/results/?dealer_id=&keyword=&list_price_max=&list_price_min=&makes%5B%5D=ford&maximum_distance=all&mileage_max=&models%5B%5D=ford-maverick&page=7&page_size=100&sort=distance&stock_type=used&year_max=&year_min=&zip=28533 HTTP/1.1" 200 None
2023-05-17 08:00:53,578 - DEBUG - Starting new HTTPS connection (1): www.cars.com:443
2023-05-17 08:00:54,482 - DEBUG - https://www.cars.com:443 "GET /shopping/results/?dealer_id=&keyword=&list_price_max=&list_price_min=&makes%5B%5D=ford&maximum_distance=all&mileage_max=&models%5B%5D=ford-maverick&page=8&page_size=100&sort=distance&stock_type=used&year_max=&year_min=&zip=28533 HTTP/1.1" 200 None
2023-05-17 08:00:57,611 - DEBUG - Starting new HTTP connection (1): us-ca.proxymesh.com:31280
2023-05-17 08:00:58,135 - DEBUG - http://us-ca.proxymesh.com:31280 "GET http://cars.com///vehicledetail/a9480f4c-2254-45a2-8897-01e97065a8d5/ HTTP/1.1" 301 0
2023-05-17 08:00:58,141 - DEBUG - Starting new HTTPS connection (1): www.cars.com:443
2023-05-17 08:00:58,713 - DEBUG - https://www.cars.com:443 "GET ///vehicledetail/a9480f4c-2254-45a2-8897-01e97065a8d5/ HTTP/1.1" 200 None
2023-05-17 08:00:59,027 - DEBUG - title : Used 2023 Ford Maverick XLT For Sale $38,988 | Cars.com iteration: 0
2023-05-17 08:00:59,028 - INFO - URL: http://cars.com///vehicledetail/a9480f4c-2254-45a2-8897-01e97065a8d5/
2023-05-17 08:00:59,050 - DEBUG - Iteration Number: 0 successful
2023-05-17 08:01:03,204 - DEBUG - Starting new HTTP connection (1): us-ca.proxymesh.com:31280
2023-05-17 08:01:03,578 - DEBUG - http://us-ca.proxymesh.com:31280 "GET http://cars.com///vehicledetail/14f4b02c-dd3b-48ef-8109-76b9a4cb3c0b/ HTTP/1.1" 301 0
2023-05-17 08:01:03,584 - DEBUG - Starting new HTTPS connection (1): www.cars.com:443
2023-05-17 08:01:04,242 - DEBUG - https://www.cars.com:443 "GET ///vehicledetail/14f4b02c-dd3b-48ef-8109-76b9a4cb3c0b/ HTTP/1.1" 200 None
2023-05-17 08:01:04,555 - DEBUG - title : Used 2023 Ford Maverick Lariat For Sale $40,873 | Cars.com iteration: 1
2023-05-17 08:01:04,555 - INFO - URL: http://cars.com///vehicledetail/14f4b02c-dd3b-48ef-8109-76b9a4cb3c0b/
2023-05-17 08:01:04,578 - DEBUG - Iteration Number: 1 successful
2023-05-17 08:01:07,731 - DEBUG - Starting new HTTP connection (1): us-ca.proxymesh.com:31280
2023-05-17 08:01:08,441 - DEBUG - http://us-ca.proxymesh.com:31280 "GET http://cars.com///vehicledetail/7e510483-275e-43e7-888a-5df3ec961137/ HTTP/1.1" 301 0
2023-05-17 08:01:08,488 - DEBUG - Starting new HTTPS connection (1): www.cars.com:443
2023-05-17 08:01:09,158 - DEBUG - https://www.cars.com:443 "GET ///vehicledetail/7e510483-275e-43e7-888a-5df3ec961137/ HTTP/1.1" 200 None
2023-05-17 08:01:09,566 - DEBUG - title : Used 2022 Ford Maverick XL For Sale $34,091 | Cars.com iteration: 2
2023-05-17 08:01:09,566 - INFO - URL: http://cars.com///vehicledetail/7e510483-275e-43e7-888a-5df3ec961137/
2023-05-17 08:01:09,591 - DEBUG - Iteration Number: 2 successful
2023-05-17 08:01:11,741 - DEBUG - Starting new HTTP connection (1): us-ca.proxymesh.com:31280
2023-05-17 08:01:12,066 - DEBUG - http://us-ca.proxymesh.com:31280 "GET http://cars.com///vehicledetail/5ff372f4-b416-4320-9946-41b439ba524c/ HTTP/1.1" 301 0
2023-05-17 08:01:12,073 - DEBUG - Starting new HTTPS connection (1): www.cars.com:443
2023-05-17 08:01:12,640 - DEBUG - https://www.cars.com:443 "GET ///vehicledetail/5ff372f4-b416-4320-9946-41b439ba524c/ HTTP/1.1" 200 None
2023-05-17 08:01:13,033 - DEBUG - title : Used 2022 Ford Maverick XLT For Sale $35,497 | Cars.com iteration: 3
2023-05-17 08:01:13,033 - INFO - URL: http://cars.com///vehicledetail/5ff372f4-b416-4320-9946-41b439ba524c/
2023-05-17 08:01:13,050 - DEBUG - Iteration Number: 3 successful
2023-05-17 08:01:15,199 - DEBUG - Starting new HTTP connection (1): us-ca.proxymesh.com:31280
2023-05-17 08:01:15,519 - DEBUG - http://us-ca.proxymesh.com:31280 "GET http://cars.com///vehicledetail/30bf4838-5e2e-461b-b54d-b4d23d18edc7/ HTTP/1.1" 301 0
2023-05-17 08:01:15,524 - DEBUG - Starting new HTTPS connection (1): www.cars.com:443
2023-05-17 08:01:16,122 - DEBUG - https://www.cars.com:443 "GET ///vehicledetail/30bf4838-5e2e-461b-b54d-b4d23d18edc7/ HTTP/1.1" 200 None
2023-05-17 08:01:16,420 - DEBUG - title : Used 2022 Ford Maverick XLT For Sale $35,438 | Cars.com iteration: 4
2023-05-17 08:01:16,420 - INFO - URL: http://cars.com///vehicledetail/30bf4838-5e2e-461b-b54d-b4d23d18edc7/
2023-05-17 08:01:16,437 - DEBUG - Iteration Number: 4 successful
2023-05-17 08:01:19,571 - DEBUG - Starting new HTTP connection (1): us-ca.proxymesh.com:31280
2023-05-17 08:01:19,923 - DEBUG - http://us-ca.proxymesh.com:31280 "GET http://cars.com///vehicledetail/78362f7e-73bb-48d0-8715-690a6f5d8df5/ HTTP/1.1" 301 0
2023-05-17 08:01:19,929 - DEBUG - Starting new HTTPS connection (1): www.cars.com:443
2023-05-17 08:01:20,403 - DEBUG - https://www.cars.com:443 "GET ///vehicledetail/78362f7e-73bb-48d0-8715-690a6f5d8df5/ HTTP/1.1" 200 None
2023-05-17 08:01:20,689 - DEBUG - title : Used 2022 Ford Maverick Lariat For Sale $38,989 | Cars.com iteration: 5
2023-05-17 08:01:20,689 - INFO - URL: http://cars.com///vehicledetail/78362f7e-73bb-48d0-8715-690a6f5d8df5/
2023-05-17 08:01:20,706 - DEBUG - Iteration Number: 5 successful
2023-05-17 08:01:25,859 - DEBUG - Starting new HTTP connection (1): us-ca.proxymesh.com:31280
2023-05-17 08:01:26,137 - DEBUG - http://us-ca.proxymesh.com:31280 "GET http://cars.com///vehicledetail/3de17eb8-c2a0-49af-9095-6c7450d15576/ HTTP/1.1" 301 0
2023-05-17 08:01:26,143 - DEBUG - Starting new HTTPS connection (1): www.cars.com:443
2023-05-17 08:01:26,567 - DEBUG - https://www.cars.com:443 "GET ///vehicledetail/3de17eb8-c2a0-49af-9095-6c7450d15576/ HTTP/1.1" 200 None
2023-05-17 08:01:26,818 - DEBUG - title : Used 2023 Ford Maverick XL For Sale $35,998 | Cars.com iteration: 6
2023-05-17 08:01:26,818 - INFO - URL: http://cars.com///vehicledetail/3de17eb8-c2a0-49af-9095-6c7450d15576/
2023-05-17 08:01:26,834 - DEBUG - Iteration Number: 6 successful
2023-05-17 08:01:28,983 - DEBUG - Starting new HTTP connection (1): us-ca.proxymesh.com:31280
2023-05-17 08:01:29,306 - DEBUG - http://us-ca.proxymesh.com:31280 "GET http://cars.com///vehicledetail/c270f88c-0910-4f33-ba85-a0d4d796e180/ HTTP/1.1" 301 0
2023-05-17 08:01:29,312 - DEBUG - Starting new HTTPS connection (1): www.cars.com:443
2023-05-17 08:01:29,843 - DEBUG - https://www.cars.com:443 "GET ///vehicledetail/c270f88c-0910-4f33-ba85-a0d4d796e180/ HTTP/1.1" 200 None
2023-05-17 08:01:30,165 - DEBUG - title : Used 2022 Ford Maverick Lariat For Sale $34,780 | Cars.com iteration: 7
2023-05-17 08:01:30,165 - INFO - URL: http://cars.com///vehicledetail/c270f88c-0910-4f33-ba85-a0d4d796e180/
2023-05-17 08:01:30,251 - DEBUG - Iteration Number: 7 successful
2023-05-17 08:01:32,405 - DEBUG - Starting new HTTP connection (1): us-ca.proxymesh.com:31280
2023-05-17 08:01:32,679 - DEBUG - http://us-ca.proxymesh.com:31280 "GET http://cars.com///vehicledetail/a709c00e-71dc-4e9a-857c-bb4203358b0b/ HTTP/1.1" 301 0
2023-05-17 08:01:32,686 - DEBUG - Starting new HTTPS connection (1): www.cars.com:443
2023-05-17 08:01:33,325 - DEBUG - https://www.cars.com:443 "GET ///vehicledetail/a709c00e-71dc-4e9a-857c-bb4203358b0b/ HTTP/1.1" 200 None
2023-05-17 08:01:33,603 - DEBUG - title : Used 2023 Ford Maverick XLT For Sale $36,905 | Cars.com iteration: 8
2023-05-17 08:01:33,603 - INFO - URL: http://cars.com///vehicledetail/a709c00e-71dc-4e9a-857c-bb4203358b0b/
2023-05-17 08:01:33,620 - DEBUG - Iteration Number: 8 successful
2023-05-17 08:01:35,773 - DEBUG - Starting new HTTP connection (1): us-ca.proxymesh.com:31280
2023-05-17 08:01:36,034 - DEBUG - http://us-ca.proxymesh.com:31280 "GET http://cars.com///vehicledetail/6efb493d-3bd4-4c9f-b5e5-23408b26c318/ HTTP/1.1" 301 0
2023-05-17 08:01:36,076 - DEBUG - Starting new HTTPS connection (1): www.cars.com:443
2023-05-17 08:01:36,600 - DEBUG - https://www.cars.com:443 "GET ///vehicledetail/6efb493d-3bd4-4c9f-b5e5-23408b26c318/ HTTP/1.1" 200 None
2023-05-17 08:01:36,871 - DEBUG - title : Used 2023 Ford Maverick XLT For Sale $37,773 | Cars.com iteration: 9
2023-05-17 08:01:36,872 - INFO - URL: http://cars.com///vehicledetail/6efb493d-3bd4-4c9f-b5e5-23408b26c318/
2023-05-17 08:01:36,888 - DEBUG - Iteration Number: 9 successful
2023-05-17 08:01:41,035 - DEBUG - Starting new HTTP connection (1): us-ca.proxymesh.com:31280
2023-05-17 08:01:41,333 - DEBUG - http://us-ca.proxymesh.com:31280 "GET http://cars.com///vehicledetail/3585407a-c02c-469e-bb08-0a930b245666/ HTTP/1.1" 301 0
2023-05-17 08:01:41,340 - DEBUG - Starting new HTTPS connection (1): www.cars.com:443
2023-05-17 08:01:41,927 - DEBUG - https://www.cars.com:443 "GET ///vehicledetail/3585407a-c02c-469e-bb08-0a930b245666/ HTTP/1.1" 200 None
2023-05-17 08:01:42,307 - DEBUG - title : Used 2022 Ford Maverick XLT For Sale $34,737 | Cars.com iteration: 10
2023-05-17 08:01:42,307 - INFO - URL: http://cars.com///vehicledetail/3585407a-c02c-469e-bb08-0a930b245666/
2023-05-17 08:01:42,329 - DEBUG - Iteration Number: 10 successful
2023-05-17 08:01:45,452 - DEBUG - Starting new HTTP connection (1): us-ca.proxymesh.com:31280
2023-05-17 08:01:45,731 - DEBUG - http://us-ca.proxymesh.com:31280 "GET http://cars.com///vehicledetail/a6668fee-cac9-45b3-9882-da1b9767c223/ HTTP/1.1" 301 0
2023-05-17 08:01:45,737 - DEBUG - Starting new HTTPS connection (1): www.cars.com:443
2023-05-17 08:01:46,330 - DEBUG - https://www.cars.com:443 "GET ///vehicledetail/a6668fee-cac9-45b3-9882-da1b9767c223/ HTTP/1.1" 200 None
2023-05-17 08:01:46,712 - DEBUG - title : Used 2022 Ford Maverick XLT For Sale $36,530 | Cars.com iteration: 11
2023-05-17 08:01:46,712 - INFO - URL: http://cars.com///vehicledetail/a6668fee-cac9-45b3-9882-da1b9767c223/
2023-05-17 08:01:46,734 - DEBUG - Iteration Number: 11 successful
2023-05-17 08:01:50,814 - DEBUG - Starting new HTTP connection (1): us-ca.proxymesh.com:31280
2023-05-17 08:01:51,123 - DEBUG - http://us-ca.proxymesh.com:31280 "GET http://cars.com///vehicledetail/13a04ed6-409d-4917-8f12-eac4df65d490/ HTTP/1.1" 301 0
2023-05-17 08:01:51,129 - DEBUG - Starting new HTTPS connection (1): www.cars.com:443
2023-05-17 08:01:51,652 - DEBUG - https://www.cars.com:443 "GET ///vehicledetail/13a04ed6-409d-4917-8f12-eac4df65d490/ HTTP/1.1" 200 None
2023-05-17 08:01:52,115 - DEBUG - title : Used 2022 Ford Maverick XL For Sale $30,415 | Cars.com iteration: 12
2023-05-17 08:01:52,115 - INFO - URL: http://cars.com///vehicledetail/13a04ed6-409d-4917-8f12-eac4df65d490/
2023-05-17 08:01:52,139 - DEBUG - Iteration Number: 12 successful
2023-05-17 08:01:54,291 - DEBUG - Starting new HTTP connection (1): us-ca.proxymesh.com:31280
2023-05-17 08:01:54,562 - DEBUG - http://us-ca.proxymesh.com:31280 "GET http://cars.com///vehicledetail/76df3680-c2fc-4d73-b3a8-0b8a47b989e3/ HTTP/1.1" 301 0
2023-05-17 08:01:54,569 - DEBUG - Starting new HTTPS connection (1): www.cars.com:443
2023-05-17 08:01:55,136 - DEBUG - https://www.cars.com:443 "GET ///vehicledetail/76df3680-c2fc-4d73-b3a8-0b8a47b989e3/ HTTP/1.1" 200 None
2023-05-17 08:01:55,426 - DEBUG - title : Used 2022 Ford Maverick XLT For Sale $36,604 | Cars.com iteration: 13
2023-05-17 08:01:55,426 - INFO - URL: http://cars.com///vehicledetail/76df3680-c2fc-4d73-b3a8-0b8a47b989e3/
2023-05-17 08:01:55,445 - DEBUG - Iteration Number: 13 successful
2023-05-17 08:01:57,598 - DEBUG - Starting new HTTP connection (1): us-ca.proxymesh.com:31280
2023-05-17 08:01:57,920 - DEBUG - http://us-ca.proxymesh.com:31280 "GET http://cars.com///vehicledetail/72c29ae0-5916-49a2-b2e5-9bf76b923471/ HTTP/1.1" 301 0
2023-05-17 08:01:57,927 - DEBUG - Starting new HTTPS connection (1): www.cars.com:443
2023-05-17 08:01:58,413 - DEBUG - https://www.cars.com:443 "GET ///vehicledetail/72c29ae0-5916-49a2-b2e5-9bf76b923471/ HTTP/1.1" 200 None
2023-05-17 08:01:58,715 - DEBUG - title : Used 2022 Ford Maverick XLT For Sale $35,998 | Cars.com iteration: 14
2023-05-17 08:01:58,715 - INFO - URL: http://cars.com///vehicledetail/72c29ae0-5916-49a2-b2e5-9bf76b923471/
2023-05-17 08:01:58,736 - DEBUG - Iteration Number: 14 successful
2023-05-17 08:02:01,849 - DEBUG - Starting new HTTP connection (1): us-ca.proxymesh.com:31280
2023-05-17 08:02:02,146 - DEBUG - http://us-ca.proxymesh.com:31280 "GET http://cars.com///vehicledetail/71badabe-b5d2-4708-97d2-9630c9156738/ HTTP/1.1" 301 0
2023-05-17 08:02:02,194 - DEBUG - Starting new HTTPS connection (1): www.cars.com:443
2023-05-17 08:02:02,715 - DEBUG - https://www.cars.com:443 "GET ///vehicledetail/71badabe-b5d2-4708-97d2-9630c9156738/ HTTP/1.1" 200 None
2023-05-17 08:02:03,081 - DEBUG - title : Used 2022 Ford Maverick Lariat For Sale $38,996 | Cars.com iteration: 15
2023-05-17 08:02:03,081 - INFO - URL: http://cars.com///vehicledetail/71badabe-b5d2-4708-97d2-9630c9156738/
2023-05-17 08:02:03,104 - DEBUG - Iteration Number: 15 successful
2023-05-17 08:02:05,224 - DEBUG - Starting new HTTP connection (1): us-ca.proxymesh.com:31280
2023-05-17 08:02:05,545 - DEBUG - http://us-ca.proxymesh.com:31280 "GET http://cars.com///vehicledetail/48dd2e03-d461-4d12-820e-75e84ca9c35a/ HTTP/1.1" 301 0
2023-05-17 08:02:05,551 - DEBUG - Starting new HTTPS connection (1): www.cars.com:443
2023-05-17 08:02:06,606 - DEBUG - https://www.cars.com:443 "GET ///vehicledetail/48dd2e03-d461-4d12-820e-75e84ca9c35a/ HTTP/1.1" 200 None
2023-05-17 08:02:06,998 - DEBUG - title : Used 2023 Ford Maverick XLT For Sale $36,900 | Cars.com iteration: 16
2023-05-17 08:02:06,999 - INFO - URL: http://cars.com///vehicledetail/48dd2e03-d461-4d12-820e-75e84ca9c35a/
2023-05-17 08:02:07,018 - DEBUG - Iteration Number: 16 successful
2023-05-17 08:02:09,021 - DEBUG - Starting new HTTP connection (1): us-ca.proxymesh.com:31280
2023-05-17 08:02:09,299 - DEBUG - http://us-ca.proxymesh.com:31280 "GET http://cars.com///vehicledetail/b7d963ad-4b83-4a8d-8a74-0a821dcfa9a0/ HTTP/1.1" 301 0
2023-05-17 08:02:09,305 - DEBUG - Starting new HTTPS connection (1): www.cars.com:443
2023-05-17 08:02:09,777 - DEBUG - https://www.cars.com:443 "GET ///vehicledetail/b7d963ad-4b83-4a8d-8a74-0a821dcfa9a0/ HTTP/1.1" 200 None
2023-05-17 08:02:09,985 - DEBUG - title : Certified 2022 Ford Maverick XLT For Sale $34,812 | Cars.com iteration: 17
2023-05-17 08:02:09,985 - INFO - URL: http://cars.com///vehicledetail/b7d963ad-4b83-4a8d-8a74-0a821dcfa9a0/
2023-05-17 08:02:09,999 - DEBUG - Iteration Number: 17 successful
2023-05-17 08:02:13,004 - DEBUG - Starting new HTTP connection (1): us-ca.proxymesh.com:31280
2023-05-17 08:02:13,324 - DEBUG - http://us-ca.proxymesh.com:31280 "GET http://cars.com///vehicledetail/adb7fd18-f3ca-4698-9a9b-d43f6cd43c0c/ HTTP/1.1" 301 0
2023-05-17 08:02:13,330 - DEBUG - Starting new HTTPS connection (1): www.cars.com:443
2023-05-17 08:02:13,979 - DEBUG - https://www.cars.com:443 "GET ///vehicledetail/adb7fd18-f3ca-4698-9a9b-d43f6cd43c0c/ HTTP/1.1" 200 None
2023-05-17 08:02:14,597 - DEBUG - title : Used 2022 Ford Maverick XL For Sale $36,899 | Cars.com iteration: 18
2023-05-17 08:02:14,597 - INFO - URL: http://cars.com///vehicledetail/adb7fd18-f3ca-4698-9a9b-d43f6cd43c0c/
2023-05-17 08:02:14,616 - DEBUG - Iteration Number: 18 successful
2023-05-17 08:02:16,689 - DEBUG - Starting new HTTP connection (1): us-ca.proxymesh.com:31280
2023-05-17 08:02:16,968 - DEBUG - http://us-ca.proxymesh.com:31280 "GET http://cars.com///vehicledetail/caae00d1-5491-473a-8293-be67b1f118a4/ HTTP/1.1" 301 0
2023-05-17 08:02:17,014 - DEBUG - Starting new HTTPS connection (1): www.cars.com:443
2023-05-17 08:02:17,563 - DEBUG - https://www.cars.com:443 "GET ///vehicledetail/caae00d1-5491-473a-8293-be67b1f118a4/ HTTP/1.1" 200 None
2023-05-17 08:02:17,856 - DEBUG - title : Certified 2022 Ford Maverick XLT For Sale $38,968 | Cars.com iteration: 19
2023-05-17 08:02:17,856 - INFO - URL: http://cars.com///vehicledetail/caae00d1-5491-473a-8293-be67b1f118a4/
2023-05-17 08:02:17,874 - DEBUG - Iteration Number: 19 successful
2023-05-17 08:02:22,930 - DEBUG - Starting new HTTP connection (1): us-ca.proxymesh.com:31280
2023-05-17 08:02:23,250 - DEBUG - http://us-ca.proxymesh.com:31280 "GET http://cars.com///vehicledetail/ca6f2239-c240-47d7-a09d-b0648196e41d/ HTTP/1.1" 301 0
2023-05-17 08:02:23,255 - DEBUG - Starting new HTTPS connection (1): www.cars.com:443
2023-05-17 08:02:23,929 - DEBUG - https://www.cars.com:443 "GET ///vehicledetail/ca6f2239-c240-47d7-a09d-b0648196e41d/ HTTP/1.1" 200 None
2023-05-17 08:02:24,405 - DEBUG - title : Used 2022 Ford Maverick Lariat For Sale $39,629 | Cars.com iteration: 20
2023-05-17 08:02:24,406 - INFO - URL: http://cars.com///vehicledetail/ca6f2239-c240-47d7-a09d-b0648196e41d/
2023-05-17 08:02:24,430 - DEBUG - Iteration Number: 20 successful
2023-05-17 08:02:26,506 - DEBUG - Starting new HTTP connection (1): us-ca.proxymesh.com:31280
2023-05-17 08:02:26,921 - DEBUG - http://us-ca.proxymesh.com:31280 "GET http://cars.com///vehicledetail/ace703ab-6aeb-40a4-bb71-3f0ec85bde4e/ HTTP/1.1" 301 0
2023-05-17 08:02:26,927 - DEBUG - Starting new HTTPS connection (1): www.cars.com:443
2023-05-17 08:02:27,682 - DEBUG - https://www.cars.com:443 "GET ///vehicledetail/ace703ab-6aeb-40a4-bb71-3f0ec85bde4e/ HTTP/1.1" 200 None
2023-05-17 08:02:28,077 - DEBUG - title : Used 2023 Ford Maverick XLT For Sale $36,789 | Cars.com iteration: 21
2023-05-17 08:02:28,077 - INFO - URL: http://cars.com///vehicledetail/ace703ab-6aeb-40a4-bb71-3f0ec85bde4e/
2023-05-17 08:02:28,102 - DEBUG - Iteration Number: 21 successful
2023-05-17 08:02:30,157 - DEBUG - Starting new HTTP connection (1): us-ca.proxymesh.com:31280
