2023-07-27 08:00:03,463 - DEBUG - Starting new HTTPS connection (1): www.cars.com:443
2023-07-27 08:00:04,586 - DEBUG - https://www.cars.com:443 "GET /shopping/results/?dealer_id=&keyword=&list_price_max=&list_price_min=&makes%5B%5D=ford&maximum_distance=all&mileage_max=&models%5B%5D=ford-maverick&page=1&page_size=100&sort=distance&stock_type=used&year_max=&year_min=&zip=28533 HTTP/1.1" 200 None
2023-07-27 08:00:05,877 - DEBUG - Starting new HTTPS connection (1): www.cars.com:443
2023-07-27 08:00:07,045 - DEBUG - https://www.cars.com:443 "GET /shopping/results/?dealer_id=&keyword=&list_price_max=&list_price_min=&makes%5B%5D=ford&maximum_distance=all&mileage_max=&models%5B%5D=ford-maverick&page=1&page_size=100&sort=distance&stock_type=used&year_max=&year_min=&zip=28533 HTTP/1.1" 200 None
2023-07-27 08:00:10,538 - DEBUG - Starting new HTTP connection (1): us-ca.proxymesh.com:31280
2023-07-27 08:00:10,892 - DEBUG - http://us-ca.proxymesh.com:31280 "GET http://cars.com///vehicledetail/b8fd4acc-cc97-4f5a-ac15-10a6f84c937e/ HTTP/1.1" 402 None
2023-07-27 08:00:10,898 - ERROR - list index out of range
Traceback (most recent call last):
  File "/Users/jonathanduberman/maverick_price_tool/maverick_price_scraper.py", line 112, in carsdotcom_datagrabber
    title = soup.findAll('title')[0].get_text().strip() #title format = used/new, make, model, trim, "for sale", price
IndexError: list index out of range
2023-07-27 08:00:10,903 - DEBUG - Starting new HTTP connection (1): us-ca.proxymesh.com:31280
2023-07-27 08:00:11,104 - DEBUG - http://us-ca.proxymesh.com:31280 "GET http://cars.com///vehicledetail/f6456d55-9dc9-4fcd-8cfa-0d2b5639d605/ HTTP/1.1" 402 None
2023-07-27 08:00:11,106 - ERROR - list index out of range
Traceback (most recent call last):
  File "/Users/jonathanduberman/maverick_price_tool/maverick_price_scraper.py", line 112, in carsdotcom_datagrabber
    title = soup.findAll('title')[0].get_text().strip() #title format = used/new, make, model, trim, "for sale", price
IndexError: list index out of range
2023-07-27 08:00:11,110 - DEBUG - Starting new HTTP connection (1): us-ca.proxymesh.com:31280
2023-07-27 08:00:11,347 - DEBUG - http://us-ca.proxymesh.com:31280 "GET http://cars.com///vehicledetail/30aa460d-7275-48e4-bdec-a9da6f564631/ HTTP/1.1" 402 None
2023-07-27 08:00:11,349 - ERROR - list index out of range
Traceback (most recent call last):
  File "/Users/jonathanduberman/maverick_price_tool/maverick_price_scraper.py", line 112, in carsdotcom_datagrabber
    title = soup.findAll('title')[0].get_text().strip() #title format = used/new, make, model, trim, "for sale", price
IndexError: list index out of range
2023-07-27 08:00:11,353 - DEBUG - Starting new HTTP connection (1): us-ca.proxymesh.com:31280
2023-07-27 08:00:11,594 - DEBUG - http://us-ca.proxymesh.com:31280 "GET http://cars.com///vehicledetail/1d6f012f-799e-42d1-8b04-44ee5144d90d/ HTTP/1.1" 402 None
2023-07-27 08:00:11,596 - ERROR - list index out of range
Traceback (most recent call last):
  File "/Users/jonathanduberman/maverick_price_tool/maverick_price_scraper.py", line 112, in carsdotcom_datagrabber
    title = soup.findAll('title')[0].get_text().strip() #title format = used/new, make, model, trim, "for sale", price
IndexError: list index out of range
2023-07-27 08:00:11,600 - DEBUG - Starting new HTTP connection (1): us-ca.proxymesh.com:31280
2023-07-27 08:00:11,803 - DEBUG - http://us-ca.proxymesh.com:31280 "GET http://cars.com///vehicledetail/4a829fbf-a2e7-44de-a223-5f3aa9c2b74c/ HTTP/1.1" 402 None
2023-07-27 08:00:11,805 - ERROR - list index out of range
Traceback (most recent call last):
  File "/Users/jonathanduberman/maverick_price_tool/maverick_price_scraper.py", line 112, in carsdotcom_datagrabber
    title = soup.findAll('title')[0].get_text().strip() #title format = used/new, make, model, trim, "for sale", price
IndexError: list index out of range
2023-07-27 08:00:11,809 - DEBUG - Starting new HTTP connection (1): us-ca.proxymesh.com:31280
2023-07-27 08:00:12,016 - DEBUG - http://us-ca.proxymesh.com:31280 "GET http://cars.com///vehicledetail/56a144e7-a837-40a4-95da-b8cf40519bea/ HTTP/1.1" 402 None
2023-07-27 08:00:12,018 - ERROR - list index out of range
Traceback (most recent call last):
  File "/Users/jonathanduberman/maverick_price_tool/maverick_price_scraper.py", line 112, in carsdotcom_datagrabber
    title = soup.findAll('title')[0].get_text().strip() #title format = used/new, make, model, trim, "for sale", price
IndexError: list index out of range
2023-07-27 08:00:12,022 - DEBUG - Starting new HTTP connection (1): us-ca.proxymesh.com:31280
2023-07-27 08:00:12,218 - DEBUG - http://us-ca.proxymesh.com:31280 "GET http://cars.com///vehicledetail/71161492-0363-4581-bb53-d7c8594658a4/ HTTP/1.1" 402 None
2023-07-27 08:00:12,224 - ERROR - list index out of range
Traceback (most recent call last):
  File "/Users/jonathanduberman/maverick_price_tool/maverick_price_scraper.py", line 112, in carsdotcom_datagrabber
    title = soup.findAll('title')[0].get_text().strip() #title format = used/new, make, model, trim, "for sale", price
IndexError: list index out of range
2023-07-27 08:00:12,228 - DEBUG - Starting new HTTP connection (1): us-ca.proxymesh.com:31280
2023-07-27 08:00:12,460 - DEBUG - http://us-ca.proxymesh.com:31280 "GET http://cars.com///vehicledetail/5ff372f4-b416-4320-9946-41b439ba524c/ HTTP/1.1" 402 None
2023-07-27 08:00:12,462 - ERROR - list index out of range
Traceback (most recent call last):
  File "/Users/jonathanduberman/maverick_price_tool/maverick_price_scraper.py", line 112, in carsdotcom_datagrabber
    title = soup.findAll('title')[0].get_text().strip() #title format = used/new, make, model, trim, "for sale", price
IndexError: list index out of range
2023-07-27 08:00:12,466 - DEBUG - Starting new HTTP connection (1): us-ca.proxymesh.com:31280
2023-07-27 08:00:12,677 - DEBUG - http://us-ca.proxymesh.com:31280 "GET http://cars.com///vehicledetail/78fd21f8-8d85-4840-b6ba-a12277a74394/ HTTP/1.1" 402 None
2023-07-27 08:00:12,679 - ERROR - list index out of range
Traceback (most recent call last):
  File "/Users/jonathanduberman/maverick_price_tool/maverick_price_scraper.py", line 112, in carsdotcom_datagrabber
    title = soup.findAll('title')[0].get_text().strip() #title format = used/new, make, model, trim, "for sale", price
IndexError: list index out of range
2023-07-27 08:00:12,683 - DEBUG - Starting new HTTP connection (1): us-ca.proxymesh.com:31280
2023-07-27 08:00:12,881 - DEBUG - http://us-ca.proxymesh.com:31280 "GET http://cars.com///vehicledetail/fa55873e-8819-4fb0-8a08-f000fac6e827/ HTTP/1.1" 402 None
2023-07-27 08:00:12,883 - ERROR - list index out of range
Traceback (most recent call last):
  File "/Users/jonathanduberman/maverick_price_tool/maverick_price_scraper.py", line 112, in carsdotcom_datagrabber
    title = soup.findAll('title')[0].get_text().strip() #title format = used/new, make, model, trim, "for sale", price
IndexError: list index out of range
2023-07-27 08:00:12,887 - DEBUG - Starting new HTTP connection (1): us-ca.proxymesh.com:31280
2023-07-27 08:00:13,086 - DEBUG - http://us-ca.proxymesh.com:31280 "GET http://cars.com///vehicledetail/9da5b7ad-ebe5-4519-88fa-62b2ac202fc2/ HTTP/1.1" 402 None
2023-07-27 08:00:13,088 - ERROR - list index out of range
Traceback (most recent call last):
  File "/Users/jonathanduberman/maverick_price_tool/maverick_price_scraper.py", line 112, in carsdotcom_datagrabber
    title = soup.findAll('title')[0].get_text().strip() #title format = used/new, make, model, trim, "for sale", price
IndexError: list index out of range
2023-07-27 08:00:13,092 - DEBUG - Starting new HTTP connection (1): us-ca.proxymesh.com:31280
2023-07-27 08:00:13,335 - DEBUG - http://us-ca.proxymesh.com:31280 "GET http://cars.com///vehicledetail/15512ed6-09d6-4fd6-96eb-bd2d76ef92f1/ HTTP/1.1" 402 None
2023-07-27 08:00:13,337 - ERROR - list index out of range
Traceback (most recent call last):
  File "/Users/jonathanduberman/maverick_price_tool/maverick_price_scraper.py", line 112, in carsdotcom_datagrabber
    title = soup.findAll('title')[0].get_text().strip() #title format = used/new, make, model, trim, "for sale", price
IndexError: list index out of range
2023-07-27 08:00:13,342 - DEBUG - Starting new HTTP connection (1): us-ca.proxymesh.com:31280
2023-07-27 08:00:13,552 - DEBUG - http://us-ca.proxymesh.com:31280 "GET http://cars.com///vehicledetail/03b06eed-72df-4d99-99a0-55598431e4b5/ HTTP/1.1" 402 None
2023-07-27 08:00:13,555 - ERROR - list index out of range
Traceback (most recent call last):
  File "/Users/jonathanduberman/maverick_price_tool/maverick_price_scraper.py", line 112, in carsdotcom_datagrabber
    title = soup.findAll('title')[0].get_text().strip() #title format = used/new, make, model, trim, "for sale", price
IndexError: list index out of range
2023-07-27 08:00:13,559 - DEBUG - Starting new HTTP connection (1): us-ca.proxymesh.com:31280
2023-07-27 08:00:13,755 - DEBUG - http://us-ca.proxymesh.com:31280 "GET http://cars.com///vehicledetail/508c5f01-c926-4903-b552-491dc03171ca/ HTTP/1.1" 402 None
2023-07-27 08:00:13,757 - ERROR - list index out of range
Traceback (most recent call last):
  File "/Users/jonathanduberman/maverick_price_tool/maverick_price_scraper.py", line 112, in carsdotcom_datagrabber
    title = soup.findAll('title')[0].get_text().strip() #title format = used/new, make, model, trim, "for sale", price
IndexError: list index out of range
2023-07-27 08:00:13,761 - DEBUG - Starting new HTTP connection (1): us-ca.proxymesh.com:31280
2023-07-27 08:00:13,951 - DEBUG - http://us-ca.proxymesh.com:31280 "GET http://cars.com///vehicledetail/32e3d417-4ed5-4dba-85af-8843508304dc/ HTTP/1.1" 402 None
2023-07-27 08:00:13,953 - ERROR - list index out of range
Traceback (most recent call last):
  File "/Users/jonathanduberman/maverick_price_tool/maverick_price_scraper.py", line 112, in carsdotcom_datagrabber
    title = soup.findAll('title')[0].get_text().strip() #title format = used/new, make, model, trim, "for sale", price
IndexError: list index out of range
2023-07-27 08:00:13,957 - DEBUG - Starting new HTTP connection (1): us-ca.proxymesh.com:31280
2023-07-27 08:00:14,155 - DEBUG - http://us-ca.proxymesh.com:31280 "GET http://cars.com///vehicledetail/a6668fee-cac9-45b3-9882-da1b9767c223/ HTTP/1.1" 402 None
2023-07-27 08:00:14,157 - ERROR - list index out of range
Traceback (most recent call last):
  File "/Users/jonathanduberman/maverick_price_tool/maverick_price_scraper.py", line 112, in carsdotcom_datagrabber
    title = soup.findAll('title')[0].get_text().strip() #title format = used/new, make, model, trim, "for sale", price
IndexError: list index out of range
2023-07-27 08:00:14,161 - DEBUG - Starting new HTTP connection (1): us-ca.proxymesh.com:31280
2023-07-27 08:00:14,416 - DEBUG - http://us-ca.proxymesh.com:31280 "GET http://cars.com///vehicledetail/7d18576d-480a-412c-b056-62884beda97b/ HTTP/1.1" 402 None
2023-07-27 08:00:14,417 - ERROR - list index out of range
Traceback (most recent call last):
  File "/Users/jonathanduberman/maverick_price_tool/maverick_price_scraper.py", line 112, in carsdotcom_datagrabber
    title = soup.findAll('title')[0].get_text().strip() #title format = used/new, make, model, trim, "for sale", price
IndexError: list index out of range
2023-07-27 08:00:14,422 - DEBUG - Starting new HTTP connection (1): us-ca.proxymesh.com:31280
2023-07-27 08:00:14,630 - DEBUG - http://us-ca.proxymesh.com:31280 "GET http://cars.com///vehicledetail/a0f3f694-b52c-4444-8adf-5a8929edbeab/ HTTP/1.1" 402 None
2023-07-27 08:00:14,632 - ERROR - list index out of range
Traceback (most recent call last):
  File "/Users/jonathanduberman/maverick_price_tool/maverick_price_scraper.py", line 112, in carsdotcom_datagrabber
    title = soup.findAll('title')[0].get_text().strip() #title format = used/new, make, model, trim, "for sale", price
IndexError: list index out of range
2023-07-27 08:00:14,636 - DEBUG - Starting new HTTP connection (1): us-ca.proxymesh.com:31280
2023-07-27 08:00:14,838 - DEBUG - http://us-ca.proxymesh.com:31280 "GET http://cars.com///vehicledetail/778863cf-da58-495c-8e25-80e2f16ac2bb/ HTTP/1.1" 402 None
2023-07-27 08:00:14,839 - ERROR - list index out of range
Traceback (most recent call last):
  File "/Users/jonathanduberman/maverick_price_tool/maverick_price_scraper.py", line 112, in carsdotcom_datagrabber
    title = soup.findAll('title')[0].get_text().strip() #title format = used/new, make, model, trim, "for sale", price
IndexError: list index out of range
2023-07-27 08:00:14,844 - DEBUG - Starting new HTTP connection (1): us-ca.proxymesh.com:31280
2023-07-27 08:00:15,040 - DEBUG - http://us-ca.proxymesh.com:31280 "GET http://cars.com///vehicledetail/cc48f3c4-7c16-49a0-8525-7b0f1155b8c8/ HTTP/1.1" 402 None
2023-07-27 08:00:15,041 - ERROR - list index out of range
Traceback (most recent call last):
  File "/Users/jonathanduberman/maverick_price_tool/maverick_price_scraper.py", line 112, in carsdotcom_datagrabber
    title = soup.findAll('title')[0].get_text().strip() #title format = used/new, make, model, trim, "for sale", price
IndexError: list index out of range
2023-07-27 08:00:15,046 - DEBUG - Starting new HTTP connection (1): us-ca.proxymesh.com:31280
2023-07-27 08:00:15,292 - DEBUG - http://us-ca.proxymesh.com:31280 "GET http://cars.com///vehicledetail/76df3680-c2fc-4d73-b3a8-0b8a47b989e3/ HTTP/1.1" 402 None
2023-07-27 08:00:15,293 - ERROR - list index out of range
Traceback (most recent call last):
  File "/Users/jonathanduberman/maverick_price_tool/maverick_price_scraper.py", line 112, in carsdotcom_datagrabber
    title = soup.findAll('title')[0].get_text().strip() #title format = used/new, make, model, trim, "for sale", price
IndexError: list index out of range
2023-07-27 08:00:15,298 - DEBUG - Starting new HTTP connection (1): us-ca.proxymesh.com:31280
2023-07-27 08:00:15,537 - DEBUG - http://us-ca.proxymesh.com:31280 "GET http://cars.com///vehicledetail/2021b2e2-ea2f-4348-9c1a-2abf0f5eb513/ HTTP/1.1" 402 None
2023-07-27 08:00:15,539 - ERROR - list index out of range
Traceback (most recent call last):
  File "/Users/jonathanduberman/maverick_price_tool/maverick_price_scraper.py", line 112, in carsdotcom_datagrabber
    title = soup.findAll('title')[0].get_text().strip() #title format = used/new, make, model, trim, "for sale", price
IndexError: list index out of range
2023-07-27 08:00:15,543 - DEBUG - Starting new HTTP connection (1): us-ca.proxymesh.com:31280
2023-07-27 08:00:15,752 - DEBUG - http://us-ca.proxymesh.com:31280 "GET http://cars.com///vehicledetail/e2282e42-8600-46fd-9328-0ed98e8b7dd8/ HTTP/1.1" 402 None
2023-07-27 08:00:15,754 - ERROR - list index out of range
Traceback (most recent call last):
  File "/Users/jonathanduberman/maverick_price_tool/maverick_price_scraper.py", line 112, in carsdotcom_datagrabber
    title = soup.findAll('title')[0].get_text().strip() #title format = used/new, make, model, trim, "for sale", price
IndexError: list index out of range
2023-07-27 08:00:15,758 - DEBUG - Starting new HTTP connection (1): us-ca.proxymesh.com:31280
2023-07-27 08:00:15,964 - DEBUG - http://us-ca.proxymesh.com:31280 "GET http://cars.com///vehicledetail/91243c1d-cc0d-402e-9b1a-b7757df62365/ HTTP/1.1" 402 None
2023-07-27 08:00:15,965 - ERROR - list index out of range
Traceback (most recent call last):
  File "/Users/jonathanduberman/maverick_price_tool/maverick_price_scraper.py", line 112, in carsdotcom_datagrabber
    title = soup.findAll('title')[0].get_text().strip() #title format = used/new, make, model, trim, "for sale", price
IndexError: list index out of range
2023-07-27 08:00:15,968 - DEBUG - Starting new HTTP connection (1): us-ca.proxymesh.com:31280
2023-07-27 08:00:16,191 - DEBUG - http://us-ca.proxymesh.com:31280 "GET http://cars.com///vehicledetail/5e100ba3-dcb7-4fe4-809e-c88977635e35/ HTTP/1.1" 402 None
2023-07-27 08:00:16,192 - ERROR - list index out of range
Traceback (most recent call last):
  File "/Users/jonathanduberman/maverick_price_tool/maverick_price_scraper.py", line 112, in carsdotcom_datagrabber
    title = soup.findAll('title')[0].get_text().strip() #title format = used/new, make, model, trim, "for sale", price
IndexError: list index out of range
2023-07-27 08:00:16,195 - DEBUG - Starting new HTTP connection (1): us-ca.proxymesh.com:31280
2023-07-27 08:00:16,396 - DEBUG - http://us-ca.proxymesh.com:31280 "GET http://cars.com///vehicledetail/88a01119-38ed-41d8-8e12-ff1cbf6769ab/ HTTP/1.1" 402 None
2023-07-27 08:00:16,398 - ERROR - list index out of range
Traceback (most recent call last):
  File "/Users/jonathanduberman/maverick_price_tool/maverick_price_scraper.py", line 112, in carsdotcom_datagrabber
    title = soup.findAll('title')[0].get_text().strip() #title format = used/new, make, model, trim, "for sale", price
IndexError: list index out of range
2023-07-27 08:00:16,402 - DEBUG - Starting new HTTP connection (1): us-ca.proxymesh.com:31280
2023-07-27 08:00:16,607 - DEBUG - http://us-ca.proxymesh.com:31280 "GET http://cars.com///vehicledetail/8cdb34d3-e078-4e0a-83f9-92b4f1fce06f/ HTTP/1.1" 402 None
2023-07-27 08:00:16,609 - ERROR - list index out of range
Traceback (most recent call last):
  File "/Users/jonathanduberman/maverick_price_tool/maverick_price_scraper.py", line 112, in carsdotcom_datagrabber
    title = soup.findAll('title')[0].get_text().strip() #title format = used/new, make, model, trim, "for sale", price
IndexError: list index out of range
2023-07-27 08:00:16,614 - DEBUG - Starting new HTTP connection (1): us-ca.proxymesh.com:31280
2023-07-27 08:00:16,815 - DEBUG - http://us-ca.proxymesh.com:31280 "GET http://cars.com///vehicledetail/32d8ca55-ac39-41bc-85b4-92783fb67890/ HTTP/1.1" 402 None
2023-07-27 08:00:16,816 - ERROR - list index out of range
Traceback (most recent call last):
  File "/Users/jonathanduberman/maverick_price_tool/maverick_price_scraper.py", line 112, in carsdotcom_datagrabber
    title = soup.findAll('title')[0].get_text().strip() #title format = used/new, make, model, trim, "for sale", price
IndexError: list index out of range
2023-07-27 08:00:16,821 - DEBUG - Starting new HTTP connection (1): us-ca.proxymesh.com:31280
2023-07-27 08:00:17,026 - DEBUG - http://us-ca.proxymesh.com:31280 "GET http://cars.com///vehicledetail/b5ab9c4d-4bc8-403d-8de3-19f189dc53d0/ HTTP/1.1" 402 None
2023-07-27 08:00:17,112 - ERROR - list index out of range
Traceback (most recent call last):
  File "/Users/jonathanduberman/maverick_price_tool/maverick_price_scraper.py", line 112, in carsdotcom_datagrabber
    title = soup.findAll('title')[0].get_text().strip() #title format = used/new, make, model, trim, "for sale", price
IndexError: list index out of range
2023-07-27 08:00:17,117 - DEBUG - Starting new HTTP connection (1): us-ca.proxymesh.com:31280
2023-07-27 08:00:17,321 - DEBUG - http://us-ca.proxymesh.com:31280 "GET http://cars.com///vehicledetail/432f83eb-c504-447a-917f-3d669fb5bef0/ HTTP/1.1" 402 None
2023-07-27 08:00:17,322 - ERROR - list index out of range
Traceback (most recent call last):
  File "/Users/jonathanduberman/maverick_price_tool/maverick_price_scraper.py", line 112, in carsdotcom_datagrabber
    title = soup.findAll('title')[0].get_text().strip() #title format = used/new, make, model, trim, "for sale", price
IndexError: list index out of range
2023-07-27 08:00:17,327 - DEBUG - Starting new HTTP connection (1): us-ca.proxymesh.com:31280
2023-07-27 08:00:17,528 - DEBUG - http://us-ca.proxymesh.com:31280 "GET http://cars.com///vehicledetail/604fa9c7-196b-4d5a-9dfd-618a261570d8/ HTTP/1.1" 402 None
2023-07-27 08:00:17,530 - ERROR - list index out of range
Traceback (most recent call last):
  File "/Users/jonathanduberman/maverick_price_tool/maverick_price_scraper.py", line 112, in carsdotcom_datagrabber
    title = soup.findAll('title')[0].get_text().strip() #title format = used/new, make, model, trim, "for sale", price
IndexError: list index out of range
2023-07-27 08:00:17,535 - DEBUG - Starting new HTTP connection (1): us-ca.proxymesh.com:31280
2023-07-27 08:00:17,739 - DEBUG - http://us-ca.proxymesh.com:31280 "GET http://cars.com///vehicledetail/254f8ed5-f01d-48df-8abc-1bded6a8bf01/ HTTP/1.1" 402 None
2023-07-27 08:00:17,740 - ERROR - list index out of range
Traceback (most recent call last):
  File "/Users/jonathanduberman/maverick_price_tool/maverick_price_scraper.py", line 112, in carsdotcom_datagrabber
    title = soup.findAll('title')[0].get_text().strip() #title format = used/new, make, model, trim, "for sale", price
IndexError: list index out of range
2023-07-27 08:00:17,745 - DEBUG - Starting new HTTP connection (1): us-ca.proxymesh.com:31280
2023-07-27 08:00:17,941 - DEBUG - http://us-ca.proxymesh.com:31280 "GET http://cars.com///vehicledetail/d23f3110-4454-4eb6-a2bd-8b8823548214/ HTTP/1.1" 402 None
2023-07-27 08:00:17,942 - ERROR - list index out of range
Traceback (most recent call last):
  File "/Users/jonathanduberman/maverick_price_tool/maverick_price_scraper.py", line 112, in carsdotcom_datagrabber
    title = soup.findAll('title')[0].get_text().strip() #title format = used/new, make, model, trim, "for sale", price
IndexError: list index out of range
2023-07-27 08:00:17,947 - DEBUG - Starting new HTTP connection (1): us-ca.proxymesh.com:31280
2023-07-27 08:00:18,156 - DEBUG - http://us-ca.proxymesh.com:31280 "GET http://cars.com///vehicledetail/97e3ada3-f9c8-4c62-b0f2-cc56f7f0f6eb/ HTTP/1.1" 402 None
2023-07-27 08:00:18,158 - ERROR - list index out of range
Traceback (most recent call last):
  File "/Users/jonathanduberman/maverick_price_tool/maverick_price_scraper.py", line 112, in carsdotcom_datagrabber
    title = soup.findAll('title')[0].get_text().strip() #title format = used/new, make, model, trim, "for sale", price
IndexError: list index out of range
2023-07-27 08:00:18,163 - DEBUG - Starting new HTTP connection (1): us-ca.proxymesh.com:31280
2023-07-27 08:00:18,401 - DEBUG - http://us-ca.proxymesh.com:31280 "GET http://cars.com///vehicledetail/0c8939e7-f2c6-4aaa-8275-e1ed61c47fc4/ HTTP/1.1" 402 None
2023-07-27 08:00:18,403 - ERROR - list index out of range
Traceback (most recent call last):
  File "/Users/jonathanduberman/maverick_price_tool/maverick_price_scraper.py", line 112, in carsdotcom_datagrabber
    title = soup.findAll('title')[0].get_text().strip() #title format = used/new, make, model, trim, "for sale", price
IndexError: list index out of range
2023-07-27 08:00:18,407 - DEBUG - Starting new HTTP connection (1): us-ca.proxymesh.com:31280
2023-07-27 08:00:18,609 - DEBUG - http://us-ca.proxymesh.com:31280 "GET http://cars.com///vehicledetail/4989f724-366c-4fb2-a75c-6b6d7e657055/ HTTP/1.1" 402 None
2023-07-27 08:00:18,611 - ERROR - list index out of range
Traceback (most recent call last):
  File "/Users/jonathanduberman/maverick_price_tool/maverick_price_scraper.py", line 112, in carsdotcom_datagrabber
    title = soup.findAll('title')[0].get_text().strip() #title format = used/new, make, model, trim, "for sale", price
IndexError: list index out of range
2023-07-27 08:00:18,615 - DEBUG - Starting new HTTP connection (1): us-ca.proxymesh.com:31280
2023-07-27 08:00:18,817 - DEBUG - http://us-ca.proxymesh.com:31280 "GET http://cars.com///vehicledetail/3ea79e82-5164-4f5a-8165-30c3f4b2f755/ HTTP/1.1" 402 None
2023-07-27 08:00:18,819 - ERROR - list index out of range
Traceback (most recent call last):
  File "/Users/jonathanduberman/maverick_price_tool/maverick_price_scraper.py", line 112, in carsdotcom_datagrabber
    title = soup.findAll('title')[0].get_text().strip() #title format = used/new, make, model, trim, "for sale", price
IndexError: list index out of range
2023-07-27 08:00:18,823 - DEBUG - Starting new HTTP connection (1): us-ca.proxymesh.com:31280
2023-07-27 08:00:19,059 - DEBUG - http://us-ca.proxymesh.com:31280 "GET http://cars.com///vehicledetail/75613e16-00c0-48e4-89c8-ec1910a56940/ HTTP/1.1" 402 None
2023-07-27 08:00:19,061 - ERROR - list index out of range
Traceback (most recent call last):
  File "/Users/jonathanduberman/maverick_price_tool/maverick_price_scraper.py", line 112, in carsdotcom_datagrabber
    title = soup.findAll('title')[0].get_text().strip() #title format = used/new, make, model, trim, "for sale", price
IndexError: list index out of range
2023-07-27 08:00:19,065 - DEBUG - Starting new HTTP connection (1): us-ca.proxymesh.com:31280
2023-07-27 08:00:19,271 - DEBUG - http://us-ca.proxymesh.com:31280 "GET http://cars.com///vehicledetail/2b40b74f-e4a1-4873-a38e-e40185df716a/ HTTP/1.1" 402 None
2023-07-27 08:00:19,273 - ERROR - list index out of range
Traceback (most recent call last):
  File "/Users/jonathanduberman/maverick_price_tool/maverick_price_scraper.py", line 112, in carsdotcom_datagrabber
    title = soup.findAll('title')[0].get_text().strip() #title format = used/new, make, model, trim, "for sale", price
IndexError: list index out of range
2023-07-27 08:00:19,278 - DEBUG - Starting new HTTP connection (1): us-ca.proxymesh.com:31280
2023-07-27 08:00:19,531 - DEBUG - http://us-ca.proxymesh.com:31280 "GET http://cars.com///vehicledetail/e2ca4035-c051-44da-acea-7e344b9952d9/ HTTP/1.1" 402 None
2023-07-27 08:00:19,533 - ERROR - list index out of range
Traceback (most recent call last):
  File "/Users/jonathanduberman/maverick_price_tool/maverick_price_scraper.py", line 112, in carsdotcom_datagrabber
    title = soup.findAll('title')[0].get_text().strip() #title format = used/new, make, model, trim, "for sale", price
IndexError: list index out of range
2023-07-27 08:00:19,537 - DEBUG - Starting new HTTP connection (1): us-ca.proxymesh.com:31280
2023-07-27 08:00:19,735 - DEBUG - http://us-ca.proxymesh.com:31280 "GET http://cars.com///vehicledetail/1d3ea4a8-4e5c-4c6a-a0e7-8ffae3833dca/ HTTP/1.1" 402 None
2023-07-27 08:00:19,737 - ERROR - list index out of range
Traceback (most recent call last):
  File "/Users/jonathanduberman/maverick_price_tool/maverick_price_scraper.py", line 112, in carsdotcom_datagrabber
    title = soup.findAll('title')[0].get_text().strip() #title format = used/new, make, model, trim, "for sale", price
IndexError: list index out of range
2023-07-27 08:00:19,741 - DEBUG - Starting new HTTP connection (1): us-ca.proxymesh.com:31280
2023-07-27 08:00:19,941 - DEBUG - http://us-ca.proxymesh.com:31280 "GET http://cars.com///vehicledetail/94de738f-f298-4e9e-9b1c-eaa57b51bfaa/ HTTP/1.1" 402 None
2023-07-27 08:00:19,973 - ERROR - list index out of range
Traceback (most recent call last):
  File "/Users/jonathanduberman/maverick_price_tool/maverick_price_scraper.py", line 112, in carsdotcom_datagrabber
    title = soup.findAll('title')[0].get_text().strip() #title format = used/new, make, model, trim, "for sale", price
IndexError: list index out of range
2023-07-27 08:00:19,978 - DEBUG - Starting new HTTP connection (1): us-ca.proxymesh.com:31280
2023-07-27 08:00:20,179 - DEBUG - http://us-ca.proxymesh.com:31280 "GET http://cars.com///vehicledetail/f2be79d5-3a51-4f31-ace6-749a89d0f68f/ HTTP/1.1" 402 None
2023-07-27 08:00:20,180 - ERROR - list index out of range
Traceback (most recent call last):
  File "/Users/jonathanduberman/maverick_price_tool/maverick_price_scraper.py", line 112, in carsdotcom_datagrabber
    title = soup.findAll('title')[0].get_text().strip() #title format = used/new, make, model, trim, "for sale", price
IndexError: list index out of range
2023-07-27 08:00:20,185 - DEBUG - Starting new HTTP connection (1): us-ca.proxymesh.com:31280
2023-07-27 08:00:20,387 - DEBUG - http://us-ca.proxymesh.com:31280 "GET http://cars.com///vehicledetail/a4075be5-6560-4b8e-8aa9-e4d661c473fe/ HTTP/1.1" 402 None
2023-07-27 08:00:20,389 - ERROR - list index out of range
Traceback (most recent call last):
  File "/Users/jonathanduberman/maverick_price_tool/maverick_price_scraper.py", line 112, in carsdotcom_datagrabber
    title = soup.findAll('title')[0].get_text().strip() #title format = used/new, make, model, trim, "for sale", price
IndexError: list index out of range
2023-07-27 08:00:20,393 - DEBUG - Starting new HTTP connection (1): us-ca.proxymesh.com:31280
2023-07-27 08:00:20,589 - DEBUG - http://us-ca.proxymesh.com:31280 "GET http://cars.com///vehicledetail/07998c9e-d4a8-4819-ab9e-b698477010a9/ HTTP/1.1" 402 None
2023-07-27 08:00:20,591 - ERROR - list index out of range
Traceback (most recent call last):
  File "/Users/jonathanduberman/maverick_price_tool/maverick_price_scraper.py", line 112, in carsdotcom_datagrabber
    title = soup.findAll('title')[0].get_text().strip() #title format = used/new, make, model, trim, "for sale", price
IndexError: list index out of range
2023-07-27 08:00:20,596 - DEBUG - Starting new HTTP connection (1): us-ca.proxymesh.com:31280
2023-07-27 08:00:20,792 - DEBUG - http://us-ca.proxymesh.com:31280 "GET http://cars.com///vehicledetail/d6ebe139-48dc-4c9e-902f-02f44da40b15/ HTTP/1.1" 402 None
2023-07-27 08:00:20,794 - ERROR - list index out of range
Traceback (most recent call last):
  File "/Users/jonathanduberman/maverick_price_tool/maverick_price_scraper.py", line 112, in carsdotcom_datagrabber
    title = soup.findAll('title')[0].get_text().strip() #title format = used/new, make, model, trim, "for sale", price
IndexError: list index out of range
2023-07-27 08:00:20,798 - DEBUG - Starting new HTTP connection (1): us-ca.proxymesh.com:31280
2023-07-27 08:00:21,002 - DEBUG - http://us-ca.proxymesh.com:31280 "GET http://cars.com///vehicledetail/e5262e1b-d69b-466a-a9da-237f2db8ba7f/ HTTP/1.1" 402 None
2023-07-27 08:00:21,003 - ERROR - list index out of range
Traceback (most recent call last):
  File "/Users/jonathanduberman/maverick_price_tool/maverick_price_scraper.py", line 112, in carsdotcom_datagrabber
    title = soup.findAll('title')[0].get_text().strip() #title format = used/new, make, model, trim, "for sale", price
IndexError: list index out of range
2023-07-27 08:00:21,008 - DEBUG - Starting new HTTP connection (1): us-ca.proxymesh.com:31280
2023-07-27 08:00:21,211 - DEBUG - http://us-ca.proxymesh.com:31280 "GET http://cars.com///vehicledetail/1b4bdca1-175b-4709-b060-fcccee25166e/ HTTP/1.1" 402 None
2023-07-27 08:00:21,213 - ERROR - list index out of range
Traceback (most recent call last):
  File "/Users/jonathanduberman/maverick_price_tool/maverick_price_scraper.py", line 112, in carsdotcom_datagrabber
    title = soup.findAll('title')[0].get_text().strip() #title format = used/new, make, model, trim, "for sale", price
IndexError: list index out of range
2023-07-27 08:00:21,217 - DEBUG - Starting new HTTP connection (1): us-ca.proxymesh.com:31280
2023-07-27 08:00:21,422 - DEBUG - http://us-ca.proxymesh.com:31280 "GET http://cars.com///vehicledetail/42a471cc-7ca8-4b91-8e79-d775c2822061/ HTTP/1.1" 402 None
2023-07-27 08:00:21,423 - ERROR - list index out of range
Traceback (most recent call last):
  File "/Users/jonathanduberman/maverick_price_tool/maverick_price_scraper.py", line 112, in carsdotcom_datagrabber
    title = soup.findAll('title')[0].get_text().strip() #title format = used/new, make, model, trim, "for sale", price
IndexError: list index out of range
2023-07-27 08:00:21,428 - DEBUG - Starting new HTTP connection (1): us-ca.proxymesh.com:31280
2023-07-27 08:00:21,626 - DEBUG - http://us-ca.proxymesh.com:31280 "GET http://cars.com///vehicledetail/98a79419-36f2-46ce-b3e0-f307271debd0/ HTTP/1.1" 402 None
2023-07-27 08:00:21,628 - ERROR - list index out of range
Traceback (most recent call last):
  File "/Users/jonathanduberman/maverick_price_tool/maverick_price_scraper.py", line 112, in carsdotcom_datagrabber
    title = soup.findAll('title')[0].get_text().strip() #title format = used/new, make, model, trim, "for sale", price
IndexError: list index out of range
2023-07-27 08:00:21,632 - DEBUG - Starting new HTTP connection (1): us-ca.proxymesh.com:31280
2023-07-27 08:00:21,824 - DEBUG - http://us-ca.proxymesh.com:31280 "GET http://cars.com///vehicledetail/2ac701b9-fdb2-433e-931c-a7fae9bee264/ HTTP/1.1" 402 None
2023-07-27 08:00:21,826 - ERROR - list index out of range
Traceback (most recent call last):
  File "/Users/jonathanduberman/maverick_price_tool/maverick_price_scraper.py", line 112, in carsdotcom_datagrabber
    title = soup.findAll('title')[0].get_text().strip() #title format = used/new, make, model, trim, "for sale", price
IndexError: list index out of range
2023-07-27 08:00:21,830 - DEBUG - Starting new HTTP connection (1): us-ca.proxymesh.com:31280
2023-07-27 08:00:22,051 - DEBUG - http://us-ca.proxymesh.com:31280 "GET http://cars.com///vehicledetail/ca413ee0-4c90-41ae-9dcf-095c3e31b68a/ HTTP/1.1" 402 None
2023-07-27 08:00:22,052 - ERROR - list index out of range
Traceback (most recent call last):
  File "/Users/jonathanduberman/maverick_price_tool/maverick_price_scraper.py", line 112, in carsdotcom_datagrabber
    title = soup.findAll('title')[0].get_text().strip() #title format = used/new, make, model, trim, "for sale", price
IndexError: list index out of range
2023-07-27 08:00:22,057 - DEBUG - Starting new HTTP connection (1): us-ca.proxymesh.com:31280
2023-07-27 08:00:22,260 - DEBUG - http://us-ca.proxymesh.com:31280 "GET http://cars.com///vehicledetail/94f4dfa0-586f-4b9b-ace3-d28b60b09015/ HTTP/1.1" 402 None
2023-07-27 08:00:22,262 - ERROR - list index out of range
Traceback (most recent call last):
  File "/Users/jonathanduberman/maverick_price_tool/maverick_price_scraper.py", line 112, in carsdotcom_datagrabber
    title = soup.findAll('title')[0].get_text().strip() #title format = used/new, make, model, trim, "for sale", price
IndexError: list index out of range
2023-07-27 08:00:22,266 - DEBUG - Starting new HTTP connection (1): us-ca.proxymesh.com:31280
2023-07-27 08:00:22,515 - DEBUG - http://us-ca.proxymesh.com:31280 "GET http://cars.com///vehicledetail/c0c16bc7-5723-4ef8-b809-74e49bef9b87/ HTTP/1.1" 402 None
2023-07-27 08:00:22,517 - ERROR - list index out of range
Traceback (most recent call last):
  File "/Users/jonathanduberman/maverick_price_tool/maverick_price_scraper.py", line 112, in carsdotcom_datagrabber
    title = soup.findAll('title')[0].get_text().strip() #title format = used/new, make, model, trim, "for sale", price
IndexError: list index out of range
2023-07-27 08:00:22,521 - DEBUG - Starting new HTTP connection (1): us-ca.proxymesh.com:31280
2023-07-27 08:00:22,709 - DEBUG - http://us-ca.proxymesh.com:31280 "GET http://cars.com///vehicledetail/4ef99b77-9734-4a16-9937-aa5750db4101/ HTTP/1.1" 402 None
2023-07-27 08:00:22,711 - ERROR - list index out of range
Traceback (most recent call last):
  File "/Users/jonathanduberman/maverick_price_tool/maverick_price_scraper.py", line 112, in carsdotcom_datagrabber
    title = soup.findAll('title')[0].get_text().strip() #title format = used/new, make, model, trim, "for sale", price
IndexError: list index out of range
2023-07-27 08:00:22,716 - DEBUG - Starting new HTTP connection (1): us-ca.proxymesh.com:31280
2023-07-27 08:00:22,927 - DEBUG - http://us-ca.proxymesh.com:31280 "GET http://cars.com///vehicledetail/f99de01c-84b0-4892-a610-7948ac739a14/ HTTP/1.1" 402 None
2023-07-27 08:00:22,929 - ERROR - list index out of range
Traceback (most recent call last):
  File "/Users/jonathanduberman/maverick_price_tool/maverick_price_scraper.py", line 112, in carsdotcom_datagrabber
    title = soup.findAll('title')[0].get_text().strip() #title format = used/new, make, model, trim, "for sale", price
IndexError: list index out of range
2023-07-27 08:00:22,933 - DEBUG - Starting new HTTP connection (1): us-ca.proxymesh.com:31280
2023-07-27 08:00:23,169 - DEBUG - http://us-ca.proxymesh.com:31280 "GET http://cars.com///vehicledetail/a3fc7c17-868d-4aec-b593-953ba6b078d5/ HTTP/1.1" 402 None
2023-07-27 08:00:23,171 - ERROR - list index out of range
Traceback (most recent call last):
  File "/Users/jonathanduberman/maverick_price_tool/maverick_price_scraper.py", line 112, in carsdotcom_datagrabber
    title = soup.findAll('title')[0].get_text().strip() #title format = used/new, make, model, trim, "for sale", price
IndexError: list index out of range
2023-07-27 08:00:23,176 - DEBUG - Starting new HTTP connection (1): us-ca.proxymesh.com:31280
2023-07-27 08:00:23,414 - DEBUG - http://us-ca.proxymesh.com:31280 "GET http://cars.com///vehicledetail/097b588a-5af0-4351-9d1f-a804a2d30f8f/ HTTP/1.1" 402 None
2023-07-27 08:00:23,416 - ERROR - list index out of range
Traceback (most recent call last):
  File "/Users/jonathanduberman/maverick_price_tool/maverick_price_scraper.py", line 112, in carsdotcom_datagrabber
    title = soup.findAll('title')[0].get_text().strip() #title format = used/new, make, model, trim, "for sale", price
IndexError: list index out of range
2023-07-27 08:00:23,420 - DEBUG - Starting new HTTP connection (1): us-ca.proxymesh.com:31280
2023-07-27 08:00:23,629 - DEBUG - http://us-ca.proxymesh.com:31280 "GET http://cars.com///vehicledetail/154f1511-3408-4fdf-97e5-193a6b908def/ HTTP/1.1" 402 None
2023-07-27 08:00:23,631 - ERROR - list index out of range
Traceback (most recent call last):
  File "/Users/jonathanduberman/maverick_price_tool/maverick_price_scraper.py", line 112, in carsdotcom_datagrabber
    title = soup.findAll('title')[0].get_text().strip() #title format = used/new, make, model, trim, "for sale", price
IndexError: list index out of range
2023-07-27 08:00:23,636 - DEBUG - Starting new HTTP connection (1): us-ca.proxymesh.com:31280
2023-07-27 08:00:23,831 - DEBUG - http://us-ca.proxymesh.com:31280 "GET http://cars.com///vehicledetail/460c85eb-9453-4043-85ab-61513bd0e8bc/ HTTP/1.1" 402 None
2023-07-27 08:00:23,833 - ERROR - list index out of range
Traceback (most recent call last):
  File "/Users/jonathanduberman/maverick_price_tool/maverick_price_scraper.py", line 112, in carsdotcom_datagrabber
    title = soup.findAll('title')[0].get_text().strip() #title format = used/new, make, model, trim, "for sale", price
IndexError: list index out of range
2023-07-27 08:00:23,837 - DEBUG - Starting new HTTP connection (1): us-ca.proxymesh.com:31280
2023-07-27 08:00:24,085 - DEBUG - http://us-ca.proxymesh.com:31280 "GET http://cars.com///vehicledetail/f546266d-6622-4069-bc46-4431f8d62e9b/ HTTP/1.1" 402 None
2023-07-27 08:00:24,087 - ERROR - list index out of range
Traceback (most recent call last):
  File "/Users/jonathanduberman/maverick_price_tool/maverick_price_scraper.py", line 112, in carsdotcom_datagrabber
    title = soup.findAll('title')[0].get_text().strip() #title format = used/new, make, model, trim, "for sale", price
IndexError: list index out of range
2023-07-27 08:00:24,091 - DEBUG - Starting new HTTP connection (1): us-ca.proxymesh.com:31280
2023-07-27 08:00:24,295 - DEBUG - http://us-ca.proxymesh.com:31280 "GET http://cars.com///vehicledetail/757d7457-62f2-4843-8350-7e4d689e5938/ HTTP/1.1" 402 None
2023-07-27 08:00:24,296 - ERROR - list index out of range
Traceback (most recent call last):
  File "/Users/jonathanduberman/maverick_price_tool/maverick_price_scraper.py", line 112, in carsdotcom_datagrabber
    title = soup.findAll('title')[0].get_text().strip() #title format = used/new, make, model, trim, "for sale", price
IndexError: list index out of range
2023-07-27 08:00:24,301 - DEBUG - Starting new HTTP connection (1): us-ca.proxymesh.com:31280
2023-07-27 08:00:24,502 - DEBUG - http://us-ca.proxymesh.com:31280 "GET http://cars.com///vehicledetail/c2a509e8-7a36-41b3-a016-5718076be81a/ HTTP/1.1" 402 None
2023-07-27 08:00:24,504 - ERROR - list index out of range
Traceback (most recent call last):
  File "/Users/jonathanduberman/maverick_price_tool/maverick_price_scraper.py", line 112, in carsdotcom_datagrabber
    title = soup.findAll('title')[0].get_text().strip() #title format = used/new, make, model, trim, "for sale", price
IndexError: list index out of range
2023-07-27 08:00:24,509 - DEBUG - Starting new HTTP connection (1): us-ca.proxymesh.com:31280
2023-07-27 08:00:24,717 - DEBUG - http://us-ca.proxymesh.com:31280 "GET http://cars.com///vehicledetail/c6ef451a-1655-4d95-a125-908a1a66b42a/ HTTP/1.1" 402 None
2023-07-27 08:00:24,719 - ERROR - list index out of range
Traceback (most recent call last):
  File "/Users/jonathanduberman/maverick_price_tool/maverick_price_scraper.py", line 112, in carsdotcom_datagrabber
    title = soup.findAll('title')[0].get_text().strip() #title format = used/new, make, model, trim, "for sale", price
IndexError: list index out of range
2023-07-27 08:00:24,723 - DEBUG - Starting new HTTP connection (1): us-ca.proxymesh.com:31280
2023-07-27 08:00:24,945 - DEBUG - http://us-ca.proxymesh.com:31280 "GET http://cars.com///vehicledetail/cb3d6421-a487-45e6-ad93-4e1d45f610b7/ HTTP/1.1" 402 None
2023-07-27 08:00:24,947 - ERROR - list index out of range
Traceback (most recent call last):
  File "/Users/jonathanduberman/maverick_price_tool/maverick_price_scraper.py", line 112, in carsdotcom_datagrabber
    title = soup.findAll('title')[0].get_text().strip() #title format = used/new, make, model, trim, "for sale", price
IndexError: list index out of range
2023-07-27 08:00:24,951 - DEBUG - Starting new HTTP connection (1): us-ca.proxymesh.com:31280
2023-07-27 08:00:25,144 - DEBUG - http://us-ca.proxymesh.com:31280 "GET http://cars.com///vehicledetail/48bc7d5a-247f-432c-816a-e153f14720ea/ HTTP/1.1" 402 None
2023-07-27 08:00:25,146 - ERROR - list index out of range
Traceback (most recent call last):
  File "/Users/jonathanduberman/maverick_price_tool/maverick_price_scraper.py", line 112, in carsdotcom_datagrabber
    title = soup.findAll('title')[0].get_text().strip() #title format = used/new, make, model, trim, "for sale", price
IndexError: list index out of range
2023-07-27 08:00:25,150 - DEBUG - Starting new HTTP connection (1): us-ca.proxymesh.com:31280
2023-07-27 08:00:25,382 - DEBUG - http://us-ca.proxymesh.com:31280 "GET http://cars.com///vehicledetail/84940b5a-f027-4266-88b9-ebdbed63bf7a/ HTTP/1.1" 402 None
2023-07-27 08:00:25,385 - ERROR - list index out of range
Traceback (most recent call last):
  File "/Users/jonathanduberman/maverick_price_tool/maverick_price_scraper.py", line 112, in carsdotcom_datagrabber
    title = soup.findAll('title')[0].get_text().strip() #title format = used/new, make, model, trim, "for sale", price
IndexError: list index out of range
2023-07-27 08:00:25,389 - DEBUG - Starting new HTTP connection (1): us-ca.proxymesh.com:31280
2023-07-27 08:00:25,585 - DEBUG - http://us-ca.proxymesh.com:31280 "GET http://cars.com///vehicledetail/90864acf-f359-4139-b45c-e46a98d04aad/ HTTP/1.1" 402 None
2023-07-27 08:00:25,587 - ERROR - list index out of range
Traceback (most recent call last):
  File "/Users/jonathanduberman/maverick_price_tool/maverick_price_scraper.py", line 112, in carsdotcom_datagrabber
    title = soup.findAll('title')[0].get_text().strip() #title format = used/new, make, model, trim, "for sale", price
IndexError: list index out of range
2023-07-27 08:00:25,591 - DEBUG - Starting new HTTP connection (1): us-ca.proxymesh.com:31280
2023-07-27 08:00:25,842 - DEBUG - http://us-ca.proxymesh.com:31280 "GET http://cars.com///vehicledetail/4f81975d-c0d1-4db4-9b9f-ab008ee616f1/ HTTP/1.1" 402 None
2023-07-27 08:00:25,845 - ERROR - list index out of range
Traceback (most recent call last):
  File "/Users/jonathanduberman/maverick_price_tool/maverick_price_scraper.py", line 112, in carsdotcom_datagrabber
    title = soup.findAll('title')[0].get_text().strip() #title format = used/new, make, model, trim, "for sale", price
IndexError: list index out of range
2023-07-27 08:00:25,849 - DEBUG - Starting new HTTP connection (1): us-ca.proxymesh.com:31280
2023-07-27 08:00:26,057 - DEBUG - http://us-ca.proxymesh.com:31280 "GET http://cars.com///vehicledetail/8318f9b9-e8d8-4301-b77a-169adec8ad28/ HTTP/1.1" 402 None
2023-07-27 08:00:26,059 - ERROR - list index out of range
Traceback (most recent call last):
  File "/Users/jonathanduberman/maverick_price_tool/maverick_price_scraper.py", line 112, in carsdotcom_datagrabber
    title = soup.findAll('title')[0].get_text().strip() #title format = used/new, make, model, trim, "for sale", price
IndexError: list index out of range
2023-07-27 08:00:26,064 - DEBUG - Starting new HTTP connection (1): us-ca.proxymesh.com:31280
2023-07-27 08:00:26,251 - DEBUG - http://us-ca.proxymesh.com:31280 "GET http://cars.com///vehicledetail/6a4c4f4f-98ad-4eee-9c44-e24eadca11fc/ HTTP/1.1" 402 None
2023-07-27 08:00:26,253 - ERROR - list index out of range
Traceback (most recent call last):
  File "/Users/jonathanduberman/maverick_price_tool/maverick_price_scraper.py", line 112, in carsdotcom_datagrabber
    title = soup.findAll('title')[0].get_text().strip() #title format = used/new, make, model, trim, "for sale", price
IndexError: list index out of range
2023-07-27 08:00:26,257 - DEBUG - Starting new HTTP connection (1): us-ca.proxymesh.com:31280
2023-07-27 08:00:26,544 - DEBUG - http://us-ca.proxymesh.com:31280 "GET http://cars.com///vehicledetail/1976d3aa-8b1f-4946-b786-54594fb21181/ HTTP/1.1" 402 None
2023-07-27 08:00:26,545 - ERROR - list index out of range
Traceback (most recent call last):
  File "/Users/jonathanduberman/maverick_price_tool/maverick_price_scraper.py", line 112, in carsdotcom_datagrabber
    title = soup.findAll('title')[0].get_text().strip() #title format = used/new, make, model, trim, "for sale", price
IndexError: list index out of range
2023-07-27 08:00:26,550 - DEBUG - Starting new HTTP connection (1): us-ca.proxymesh.com:31280
2023-07-27 08:00:26,758 - DEBUG - http://us-ca.proxymesh.com:31280 "GET http://cars.com///vehicledetail/49eb5ccb-0829-41b7-b111-cebc22549a89/ HTTP/1.1" 402 None
2023-07-27 08:00:26,760 - ERROR - list index out of range
Traceback (most recent call last):
  File "/Users/jonathanduberman/maverick_price_tool/maverick_price_scraper.py", line 112, in carsdotcom_datagrabber
    title = soup.findAll('title')[0].get_text().strip() #title format = used/new, make, model, trim, "for sale", price
IndexError: list index out of range
2023-07-27 08:00:26,764 - DEBUG - Starting new HTTP connection (1): us-ca.proxymesh.com:31280
2023-07-27 08:00:27,067 - DEBUG - http://us-ca.proxymesh.com:31280 "GET http://cars.com///vehicledetail/08bb044c-9ec6-4bbf-b790-2ee0c4bcabc1/ HTTP/1.1" 402 None
2023-07-27 08:00:27,068 - ERROR - list index out of range
Traceback (most recent call last):
  File "/Users/jonathanduberman/maverick_price_tool/maverick_price_scraper.py", line 112, in carsdotcom_datagrabber
    title = soup.findAll('title')[0].get_text().strip() #title format = used/new, make, model, trim, "for sale", price
IndexError: list index out of range
2023-07-27 08:00:27,073 - DEBUG - Starting new HTTP connection (1): us-ca.proxymesh.com:31280
2023-07-27 08:00:27,269 - DEBUG - http://us-ca.proxymesh.com:31280 "GET http://cars.com///vehicledetail/48396c9f-9c8c-45c0-a046-809091ea2b4c/ HTTP/1.1" 402 None
2023-07-27 08:00:27,271 - ERROR - list index out of range
Traceback (most recent call last):
  File "/Users/jonathanduberman/maverick_price_tool/maverick_price_scraper.py", line 112, in carsdotcom_datagrabber
    title = soup.findAll('title')[0].get_text().strip() #title format = used/new, make, model, trim, "for sale", price
IndexError: list index out of range
2023-07-27 08:00:27,275 - DEBUG - Starting new HTTP connection (1): us-ca.proxymesh.com:31280
2023-07-27 08:00:27,534 - DEBUG - http://us-ca.proxymesh.com:31280 "GET http://cars.com///vehicledetail/9768d070-5015-4f06-81bd-0dd5507c4f22/ HTTP/1.1" 402 None
2023-07-27 08:00:27,536 - ERROR - list index out of range
Traceback (most recent call last):
  File "/Users/jonathanduberman/maverick_price_tool/maverick_price_scraper.py", line 112, in carsdotcom_datagrabber
    title = soup.findAll('title')[0].get_text().strip() #title format = used/new, make, model, trim, "for sale", price
IndexError: list index out of range
2023-07-27 08:00:27,541 - DEBUG - Starting new HTTP connection (1): us-ca.proxymesh.com:31280
2023-07-27 08:00:27,836 - DEBUG - http://us-ca.proxymesh.com:31280 "GET http://cars.com///vehicledetail/84c59e1f-21a1-4fa6-a169-c1fb10e9924c/ HTTP/1.1" 402 None
2023-07-27 08:00:27,838 - ERROR - list index out of range
Traceback (most recent call last):
  File "/Users/jonathanduberman/maverick_price_tool/maverick_price_scraper.py", line 112, in carsdotcom_datagrabber
    title = soup.findAll('title')[0].get_text().strip() #title format = used/new, make, model, trim, "for sale", price
IndexError: list index out of range
2023-07-27 08:00:27,843 - DEBUG - Starting new HTTP connection (1): us-ca.proxymesh.com:31280
2023-07-27 08:00:28,039 - DEBUG - http://us-ca.proxymesh.com:31280 "GET http://cars.com///vehicledetail/727ed61c-b972-4ab3-9ba6-5e6f54c3e1ce/ HTTP/1.1" 402 None
2023-07-27 08:00:28,041 - ERROR - list index out of range
Traceback (most recent call last):
  File "/Users/jonathanduberman/maverick_price_tool/maverick_price_scraper.py", line 112, in carsdotcom_datagrabber
    title = soup.findAll('title')[0].get_text().strip() #title format = used/new, make, model, trim, "for sale", price
IndexError: list index out of range
2023-07-27 08:00:28,046 - DEBUG - Starting new HTTP connection (1): us-ca.proxymesh.com:31280
2023-07-27 08:00:28,241 - DEBUG - http://us-ca.proxymesh.com:31280 "GET http://cars.com///vehicledetail/0594cbbb-5712-4c9e-9085-0402f426ed5f/ HTTP/1.1" 402 None
2023-07-27 08:00:28,243 - ERROR - list index out of range
Traceback (most recent call last):
  File "/Users/jonathanduberman/maverick_price_tool/maverick_price_scraper.py", line 112, in carsdotcom_datagrabber
    title = soup.findAll('title')[0].get_text().strip() #title format = used/new, make, model, trim, "for sale", price
IndexError: list index out of range
2023-07-27 08:00:28,247 - DEBUG - Starting new HTTP connection (1): us-ca.proxymesh.com:31280
2023-07-27 08:00:28,521 - DEBUG - http://us-ca.proxymesh.com:31280 "GET http://cars.com///vehicledetail/72ebefeb-3573-4555-a81f-1a4a3a6d38da/ HTTP/1.1" 402 None
2023-07-27 08:00:28,522 - ERROR - list index out of range
Traceback (most recent call last):
  File "/Users/jonathanduberman/maverick_price_tool/maverick_price_scraper.py", line 112, in carsdotcom_datagrabber
    title = soup.findAll('title')[0].get_text().strip() #title format = used/new, make, model, trim, "for sale", price
IndexError: list index out of range
2023-07-27 08:00:28,527 - DEBUG - Starting new HTTP connection (1): us-ca.proxymesh.com:31280
2023-07-27 08:00:28,750 - DEBUG - http://us-ca.proxymesh.com:31280 "GET http://cars.com///vehicledetail/8190ecb9-1bdf-436c-b382-4d1501871f87/ HTTP/1.1" 402 None
2023-07-27 08:00:28,752 - ERROR - list index out of range
Traceback (most recent call last):
  File "/Users/jonathanduberman/maverick_price_tool/maverick_price_scraper.py", line 112, in carsdotcom_datagrabber
    title = soup.findAll('title')[0].get_text().strip() #title format = used/new, make, model, trim, "for sale", price
IndexError: list index out of range
2023-07-27 08:00:28,757 - DEBUG - Starting new HTTP connection (1): us-ca.proxymesh.com:31280
2023-07-27 08:00:28,974 - DEBUG - http://us-ca.proxymesh.com:31280 "GET http://cars.com///vehicledetail/a98eebf8-e1e1-48b1-b11e-f90ed3f58e34/ HTTP/1.1" 402 None
2023-07-27 08:00:28,976 - ERROR - list index out of range
Traceback (most recent call last):
  File "/Users/jonathanduberman/maverick_price_tool/maverick_price_scraper.py", line 112, in carsdotcom_datagrabber
    title = soup.findAll('title')[0].get_text().strip() #title format = used/new, make, model, trim, "for sale", price
IndexError: list index out of range
2023-07-27 08:00:28,980 - DEBUG - Starting new HTTP connection (1): us-ca.proxymesh.com:31280
2023-07-27 08:00:29,182 - DEBUG - http://us-ca.proxymesh.com:31280 "GET http://cars.com///vehicledetail/78454f89-966c-489c-b85f-0521a583972e/ HTTP/1.1" 402 None
2023-07-27 08:00:29,184 - ERROR - list index out of range
Traceback (most recent call last):
  File "/Users/jonathanduberman/maverick_price_tool/maverick_price_scraper.py", line 112, in carsdotcom_datagrabber
    title = soup.findAll('title')[0].get_text().strip() #title format = used/new, make, model, trim, "for sale", price
IndexError: list index out of range
2023-07-27 08:00:29,188 - DEBUG - Starting new HTTP connection (1): us-ca.proxymesh.com:31280
2023-07-27 08:00:29,401 - DEBUG - http://us-ca.proxymesh.com:31280 "GET http://cars.com///vehicledetail/aba8c66a-8836-401c-9c84-dd3bfcab7faf/ HTTP/1.1" 402 None
2023-07-27 08:00:29,402 - ERROR - list index out of range
Traceback (most recent call last):
  File "/Users/jonathanduberman/maverick_price_tool/maverick_price_scraper.py", line 112, in carsdotcom_datagrabber
    title = soup.findAll('title')[0].get_text().strip() #title format = used/new, make, model, trim, "for sale", price
IndexError: list index out of range
2023-07-27 08:00:29,407 - DEBUG - Starting new HTTP connection (1): us-ca.proxymesh.com:31280
2023-07-27 08:00:29,615 - DEBUG - http://us-ca.proxymesh.com:31280 "GET http://cars.com///vehicledetail/04bf0dc1-aef5-4b45-8e68-b4ca4e3878cf/ HTTP/1.1" 402 None
2023-07-27 08:00:29,616 - ERROR - list index out of range
Traceback (most recent call last):
  File "/Users/jonathanduberman/maverick_price_tool/maverick_price_scraper.py", line 112, in carsdotcom_datagrabber
    title = soup.findAll('title')[0].get_text().strip() #title format = used/new, make, model, trim, "for sale", price
IndexError: list index out of range
2023-07-27 08:00:29,621 - DEBUG - Starting new HTTP connection (1): us-ca.proxymesh.com:31280
2023-07-27 08:00:29,836 - DEBUG - http://us-ca.proxymesh.com:31280 "GET http://cars.com///vehicledetail/ac1cf830-4395-44cc-b394-c2f9e35c7bda/ HTTP/1.1" 402 None
2023-07-27 08:00:29,838 - ERROR - list index out of range
Traceback (most recent call last):
  File "/Users/jonathanduberman/maverick_price_tool/maverick_price_scraper.py", line 112, in carsdotcom_datagrabber
    title = soup.findAll('title')[0].get_text().strip() #title format = used/new, make, model, trim, "for sale", price
IndexError: list index out of range
2023-07-27 08:00:29,842 - DEBUG - Starting new HTTP connection (1): us-ca.proxymesh.com:31280
2023-07-27 08:00:30,054 - DEBUG - http://us-ca.proxymesh.com:31280 "GET http://cars.com///vehicledetail/8e09c05c-5566-48e1-9ad0-82686bb8bc0a/ HTTP/1.1" 402 None
2023-07-27 08:00:30,056 - ERROR - list index out of range
Traceback (most recent call last):
  File "/Users/jonathanduberman/maverick_price_tool/maverick_price_scraper.py", line 112, in carsdotcom_datagrabber
    title = soup.findAll('title')[0].get_text().strip() #title format = used/new, make, model, trim, "for sale", price
IndexError: list index out of range
2023-07-27 08:00:30,060 - DEBUG - Starting new HTTP connection (1): us-ca.proxymesh.com:31280
2023-07-27 08:00:30,277 - DEBUG - http://us-ca.proxymesh.com:31280 "GET http://cars.com///vehicledetail/133ebd5b-9c08-4e78-9b78-a731d88a5763/ HTTP/1.1" 402 None
2023-07-27 08:00:30,278 - ERROR - list index out of range
Traceback (most recent call last):
  File "/Users/jonathanduberman/maverick_price_tool/maverick_price_scraper.py", line 112, in carsdotcom_datagrabber
    title = soup.findAll('title')[0].get_text().strip() #title format = used/new, make, model, trim, "for sale", price
IndexError: list index out of range
2023-07-27 08:00:30,283 - DEBUG - Starting new HTTP connection (1): us-ca.proxymesh.com:31280
2023-07-27 08:00:30,488 - DEBUG - http://us-ca.proxymesh.com:31280 "GET http://cars.com///vehicledetail/fa466076-58d6-4fdf-ac55-5b8e613f8270/ HTTP/1.1" 402 None
2023-07-27 08:00:30,490 - ERROR - list index out of range
Traceback (most recent call last):
  File "/Users/jonathanduberman/maverick_price_tool/maverick_price_scraper.py", line 112, in carsdotcom_datagrabber
    title = soup.findAll('title')[0].get_text().strip() #title format = used/new, make, model, trim, "for sale", price
IndexError: list index out of range
2023-07-27 08:00:30,495 - DEBUG - Starting new HTTP connection (1): us-ca.proxymesh.com:31280
2023-07-27 08:00:30,700 - DEBUG - http://us-ca.proxymesh.com:31280 "GET http://cars.com///vehicledetail/824d6777-5e62-4c84-a0a2-41973295962c/ HTTP/1.1" 402 None
2023-07-27 08:00:30,707 - ERROR - list index out of range
Traceback (most recent call last):
  File "/Users/jonathanduberman/maverick_price_tool/maverick_price_scraper.py", line 112, in carsdotcom_datagrabber
    title = soup.findAll('title')[0].get_text().strip() #title format = used/new, make, model, trim, "for sale", price
IndexError: list index out of range
2023-07-27 08:00:30,712 - DEBUG - Starting new HTTP connection (1): us-ca.proxymesh.com:31280
2023-07-27 08:00:30,916 - DEBUG - http://us-ca.proxymesh.com:31280 "GET http://cars.com///vehicledetail/016fb416-e88e-4d08-a7fc-fb95e12c038f/ HTTP/1.1" 402 None
2023-07-27 08:00:30,917 - ERROR - list index out of range
Traceback (most recent call last):
  File "/Users/jonathanduberman/maverick_price_tool/maverick_price_scraper.py", line 112, in carsdotcom_datagrabber
    title = soup.findAll('title')[0].get_text().strip() #title format = used/new, make, model, trim, "for sale", price
IndexError: list index out of range
2023-07-27 08:00:30,922 - DEBUG - Starting new HTTP connection (1): us-ca.proxymesh.com:31280
2023-07-27 08:00:31,119 - DEBUG - http://us-ca.proxymesh.com:31280 "GET http://cars.com///vehicledetail/f09004a0-2b63-4cab-8daa-42cdb6c6030c/ HTTP/1.1" 402 None
2023-07-27 08:00:31,121 - ERROR - list index out of range
Traceback (most recent call last):
  File "/Users/jonathanduberman/maverick_price_tool/maverick_price_scraper.py", line 112, in carsdotcom_datagrabber
    title = soup.findAll('title')[0].get_text().strip() #title format = used/new, make, model, trim, "for sale", price
IndexError: list index out of range
2023-07-27 08:00:31,125 - DEBUG - Starting new HTTP connection (1): us-ca.proxymesh.com:31280
2023-07-27 08:00:31,692 - DEBUG - http://us-ca.proxymesh.com:31280 "GET http://cars.com///vehicledetail/217d9f54-8646-4b26-8695-3a900405ef11/ HTTP/1.1" 402 None
2023-07-27 08:00:31,694 - ERROR - list index out of range
Traceback (most recent call last):
  File "/Users/jonathanduberman/maverick_price_tool/maverick_price_scraper.py", line 112, in carsdotcom_datagrabber
    title = soup.findAll('title')[0].get_text().strip() #title format = used/new, make, model, trim, "for sale", price
IndexError: list index out of range
2023-07-27 08:00:31,698 - DEBUG - Starting new HTTP connection (1): us-ca.proxymesh.com:31280
2023-07-27 08:00:31,904 - DEBUG - http://us-ca.proxymesh.com:31280 "GET http://cars.com///vehicledetail/73b8d74d-6d8c-4c15-9580-c50da83d551c/ HTTP/1.1" 402 None
2023-07-27 08:00:31,906 - ERROR - list index out of range
Traceback (most recent call last):
  File "/Users/jonathanduberman/maverick_price_tool/maverick_price_scraper.py", line 112, in carsdotcom_datagrabber
    title = soup.findAll('title')[0].get_text().strip() #title format = used/new, make, model, trim, "for sale", price
IndexError: list index out of range
2023-07-27 08:00:31,911 - DEBUG - Starting new HTTP connection (1): us-ca.proxymesh.com:31280
2023-07-27 08:00:32,125 - DEBUG - http://us-ca.proxymesh.com:31280 "GET http://cars.com///vehicledetail/b35e3f8b-da57-460b-a383-58953c6786a2/ HTTP/1.1" 402 None
2023-07-27 08:00:32,127 - ERROR - list index out of range
Traceback (most recent call last):
  File "/Users/jonathanduberman/maverick_price_tool/maverick_price_scraper.py", line 112, in carsdotcom_datagrabber
    title = soup.findAll('title')[0].get_text().strip() #title format = used/new, make, model, trim, "for sale", price
IndexError: list index out of range
2023-07-27 08:00:32,132 - DEBUG - Starting new HTTP connection (1): us-ca.proxymesh.com:31280
2023-07-27 08:00:32,343 - DEBUG - http://us-ca.proxymesh.com:31280 "GET http://cars.com///vehicledetail/f16dfe9e-f32a-432d-877d-019c02a8c7f3/ HTTP/1.1" 402 None
2023-07-27 08:00:32,345 - ERROR - list index out of range
Traceback (most recent call last):
  File "/Users/jonathanduberman/maverick_price_tool/maverick_price_scraper.py", line 112, in carsdotcom_datagrabber
    title = soup.findAll('title')[0].get_text().strip() #title format = used/new, make, model, trim, "for sale", price
IndexError: list index out of range
2023-07-27 08:00:32,350 - DEBUG - Starting new HTTP connection (1): us-ca.proxymesh.com:31280
2023-07-27 08:00:32,546 - DEBUG - http://us-ca.proxymesh.com:31280 "GET http://cars.com///vehicledetail/5134fc0d-ebe9-4aa7-bd80-955dfb04af4e/ HTTP/1.1" 402 None
2023-07-27 08:00:32,548 - ERROR - list index out of range
Traceback (most recent call last):
  File "/Users/jonathanduberman/maverick_price_tool/maverick_price_scraper.py", line 112, in carsdotcom_datagrabber
    title = soup.findAll('title')[0].get_text().strip() #title format = used/new, make, model, trim, "for sale", price
IndexError: list index out of range
2023-07-27 08:00:32,552 - DEBUG - Starting new HTTP connection (1): us-ca.proxymesh.com:31280
2023-07-27 08:00:32,757 - DEBUG - http://us-ca.proxymesh.com:31280 "GET http://cars.com///vehicledetail/d7adf819-a385-415f-838f-2b311e5499bb/ HTTP/1.1" 402 None
2023-07-27 08:00:32,758 - ERROR - list index out of range
Traceback (most recent call last):
  File "/Users/jonathanduberman/maverick_price_tool/maverick_price_scraper.py", line 112, in carsdotcom_datagrabber
    title = soup.findAll('title')[0].get_text().strip() #title format = used/new, make, model, trim, "for sale", price
IndexError: list index out of range
2023-07-27 08:00:32,761 - DEBUG - Starting new HTTP connection (1): us-ca.proxymesh.com:31280
2023-07-27 08:00:32,958 - DEBUG - http://us-ca.proxymesh.com:31280 "GET http://cars.com///vehicledetail/da311848-0eaa-4cbd-82c4-57af172e6025/ HTTP/1.1" 402 None
2023-07-27 08:00:32,960 - ERROR - list index out of range
Traceback (most recent call last):
  File "/Users/jonathanduberman/maverick_price_tool/maverick_price_scraper.py", line 112, in carsdotcom_datagrabber
    title = soup.findAll('title')[0].get_text().strip() #title format = used/new, make, model, trim, "for sale", price
IndexError: list index out of range
2023-07-27 08:00:32,962 - DEBUG - Starting new HTTP connection (1): us-ca.proxymesh.com:31280
2023-07-27 08:00:33,164 - DEBUG - http://us-ca.proxymesh.com:31280 "GET http://cars.com///vehicledetail/99c5732f-7e6c-4f4c-9e8f-f34ec37b8e39/ HTTP/1.1" 402 None
2023-07-27 08:00:33,165 - ERROR - list index out of range
Traceback (most recent call last):
  File "/Users/jonathanduberman/maverick_price_tool/maverick_price_scraper.py", line 112, in carsdotcom_datagrabber
    title = soup.findAll('title')[0].get_text().strip() #title format = used/new, make, model, trim, "for sale", price
IndexError: list index out of range
2023-07-27 08:00:33,168 - INFO - Scraping complete.  All available data has been scraped.
