DEBUG:urllib3.connectionpool:Starting new HTTPS connection (1): www.cars.com:443
DEBUG:urllib3.connectionpool:https://www.cars.com:443 "GET /shopping/results/?dealer_id=&keyword=&list_price_max=&list_price_min=&makes%5B%5D=ford&maximum_distance=all&mileage_max=&models%5B%5D=ford-maverick&page=1&page_size=100&sort=distance&stock_type=used&year_max=&year_min=&zip=28533 HTTP/1.1" 200 None
DEBUG:urllib3.connectionpool:Starting new HTTPS connection (1): www.cars.com:443
DEBUG:urllib3.connectionpool:https://www.cars.com:443 "GET /shopping/results/?dealer_id=&keyword=&list_price_max=&list_price_min=&makes%5B%5D=ford&maximum_distance=all&mileage_max=&models%5B%5D=ford-maverick&page=1&page_size=100&sort=distance&stock_type=used&year_max=&year_min=&zip=28533 HTTP/1.1" 200 None
DEBUG:urllib3.connectionpool:Starting new HTTPS connection (1): www.cars.com:443
DEBUG:urllib3.connectionpool:https://www.cars.com:443 "GET /shopping/results/?dealer_id=&keyword=&list_price_max=&list_price_min=&makes%5B%5D=ford&maximum_distance=all&mileage_max=&models%5B%5D=ford-maverick&page=2&page_size=100&sort=distance&stock_type=used&year_max=&year_min=&zip=28533 HTTP/1.1" 200 None
DEBUG:urllib3.connectionpool:Starting new HTTPS connection (1): www.cars.com:443
DEBUG:urllib3.connectionpool:https://www.cars.com:443 "GET /shopping/results/?dealer_id=&keyword=&list_price_max=&list_price_min=&makes%5B%5D=ford&maximum_distance=all&mileage_max=&models%5B%5D=ford-maverick&page=3&page_size=100&sort=distance&stock_type=used&year_max=&year_min=&zip=28533 HTTP/1.1" 200 None
DEBUG:urllib3.connectionpool:Starting new HTTPS connection (1): www.cars.com:443
DEBUG:urllib3.connectionpool:https://www.cars.com:443 "GET /shopping/results/?dealer_id=&keyword=&list_price_max=&list_price_min=&makes%5B%5D=ford&maximum_distance=all&mileage_max=&models%5B%5D=ford-maverick&page=4&page_size=100&sort=distance&stock_type=used&year_max=&year_min=&zip=28533 HTTP/1.1" 200 None
DEBUG:urllib3.connectionpool:Starting new HTTPS connection (1): www.cars.com:443
DEBUG:urllib3.connectionpool:https://www.cars.com:443 "GET /shopping/results/?dealer_id=&keyword=&list_price_max=&list_price_min=&makes%5B%5D=ford&maximum_distance=all&mileage_max=&models%5B%5D=ford-maverick&page=5&page_size=100&sort=distance&stock_type=used&year_max=&year_min=&zip=28533 HTTP/1.1" 200 None
DEBUG:urllib3.connectionpool:Starting new HTTPS connection (1): www.cars.com:443
DEBUG:urllib3.connectionpool:https://www.cars.com:443 "GET /shopping/results/?dealer_id=&keyword=&list_price_max=&list_price_min=&makes%5B%5D=ford&maximum_distance=all&mileage_max=&models%5B%5D=ford-maverick&page=6&page_size=100&sort=distance&stock_type=used&year_max=&year_min=&zip=28533 HTTP/1.1" 200 None
DEBUG:urllib3.connectionpool:Starting new HTTPS connection (1): www.cars.com:443
DEBUG:urllib3.connectionpool:https://www.cars.com:443 "GET /shopping/results/?dealer_id=&keyword=&list_price_max=&list_price_min=&makes%5B%5D=ford&maximum_distance=all&mileage_max=&models%5B%5D=ford-maverick&page=7&page_size=100&sort=distance&stock_type=used&year_max=&year_min=&zip=28533 HTTP/1.1" 200 None
DEBUG:urllib3.connectionpool:Starting new HTTPS connection (1): www.cars.com:443
DEBUG:urllib3.connectionpool:https://www.cars.com:443 "GET /shopping/results/?dealer_id=&keyword=&list_price_max=&list_price_min=&makes%5B%5D=ford&maximum_distance=all&mileage_max=&models%5B%5D=ford-maverick&page=8&page_size=100&sort=distance&stock_type=used&year_max=&year_min=&zip=28533 HTTP/1.1" 200 None
DEBUG:urllib3.connectionpool:Starting new HTTP connection (1): us-ca.proxymesh.com:31280
DEBUG:urllib3.connectionpool:http://us-ca.proxymesh.com:31280 "GET http://cars.com///vehicledetail/1989ad20-7a95-479f-a6e1-c3c279b61d12/ HTTP/1.1" 301 0
DEBUG:urllib3.connectionpool:Starting new HTTPS connection (1): www.cars.com:443
DEBUG:urllib3.connectionpool:https://www.cars.com:443 "GET ///vehicledetail/1989ad20-7a95-479f-a6e1-c3c279b61d12/ HTTP/1.1" 200 None
DEBUG:root:Iteration Number: 332 successful
DEBUG:urllib3.connectionpool:Starting new HTTP connection (1): us-ca.proxymesh.com:31280
DEBUG:urllib3.connectionpool:http://us-ca.proxymesh.com:31280 "GET http://cars.com///vehicledetail/6f33200f-9dec-4324-b03b-ab8f363b4b5f/ HTTP/1.1" 301 0
DEBUG:urllib3.connectionpool:Starting new HTTPS connection (1): www.cars.com:443
DEBUG:urllib3.connectionpool:https://www.cars.com:443 "GET ///vehicledetail/6f33200f-9dec-4324-b03b-ab8f363b4b5f/ HTTP/1.1" 200 None
ERROR:root:invalid literal for int() with base 10: '–'
Traceback (most recent call last):
  File "/var/folders/zw/3xdss1j523x9qng4qkt1r5pc0000gn/T/ipykernel_49856/1220181707.py", line 80, in carsdotcom_datagrabber
    mileage_int = int(mileage_int.replace(' mi.', '')) #Need to turn mileage into integer to do math on it
ValueError: invalid literal for int() with base 10: '–'
DEBUG:root:Iteration Number: 333 successful
