DEBUG:urllib3.connectionpool:Starting new HTTPS connection (1): www.cars.com:443
DEBUG:urllib3.connectionpool:https://www.cars.com:443 "GET /shopping/results/?dealer_id=&keyword=&list_price_max=&list_price_min=&makes%5B%5D=ford&maximum_distance=all&mileage_max=&models%5B%5D=ford-maverick&page=1&page_size=100&sort=distance&stock_type=used&year_max=&year_min=&zip=28533 HTTP/1.1" 200 None
DEBUG:urllib3.connectionpool:Starting new HTTPS connection (1): www.cars.com:443
DEBUG:urllib3.connectionpool:https://www.cars.com:443 "GET /shopping/results/?dealer_id=&keyword=&list_price_max=&list_price_min=&makes%5B%5D=ford&maximum_distance=all&mileage_max=&models%5B%5D=ford-maverick&page=1&page_size=100&sort=distance&stock_type=used&year_max=&year_min=&zip=28533 HTTP/1.1" 200 None
DEBUG:urllib3.connectionpool:Starting new HTTPS connection (1): www.cars.com:443
DEBUG:urllib3.connectionpool:https://www.cars.com:443 "GET /shopping/results/?dealer_id=&keyword=&list_price_max=&list_price_min=&makes%5B%5D=ford&maximum_distance=all&mileage_max=&models%5B%5D=ford-maverick&page=2&page_size=100&sort=distance&stock_type=used&year_max=&year_min=&zip=28533 HTTP/1.1" 200 None
DEBUG:urllib3.connectionpool:Starting new HTTPS connection (1): www.cars.com:443
DEBUG:urllib3.connectionpool:https://www.cars.com:443 "GET /shopping/results/?dealer_id=&keyword=&list_price_max=&list_price_min=&makes%5B%5D=ford&maximum_distance=all&mileage_max=&models%5B%5D=ford-maverick&page=3&page_size=100&sort=distance&stock_type=used&year_max=&year_min=&zip=28533 HTTP/1.1" 200 None
DEBUG:urllib3.connectionpool:Starting new HTTPS connection (1): www.cars.com:443
DEBUG:urllib3.connectionpool:https://www.cars.com:443 "GET /shopping/results/?dealer_id=&keyword=&list_price_max=&list_price_min=&makes%5B%5D=ford&maximum_distance=all&mileage_max=&models%5B%5D=ford-maverick&page=4&page_size=100&sort=distance&stock_type=used&year_max=&year_min=&zip=28533 HTTP/1.1" 200 None
DEBUG:urllib3.connectionpool:Starting new HTTPS connection (1): www.cars.com:443
DEBUG:urllib3.connectionpool:https://www.cars.com:443 "GET /shopping/results/?dealer_id=&keyword=&list_price_max=&list_price_min=&makes%5B%5D=ford&maximum_distance=all&mileage_max=&models%5B%5D=ford-maverick&page=5&page_size=100&sort=distance&stock_type=used&year_max=&year_min=&zip=28533 HTTP/1.1" 200 None
DEBUG:urllib3.connectionpool:Starting new HTTPS connection (1): www.cars.com:443
DEBUG:urllib3.connectionpool:https://www.cars.com:443 "GET /shopping/results/?dealer_id=&keyword=&list_price_max=&list_price_min=&makes%5B%5D=ford&maximum_distance=all&mileage_max=&models%5B%5D=ford-maverick&page=6&page_size=100&sort=distance&stock_type=used&year_max=&year_min=&zip=28533 HTTP/1.1" 200 None
DEBUG:urllib3.connectionpool:Starting new HTTPS connection (1): www.cars.com:443
DEBUG:urllib3.connectionpool:https://www.cars.com:443 "GET /shopping/results/?dealer_id=&keyword=&list_price_max=&list_price_min=&makes%5B%5D=ford&maximum_distance=all&mileage_max=&models%5B%5D=ford-maverick&page=7&page_size=100&sort=distance&stock_type=used&year_max=&year_min=&zip=28533 HTTP/1.1" 200 None
DEBUG:urllib3.connectionpool:Starting new HTTPS connection (1): www.cars.com:443
DEBUG:urllib3.connectionpool:https://www.cars.com:443 "GET /shopping/results/?dealer_id=&keyword=&list_price_max=&list_price_min=&makes%5B%5D=ford&maximum_distance=all&mileage_max=&models%5B%5D=ford-maverick&page=8&page_size=100&sort=distance&stock_type=used&year_max=&year_min=&zip=28533 HTTP/1.1" 200 None
DEBUG:urllib3.connectionpool:Starting new HTTP connection (1): us-ca.proxymesh.com:31280
DEBUG:urllib3.connectionpool:http://us-ca.proxymesh.com:31280 "GET http://cars.com///vehicledetail/6f33200f-9dec-4324-b03b-ab8f363b4b5f/ HTTP/1.1" 301 0
DEBUG:urllib3.connectionpool:Starting new HTTPS connection (1): www.cars.com:443
DEBUG:urllib3.connectionpool:https://www.cars.com:443 "GET ///vehicledetail/6f33200f-9dec-4324-b03b-ab8f363b4b5f/ HTTP/1.1" 200 None
ERROR:root:invalid literal for int() with base 10: '–'
Traceback (most recent call last):
  File "/Users/jonathanduberman/maverick_price_tool/maverick_price_scraper.py", line 182, in carsdotcom_datagrabber
    mileage_int = int(mileage_int.replace(' mi.', '')) #Need to turn mileage into integer to do math on it
ValueError: invalid literal for int() with base 10: '–'
DEBUG:root:Iteration Number: 332 successful
DEBUG:urllib3.connectionpool:Starting new HTTP connection (1): us-ca.proxymesh.com:31280
DEBUG:urllib3.connectionpool:http://us-ca.proxymesh.com:31280 "GET http://cars.com///vehicledetail/d9eac392-e1ae-4c14-8eb4-c7afd8fce6c9/ HTTP/1.1" 301 0
DEBUG:urllib3.connectionpool:Starting new HTTPS connection (1): www.cars.com:443
DEBUG:urllib3.connectionpool:https://www.cars.com:443 "GET ///vehicledetail/d9eac392-e1ae-4c14-8eb4-c7afd8fce6c9/ HTTP/1.1" 200 None
ERROR:root:list index out of range
Traceback (most recent call last):
  File "/Users/jonathanduberman/maverick_price_tool/maverick_price_scraper.py", line 125, in carsdotcom_datagrabber
    dealer_address = seller_info_section.find_all('div',class_='dealer-address')[0].get_text().strip() # dealer adress in a sub class called dealer-address or seller-address
IndexError: list index out of range
ERROR:root:list index out of range
Traceback (most recent call last):
  File "/Users/jonathanduberman/maverick_price_tool/maverick_price_scraper.py", line 131, in carsdotcom_datagrabber
    dealer_address = seller_info_section.find_all('div',class_='seller-address')[0].get_text().strip() # private seller
IndexError: list index out of range
DEBUG:root:Iteration Number: 333 successful
