2023-08-11 08:00:05,236 - DEBUG - Starting new HTTPS connection (1): www.cars.com:443
2023-08-11 08:00:06,382 - DEBUG - https://www.cars.com:443 "GET /shopping/results/?dealer_id=&keyword=&list_price_max=&list_price_min=&makes%5B%5D=ford&maximum_distance=all&mileage_max=&models%5B%5D=ford-maverick&page=1&page_size=100&sort=distance&stock_type=used&year_max=&year_min=&zip=28533 HTTP/1.1" 200 None
2023-08-11 08:00:07,822 - DEBUG - Starting new HTTPS connection (1): www.cars.com:443
2023-08-11 08:00:09,045 - DEBUG - https://www.cars.com:443 "GET /shopping/results/?dealer_id=&keyword=&list_price_max=&list_price_min=&makes%5B%5D=ford&maximum_distance=all&mileage_max=&models%5B%5D=ford-maverick&page=1&page_size=100&sort=distance&stock_type=used&year_max=&year_min=&zip=28533 HTTP/1.1" 200 None
2023-08-11 08:00:12,613 - DEBUG - Starting new HTTP connection (1): us-ca.proxymesh.com:31280
2023-08-11 08:00:12,984 - DEBUG - http://us-ca.proxymesh.com:31280 "GET http://cars.com///vehicledetail/ee8cfcbf-c8ac-4d31-9909-e149417576d2/ HTTP/1.1" 402 None
2023-08-11 08:00:12,986 - ERROR - list index out of range
Traceback (most recent call last):
  File "/Users/jonathanduberman/maverick_price_tool/maverick_price_scraper.py", line 112, in carsdotcom_datagrabber
    title = soup.findAll('title')[0].get_text().strip() #title format = used/new, make, model, trim, "for sale", price
IndexError: list index out of range
2023-08-11 08:00:12,990 - DEBUG - Starting new HTTP connection (1): us-ca.proxymesh.com:31280
2023-08-11 08:00:13,239 - DEBUG - http://us-ca.proxymesh.com:31280 "GET http://cars.com///vehicledetail/b8fd4acc-cc97-4f5a-ac15-10a6f84c937e/ HTTP/1.1" 402 None
2023-08-11 08:00:13,240 - ERROR - list index out of range
Traceback (most recent call last):
  File "/Users/jonathanduberman/maverick_price_tool/maverick_price_scraper.py", line 112, in carsdotcom_datagrabber
    title = soup.findAll('title')[0].get_text().strip() #title format = used/new, make, model, trim, "for sale", price
IndexError: list index out of range
2023-08-11 08:00:13,242 - DEBUG - Starting new HTTP connection (1): us-ca.proxymesh.com:31280
2023-08-11 08:00:13,443 - DEBUG - http://us-ca.proxymesh.com:31280 "GET http://cars.com///vehicledetail/2da57dcb-7d05-4479-8f03-054f65038d70/ HTTP/1.1" 402 None
2023-08-11 08:00:13,443 - ERROR - list index out of range
Traceback (most recent call last):
  File "/Users/jonathanduberman/maverick_price_tool/maverick_price_scraper.py", line 112, in carsdotcom_datagrabber
    title = soup.findAll('title')[0].get_text().strip() #title format = used/new, make, model, trim, "for sale", price
IndexError: list index out of range
2023-08-11 08:00:13,446 - DEBUG - Starting new HTTP connection (1): us-ca.proxymesh.com:31280
2023-08-11 08:00:13,640 - DEBUG - http://us-ca.proxymesh.com:31280 "GET http://cars.com///vehicledetail/f6456d55-9dc9-4fcd-8cfa-0d2b5639d605/ HTTP/1.1" 402 None
2023-08-11 08:00:13,641 - ERROR - list index out of range
Traceback (most recent call last):
  File "/Users/jonathanduberman/maverick_price_tool/maverick_price_scraper.py", line 112, in carsdotcom_datagrabber
    title = soup.findAll('title')[0].get_text().strip() #title format = used/new, make, model, trim, "for sale", price
IndexError: list index out of range
2023-08-11 08:00:13,644 - DEBUG - Starting new HTTP connection (1): us-ca.proxymesh.com:31280
2023-08-11 08:00:13,835 - DEBUG - http://us-ca.proxymesh.com:31280 "GET http://cars.com///vehicledetail/30aa460d-7275-48e4-bdec-a9da6f564631/ HTTP/1.1" 402 None
2023-08-11 08:00:13,837 - ERROR - list index out of range
Traceback (most recent call last):
  File "/Users/jonathanduberman/maverick_price_tool/maverick_price_scraper.py", line 112, in carsdotcom_datagrabber
    title = soup.findAll('title')[0].get_text().strip() #title format = used/new, make, model, trim, "for sale", price
IndexError: list index out of range
2023-08-11 08:00:13,853 - DEBUG - Starting new HTTP connection (1): us-ca.proxymesh.com:31280
2023-08-11 08:00:14,062 - DEBUG - http://us-ca.proxymesh.com:31280 "GET http://cars.com///vehicledetail/1d6f012f-799e-42d1-8b04-44ee5144d90d/ HTTP/1.1" 402 None
2023-08-11 08:00:14,064 - ERROR - list index out of range
Traceback (most recent call last):
  File "/Users/jonathanduberman/maverick_price_tool/maverick_price_scraper.py", line 112, in carsdotcom_datagrabber
    title = soup.findAll('title')[0].get_text().strip() #title format = used/new, make, model, trim, "for sale", price
IndexError: list index out of range
2023-08-11 08:00:14,068 - DEBUG - Starting new HTTP connection (1): us-ca.proxymesh.com:31280
2023-08-11 08:00:14,251 - DEBUG - http://us-ca.proxymesh.com:31280 "GET http://cars.com///vehicledetail/56a144e7-a837-40a4-95da-b8cf40519bea/ HTTP/1.1" 402 None
2023-08-11 08:00:14,253 - ERROR - list index out of range
Traceback (most recent call last):
  File "/Users/jonathanduberman/maverick_price_tool/maverick_price_scraper.py", line 112, in carsdotcom_datagrabber
    title = soup.findAll('title')[0].get_text().strip() #title format = used/new, make, model, trim, "for sale", price
IndexError: list index out of range
2023-08-11 08:00:14,257 - DEBUG - Starting new HTTP connection (1): us-ca.proxymesh.com:31280
2023-08-11 08:00:14,449 - DEBUG - http://us-ca.proxymesh.com:31280 "GET http://cars.com///vehicledetail/7ed7ed5d-f7bc-410f-a48d-a702a26f18f6/ HTTP/1.1" 402 None
2023-08-11 08:00:14,451 - ERROR - list index out of range
Traceback (most recent call last):
  File "/Users/jonathanduberman/maverick_price_tool/maverick_price_scraper.py", line 112, in carsdotcom_datagrabber
    title = soup.findAll('title')[0].get_text().strip() #title format = used/new, make, model, trim, "for sale", price
IndexError: list index out of range
2023-08-11 08:00:14,456 - DEBUG - Starting new HTTP connection (1): us-ca.proxymesh.com:31280
2023-08-11 08:00:14,642 - DEBUG - http://us-ca.proxymesh.com:31280 "GET http://cars.com///vehicledetail/4a829fbf-a2e7-44de-a223-5f3aa9c2b74c/ HTTP/1.1" 402 None
2023-08-11 08:00:14,644 - ERROR - list index out of range
Traceback (most recent call last):
  File "/Users/jonathanduberman/maverick_price_tool/maverick_price_scraper.py", line 112, in carsdotcom_datagrabber
    title = soup.findAll('title')[0].get_text().strip() #title format = used/new, make, model, trim, "for sale", price
IndexError: list index out of range
2023-08-11 08:00:14,648 - DEBUG - Starting new HTTP connection (1): us-ca.proxymesh.com:31280
2023-08-11 08:00:14,909 - DEBUG - http://us-ca.proxymesh.com:31280 "GET http://cars.com///vehicledetail/363a67c5-659f-4a2b-9dd8-c74e1e1dfa79/ HTTP/1.1" 402 None
2023-08-11 08:00:14,911 - ERROR - list index out of range
Traceback (most recent call last):
  File "/Users/jonathanduberman/maverick_price_tool/maverick_price_scraper.py", line 112, in carsdotcom_datagrabber
    title = soup.findAll('title')[0].get_text().strip() #title format = used/new, make, model, trim, "for sale", price
IndexError: list index out of range
2023-08-11 08:00:14,915 - DEBUG - Starting new HTTP connection (1): us-ca.proxymesh.com:31280
2023-08-11 08:00:15,096 - DEBUG - http://us-ca.proxymesh.com:31280 "GET http://cars.com///vehicledetail/29eddb0d-aaea-43be-81ba-2a29d0b5a5ab/ HTTP/1.1" 402 None
2023-08-11 08:00:15,097 - ERROR - list index out of range
Traceback (most recent call last):
  File "/Users/jonathanduberman/maverick_price_tool/maverick_price_scraper.py", line 112, in carsdotcom_datagrabber
    title = soup.findAll('title')[0].get_text().strip() #title format = used/new, make, model, trim, "for sale", price
IndexError: list index out of range
2023-08-11 08:00:15,102 - DEBUG - Starting new HTTP connection (1): us-ca.proxymesh.com:31280
2023-08-11 08:00:15,286 - DEBUG - http://us-ca.proxymesh.com:31280 "GET http://cars.com///vehicledetail/71161492-0363-4581-bb53-d7c8594658a4/ HTTP/1.1" 402 None
2023-08-11 08:00:15,288 - ERROR - list index out of range
Traceback (most recent call last):
  File "/Users/jonathanduberman/maverick_price_tool/maverick_price_scraper.py", line 112, in carsdotcom_datagrabber
    title = soup.findAll('title')[0].get_text().strip() #title format = used/new, make, model, trim, "for sale", price
IndexError: list index out of range
2023-08-11 08:00:15,292 - DEBUG - Starting new HTTP connection (1): us-ca.proxymesh.com:31280
2023-08-11 08:00:15,483 - DEBUG - http://us-ca.proxymesh.com:31280 "GET http://cars.com///vehicledetail/5ff372f4-b416-4320-9946-41b439ba524c/ HTTP/1.1" 402 None
2023-08-11 08:00:15,485 - ERROR - list index out of range
Traceback (most recent call last):
  File "/Users/jonathanduberman/maverick_price_tool/maverick_price_scraper.py", line 112, in carsdotcom_datagrabber
    title = soup.findAll('title')[0].get_text().strip() #title format = used/new, make, model, trim, "for sale", price
IndexError: list index out of range
2023-08-11 08:00:15,490 - DEBUG - Starting new HTTP connection (1): us-ca.proxymesh.com:31280
2023-08-11 08:00:15,691 - DEBUG - http://us-ca.proxymesh.com:31280 "GET http://cars.com///vehicledetail/78fd21f8-8d85-4840-b6ba-a12277a74394/ HTTP/1.1" 402 None
2023-08-11 08:00:15,693 - ERROR - list index out of range
Traceback (most recent call last):
  File "/Users/jonathanduberman/maverick_price_tool/maverick_price_scraper.py", line 112, in carsdotcom_datagrabber
    title = soup.findAll('title')[0].get_text().strip() #title format = used/new, make, model, trim, "for sale", price
IndexError: list index out of range
2023-08-11 08:00:15,697 - DEBUG - Starting new HTTP connection (1): us-ca.proxymesh.com:31280
2023-08-11 08:00:15,894 - DEBUG - http://us-ca.proxymesh.com:31280 "GET http://cars.com///vehicledetail/851c5e42-02fc-4a37-b170-4c909df7b09d/ HTTP/1.1" 402 None
2023-08-11 08:00:15,896 - ERROR - list index out of range
Traceback (most recent call last):
  File "/Users/jonathanduberman/maverick_price_tool/maverick_price_scraper.py", line 112, in carsdotcom_datagrabber
    title = soup.findAll('title')[0].get_text().strip() #title format = used/new, make, model, trim, "for sale", price
IndexError: list index out of range
2023-08-11 08:00:15,900 - DEBUG - Starting new HTTP connection (1): us-ca.proxymesh.com:31280
2023-08-11 08:00:16,091 - DEBUG - http://us-ca.proxymesh.com:31280 "GET http://cars.com///vehicledetail/623e2102-a750-4784-8a3b-5f8b36799b6b/ HTTP/1.1" 402 None
2023-08-11 08:00:16,093 - ERROR - list index out of range
Traceback (most recent call last):
  File "/Users/jonathanduberman/maverick_price_tool/maverick_price_scraper.py", line 112, in carsdotcom_datagrabber
    title = soup.findAll('title')[0].get_text().strip() #title format = used/new, make, model, trim, "for sale", price
IndexError: list index out of range
2023-08-11 08:00:16,097 - DEBUG - Starting new HTTP connection (1): us-ca.proxymesh.com:31280
2023-08-11 08:00:16,280 - DEBUG - http://us-ca.proxymesh.com:31280 "GET http://cars.com///vehicledetail/023ed91c-4cb0-452f-a24f-75ed6c860d7b/ HTTP/1.1" 402 None
2023-08-11 08:00:16,282 - ERROR - list index out of range
Traceback (most recent call last):
  File "/Users/jonathanduberman/maverick_price_tool/maverick_price_scraper.py", line 112, in carsdotcom_datagrabber
    title = soup.findAll('title')[0].get_text().strip() #title format = used/new, make, model, trim, "for sale", price
IndexError: list index out of range
2023-08-11 08:00:16,286 - DEBUG - Starting new HTTP connection (1): us-ca.proxymesh.com:31280
2023-08-11 08:00:16,475 - DEBUG - http://us-ca.proxymesh.com:31280 "GET http://cars.com///vehicledetail/3e003be1-aa2f-4a43-9c35-3ff753ac84d9/ HTTP/1.1" 402 None
2023-08-11 08:00:16,477 - ERROR - list index out of range
Traceback (most recent call last):
  File "/Users/jonathanduberman/maverick_price_tool/maverick_price_scraper.py", line 112, in carsdotcom_datagrabber
    title = soup.findAll('title')[0].get_text().strip() #title format = used/new, make, model, trim, "for sale", price
IndexError: list index out of range
2023-08-11 08:00:16,481 - DEBUG - Starting new HTTP connection (1): us-ca.proxymesh.com:31280
2023-08-11 08:00:16,722 - DEBUG - http://us-ca.proxymesh.com:31280 "GET http://cars.com///vehicledetail/fa55873e-8819-4fb0-8a08-f000fac6e827/ HTTP/1.1" 402 None
2023-08-11 08:00:16,724 - ERROR - list index out of range
Traceback (most recent call last):
  File "/Users/jonathanduberman/maverick_price_tool/maverick_price_scraper.py", line 112, in carsdotcom_datagrabber
    title = soup.findAll('title')[0].get_text().strip() #title format = used/new, make, model, trim, "for sale", price
IndexError: list index out of range
2023-08-11 08:00:16,729 - DEBUG - Starting new HTTP connection (1): us-ca.proxymesh.com:31280
2023-08-11 08:00:16,939 - DEBUG - http://us-ca.proxymesh.com:31280 "GET http://cars.com///vehicledetail/9da5b7ad-ebe5-4519-88fa-62b2ac202fc2/ HTTP/1.1" 402 None
2023-08-11 08:00:16,942 - ERROR - list index out of range
Traceback (most recent call last):
  File "/Users/jonathanduberman/maverick_price_tool/maverick_price_scraper.py", line 112, in carsdotcom_datagrabber
    title = soup.findAll('title')[0].get_text().strip() #title format = used/new, make, model, trim, "for sale", price
IndexError: list index out of range
2023-08-11 08:00:16,946 - DEBUG - Starting new HTTP connection (1): us-ca.proxymesh.com:31280
2023-08-11 08:00:17,135 - DEBUG - http://us-ca.proxymesh.com:31280 "GET http://cars.com///vehicledetail/15512ed6-09d6-4fd6-96eb-bd2d76ef92f1/ HTTP/1.1" 402 None
2023-08-11 08:00:17,137 - ERROR - list index out of range
Traceback (most recent call last):
  File "/Users/jonathanduberman/maverick_price_tool/maverick_price_scraper.py", line 112, in carsdotcom_datagrabber
    title = soup.findAll('title')[0].get_text().strip() #title format = used/new, make, model, trim, "for sale", price
IndexError: list index out of range
2023-08-11 08:00:17,141 - DEBUG - Starting new HTTP connection (1): us-ca.proxymesh.com:31280
2023-08-11 08:00:17,329 - DEBUG - http://us-ca.proxymesh.com:31280 "GET http://cars.com///vehicledetail/d3faeb29-5e1f-4c88-b454-54f5df7f2afc/ HTTP/1.1" 402 None
2023-08-11 08:00:17,331 - ERROR - list index out of range
Traceback (most recent call last):
  File "/Users/jonathanduberman/maverick_price_tool/maverick_price_scraper.py", line 112, in carsdotcom_datagrabber
    title = soup.findAll('title')[0].get_text().strip() #title format = used/new, make, model, trim, "for sale", price
IndexError: list index out of range
2023-08-11 08:00:17,335 - DEBUG - Starting new HTTP connection (1): us-ca.proxymesh.com:31280
2023-08-11 08:00:17,526 - DEBUG - http://us-ca.proxymesh.com:31280 "GET http://cars.com///vehicledetail/508c5f01-c926-4903-b552-491dc03171ca/ HTTP/1.1" 402 None
2023-08-11 08:00:17,527 - ERROR - list index out of range
Traceback (most recent call last):
  File "/Users/jonathanduberman/maverick_price_tool/maverick_price_scraper.py", line 112, in carsdotcom_datagrabber
    title = soup.findAll('title')[0].get_text().strip() #title format = used/new, make, model, trim, "for sale", price
IndexError: list index out of range
2023-08-11 08:00:17,532 - DEBUG - Starting new HTTP connection (1): us-ca.proxymesh.com:31280
2023-08-11 08:00:17,798 - DEBUG - http://us-ca.proxymesh.com:31280 "GET http://cars.com///vehicledetail/8b32af7d-c3b3-47fd-8695-675c47f6ceb0/ HTTP/1.1" 402 None
2023-08-11 08:00:17,800 - ERROR - list index out of range
Traceback (most recent call last):
  File "/Users/jonathanduberman/maverick_price_tool/maverick_price_scraper.py", line 112, in carsdotcom_datagrabber
    title = soup.findAll('title')[0].get_text().strip() #title format = used/new, make, model, trim, "for sale", price
IndexError: list index out of range
2023-08-11 08:00:17,805 - DEBUG - Starting new HTTP connection (1): us-ca.proxymesh.com:31280
2023-08-11 08:00:17,982 - DEBUG - http://us-ca.proxymesh.com:31280 "GET http://cars.com///vehicledetail/a6668fee-cac9-45b3-9882-da1b9767c223/ HTTP/1.1" 402 None
2023-08-11 08:00:17,984 - ERROR - list index out of range
Traceback (most recent call last):
  File "/Users/jonathanduberman/maverick_price_tool/maverick_price_scraper.py", line 112, in carsdotcom_datagrabber
    title = soup.findAll('title')[0].get_text().strip() #title format = used/new, make, model, trim, "for sale", price
IndexError: list index out of range
2023-08-11 08:00:17,988 - DEBUG - Starting new HTTP connection (1): us-ca.proxymesh.com:31280
2023-08-11 08:00:18,179 - DEBUG - http://us-ca.proxymesh.com:31280 "GET http://cars.com///vehicledetail/32e3d417-4ed5-4dba-85af-8843508304dc/ HTTP/1.1" 402 None
2023-08-11 08:00:18,180 - ERROR - list index out of range
Traceback (most recent call last):
  File "/Users/jonathanduberman/maverick_price_tool/maverick_price_scraper.py", line 112, in carsdotcom_datagrabber
    title = soup.findAll('title')[0].get_text().strip() #title format = used/new, make, model, trim, "for sale", price
IndexError: list index out of range
2023-08-11 08:00:18,185 - DEBUG - Starting new HTTP connection (1): us-ca.proxymesh.com:31280
2023-08-11 08:00:18,371 - DEBUG - http://us-ca.proxymesh.com:31280 "GET http://cars.com///vehicledetail/a0f3f694-b52c-4444-8adf-5a8929edbeab/ HTTP/1.1" 402 None
2023-08-11 08:00:18,373 - ERROR - list index out of range
Traceback (most recent call last):
  File "/Users/jonathanduberman/maverick_price_tool/maverick_price_scraper.py", line 112, in carsdotcom_datagrabber
    title = soup.findAll('title')[0].get_text().strip() #title format = used/new, make, model, trim, "for sale", price
IndexError: list index out of range
2023-08-11 08:00:18,377 - DEBUG - Starting new HTTP connection (1): us-ca.proxymesh.com:31280
2023-08-11 08:00:18,565 - DEBUG - http://us-ca.proxymesh.com:31280 "GET http://cars.com///vehicledetail/cc48f3c4-7c16-49a0-8525-7b0f1155b8c8/ HTTP/1.1" 402 None
2023-08-11 08:00:18,567 - ERROR - list index out of range
Traceback (most recent call last):
  File "/Users/jonathanduberman/maverick_price_tool/maverick_price_scraper.py", line 112, in carsdotcom_datagrabber
    title = soup.findAll('title')[0].get_text().strip() #title format = used/new, make, model, trim, "for sale", price
IndexError: list index out of range
2023-08-11 08:00:18,572 - DEBUG - Starting new HTTP connection (1): us-ca.proxymesh.com:31280
2023-08-11 08:00:18,767 - DEBUG - http://us-ca.proxymesh.com:31280 "GET http://cars.com///vehicledetail/676986cf-45a5-40f7-9c29-5c56b6ccf6c5/ HTTP/1.1" 402 None
2023-08-11 08:00:18,769 - ERROR - list index out of range
Traceback (most recent call last):
  File "/Users/jonathanduberman/maverick_price_tool/maverick_price_scraper.py", line 112, in carsdotcom_datagrabber
    title = soup.findAll('title')[0].get_text().strip() #title format = used/new, make, model, trim, "for sale", price
IndexError: list index out of range
2023-08-11 08:00:18,773 - DEBUG - Starting new HTTP connection (1): us-ca.proxymesh.com:31280
2023-08-11 08:00:18,952 - DEBUG - http://us-ca.proxymesh.com:31280 "GET http://cars.com///vehicledetail/5471f8a5-8a93-4ce5-a0d4-806f6e223340/ HTTP/1.1" 402 None
2023-08-11 08:00:18,954 - ERROR - list index out of range
Traceback (most recent call last):
  File "/Users/jonathanduberman/maverick_price_tool/maverick_price_scraper.py", line 112, in carsdotcom_datagrabber
    title = soup.findAll('title')[0].get_text().strip() #title format = used/new, make, model, trim, "for sale", price
IndexError: list index out of range
2023-08-11 08:00:18,958 - DEBUG - Starting new HTTP connection (1): us-ca.proxymesh.com:31280
2023-08-11 08:00:19,145 - DEBUG - http://us-ca.proxymesh.com:31280 "GET http://cars.com///vehicledetail/76df3680-c2fc-4d73-b3a8-0b8a47b989e3/ HTTP/1.1" 402 None
2023-08-11 08:00:19,147 - ERROR - list index out of range
Traceback (most recent call last):
  File "/Users/jonathanduberman/maverick_price_tool/maverick_price_scraper.py", line 112, in carsdotcom_datagrabber
    title = soup.findAll('title')[0].get_text().strip() #title format = used/new, make, model, trim, "for sale", price
IndexError: list index out of range
2023-08-11 08:00:19,151 - DEBUG - Starting new HTTP connection (1): us-ca.proxymesh.com:31280
2023-08-11 08:00:19,339 - DEBUG - http://us-ca.proxymesh.com:31280 "GET http://cars.com///vehicledetail/2021b2e2-ea2f-4348-9c1a-2abf0f5eb513/ HTTP/1.1" 402 None
2023-08-11 08:00:19,341 - ERROR - list index out of range
Traceback (most recent call last):
  File "/Users/jonathanduberman/maverick_price_tool/maverick_price_scraper.py", line 112, in carsdotcom_datagrabber
    title = soup.findAll('title')[0].get_text().strip() #title format = used/new, make, model, trim, "for sale", price
IndexError: list index out of range
2023-08-11 08:00:19,345 - DEBUG - Starting new HTTP connection (1): us-ca.proxymesh.com:31280
2023-08-11 08:00:19,525 - DEBUG - http://us-ca.proxymesh.com:31280 "GET http://cars.com///vehicledetail/88a01119-38ed-41d8-8e12-ff1cbf6769ab/ HTTP/1.1" 402 None
2023-08-11 08:00:19,527 - ERROR - list index out of range
Traceback (most recent call last):
  File "/Users/jonathanduberman/maverick_price_tool/maverick_price_scraper.py", line 112, in carsdotcom_datagrabber
    title = soup.findAll('title')[0].get_text().strip() #title format = used/new, make, model, trim, "for sale", price
IndexError: list index out of range
2023-08-11 08:00:19,531 - DEBUG - Starting new HTTP connection (1): us-ca.proxymesh.com:31280
2023-08-11 08:00:19,741 - DEBUG - http://us-ca.proxymesh.com:31280 "GET http://cars.com///vehicledetail/8cdb34d3-e078-4e0a-83f9-92b4f1fce06f/ HTTP/1.1" 402 None
2023-08-11 08:00:19,743 - ERROR - list index out of range
Traceback (most recent call last):
  File "/Users/jonathanduberman/maverick_price_tool/maverick_price_scraper.py", line 112, in carsdotcom_datagrabber
    title = soup.findAll('title')[0].get_text().strip() #title format = used/new, make, model, trim, "for sale", price
IndexError: list index out of range
2023-08-11 08:00:19,747 - DEBUG - Starting new HTTP connection (1): us-ca.proxymesh.com:31280
2023-08-11 08:00:19,935 - DEBUG - http://us-ca.proxymesh.com:31280 "GET http://cars.com///vehicledetail/1bd96679-1fcf-4ee4-80d5-29602a417550/ HTTP/1.1" 402 None
2023-08-11 08:00:19,936 - ERROR - list index out of range
Traceback (most recent call last):
  File "/Users/jonathanduberman/maverick_price_tool/maverick_price_scraper.py", line 112, in carsdotcom_datagrabber
    title = soup.findAll('title')[0].get_text().strip() #title format = used/new, make, model, trim, "for sale", price
IndexError: list index out of range
2023-08-11 08:00:19,941 - DEBUG - Starting new HTTP connection (1): us-ca.proxymesh.com:31280
2023-08-11 08:00:20,136 - DEBUG - http://us-ca.proxymesh.com:31280 "GET http://cars.com///vehicledetail/89aea837-196a-4177-98d2-e8d072a8d61f/ HTTP/1.1" 402 None
2023-08-11 08:00:20,137 - ERROR - list index out of range
Traceback (most recent call last):
  File "/Users/jonathanduberman/maverick_price_tool/maverick_price_scraper.py", line 112, in carsdotcom_datagrabber
    title = soup.findAll('title')[0].get_text().strip() #title format = used/new, make, model, trim, "for sale", price
IndexError: list index out of range
2023-08-11 08:00:20,142 - DEBUG - Starting new HTTP connection (1): us-ca.proxymesh.com:31280
2023-08-11 08:00:20,333 - DEBUG - http://us-ca.proxymesh.com:31280 "GET http://cars.com///vehicledetail/9d5a131a-0958-43a4-90ad-641c02155117/ HTTP/1.1" 402 None
2023-08-11 08:00:20,335 - ERROR - list index out of range
Traceback (most recent call last):
  File "/Users/jonathanduberman/maverick_price_tool/maverick_price_scraper.py", line 112, in carsdotcom_datagrabber
    title = soup.findAll('title')[0].get_text().strip() #title format = used/new, make, model, trim, "for sale", price
IndexError: list index out of range
2023-08-11 08:00:20,340 - DEBUG - Starting new HTTP connection (1): us-ca.proxymesh.com:31280
2023-08-11 08:00:20,526 - DEBUG - http://us-ca.proxymesh.com:31280 "GET http://cars.com///vehicledetail/432f83eb-c504-447a-917f-3d669fb5bef0/ HTTP/1.1" 402 None
2023-08-11 08:00:20,528 - ERROR - list index out of range
Traceback (most recent call last):
  File "/Users/jonathanduberman/maverick_price_tool/maverick_price_scraper.py", line 112, in carsdotcom_datagrabber
    title = soup.findAll('title')[0].get_text().strip() #title format = used/new, make, model, trim, "for sale", price
IndexError: list index out of range
2023-08-11 08:00:20,532 - DEBUG - Starting new HTTP connection (1): us-ca.proxymesh.com:31280
2023-08-11 08:00:20,741 - DEBUG - http://us-ca.proxymesh.com:31280 "GET http://cars.com///vehicledetail/73f1783e-d34a-4ea1-808b-72380cd8ead0/ HTTP/1.1" 402 None
2023-08-11 08:00:20,743 - ERROR - list index out of range
Traceback (most recent call last):
  File "/Users/jonathanduberman/maverick_price_tool/maverick_price_scraper.py", line 112, in carsdotcom_datagrabber
    title = soup.findAll('title')[0].get_text().strip() #title format = used/new, make, model, trim, "for sale", price
IndexError: list index out of range
2023-08-11 08:00:20,747 - DEBUG - Starting new HTTP connection (1): us-ca.proxymesh.com:31280
2023-08-11 08:00:20,925 - DEBUG - http://us-ca.proxymesh.com:31280 "GET http://cars.com///vehicledetail/ec41c835-f1b2-4fc6-ac97-6404fc3964d3/ HTTP/1.1" 402 None
2023-08-11 08:00:20,927 - ERROR - list index out of range
Traceback (most recent call last):
  File "/Users/jonathanduberman/maverick_price_tool/maverick_price_scraper.py", line 112, in carsdotcom_datagrabber
    title = soup.findAll('title')[0].get_text().strip() #title format = used/new, make, model, trim, "for sale", price
IndexError: list index out of range
2023-08-11 08:00:20,932 - DEBUG - Starting new HTTP connection (1): us-ca.proxymesh.com:31280
2023-08-11 08:00:21,111 - DEBUG - http://us-ca.proxymesh.com:31280 "GET http://cars.com///vehicledetail/72c81bb6-7bc5-4a48-9679-7d929b505e2d/ HTTP/1.1" 402 None
2023-08-11 08:00:21,113 - ERROR - list index out of range
Traceback (most recent call last):
  File "/Users/jonathanduberman/maverick_price_tool/maverick_price_scraper.py", line 112, in carsdotcom_datagrabber
    title = soup.findAll('title')[0].get_text().strip() #title format = used/new, make, model, trim, "for sale", price
IndexError: list index out of range
2023-08-11 08:00:21,117 - DEBUG - Starting new HTTP connection (1): us-ca.proxymesh.com:31280
2023-08-11 08:00:21,316 - DEBUG - http://us-ca.proxymesh.com:31280 "GET http://cars.com///vehicledetail/3a8fd066-1ce2-4bad-af91-116f8be80146/ HTTP/1.1" 402 None
2023-08-11 08:00:21,318 - ERROR - list index out of range
Traceback (most recent call last):
  File "/Users/jonathanduberman/maverick_price_tool/maverick_price_scraper.py", line 112, in carsdotcom_datagrabber
    title = soup.findAll('title')[0].get_text().strip() #title format = used/new, make, model, trim, "for sale", price
IndexError: list index out of range
2023-08-11 08:00:21,323 - DEBUG - Starting new HTTP connection (1): us-ca.proxymesh.com:31280
2023-08-11 08:00:21,506 - DEBUG - http://us-ca.proxymesh.com:31280 "GET http://cars.com///vehicledetail/3ea79e82-5164-4f5a-8165-30c3f4b2f755/ HTTP/1.1" 402 None
2023-08-11 08:00:21,508 - ERROR - list index out of range
Traceback (most recent call last):
  File "/Users/jonathanduberman/maverick_price_tool/maverick_price_scraper.py", line 112, in carsdotcom_datagrabber
    title = soup.findAll('title')[0].get_text().strip() #title format = used/new, make, model, trim, "for sale", price
IndexError: list index out of range
2023-08-11 08:00:21,512 - DEBUG - Starting new HTTP connection (1): us-ca.proxymesh.com:31280
2023-08-11 08:00:21,716 - DEBUG - http://us-ca.proxymesh.com:31280 "GET http://cars.com///vehicledetail/4989f724-366c-4fb2-a75c-6b6d7e657055/ HTTP/1.1" 402 None
2023-08-11 08:00:21,718 - ERROR - list index out of range
Traceback (most recent call last):
  File "/Users/jonathanduberman/maverick_price_tool/maverick_price_scraper.py", line 112, in carsdotcom_datagrabber
    title = soup.findAll('title')[0].get_text().strip() #title format = used/new, make, model, trim, "for sale", price
IndexError: list index out of range
2023-08-11 08:00:21,722 - DEBUG - Starting new HTTP connection (1): us-ca.proxymesh.com:31280
2023-08-11 08:00:21,904 - DEBUG - http://us-ca.proxymesh.com:31280 "GET http://cars.com///vehicledetail/e2ca4035-c051-44da-acea-7e344b9952d9/ HTTP/1.1" 402 None
2023-08-11 08:00:21,906 - ERROR - list index out of range
Traceback (most recent call last):
  File "/Users/jonathanduberman/maverick_price_tool/maverick_price_scraper.py", line 112, in carsdotcom_datagrabber
    title = soup.findAll('title')[0].get_text().strip() #title format = used/new, make, model, trim, "for sale", price
IndexError: list index out of range
2023-08-11 08:00:21,910 - DEBUG - Starting new HTTP connection (1): us-ca.proxymesh.com:31280
2023-08-11 08:00:22,095 - DEBUG - http://us-ca.proxymesh.com:31280 "GET http://cars.com///vehicledetail/1d3ea4a8-4e5c-4c6a-a0e7-8ffae3833dca/ HTTP/1.1" 402 None
2023-08-11 08:00:22,097 - ERROR - list index out of range
Traceback (most recent call last):
  File "/Users/jonathanduberman/maverick_price_tool/maverick_price_scraper.py", line 112, in carsdotcom_datagrabber
    title = soup.findAll('title')[0].get_text().strip() #title format = used/new, make, model, trim, "for sale", price
IndexError: list index out of range
2023-08-11 08:00:22,101 - DEBUG - Starting new HTTP connection (1): us-ca.proxymesh.com:31280
2023-08-11 08:00:22,285 - DEBUG - http://us-ca.proxymesh.com:31280 "GET http://cars.com///vehicledetail/94de738f-f298-4e9e-9b1c-eaa57b51bfaa/ HTTP/1.1" 402 None
2023-08-11 08:00:22,287 - ERROR - list index out of range
Traceback (most recent call last):
  File "/Users/jonathanduberman/maverick_price_tool/maverick_price_scraper.py", line 112, in carsdotcom_datagrabber
    title = soup.findAll('title')[0].get_text().strip() #title format = used/new, make, model, trim, "for sale", price
IndexError: list index out of range
2023-08-11 08:00:22,291 - DEBUG - Starting new HTTP connection (1): us-ca.proxymesh.com:31280
2023-08-11 08:00:22,481 - DEBUG - http://us-ca.proxymesh.com:31280 "GET http://cars.com///vehicledetail/f2be79d5-3a51-4f31-ace6-749a89d0f68f/ HTTP/1.1" 402 None
2023-08-11 08:00:22,483 - ERROR - list index out of range
Traceback (most recent call last):
  File "/Users/jonathanduberman/maverick_price_tool/maverick_price_scraper.py", line 112, in carsdotcom_datagrabber
    title = soup.findAll('title')[0].get_text().strip() #title format = used/new, make, model, trim, "for sale", price
IndexError: list index out of range
2023-08-11 08:00:22,487 - DEBUG - Starting new HTTP connection (1): us-ca.proxymesh.com:31280
2023-08-11 08:00:22,685 - DEBUG - http://us-ca.proxymesh.com:31280 "GET http://cars.com///vehicledetail/960db5ac-7779-47bc-ac06-06649c2d64ed/ HTTP/1.1" 402 None
2023-08-11 08:00:22,687 - ERROR - list index out of range
Traceback (most recent call last):
  File "/Users/jonathanduberman/maverick_price_tool/maverick_price_scraper.py", line 112, in carsdotcom_datagrabber
    title = soup.findAll('title')[0].get_text().strip() #title format = used/new, make, model, trim, "for sale", price
IndexError: list index out of range
2023-08-11 08:00:22,691 - DEBUG - Starting new HTTP connection (1): us-ca.proxymesh.com:31280
2023-08-11 08:00:22,883 - DEBUG - http://us-ca.proxymesh.com:31280 "GET http://cars.com///vehicledetail/f4a7b785-1ad4-4a18-84d7-7f14b3145943/ HTTP/1.1" 402 None
2023-08-11 08:00:22,885 - ERROR - list index out of range
Traceback (most recent call last):
  File "/Users/jonathanduberman/maverick_price_tool/maverick_price_scraper.py", line 112, in carsdotcom_datagrabber
    title = soup.findAll('title')[0].get_text().strip() #title format = used/new, make, model, trim, "for sale", price
IndexError: list index out of range
2023-08-11 08:00:22,889 - DEBUG - Starting new HTTP connection (1): us-ca.proxymesh.com:31280
2023-08-11 08:00:23,077 - DEBUG - http://us-ca.proxymesh.com:31280 "GET http://cars.com///vehicledetail/ce0426e5-1707-47c5-bd6c-4eb20565a9d7/ HTTP/1.1" 402 None
2023-08-11 08:00:23,079 - ERROR - list index out of range
Traceback (most recent call last):
  File "/Users/jonathanduberman/maverick_price_tool/maverick_price_scraper.py", line 112, in carsdotcom_datagrabber
    title = soup.findAll('title')[0].get_text().strip() #title format = used/new, make, model, trim, "for sale", price
IndexError: list index out of range
2023-08-11 08:00:23,084 - DEBUG - Starting new HTTP connection (1): us-ca.proxymesh.com:31280
2023-08-11 08:00:23,261 - DEBUG - http://us-ca.proxymesh.com:31280 "GET http://cars.com///vehicledetail/a4075be5-6560-4b8e-8aa9-e4d661c473fe/ HTTP/1.1" 402 None
2023-08-11 08:00:23,262 - ERROR - list index out of range
Traceback (most recent call last):
  File "/Users/jonathanduberman/maverick_price_tool/maverick_price_scraper.py", line 112, in carsdotcom_datagrabber
    title = soup.findAll('title')[0].get_text().strip() #title format = used/new, make, model, trim, "for sale", price
IndexError: list index out of range
2023-08-11 08:00:23,267 - DEBUG - Starting new HTTP connection (1): us-ca.proxymesh.com:31280
2023-08-11 08:00:23,455 - DEBUG - http://us-ca.proxymesh.com:31280 "GET http://cars.com///vehicledetail/07998c9e-d4a8-4819-ab9e-b698477010a9/ HTTP/1.1" 402 None
2023-08-11 08:00:23,457 - ERROR - list index out of range
Traceback (most recent call last):
  File "/Users/jonathanduberman/maverick_price_tool/maverick_price_scraper.py", line 112, in carsdotcom_datagrabber
    title = soup.findAll('title')[0].get_text().strip() #title format = used/new, make, model, trim, "for sale", price
IndexError: list index out of range
2023-08-11 08:00:23,462 - DEBUG - Starting new HTTP connection (1): us-ca.proxymesh.com:31280
2023-08-11 08:00:23,653 - DEBUG - http://us-ca.proxymesh.com:31280 "GET http://cars.com///vehicledetail/d6ebe139-48dc-4c9e-902f-02f44da40b15/ HTTP/1.1" 402 None
2023-08-11 08:00:23,655 - ERROR - list index out of range
Traceback (most recent call last):
  File "/Users/jonathanduberman/maverick_price_tool/maverick_price_scraper.py", line 112, in carsdotcom_datagrabber
    title = soup.findAll('title')[0].get_text().strip() #title format = used/new, make, model, trim, "for sale", price
IndexError: list index out of range
2023-08-11 08:00:23,660 - DEBUG - Starting new HTTP connection (1): us-ca.proxymesh.com:31280
2023-08-11 08:00:23,849 - DEBUG - http://us-ca.proxymesh.com:31280 "GET http://cars.com///vehicledetail/e5262e1b-d69b-466a-a9da-237f2db8ba7f/ HTTP/1.1" 402 None
2023-08-11 08:00:23,851 - ERROR - list index out of range
Traceback (most recent call last):
  File "/Users/jonathanduberman/maverick_price_tool/maverick_price_scraper.py", line 112, in carsdotcom_datagrabber
    title = soup.findAll('title')[0].get_text().strip() #title format = used/new, make, model, trim, "for sale", price
IndexError: list index out of range
2023-08-11 08:00:23,856 - DEBUG - Starting new HTTP connection (1): us-ca.proxymesh.com:31280
2023-08-11 08:00:24,050 - DEBUG - http://us-ca.proxymesh.com:31280 "GET http://cars.com///vehicledetail/759ebf73-cbe4-40f4-81ab-963342b7d46c/ HTTP/1.1" 402 None
2023-08-11 08:00:24,052 - ERROR - list index out of range
Traceback (most recent call last):
  File "/Users/jonathanduberman/maverick_price_tool/maverick_price_scraper.py", line 112, in carsdotcom_datagrabber
    title = soup.findAll('title')[0].get_text().strip() #title format = used/new, make, model, trim, "for sale", price
IndexError: list index out of range
2023-08-11 08:00:24,056 - DEBUG - Starting new HTTP connection (1): us-ca.proxymesh.com:31280
2023-08-11 08:00:24,251 - DEBUG - http://us-ca.proxymesh.com:31280 "GET http://cars.com///vehicledetail/80f9aff8-ce71-4d84-9324-c33390d335aa/ HTTP/1.1" 402 None
2023-08-11 08:00:24,253 - ERROR - list index out of range
Traceback (most recent call last):
  File "/Users/jonathanduberman/maverick_price_tool/maverick_price_scraper.py", line 112, in carsdotcom_datagrabber
    title = soup.findAll('title')[0].get_text().strip() #title format = used/new, make, model, trim, "for sale", price
IndexError: list index out of range
2023-08-11 08:00:24,258 - DEBUG - Starting new HTTP connection (1): us-ca.proxymesh.com:31280
2023-08-11 08:00:24,512 - DEBUG - http://us-ca.proxymesh.com:31280 "GET http://cars.com///vehicledetail/dfaf04cd-ba8a-424c-8434-51539621fd77/ HTTP/1.1" 402 None
2023-08-11 08:00:24,514 - ERROR - list index out of range
Traceback (most recent call last):
  File "/Users/jonathanduberman/maverick_price_tool/maverick_price_scraper.py", line 112, in carsdotcom_datagrabber
    title = soup.findAll('title')[0].get_text().strip() #title format = used/new, make, model, trim, "for sale", price
IndexError: list index out of range
2023-08-11 08:00:24,518 - DEBUG - Starting new HTTP connection (1): us-ca.proxymesh.com:31280
2023-08-11 08:00:24,728 - DEBUG - http://us-ca.proxymesh.com:31280 "GET http://cars.com///vehicledetail/2ac701b9-fdb2-433e-931c-a7fae9bee264/ HTTP/1.1" 402 None
2023-08-11 08:00:24,730 - ERROR - list index out of range
Traceback (most recent call last):
  File "/Users/jonathanduberman/maverick_price_tool/maverick_price_scraper.py", line 112, in carsdotcom_datagrabber
    title = soup.findAll('title')[0].get_text().strip() #title format = used/new, make, model, trim, "for sale", price
IndexError: list index out of range
2023-08-11 08:00:24,735 - DEBUG - Starting new HTTP connection (1): us-ca.proxymesh.com:31280
2023-08-11 08:00:24,929 - DEBUG - http://us-ca.proxymesh.com:31280 "GET http://cars.com///vehicledetail/94f4dfa0-586f-4b9b-ace3-d28b60b09015/ HTTP/1.1" 402 None
2023-08-11 08:00:24,930 - ERROR - list index out of range
Traceback (most recent call last):
  File "/Users/jonathanduberman/maverick_price_tool/maverick_price_scraper.py", line 112, in carsdotcom_datagrabber
    title = soup.findAll('title')[0].get_text().strip() #title format = used/new, make, model, trim, "for sale", price
IndexError: list index out of range
2023-08-11 08:00:24,935 - DEBUG - Starting new HTTP connection (1): us-ca.proxymesh.com:31280
2023-08-11 08:00:25,127 - DEBUG - http://us-ca.proxymesh.com:31280 "GET http://cars.com///vehicledetail/bba04958-cd44-4a3e-88a1-b43f6a41c9bb/ HTTP/1.1" 402 None
2023-08-11 08:00:25,130 - ERROR - list index out of range
Traceback (most recent call last):
  File "/Users/jonathanduberman/maverick_price_tool/maverick_price_scraper.py", line 112, in carsdotcom_datagrabber
    title = soup.findAll('title')[0].get_text().strip() #title format = used/new, make, model, trim, "for sale", price
IndexError: list index out of range
2023-08-11 08:00:25,134 - DEBUG - Starting new HTTP connection (1): us-ca.proxymesh.com:31280
2023-08-11 08:00:25,317 - DEBUG - http://us-ca.proxymesh.com:31280 "GET http://cars.com///vehicledetail/4ef99b77-9734-4a16-9937-aa5750db4101/ HTTP/1.1" 402 None
2023-08-11 08:00:25,379 - ERROR - list index out of range
Traceback (most recent call last):
  File "/Users/jonathanduberman/maverick_price_tool/maverick_price_scraper.py", line 112, in carsdotcom_datagrabber
    title = soup.findAll('title')[0].get_text().strip() #title format = used/new, make, model, trim, "for sale", price
IndexError: list index out of range
2023-08-11 08:00:25,384 - DEBUG - Starting new HTTP connection (1): us-ca.proxymesh.com:31280
2023-08-11 08:00:25,579 - DEBUG - http://us-ca.proxymesh.com:31280 "GET http://cars.com///vehicledetail/f99de01c-84b0-4892-a610-7948ac739a14/ HTTP/1.1" 402 None
2023-08-11 08:00:25,581 - ERROR - list index out of range
Traceback (most recent call last):
  File "/Users/jonathanduberman/maverick_price_tool/maverick_price_scraper.py", line 112, in carsdotcom_datagrabber
    title = soup.findAll('title')[0].get_text().strip() #title format = used/new, make, model, trim, "for sale", price
IndexError: list index out of range
2023-08-11 08:00:25,585 - DEBUG - Starting new HTTP connection (1): us-ca.proxymesh.com:31280
2023-08-11 08:00:25,773 - DEBUG - http://us-ca.proxymesh.com:31280 "GET http://cars.com///vehicledetail/67450f1a-0bd8-4ffa-b212-d28802a1780c/ HTTP/1.1" 402 None
2023-08-11 08:00:25,776 - ERROR - list index out of range
Traceback (most recent call last):
  File "/Users/jonathanduberman/maverick_price_tool/maverick_price_scraper.py", line 112, in carsdotcom_datagrabber
    title = soup.findAll('title')[0].get_text().strip() #title format = used/new, make, model, trim, "for sale", price
IndexError: list index out of range
2023-08-11 08:00:25,780 - DEBUG - Starting new HTTP connection (1): us-ca.proxymesh.com:31280
2023-08-11 08:00:25,968 - DEBUG - http://us-ca.proxymesh.com:31280 "GET http://cars.com///vehicledetail/460c85eb-9453-4043-85ab-61513bd0e8bc/ HTTP/1.1" 402 None
2023-08-11 08:00:25,970 - ERROR - list index out of range
Traceback (most recent call last):
  File "/Users/jonathanduberman/maverick_price_tool/maverick_price_scraper.py", line 112, in carsdotcom_datagrabber
    title = soup.findAll('title')[0].get_text().strip() #title format = used/new, make, model, trim, "for sale", price
IndexError: list index out of range
2023-08-11 08:00:25,975 - DEBUG - Starting new HTTP connection (1): us-ca.proxymesh.com:31280
2023-08-11 08:00:26,165 - DEBUG - http://us-ca.proxymesh.com:31280 "GET http://cars.com///vehicledetail/f546266d-6622-4069-bc46-4431f8d62e9b/ HTTP/1.1" 402 None
2023-08-11 08:00:26,167 - ERROR - list index out of range
Traceback (most recent call last):
  File "/Users/jonathanduberman/maverick_price_tool/maverick_price_scraper.py", line 112, in carsdotcom_datagrabber
    title = soup.findAll('title')[0].get_text().strip() #title format = used/new, make, model, trim, "for sale", price
IndexError: list index out of range
2023-08-11 08:00:26,172 - DEBUG - Starting new HTTP connection (1): us-ca.proxymesh.com:31280
2023-08-11 08:00:26,356 - DEBUG - http://us-ca.proxymesh.com:31280 "GET http://cars.com///vehicledetail/757d7457-62f2-4843-8350-7e4d689e5938/ HTTP/1.1" 402 None
2023-08-11 08:00:26,357 - ERROR - list index out of range
Traceback (most recent call last):
  File "/Users/jonathanduberman/maverick_price_tool/maverick_price_scraper.py", line 112, in carsdotcom_datagrabber
    title = soup.findAll('title')[0].get_text().strip() #title format = used/new, make, model, trim, "for sale", price
IndexError: list index out of range
2023-08-11 08:00:26,362 - DEBUG - Starting new HTTP connection (1): us-ca.proxymesh.com:31280
2023-08-11 08:00:26,557 - DEBUG - http://us-ca.proxymesh.com:31280 "GET http://cars.com///vehicledetail/c6ef451a-1655-4d95-a125-908a1a66b42a/ HTTP/1.1" 402 None
2023-08-11 08:00:26,558 - ERROR - list index out of range
Traceback (most recent call last):
  File "/Users/jonathanduberman/maverick_price_tool/maverick_price_scraper.py", line 112, in carsdotcom_datagrabber
    title = soup.findAll('title')[0].get_text().strip() #title format = used/new, make, model, trim, "for sale", price
IndexError: list index out of range
2023-08-11 08:00:26,563 - DEBUG - Starting new HTTP connection (1): us-ca.proxymesh.com:31280
2023-08-11 08:00:26,749 - DEBUG - http://us-ca.proxymesh.com:31280 "GET http://cars.com///vehicledetail/8c9c36d0-8ea2-4639-833d-0b188992b55b/ HTTP/1.1" 402 None
2023-08-11 08:00:26,750 - ERROR - list index out of range
Traceback (most recent call last):
  File "/Users/jonathanduberman/maverick_price_tool/maverick_price_scraper.py", line 112, in carsdotcom_datagrabber
    title = soup.findAll('title')[0].get_text().strip() #title format = used/new, make, model, trim, "for sale", price
IndexError: list index out of range
2023-08-11 08:00:26,755 - DEBUG - Starting new HTTP connection (1): us-ca.proxymesh.com:31280
2023-08-11 08:00:26,951 - DEBUG - http://us-ca.proxymesh.com:31280 "GET http://cars.com///vehicledetail/cb3d6421-a487-45e6-ad93-4e1d45f610b7/ HTTP/1.1" 402 None
2023-08-11 08:00:26,953 - ERROR - list index out of range
Traceback (most recent call last):
  File "/Users/jonathanduberman/maverick_price_tool/maverick_price_scraper.py", line 112, in carsdotcom_datagrabber
    title = soup.findAll('title')[0].get_text().strip() #title format = used/new, make, model, trim, "for sale", price
IndexError: list index out of range
2023-08-11 08:00:26,958 - DEBUG - Starting new HTTP connection (1): us-ca.proxymesh.com:31280
2023-08-11 08:00:27,143 - DEBUG - http://us-ca.proxymesh.com:31280 "GET http://cars.com///vehicledetail/7c493e54-a8fc-496c-996e-ba85a30d37ec/ HTTP/1.1" 402 None
2023-08-11 08:00:27,145 - ERROR - list index out of range
Traceback (most recent call last):
  File "/Users/jonathanduberman/maverick_price_tool/maverick_price_scraper.py", line 112, in carsdotcom_datagrabber
    title = soup.findAll('title')[0].get_text().strip() #title format = used/new, make, model, trim, "for sale", price
IndexError: list index out of range
2023-08-11 08:00:27,149 - DEBUG - Starting new HTTP connection (1): us-ca.proxymesh.com:31280
2023-08-11 08:00:27,332 - DEBUG - http://us-ca.proxymesh.com:31280 "GET http://cars.com///vehicledetail/e4ad4737-7833-4455-bb01-9f7d4cb71401/ HTTP/1.1" 402 None
2023-08-11 08:00:27,333 - ERROR - list index out of range
Traceback (most recent call last):
  File "/Users/jonathanduberman/maverick_price_tool/maverick_price_scraper.py", line 112, in carsdotcom_datagrabber
    title = soup.findAll('title')[0].get_text().strip() #title format = used/new, make, model, trim, "for sale", price
IndexError: list index out of range
2023-08-11 08:00:27,338 - DEBUG - Starting new HTTP connection (1): us-ca.proxymesh.com:31280
2023-08-11 08:00:27,534 - DEBUG - http://us-ca.proxymesh.com:31280 "GET http://cars.com///vehicledetail/afc509d4-f690-4d19-a9ba-c5941cfdc423/ HTTP/1.1" 402 None
2023-08-11 08:00:27,536 - ERROR - list index out of range
Traceback (most recent call last):
  File "/Users/jonathanduberman/maverick_price_tool/maverick_price_scraper.py", line 112, in carsdotcom_datagrabber
    title = soup.findAll('title')[0].get_text().strip() #title format = used/new, make, model, trim, "for sale", price
IndexError: list index out of range
2023-08-11 08:00:27,541 - DEBUG - Starting new HTTP connection (1): us-ca.proxymesh.com:31280
2023-08-11 08:00:27,732 - DEBUG - http://us-ca.proxymesh.com:31280 "GET http://cars.com///vehicledetail/84940b5a-f027-4266-88b9-ebdbed63bf7a/ HTTP/1.1" 402 None
2023-08-11 08:00:27,734 - ERROR - list index out of range
Traceback (most recent call last):
  File "/Users/jonathanduberman/maverick_price_tool/maverick_price_scraper.py", line 112, in carsdotcom_datagrabber
    title = soup.findAll('title')[0].get_text().strip() #title format = used/new, make, model, trim, "for sale", price
IndexError: list index out of range
2023-08-11 08:00:27,739 - DEBUG - Starting new HTTP connection (1): us-ca.proxymesh.com:31280
2023-08-11 08:00:27,928 - DEBUG - http://us-ca.proxymesh.com:31280 "GET http://cars.com///vehicledetail/e34bb355-e88f-40c1-8536-83d3b3cde99c/ HTTP/1.1" 402 None
2023-08-11 08:00:27,930 - ERROR - list index out of range
Traceback (most recent call last):
  File "/Users/jonathanduberman/maverick_price_tool/maverick_price_scraper.py", line 112, in carsdotcom_datagrabber
    title = soup.findAll('title')[0].get_text().strip() #title format = used/new, make, model, trim, "for sale", price
IndexError: list index out of range
2023-08-11 08:00:27,934 - DEBUG - Starting new HTTP connection (1): us-ca.proxymesh.com:31280
2023-08-11 08:00:28,119 - DEBUG - http://us-ca.proxymesh.com:31280 "GET http://cars.com///vehicledetail/86f89a0b-9c79-41a6-a83f-6c31b9977e7e/ HTTP/1.1" 402 None
2023-08-11 08:00:28,120 - ERROR - list index out of range
Traceback (most recent call last):
  File "/Users/jonathanduberman/maverick_price_tool/maverick_price_scraper.py", line 112, in carsdotcom_datagrabber
    title = soup.findAll('title')[0].get_text().strip() #title format = used/new, make, model, trim, "for sale", price
IndexError: list index out of range
2023-08-11 08:00:28,125 - DEBUG - Starting new HTTP connection (1): us-ca.proxymesh.com:31280
2023-08-11 08:00:28,308 - DEBUG - http://us-ca.proxymesh.com:31280 "GET http://cars.com///vehicledetail/4f81975d-c0d1-4db4-9b9f-ab008ee616f1/ HTTP/1.1" 402 None
2023-08-11 08:00:28,310 - ERROR - list index out of range
Traceback (most recent call last):
  File "/Users/jonathanduberman/maverick_price_tool/maverick_price_scraper.py", line 112, in carsdotcom_datagrabber
    title = soup.findAll('title')[0].get_text().strip() #title format = used/new, make, model, trim, "for sale", price
IndexError: list index out of range
2023-08-11 08:00:28,315 - DEBUG - Starting new HTTP connection (1): us-ca.proxymesh.com:31280
2023-08-11 08:00:28,568 - DEBUG - http://us-ca.proxymesh.com:31280 "GET http://cars.com///vehicledetail/be41a798-07e6-4885-92d1-6d202a739cfb/ HTTP/1.1" 402 None
2023-08-11 08:00:28,570 - ERROR - list index out of range
Traceback (most recent call last):
  File "/Users/jonathanduberman/maverick_price_tool/maverick_price_scraper.py", line 112, in carsdotcom_datagrabber
    title = soup.findAll('title')[0].get_text().strip() #title format = used/new, make, model, trim, "for sale", price
IndexError: list index out of range
2023-08-11 08:00:28,575 - DEBUG - Starting new HTTP connection (1): us-ca.proxymesh.com:31280
2023-08-11 08:00:28,762 - DEBUG - http://us-ca.proxymesh.com:31280 "GET http://cars.com///vehicledetail/54a0e104-5760-43b3-ac8f-f78b2c213d94/ HTTP/1.1" 402 None
2023-08-11 08:00:28,764 - ERROR - list index out of range
Traceback (most recent call last):
  File "/Users/jonathanduberman/maverick_price_tool/maverick_price_scraper.py", line 112, in carsdotcom_datagrabber
    title = soup.findAll('title')[0].get_text().strip() #title format = used/new, make, model, trim, "for sale", price
IndexError: list index out of range
2023-08-11 08:00:28,769 - DEBUG - Starting new HTTP connection (1): us-ca.proxymesh.com:31280
2023-08-11 08:00:28,968 - DEBUG - http://us-ca.proxymesh.com:31280 "GET http://cars.com///vehicledetail/3294e797-76dd-4781-9483-c1de83f2d20b/ HTTP/1.1" 402 None
2023-08-11 08:00:28,970 - ERROR - list index out of range
Traceback (most recent call last):
  File "/Users/jonathanduberman/maverick_price_tool/maverick_price_scraper.py", line 112, in carsdotcom_datagrabber
    title = soup.findAll('title')[0].get_text().strip() #title format = used/new, make, model, trim, "for sale", price
IndexError: list index out of range
2023-08-11 08:00:28,974 - DEBUG - Starting new HTTP connection (1): us-ca.proxymesh.com:31280
2023-08-11 08:00:29,158 - DEBUG - http://us-ca.proxymesh.com:31280 "GET http://cars.com///vehicledetail/c9835d48-8c8c-4738-923d-7e97cf599135/ HTTP/1.1" 402 None
2023-08-11 08:00:29,160 - ERROR - list index out of range
Traceback (most recent call last):
  File "/Users/jonathanduberman/maverick_price_tool/maverick_price_scraper.py", line 112, in carsdotcom_datagrabber
    title = soup.findAll('title')[0].get_text().strip() #title format = used/new, make, model, trim, "for sale", price
IndexError: list index out of range
2023-08-11 08:00:29,165 - DEBUG - Starting new HTTP connection (1): us-ca.proxymesh.com:31280
2023-08-11 08:00:29,354 - DEBUG - http://us-ca.proxymesh.com:31280 "GET http://cars.com///vehicledetail/e36d58ab-6ab0-4462-8bf5-d6f7d2ad995a/ HTTP/1.1" 402 None
2023-08-11 08:00:29,356 - ERROR - list index out of range
Traceback (most recent call last):
  File "/Users/jonathanduberman/maverick_price_tool/maverick_price_scraper.py", line 112, in carsdotcom_datagrabber
    title = soup.findAll('title')[0].get_text().strip() #title format = used/new, make, model, trim, "for sale", price
IndexError: list index out of range
2023-08-11 08:00:29,360 - DEBUG - Starting new HTTP connection (1): us-ca.proxymesh.com:31280
2023-08-11 08:00:29,542 - DEBUG - http://us-ca.proxymesh.com:31280 "GET http://cars.com///vehicledetail/6a4c4f4f-98ad-4eee-9c44-e24eadca11fc/ HTTP/1.1" 402 None
2023-08-11 08:00:29,544 - ERROR - list index out of range
Traceback (most recent call last):
  File "/Users/jonathanduberman/maverick_price_tool/maverick_price_scraper.py", line 112, in carsdotcom_datagrabber
    title = soup.findAll('title')[0].get_text().strip() #title format = used/new, make, model, trim, "for sale", price
IndexError: list index out of range
2023-08-11 08:00:29,549 - DEBUG - Starting new HTTP connection (1): us-ca.proxymesh.com:31280
2023-08-11 08:00:29,741 - DEBUG - http://us-ca.proxymesh.com:31280 "GET http://cars.com///vehicledetail/90e2c783-efb2-4d6d-bd66-13d5f2967031/ HTTP/1.1" 402 None
2023-08-11 08:00:29,743 - ERROR - list index out of range
Traceback (most recent call last):
  File "/Users/jonathanduberman/maverick_price_tool/maverick_price_scraper.py", line 112, in carsdotcom_datagrabber
    title = soup.findAll('title')[0].get_text().strip() #title format = used/new, make, model, trim, "for sale", price
IndexError: list index out of range
2023-08-11 08:00:29,748 - DEBUG - Starting new HTTP connection (1): us-ca.proxymesh.com:31280
2023-08-11 08:00:29,925 - DEBUG - http://us-ca.proxymesh.com:31280 "GET http://cars.com///vehicledetail/49eb5ccb-0829-41b7-b111-cebc22549a89/ HTTP/1.1" 402 None
2023-08-11 08:00:29,927 - ERROR - list index out of range
Traceback (most recent call last):
  File "/Users/jonathanduberman/maverick_price_tool/maverick_price_scraper.py", line 112, in carsdotcom_datagrabber
    title = soup.findAll('title')[0].get_text().strip() #title format = used/new, make, model, trim, "for sale", price
IndexError: list index out of range
2023-08-11 08:00:29,931 - DEBUG - Starting new HTTP connection (1): us-ca.proxymesh.com:31280
2023-08-11 08:00:30,111 - DEBUG - http://us-ca.proxymesh.com:31280 "GET http://cars.com///vehicledetail/1d462d2e-9997-4798-b18d-20390f2e0743/ HTTP/1.1" 402 None
2023-08-11 08:00:30,113 - ERROR - list index out of range
Traceback (most recent call last):
  File "/Users/jonathanduberman/maverick_price_tool/maverick_price_scraper.py", line 112, in carsdotcom_datagrabber
    title = soup.findAll('title')[0].get_text().strip() #title format = used/new, make, model, trim, "for sale", price
IndexError: list index out of range
2023-08-11 08:00:30,118 - DEBUG - Starting new HTTP connection (1): us-ca.proxymesh.com:31280
2023-08-11 08:00:30,294 - DEBUG - http://us-ca.proxymesh.com:31280 "GET http://cars.com///vehicledetail/aac7b936-9beb-46fa-96a3-53b8f1d07c5d/ HTTP/1.1" 402 None
2023-08-11 08:00:30,295 - ERROR - list index out of range
Traceback (most recent call last):
  File "/Users/jonathanduberman/maverick_price_tool/maverick_price_scraper.py", line 112, in carsdotcom_datagrabber
    title = soup.findAll('title')[0].get_text().strip() #title format = used/new, make, model, trim, "for sale", price
IndexError: list index out of range
2023-08-11 08:00:30,300 - DEBUG - Starting new HTTP connection (1): us-ca.proxymesh.com:31280
2023-08-11 08:00:30,502 - DEBUG - http://us-ca.proxymesh.com:31280 "GET http://cars.com///vehicledetail/48396c9f-9c8c-45c0-a046-809091ea2b4c/ HTTP/1.1" 402 None
2023-08-11 08:00:30,504 - ERROR - list index out of range
Traceback (most recent call last):
  File "/Users/jonathanduberman/maverick_price_tool/maverick_price_scraper.py", line 112, in carsdotcom_datagrabber
    title = soup.findAll('title')[0].get_text().strip() #title format = used/new, make, model, trim, "for sale", price
IndexError: list index out of range
2023-08-11 08:00:30,508 - DEBUG - Starting new HTTP connection (1): us-ca.proxymesh.com:31280
2023-08-11 08:00:30,696 - DEBUG - http://us-ca.proxymesh.com:31280 "GET http://cars.com///vehicledetail/8349dfbf-bdd1-4362-abc7-6b2083610968/ HTTP/1.1" 402 None
2023-08-11 08:00:30,697 - ERROR - list index out of range
Traceback (most recent call last):
  File "/Users/jonathanduberman/maverick_price_tool/maverick_price_scraper.py", line 112, in carsdotcom_datagrabber
    title = soup.findAll('title')[0].get_text().strip() #title format = used/new, make, model, trim, "for sale", price
IndexError: list index out of range
2023-08-11 08:00:30,702 - DEBUG - Starting new HTTP connection (1): us-ca.proxymesh.com:31280
2023-08-11 08:00:30,896 - DEBUG - http://us-ca.proxymesh.com:31280 "GET http://cars.com///vehicledetail/9768d070-5015-4f06-81bd-0dd5507c4f22/ HTTP/1.1" 402 None
2023-08-11 08:00:30,899 - ERROR - list index out of range
Traceback (most recent call last):
  File "/Users/jonathanduberman/maverick_price_tool/maverick_price_scraper.py", line 112, in carsdotcom_datagrabber
    title = soup.findAll('title')[0].get_text().strip() #title format = used/new, make, model, trim, "for sale", price
IndexError: list index out of range
2023-08-11 08:00:30,904 - DEBUG - Starting new HTTP connection (1): us-ca.proxymesh.com:31280
2023-08-11 08:00:31,090 - DEBUG - http://us-ca.proxymesh.com:31280 "GET http://cars.com///vehicledetail/84c59e1f-21a1-4fa6-a169-c1fb10e9924c/ HTTP/1.1" 402 None
2023-08-11 08:00:31,091 - ERROR - list index out of range
Traceback (most recent call last):
  File "/Users/jonathanduberman/maverick_price_tool/maverick_price_scraper.py", line 112, in carsdotcom_datagrabber
    title = soup.findAll('title')[0].get_text().strip() #title format = used/new, make, model, trim, "for sale", price
IndexError: list index out of range
2023-08-11 08:00:31,094 - DEBUG - Starting new HTTP connection (1): us-ca.proxymesh.com:31280
2023-08-11 08:00:31,278 - DEBUG - http://us-ca.proxymesh.com:31280 "GET http://cars.com///vehicledetail/727ed61c-b972-4ab3-9ba6-5e6f54c3e1ce/ HTTP/1.1" 402 None
2023-08-11 08:00:31,280 - ERROR - list index out of range
Traceback (most recent call last):
  File "/Users/jonathanduberman/maverick_price_tool/maverick_price_scraper.py", line 112, in carsdotcom_datagrabber
    title = soup.findAll('title')[0].get_text().strip() #title format = used/new, make, model, trim, "for sale", price
IndexError: list index out of range
2023-08-11 08:00:31,285 - DEBUG - Starting new HTTP connection (1): us-ca.proxymesh.com:31280
2023-08-11 08:00:31,474 - DEBUG - http://us-ca.proxymesh.com:31280 "GET http://cars.com///vehicledetail/352274f6-eb88-4676-bb77-6322c5fb50e4/ HTTP/1.1" 402 None
2023-08-11 08:00:31,476 - ERROR - list index out of range
Traceback (most recent call last):
  File "/Users/jonathanduberman/maverick_price_tool/maverick_price_scraper.py", line 112, in carsdotcom_datagrabber
    title = soup.findAll('title')[0].get_text().strip() #title format = used/new, make, model, trim, "for sale", price
IndexError: list index out of range
2023-08-11 08:00:31,481 - DEBUG - Starting new HTTP connection (1): us-ca.proxymesh.com:31280
2023-08-11 08:00:31,669 - DEBUG - http://us-ca.proxymesh.com:31280 "GET http://cars.com///vehicledetail/0594cbbb-5712-4c9e-9085-0402f426ed5f/ HTTP/1.1" 402 None
2023-08-11 08:00:31,670 - ERROR - list index out of range
Traceback (most recent call last):
  File "/Users/jonathanduberman/maverick_price_tool/maverick_price_scraper.py", line 112, in carsdotcom_datagrabber
    title = soup.findAll('title')[0].get_text().strip() #title format = used/new, make, model, trim, "for sale", price
IndexError: list index out of range
2023-08-11 08:00:31,675 - DEBUG - Starting new HTTP connection (1): us-ca.proxymesh.com:31280
2023-08-11 08:00:31,858 - DEBUG - http://us-ca.proxymesh.com:31280 "GET http://cars.com///vehicledetail/72ebefeb-3573-4555-a81f-1a4a3a6d38da/ HTTP/1.1" 402 None
2023-08-11 08:00:31,860 - ERROR - list index out of range
Traceback (most recent call last):
  File "/Users/jonathanduberman/maverick_price_tool/maverick_price_scraper.py", line 112, in carsdotcom_datagrabber
    title = soup.findAll('title')[0].get_text().strip() #title format = used/new, make, model, trim, "for sale", price
IndexError: list index out of range
2023-08-11 08:00:31,864 - DEBUG - Starting new HTTP connection (1): us-ca.proxymesh.com:31280
2023-08-11 08:00:32,046 - DEBUG - http://us-ca.proxymesh.com:31280 "GET http://cars.com///vehicledetail/37c6d33a-153d-4c61-a6f9-26dadca990a8/ HTTP/1.1" 402 None
2023-08-11 08:00:32,048 - ERROR - list index out of range
Traceback (most recent call last):
  File "/Users/jonathanduberman/maverick_price_tool/maverick_price_scraper.py", line 112, in carsdotcom_datagrabber
    title = soup.findAll('title')[0].get_text().strip() #title format = used/new, make, model, trim, "for sale", price
IndexError: list index out of range
2023-08-11 08:00:32,053 - DEBUG - Starting new HTTP connection (1): us-ca.proxymesh.com:31280
2023-08-11 08:00:32,313 - DEBUG - http://us-ca.proxymesh.com:31280 "GET http://cars.com///vehicledetail/a98eebf8-e1e1-48b1-b11e-f90ed3f58e34/ HTTP/1.1" 402 None
2023-08-11 08:00:32,315 - ERROR - list index out of range
Traceback (most recent call last):
  File "/Users/jonathanduberman/maverick_price_tool/maverick_price_scraper.py", line 112, in carsdotcom_datagrabber
    title = soup.findAll('title')[0].get_text().strip() #title format = used/new, make, model, trim, "for sale", price
IndexError: list index out of range
2023-08-11 08:00:32,320 - DEBUG - Starting new HTTP connection (1): us-ca.proxymesh.com:31280
2023-08-11 08:00:32,509 - DEBUG - http://us-ca.proxymesh.com:31280 "GET http://cars.com///vehicledetail/b86a9e0b-ecc0-4418-b302-42203382f91c/ HTTP/1.1" 402 None
2023-08-11 08:00:32,511 - ERROR - list index out of range
Traceback (most recent call last):
  File "/Users/jonathanduberman/maverick_price_tool/maverick_price_scraper.py", line 112, in carsdotcom_datagrabber
    title = soup.findAll('title')[0].get_text().strip() #title format = used/new, make, model, trim, "for sale", price
IndexError: list index out of range
2023-08-11 08:00:32,515 - DEBUG - Starting new HTTP connection (1): us-ca.proxymesh.com:31280
2023-08-11 08:00:32,711 - DEBUG - http://us-ca.proxymesh.com:31280 "GET http://cars.com///vehicledetail/78454f89-966c-489c-b85f-0521a583972e/ HTTP/1.1" 402 None
2023-08-11 08:00:32,712 - ERROR - list index out of range
Traceback (most recent call last):
  File "/Users/jonathanduberman/maverick_price_tool/maverick_price_scraper.py", line 112, in carsdotcom_datagrabber
    title = soup.findAll('title')[0].get_text().strip() #title format = used/new, make, model, trim, "for sale", price
IndexError: list index out of range
2023-08-11 08:00:32,717 - DEBUG - Starting new HTTP connection (1): us-ca.proxymesh.com:31280
2023-08-11 08:00:32,904 - DEBUG - http://us-ca.proxymesh.com:31280 "GET http://cars.com///vehicledetail/04bf0dc1-aef5-4b45-8e68-b4ca4e3878cf/ HTTP/1.1" 402 None
2023-08-11 08:00:32,906 - ERROR - list index out of range
Traceback (most recent call last):
  File "/Users/jonathanduberman/maverick_price_tool/maverick_price_scraper.py", line 112, in carsdotcom_datagrabber
    title = soup.findAll('title')[0].get_text().strip() #title format = used/new, make, model, trim, "for sale", price
IndexError: list index out of range
2023-08-11 08:00:32,913 - INFO - Scraping complete.  All available data has been scraped.
